#
# There is insufficient memory for the Java Runtime Environment to continue.
# Native memory allocation (mmap) failed to map 92274688 bytes for G1 virtual space
# Possible reasons:
#   The system is out of physical RAM or swap space
#   The process is running with CompressedOops enabled, and the Java Heap may be blocking the growth of the native heap
# Possible solutions:
#   Reduce memory load on the system
#   Increase physical memory or swap space
#   Check if swap backing store is full
#   Decrease Java heap size (-Xmx/-Xms)
#   Decrease number of Java threads
#   Decrease Java thread stack sizes (-Xss)
#   Set larger code cache with -XX:ReservedCodeCacheSize=
#   JVM is running with Unscaled Compressed Oops mode in which the Java heap is
#     placed in the first 4GB address space. The Java Heap base address is the
#     maximum limit for the native heap growth. Please use -XX:HeapBaseMinAddress
#     to set the Java Heap base and to place the Java Heap above 4GB virtual address.
# This output file may be truncated or incomplete.
#
#  Out of Memory Error (os_windows.cpp:3527), pid=4356, tid=3136
#
# JRE version: Java(TM) SE Runtime Environment (19.0+36) (build 19+36-2238)
# Java VM: Java HotSpot(TM) 64-Bit Server VM (19+36-2238, mixed mode, sharing, tiered, compressed oops, compressed class ptrs, g1 gc, windows-amd64)
# No core dump will be written. Minidumps are not enabled by default on client versions of Windows
#

---------------  S U M M A R Y ------------

Command Line: -Dclassworlds.conf=C:\Program Files\Maven\apache-maven-3.8.6\bin\m2.conf -Dmaven.home=C:\Program Files\Maven\apache-maven-3.8.6 -Dlibrary.jansi.path=C:\Program Files\Maven\apache-maven-3.8.6\lib\jansi-native -Dmaven.multiModuleProjectDirectory=D:\DIANS\Dians_demo org.codehaus.plexus.classworlds.launcher.Launcher package azure-webapp:deploy -DskipTests

Host: AMD Ryzen 7 2700X Eight-Core Processor         , 16 cores, 7G,  Windows 10 , 64 bit Build 19041 (10.0.19041.2364)
Time: Sun Dec 25 13:42:59 2022 Central European Standard Time elapsed time: 4.849902 seconds (0d 0h 0m 4s)

---------------  T H R E A D  ---------------

Current thread (0x000001b7dd592640):  VMThread "VM Thread" [stack: 0x0000002363600000,0x0000002363700000] [id=3136]

Stack: [0x0000002363600000,0x0000002363700000]
Native frames: (J=compiled Java code, j=interpreted, Vv=VM code, C=native code)
V  [jvm.dll+0x6ee8fa]
V  [jvm.dll+0x857a1e]
V  [jvm.dll+0x85940e]
V  [jvm.dll+0x859ac3]
V  [jvm.dll+0x28291f]
V  [jvm.dll+0x6eb6e9]
V  [jvm.dll+0x6e028a]
V  [jvm.dll+0x357136]
V  [jvm.dll+0x35eb96]
V  [jvm.dll+0x3b555e]
V  [jvm.dll+0x3b578f]
V  [jvm.dll+0x32c6ea]
V  [jvm.dll+0x32c797]
V  [jvm.dll+0x374b52]
V  [jvm.dll+0x37328f]
V  [jvm.dll+0x32bf10]
V  [jvm.dll+0x37282b]
V  [jvm.dll+0x85ef83]
V  [jvm.dll+0x85fd49]
V  [jvm.dll+0x86027d]
V  [jvm.dll+0x86070b]
V  [jvm.dll+0x8607c7]
V  [jvm.dll+0x8015fa]
V  [jvm.dll+0x6ed5eb]
C  [ucrtbase.dll+0x21bb2]
C  [KERNEL32.DLL+0x17614]
C  [ntdll.dll+0x526a1]

VM_Operation (0x00000023664fa0f0): G1CollectForAllocation, mode: safepoint, requested by thread 0x000001b7e5919590


---------------  P R O C E S S  ---------------

Threads class SMR info:
_java_thread_list=0x000001b7e689f6a0, length=26, elements={
0x000001b7be29f4c0, 0x000001b7dd5b39e0, 0x000001b7dd5b47d0, 0x000001b7dd5b8ee0,
0x000001b7dd5ba820, 0x000001b7dd5bb150, 0x000001b7dd5bbbc0, 0x000001b7dd5bffa0,
0x000001b7dd5c3930, 0x000001b7dd5c6a90, 0x000001b7e18ff660, 0x000001b7e1919540,
0x000001b7e191bef0, 0x000001b7e1bbc2b0, 0x000001b7e1cee050, 0x000001b7e1d7d260,
0x000001b7e4a17ff0, 0x000001b7e59175b0, 0x000001b7e591dff0, 0x000001b7e591e540,
0x000001b7e591b570, 0x000001b7e591bac0, 0x000001b7e59185a0, 0x000001b7e5919ae0,
0x000001b7e591ea90, 0x000001b7e5919590
}

Java Threads: ( => current thread )
  0x000001b7be29f4c0 JavaThread "main" [_thread_blocked, id=15184, stack(0x0000002363000000,0x0000002363100000)]
  0x000001b7dd5b39e0 JavaThread "Reference Handler" daemon [_thread_blocked, id=2572, stack(0x0000002363700000,0x0000002363800000)]
  0x000001b7dd5b47d0 JavaThread "Finalizer" daemon [_thread_blocked, id=10792, stack(0x0000002363800000,0x0000002363900000)]
  0x000001b7dd5b8ee0 JavaThread "Signal Dispatcher" daemon [_thread_blocked, id=11872, stack(0x0000002363900000,0x0000002363a00000)]
  0x000001b7dd5ba820 JavaThread "Attach Listener" daemon [_thread_blocked, id=13244, stack(0x0000002363a00000,0x0000002363b00000)]
  0x000001b7dd5bb150 JavaThread "Service Thread" daemon [_thread_blocked, id=12420, stack(0x0000002363b00000,0x0000002363c00000)]
  0x000001b7dd5bbbc0 JavaThread "Monitor Deflation Thread" daemon [_thread_blocked, id=1812, stack(0x0000002363c00000,0x0000002363d00000)]
  0x000001b7dd5bffa0 JavaThread "C2 CompilerThread0" daemon [_thread_blocked, id=16428, stack(0x0000002363d00000,0x0000002363e00000)]
  0x000001b7dd5c3930 JavaThread "C1 CompilerThread0" daemon [_thread_blocked, id=14728, stack(0x0000002363e00000,0x0000002363f00000)]
  0x000001b7dd5c6a90 JavaThread "Sweeper thread" daemon [_thread_blocked, id=10028, stack(0x0000002363f00000,0x0000002364000000)]
  0x000001b7e18ff660 JavaThread "C1 CompilerThread1" daemon [_thread_blocked, id=11064, stack(0x0000002364000000,0x0000002364100000)]
  0x000001b7e1919540 JavaThread "Notification Thread" daemon [_thread_blocked, id=7308, stack(0x0000002364100000,0x0000002364200000)]
  0x000001b7e191bef0 JavaThread "Common-Cleaner" daemon [_thread_blocked, id=2524, stack(0x0000002364300000,0x0000002364400000)]
  0x000001b7e1bbc2b0 JavaThread "C2 CompilerThread1" daemon [_thread_blocked, id=11916, stack(0x0000002364400000,0x0000002364500000)]
  0x000001b7e1cee050 JavaThread "C1 CompilerThread2" daemon [_thread_blocked, id=3656, stack(0x0000002364500000,0x0000002364600000)]
  0x000001b7e1d7d260 JavaThread "C1 CompilerThread3" daemon [_thread_blocked, id=2516, stack(0x0000002364600000,0x0000002364700000)]
  0x000001b7e4a17ff0 JavaThread "ActiveTransmissionLoader-worker-0" daemon [_thread_blocked, id=14248, stack(0x0000002365b00000,0x0000002365c00000)]
  0x000001b7e59175b0 JavaThread "QuickPulse-0" daemon [_thread_blocked, id=5772, stack(0x0000002365a00000,0x0000002365b00000)]
  0x000001b7e591dff0 JavaThread "HeartBeatProvider_propertyUpdateService-0" daemon [_thread_blocked, id=14564, stack(0x0000002366000000,0x0000002366100000)]
  0x000001b7e591e540 JavaThread "HeartBeatProvider_heartBeatSenderService-0" daemon [_thread_blocked, id=12164, stack(0x0000002366100000,0x0000002366200000)]
  0x000001b7e591b570 JavaThread "QuickPulseDataSender" daemon [_thread_blocked, id=1620, stack(0x0000002364900000,0x0000002364a00000)]
  0x000001b7e591bac0 JavaThread "DefaultQuickPulseCoordinator" daemon [_thread_in_native, id=16260, stack(0x0000002366200000,0x0000002366300000)]
  0x000001b7e59185a0 JavaThread "PerformanceCounterContainer-0" daemon [_thread_blocked, id=8884, stack(0x0000002366300000,0x0000002366400000)]
  0x000001b7e5919ae0 JavaThread "TransmitterImpl_1-0" daemon [_thread_blocked, id=14492, stack(0x0000002364700000,0x0000002364800000)]
  0x000001b7e591ea90 JavaThread "TransmitterImpl_1-1" daemon [_thread_blocked, id=4804, stack(0x0000002364800000,0x0000002364900000)]
  0x000001b7e5919590 JavaThread "ActiveTransmissionNetworkOutput_1-0" daemon [_thread_blocked, id=1048, stack(0x0000002366400000,0x0000002366500000)]

Other Threads:
=>0x000001b7dd592640 VMThread "VM Thread" [stack: 0x0000002363600000,0x0000002363700000] [id=3136]
  0x000001b7e1919a80 WatcherThread "VM Periodic Task Thread" [stack: 0x0000002364200000,0x0000002364300000] [id=15456]
  0x000001b7be301e20 WorkerThread "GC Thread#0" [stack: 0x0000002363100000,0x0000002363200000] [id=7832]
  0x000001b7e1c111b0 WorkerThread "GC Thread#1" [stack: 0x0000002364b00000,0x0000002364c00000] [id=11672]
  0x000001b7e1c11cf0 WorkerThread "GC Thread#2" [stack: 0x0000002364c00000,0x0000002364d00000] [id=13032]
  0x000001b7e1c10c10 WorkerThread "GC Thread#3" [stack: 0x0000002364d00000,0x0000002364e00000] [id=4352]
  0x000001b7e1c11480 WorkerThread "GC Thread#4" [stack: 0x0000002364e00000,0x0000002364f00000] [id=16468]
  0x000001b7e1c100d0 WorkerThread "GC Thread#5" [stack: 0x0000002364f00000,0x0000002365000000] [id=11632]
  0x000001b7e1c11750 WorkerThread "GC Thread#6" [stack: 0x0000002365000000,0x0000002365100000] [id=17016]
  0x000001b7e1c10670 WorkerThread "GC Thread#7" [stack: 0x0000002365100000,0x0000002365200000] [id=14760]
  0x000001b7e39c2d30 WorkerThread "GC Thread#8" [stack: 0x0000002365200000,0x0000002365300000] [id=12528]
  0x000001b7e39c2790 WorkerThread "GC Thread#9" [stack: 0x0000002365300000,0x0000002365400000] [id=16444]
  0x000001b7e39c3000 WorkerThread "GC Thread#10" [stack: 0x0000002365400000,0x0000002365500000] [id=588]
  0x000001b7e39c1110 WorkerThread "GC Thread#11" [stack: 0x0000002365500000,0x0000002365600000] [id=10888]
  0x000001b7e39c32d0 WorkerThread "GC Thread#12" [stack: 0x0000002365600000,0x0000002365700000] [id=12272]
  0x000001b7be312da0 ConcurrentGCThread "G1 Main Marker" [stack: 0x0000002363200000,0x0000002363300000] [id=1548]
  0x000001b7be313f70 WorkerThread "G1 Conc#0" [stack: 0x0000002363300000,0x0000002363400000] [id=17044]
  0x000001b7e39c1980 WorkerThread "G1 Conc#1" [stack: 0x0000002365700000,0x0000002365800000] [id=15696]
  0x000001b7e39c3e10 WorkerThread "G1 Conc#2" [stack: 0x0000002365800000,0x0000002365900000] [id=7228]
  0x000001b7be36e920 ConcurrentGCThread "G1 Refine#0" [stack: 0x0000002363400000,0x0000002363500000] [id=1900]
  0x000001b7dd44da80 ConcurrentGCThread "G1 Service" [stack: 0x0000002363500000,0x0000002363600000] [id=12384]

Threads with active compile tasks:
C2 CompilerThread0     4872 6498       4       org.codehaus.plexus.classworlds.strategy.SelfFirstStrategy::loadClass (50 bytes)
C2 CompilerThread1     4872 6538       4       java.net.URLStreamHandler::toExternalForm (156 bytes)

VM state: at safepoint (normal execution)

VM Mutex/Monitor currently owned by a thread:  ([mutex/lock_event])
[0x000001b7be299090] Threads_lock - owner thread: 0x000001b7dd592640
[0x000001b7be29a710] Heap_lock - owner thread: 0x000001b7e5919590

Heap address: 0x0000000080c00000, size: 2036 MB, Compressed Oops mode: 32-bit

CDS archive(s) mapped at: [0x0000000800000000-0x0000000800c40000-0x0000000800c40000), size 12845056, SharedBaseAddress: 0x0000000800000000, ArchiveRelocationMode: 0.
Compressed class space mapped at: 0x0000000801000000-0x0000000841000000, reserved size: 1073741824
Narrow klass base: 0x0000000800000000, Narrow klass shift: 0, Narrow klass range: 0x100000000

GC Precious Log:
 CardTable entry size: 512
 Card Set container configuration: InlinePtr #cards 5 size 8 Array Of Cards #cards 12 size 40 Howl #buckets 4 coarsen threshold 1843 Howl Bitmap #cards 512 size 80 coarsen threshold 460 Card regions per heap region 1 cards per card region 2048
 CPUs: 16 total, 16 available
 Memory: 8140M
 Large Page Support: Disabled
 NUMA Support: Disabled
 Compressed Oops: Enabled (32-bit)
 Heap Region Size: 1M
 Heap Min Capacity: 8M
 Heap Initial Capacity: 128M
 Heap Max Capacity: 2036M
 Pre-touch: Disabled
 Parallel Workers: 13
 Concurrent Workers: 3
 Concurrent Refinement Workers: 13
 Periodic GC: Disabled

Heap:
 garbage-first heap   total 162816K, used 52224K [0x0000000080c00000, 0x0000000100000000)
  region size 1024K, 3 young (3072K), 3 survivors (3072K)
 Metaspace       used 32379K, committed 32832K, reserved 1114112K
  class space    used 3416K, committed 3648K, reserved 1048576K

Heap Regions: E=young(eden), S=young(survivor), O=old, HS=humongous(starts), HC=humongous(continues), CS=collection set, F=free, OA=open archive, CA=closed archive, TAMS=top-at-mark-start (previous, next)
|   0|0x0000000080c00000, 0x0000000080d00000, 0x0000000080d00000|100%| O|  |TAMS 0x0000000080d00000, 0x0000000080d00000| Untracked 
|   1|0x0000000080d00000, 0x0000000080e00000, 0x0000000080e00000|100%| O|  |TAMS 0x0000000080e00000, 0x0000000080e00000| Untracked 
|   2|0x0000000080e00000, 0x0000000080f00000, 0x0000000080f00000|100%| O|  |TAMS 0x0000000080f00000, 0x0000000080f00000| Untracked 
|   3|0x0000000080f00000, 0x0000000081000000, 0x0000000081000000|100%| O|  |TAMS 0x0000000081000000, 0x0000000081000000| Untracked 
|   4|0x0000000081000000, 0x0000000081100000, 0x0000000081100000|100%| O|  |TAMS 0x0000000081000000, 0x0000000081100000| Untracked 
|   5|0x0000000081100000, 0x0000000081200000, 0x0000000081200000|100%| O|  |TAMS 0x0000000081100000, 0x0000000081200000| Untracked 
|   6|0x0000000081200000, 0x0000000081300000, 0x0000000081300000|100%| O|  |TAMS 0x0000000081200000, 0x0000000081300000| Untracked 
|   7|0x0000000081300000, 0x0000000081400000, 0x0000000081400000|100%| O|  |TAMS 0x0000000081300000, 0x0000000081300000| Untracked 
|   8|0x0000000081400000, 0x0000000081500000, 0x0000000081500000|100%|HS|  |TAMS 0x0000000081400000, 0x0000000081500000| Complete 
|   9|0x0000000081500000, 0x0000000081600000, 0x0000000081600000|100%| O|  |TAMS 0x0000000081500000, 0x0000000081600000| Untracked 
|  10|0x0000000081600000, 0x0000000081700000, 0x0000000081700000|100%|HS|  |TAMS 0x0000000081600000, 0x0000000081700000| Complete 
|  11|0x0000000081700000, 0x0000000081800000, 0x0000000081800000|100%| O|  |TAMS 0x0000000081700000, 0x0000000081800000| Untracked 
|  12|0x0000000081800000, 0x0000000081900000, 0x0000000081900000|100%| O|  |TAMS 0x0000000081800000, 0x0000000081900000| Untracked 
|  13|0x0000000081900000, 0x0000000081a00000, 0x0000000081a00000|100%| O|  |TAMS 0x0000000081900000, 0x0000000081a00000| Untracked 
|  14|0x0000000081a00000, 0x0000000081b00000, 0x0000000081b00000|100%| O|  |TAMS 0x0000000081a00000, 0x0000000081b00000| Untracked 
|  15|0x0000000081b00000, 0x0000000081c00000, 0x0000000081c00000|100%| O|  |TAMS 0x0000000081b00000, 0x0000000081c00000| Untracked 
|  16|0x0000000081c00000, 0x0000000081d00000, 0x0000000081d00000|100%| O|  |TAMS 0x0000000081c00000, 0x0000000081d00000| Untracked 
|  17|0x0000000081d00000, 0x0000000081e00000, 0x0000000081e00000|100%| O|  |TAMS 0x0000000081d00000, 0x0000000081e00000| Untracked 
|  18|0x0000000081e00000, 0x0000000081f00000, 0x0000000081f00000|100%| O|  |TAMS 0x0000000081e00000, 0x0000000081f00000| Untracked 
|  19|0x0000000081f00000, 0x0000000082000000, 0x0000000082000000|100%| O|  |TAMS 0x0000000081f00000, 0x0000000082000000| Untracked 
|  20|0x0000000082000000, 0x0000000082100000, 0x0000000082100000|100%| O|  |TAMS 0x0000000082000000, 0x0000000082100000| Untracked 
|  21|0x0000000082100000, 0x0000000082100000, 0x0000000082200000|  0%| F|  |TAMS 0x0000000082100000, 0x0000000082100000| Untracked 
|  22|0x0000000082200000, 0x0000000082300000, 0x0000000082300000|100%| O|  |TAMS 0x0000000082200000, 0x0000000082200000| Untracked 
|  23|0x0000000082300000, 0x0000000082300000, 0x0000000082400000|  0%| F|  |TAMS 0x0000000082300000, 0x0000000082300000| Untracked 
|  24|0x0000000082400000, 0x0000000082500000, 0x0000000082500000|100%|HS|  |TAMS 0x0000000082400000, 0x0000000082500000| Complete 
|  25|0x0000000082500000, 0x0000000082500000, 0x0000000082600000|  0%| F|  |TAMS 0x0000000082500000, 0x0000000082500000| Untracked 
|  26|0x0000000082600000, 0x0000000082700000, 0x0000000082700000|100%| O|  |TAMS 0x0000000082600000, 0x0000000082700000| Untracked 
|  27|0x0000000082700000, 0x0000000082800000, 0x0000000082800000|100%| O|  |TAMS 0x0000000082700000, 0x0000000082800000| Untracked 
|  28|0x0000000082800000, 0x0000000082900000, 0x0000000082900000|100%| O|  |TAMS 0x0000000082800000, 0x0000000082900000| Untracked 
|  29|0x0000000082900000, 0x0000000082a00000, 0x0000000082a00000|100%| O|  |TAMS 0x0000000082900000, 0x0000000082a00000| Untracked 
|  30|0x0000000082a00000, 0x0000000082b00000, 0x0000000082b00000|100%| O|  |TAMS 0x0000000082a00000, 0x0000000082b00000| Untracked 
|  31|0x0000000082b00000, 0x0000000082c00000, 0x0000000082c00000|100%| O|  |TAMS 0x0000000082b00000, 0x0000000082c00000| Untracked 
|  32|0x0000000082c00000, 0x0000000082d00000, 0x0000000082d00000|100%| O|  |TAMS 0x0000000082c00000, 0x0000000082d00000| Untracked 
|  33|0x0000000082d00000, 0x0000000082e00000, 0x0000000082e00000|100%| O|  |TAMS 0x0000000082d00000, 0x0000000082e00000| Untracked 
|  34|0x0000000082e00000, 0x0000000082f00000, 0x0000000082f00000|100%| O|  |TAMS 0x0000000082e00000, 0x0000000082e00000| Untracked 
|  35|0x0000000082f00000, 0x0000000083000000, 0x0000000083000000|100%| O|  |TAMS 0x0000000082f00000, 0x0000000082f00000| Untracked 
|  36|0x0000000083000000, 0x0000000083100000, 0x0000000083100000|100%| O|  |TAMS 0x0000000083100000, 0x0000000083100000| Untracked 
|  37|0x0000000083100000, 0x0000000083200000, 0x0000000083200000|100%| O|  |TAMS 0x0000000083200000, 0x0000000083200000| Untracked 
|  38|0x0000000083200000, 0x0000000083300000, 0x0000000083300000|100%| O|  |TAMS 0x0000000083300000, 0x0000000083300000| Untracked 
|  39|0x0000000083300000, 0x0000000083400000, 0x0000000083400000|100%| O|  |TAMS 0x0000000083400000, 0x0000000083400000| Untracked 
|  40|0x0000000083400000, 0x0000000083500000, 0x0000000083500000|100%| O|  |TAMS 0x0000000083500000, 0x0000000083500000| Untracked 
|  41|0x0000000083500000, 0x0000000083600000, 0x0000000083600000|100%| O|  |TAMS 0x0000000083600000, 0x0000000083600000| Untracked 
|  42|0x0000000083600000, 0x0000000083700000, 0x0000000083700000|100%| O|  |TAMS 0x0000000083600000, 0x0000000083600000| Untracked 
|  43|0x0000000083700000, 0x0000000083780000, 0x0000000083800000| 50%| O|  |TAMS 0x0000000083700000, 0x0000000083700000| Untracked 
|  44|0x0000000083800000, 0x0000000083800000, 0x0000000083900000|  0%| F|  |TAMS 0x0000000083800000, 0x0000000083800000| Untracked 
|  45|0x0000000083900000, 0x0000000083900000, 0x0000000083a00000|  0%| F|  |TAMS 0x0000000083900000, 0x0000000083900000| Untracked 
|  46|0x0000000083a00000, 0x0000000083b00000, 0x0000000083b00000|100%| O|  |TAMS 0x0000000083a00000, 0x0000000083a9e600| Untracked 
|  47|0x0000000083b00000, 0x0000000083b00000, 0x0000000083c00000|  0%| F|  |TAMS 0x0000000083b00000, 0x0000000083b00000| Untracked 
|  48|0x0000000083c00000, 0x0000000083c00000, 0x0000000083d00000|  0%| F|  |TAMS 0x0000000083c00000, 0x0000000083c00000| Untracked 
|  49|0x0000000083d00000, 0x0000000083d00000, 0x0000000083e00000|  0%| F|  |TAMS 0x0000000083d00000, 0x0000000083d00000| Untracked 
|  50|0x0000000083e00000, 0x0000000083e00000, 0x0000000083f00000|  0%| F|  |TAMS 0x0000000083e00000, 0x0000000083e00000| Untracked 
|  51|0x0000000083f00000, 0x0000000083f00000, 0x0000000084000000|  0%| F|  |TAMS 0x0000000083f00000, 0x0000000083f00000| Untracked 
|  52|0x0000000084000000, 0x0000000084000000, 0x0000000084100000|  0%| F|  |TAMS 0x0000000084000000, 0x0000000084000000| Untracked 
|  53|0x0000000084100000, 0x0000000084100000, 0x0000000084200000|  0%| F|  |TAMS 0x0000000084100000, 0x0000000084100000| Untracked 
|  54|0x0000000084200000, 0x0000000084200000, 0x0000000084300000|  0%| F|  |TAMS 0x0000000084200000, 0x0000000084200000| Untracked 
|  55|0x0000000084300000, 0x0000000084300000, 0x0000000084400000|  0%| F|  |TAMS 0x0000000084300000, 0x0000000084300000| Untracked 
|  56|0x0000000084400000, 0x0000000084400000, 0x0000000084500000|  0%| F|  |TAMS 0x0000000084400000, 0x0000000084400000| Untracked 
|  57|0x0000000084500000, 0x0000000084500000, 0x0000000084600000|  0%| F|  |TAMS 0x0000000084500000, 0x0000000084500000| Untracked 
|  58|0x0000000084600000, 0x0000000084600000, 0x0000000084700000|  0%| F|  |TAMS 0x0000000084600000, 0x0000000084600000| Untracked 
|  59|0x0000000084700000, 0x0000000084700000, 0x0000000084800000|  0%| F|  |TAMS 0x0000000084700000, 0x0000000084700000| Untracked 
|  60|0x0000000084800000, 0x0000000084800000, 0x0000000084900000|  0%| F|  |TAMS 0x0000000084800000, 0x0000000084800000| Untracked 
|  61|0x0000000084900000, 0x0000000084900000, 0x0000000084a00000|  0%| F|  |TAMS 0x0000000084900000, 0x0000000084900000| Untracked 
|  62|0x0000000084a00000, 0x0000000084a00000, 0x0000000084b00000|  0%| F|  |TAMS 0x0000000084a00000, 0x0000000084a00000| Untracked 
|  63|0x0000000084b00000, 0x0000000084b80000, 0x0000000084c00000| 50%| S|CS|TAMS 0x0000000084b00000, 0x0000000084b00000| Complete 
|  64|0x0000000084c00000, 0x0000000084d00000, 0x0000000084d00000|100%| S|CS|TAMS 0x0000000084c00000, 0x0000000084c00000| Complete 
|  65|0x0000000084d00000, 0x0000000084e00000, 0x0000000084e00000|100%| S|CS|TAMS 0x0000000084d00000, 0x0000000084d00000| Complete 
|  66|0x0000000084e00000, 0x0000000084e00000, 0x0000000084f00000|  0%| F|  |TAMS 0x0000000084e00000, 0x0000000084e00000| Untracked 
|  67|0x0000000084f00000, 0x0000000084f00000, 0x0000000085000000|  0%| F|  |TAMS 0x0000000084f00000, 0x0000000084f00000| Untracked 
|  68|0x0000000085000000, 0x0000000085000000, 0x0000000085100000|  0%| F|  |TAMS 0x0000000085000000, 0x0000000085000000| Untracked 
|  69|0x0000000085100000, 0x0000000085100000, 0x0000000085200000|  0%| F|  |TAMS 0x0000000085100000, 0x0000000085100000| Untracked 
|  70|0x0000000085200000, 0x0000000085200000, 0x0000000085300000|  0%| F|  |TAMS 0x0000000085200000, 0x0000000085200000| Untracked 
|  71|0x0000000085300000, 0x0000000085300000, 0x0000000085400000|  0%| F|  |TAMS 0x0000000085300000, 0x0000000085300000| Untracked 
|  72|0x0000000085400000, 0x0000000085500000, 0x0000000085500000|100%| O|  |TAMS 0x0000000085500000, 0x0000000085500000| Untracked 
|  73|0x0000000085500000, 0x0000000085600000, 0x0000000085600000|100%| O|  |TAMS 0x00000000855e9e00, 0x0000000085600000| Untracked 
|  74|0x0000000085600000, 0x0000000085600000, 0x0000000085700000|  0%| F|  |TAMS 0x0000000085600000, 0x0000000085600000| Untracked 
|  75|0x0000000085700000, 0x0000000085700000, 0x0000000085800000|  0%| F|  |TAMS 0x0000000085700000, 0x0000000085700000| Untracked 
|  76|0x0000000085800000, 0x0000000085800000, 0x0000000085900000|  0%| F|  |TAMS 0x0000000085800000, 0x0000000085800000| Untracked 
|  77|0x0000000085900000, 0x0000000085900000, 0x0000000085a00000|  0%| F|  |TAMS 0x0000000085900000, 0x0000000085900000| Untracked 
|  78|0x0000000085a00000, 0x0000000085a00000, 0x0000000085b00000|  0%| F|  |TAMS 0x0000000085a00000, 0x0000000085a00000| Untracked 
|  79|0x0000000085b00000, 0x0000000085b00000, 0x0000000085c00000|  0%| F|  |TAMS 0x0000000085b00000, 0x0000000085b00000| Untracked 
|  80|0x0000000085c00000, 0x0000000085c00000, 0x0000000085d00000|  0%| F|  |TAMS 0x0000000085c00000, 0x0000000085c00000| Untracked 
|  81|0x0000000085d00000, 0x0000000085d00000, 0x0000000085e00000|  0%| F|  |TAMS 0x0000000085d00000, 0x0000000085d00000| Untracked 
|  82|0x0000000085e00000, 0x0000000085e00000, 0x0000000085f00000|  0%| F|  |TAMS 0x0000000085e00000, 0x0000000085e00000| Untracked 
|  83|0x0000000085f00000, 0x0000000085f00000, 0x0000000086000000|  0%| F|  |TAMS 0x0000000085f00000, 0x0000000085f00000| Untracked 
|  84|0x0000000086000000, 0x0000000086000000, 0x0000000086100000|  0%| F|  |TAMS 0x0000000086000000, 0x0000000086000000| Untracked 
|  85|0x0000000086100000, 0x0000000086100000, 0x0000000086200000|  0%| F|  |TAMS 0x0000000086100000, 0x0000000086100000| Untracked 
|  86|0x0000000086200000, 0x0000000086200000, 0x0000000086300000|  0%| F|  |TAMS 0x0000000086200000, 0x0000000086200000| Untracked 
|  87|0x0000000086300000, 0x0000000086300000, 0x0000000086400000|  0%| F|  |TAMS 0x0000000086300000, 0x0000000086300000| Untracked 
|  88|0x0000000086400000, 0x0000000086400000, 0x0000000086500000|  0%| F|  |TAMS 0x0000000086400000, 0x0000000086400000| Untracked 
|  89|0x0000000086500000, 0x0000000086500000, 0x0000000086600000|  0%| F|  |TAMS 0x0000000086500000, 0x0000000086500000| Untracked 
|  90|0x0000000086600000, 0x0000000086600000, 0x0000000086700000|  0%| F|  |TAMS 0x0000000086600000, 0x0000000086600000| Untracked 
|  91|0x0000000086700000, 0x0000000086700000, 0x0000000086800000|  0%| F|  |TAMS 0x0000000086700000, 0x0000000086700000| Untracked 
|  92|0x0000000086800000, 0x0000000086800000, 0x0000000086900000|  0%| F|  |TAMS 0x0000000086800000, 0x0000000086800000| Untracked 
|  93|0x0000000086900000, 0x0000000086900000, 0x0000000086a00000|  0%| F|  |TAMS 0x0000000086900000, 0x0000000086900000| Untracked 
|  94|0x0000000086a00000, 0x0000000086a00000, 0x0000000086b00000|  0%| F|  |TAMS 0x0000000086a00000, 0x0000000086a00000| Untracked 
|  95|0x0000000086b00000, 0x0000000086b00000, 0x0000000086c00000|  0%| F|  |TAMS 0x0000000086b00000, 0x0000000086b00000| Untracked 
|  96|0x0000000086c00000, 0x0000000086c00000, 0x0000000086d00000|  0%| F|  |TAMS 0x0000000086c00000, 0x0000000086c00000| Untracked 
|  97|0x0000000086d00000, 0x0000000086d00000, 0x0000000086e00000|  0%| F|  |TAMS 0x0000000086d00000, 0x0000000086d00000| Untracked 
|  98|0x0000000086e00000, 0x0000000086e00000, 0x0000000086f00000|  0%| F|  |TAMS 0x0000000086e00000, 0x0000000086e00000| Untracked 
|  99|0x0000000086f00000, 0x0000000086f00000, 0x0000000087000000|  0%| F|  |TAMS 0x0000000086f00000, 0x0000000086f00000| Untracked 
| 100|0x0000000087000000, 0x0000000087000000, 0x0000000087100000|  0%| F|  |TAMS 0x0000000087000000, 0x0000000087000000| Untracked 
| 101|0x0000000087100000, 0x0000000087100000, 0x0000000087200000|  0%| F|  |TAMS 0x0000000087100000, 0x0000000087100000| Untracked 
| 102|0x0000000087200000, 0x0000000087200000, 0x0000000087300000|  0%| F|  |TAMS 0x0000000087200000, 0x0000000087200000| Untracked 
| 103|0x0000000087300000, 0x0000000087300000, 0x0000000087400000|  0%| F|  |TAMS 0x0000000087300000, 0x0000000087300000| Untracked 
| 104|0x0000000087400000, 0x0000000087400000, 0x0000000087500000|  0%| F|  |TAMS 0x0000000087400000, 0x0000000087400000| Untracked 
| 105|0x0000000087500000, 0x0000000087500000, 0x0000000087600000|  0%| F|  |TAMS 0x0000000087500000, 0x0000000087500000| Untracked 
| 106|0x0000000087600000, 0x0000000087600000, 0x0000000087700000|  0%| F|  |TAMS 0x0000000087600000, 0x0000000087600000| Untracked 
| 107|0x0000000087700000, 0x0000000087700000, 0x0000000087800000|  0%| F|  |TAMS 0x0000000087700000, 0x0000000087700000| Untracked 
| 108|0x0000000087800000, 0x0000000087800000, 0x0000000087900000|  0%| F|  |TAMS 0x0000000087800000, 0x0000000087800000| Untracked 
| 109|0x0000000087900000, 0x0000000087900000, 0x0000000087a00000|  0%| F|  |TAMS 0x0000000087900000, 0x0000000087900000| Untracked 
| 110|0x0000000087a00000, 0x0000000087a00000, 0x0000000087b00000|  0%| F|  |TAMS 0x0000000087a00000, 0x0000000087a00000| Untracked 
| 111|0x0000000087b00000, 0x0000000087b00000, 0x0000000087c00000|  0%| F|  |TAMS 0x0000000087b00000, 0x0000000087b00000| Untracked 
| 112|0x0000000087c00000, 0x0000000087c00000, 0x0000000087d00000|  0%| F|  |TAMS 0x0000000087c00000, 0x0000000087c00000| Untracked 
| 113|0x0000000087d00000, 0x0000000087d00000, 0x0000000087e00000|  0%| F|  |TAMS 0x0000000087d00000, 0x0000000087d00000| Untracked 
| 114|0x0000000087e00000, 0x0000000087e00000, 0x0000000087f00000|  0%| F|  |TAMS 0x0000000087e00000, 0x0000000087e00000| Untracked 
| 115|0x0000000087f00000, 0x0000000087f00000, 0x0000000088000000|  0%| F|  |TAMS 0x0000000087f00000, 0x0000000087f00000| Untracked 
| 116|0x0000000088000000, 0x0000000088000000, 0x0000000088100000|  0%| F|  |TAMS 0x0000000088000000, 0x0000000088000000| Untracked 
| 117|0x0000000088100000, 0x0000000088100000, 0x0000000088200000|  0%| F|  |TAMS 0x0000000088100000, 0x0000000088100000| Untracked 
| 118|0x0000000088200000, 0x0000000088200000, 0x0000000088300000|  0%| F|  |TAMS 0x0000000088200000, 0x0000000088200000| Untracked 
| 119|0x0000000088300000, 0x0000000088300000, 0x0000000088400000|  0%| F|  |TAMS 0x0000000088300000, 0x0000000088300000| Untracked 
| 120|0x0000000088400000, 0x0000000088400000, 0x0000000088500000|  0%| F|  |TAMS 0x0000000088400000, 0x0000000088400000| Untracked 
| 121|0x0000000088500000, 0x0000000088500000, 0x0000000088600000|  0%| F|  |TAMS 0x0000000088500000, 0x0000000088500000| Untracked 
| 122|0x0000000088600000, 0x0000000088600000, 0x0000000088700000|  0%| F|  |TAMS 0x0000000088600000, 0x0000000088600000| Untracked 
| 123|0x0000000088700000, 0x0000000088700000, 0x0000000088800000|  0%| F|  |TAMS 0x0000000088700000, 0x0000000088700000| Untracked 
| 124|0x0000000088800000, 0x0000000088800000, 0x0000000088900000|  0%| F|  |TAMS 0x0000000088800000, 0x0000000088800000| Untracked 
| 125|0x0000000088900000, 0x0000000088900000, 0x0000000088a00000|  0%| F|  |TAMS 0x0000000088900000, 0x0000000088900000| Untracked 
| 126|0x0000000088a00000, 0x0000000088a00000, 0x0000000088b00000|  0%| F|  |TAMS 0x0000000088a00000, 0x0000000088a00000| Untracked 
| 127|0x0000000088b00000, 0x0000000088b00000, 0x0000000088c00000|  0%| F|  |TAMS 0x0000000088b00000, 0x0000000088b00000| Untracked 
| 128|0x0000000088c00000, 0x0000000088c00000, 0x0000000088d00000|  0%| F|  |TAMS 0x0000000088c00000, 0x0000000088c00000| Untracked 
| 129|0x0000000088d00000, 0x0000000088d00000, 0x0000000088e00000|  0%| F|  |TAMS 0x0000000088d00000, 0x0000000088d00000| Untracked 
| 130|0x0000000088e00000, 0x0000000088e00000, 0x0000000088f00000|  0%| F|  |TAMS 0x0000000088e00000, 0x0000000088e00000| Untracked 
| 131|0x0000000088f00000, 0x0000000088f00000, 0x0000000089000000|  0%| F|  |TAMS 0x0000000088f00000, 0x0000000088f00000| Untracked 
| 132|0x0000000089000000, 0x0000000089000000, 0x0000000089100000|  0%| F|  |TAMS 0x0000000089000000, 0x0000000089000000| Untracked 
| 133|0x0000000089100000, 0x0000000089100000, 0x0000000089200000|  0%| F|  |TAMS 0x0000000089100000, 0x0000000089100000| Untracked 
| 134|0x0000000089200000, 0x0000000089200000, 0x0000000089300000|  0%| F|  |TAMS 0x0000000089200000, 0x0000000089200000| Untracked 
| 135|0x0000000089300000, 0x0000000089300000, 0x0000000089400000|  0%| F|  |TAMS 0x0000000089300000, 0x0000000089300000| Untracked 
| 136|0x0000000089400000, 0x0000000089400000, 0x0000000089500000|  0%| F|  |TAMS 0x0000000089400000, 0x0000000089400000| Untracked 
| 137|0x0000000089500000, 0x0000000089500000, 0x0000000089600000|  0%| F|  |TAMS 0x0000000089500000, 0x0000000089500000| Untracked 
| 138|0x0000000089600000, 0x0000000089600000, 0x0000000089700000|  0%| F|  |TAMS 0x0000000089600000, 0x0000000089600000| Untracked 
| 139|0x0000000089700000, 0x0000000089700000, 0x0000000089800000|  0%| F|  |TAMS 0x0000000089700000, 0x0000000089700000| Untracked 
| 140|0x0000000089800000, 0x0000000089800000, 0x0000000089900000|  0%| F|  |TAMS 0x0000000089800000, 0x0000000089800000| Untracked 
| 141|0x0000000089900000, 0x0000000089900000, 0x0000000089a00000|  0%| F|  |TAMS 0x0000000089900000, 0x0000000089900000| Untracked 
| 142|0x0000000089a00000, 0x0000000089a00000, 0x0000000089b00000|  0%| F|  |TAMS 0x0000000089a00000, 0x0000000089a00000| Untracked 
| 143|0x0000000089b00000, 0x0000000089b00000, 0x0000000089c00000|  0%| F|  |TAMS 0x0000000089b00000, 0x0000000089b00000| Untracked 
| 144|0x0000000089c00000, 0x0000000089c00000, 0x0000000089d00000|  0%| F|  |TAMS 0x0000000089c00000, 0x0000000089c00000| Untracked 
| 145|0x0000000089d00000, 0x0000000089d00000, 0x0000000089e00000|  0%| F|  |TAMS 0x0000000089d00000, 0x0000000089d00000| Untracked 
| 146|0x0000000089e00000, 0x0000000089e00000, 0x0000000089f00000|  0%| F|  |TAMS 0x0000000089e00000, 0x0000000089e00000| Untracked 
| 147|0x0000000089f00000, 0x0000000089f00000, 0x000000008a000000|  0%| F|  |TAMS 0x0000000089f00000, 0x0000000089f00000| Untracked 
| 148|0x000000008a000000, 0x000000008a000000, 0x000000008a100000|  0%| F|  |TAMS 0x000000008a000000, 0x000000008a000000| Untracked 
| 149|0x000000008a100000, 0x000000008a100000, 0x000000008a200000|  0%| F|  |TAMS 0x000000008a100000, 0x000000008a100000| Untracked 
| 150|0x000000008a200000, 0x000000008a200000, 0x000000008a300000|  0%| F|  |TAMS 0x000000008a200000, 0x000000008a200000| Untracked 
| 151|0x000000008a300000, 0x000000008a300000, 0x000000008a400000|  0%| F|  |TAMS 0x000000008a300000, 0x000000008a300000| Untracked 
| 152|0x000000008a400000, 0x000000008a400000, 0x000000008a500000|  0%| F|  |TAMS 0x000000008a400000, 0x000000008a400000| Untracked 
| 153|0x000000008a500000, 0x000000008a500000, 0x000000008a600000|  0%| F|  |TAMS 0x000000008a500000, 0x000000008a500000| Untracked 
|2031|0x00000000ffb00000, 0x00000000ffc00000, 0x00000000ffc00000|100%| O|  |TAMS 0x00000000ffb00000, 0x00000000ffc00000| Untracked 
|2032|0x00000000ffc00000, 0x00000000ffd00000, 0x00000000ffd00000|100%| O|  |TAMS 0x00000000ffc00000, 0x00000000ffd00000| Untracked 
|2033|0x00000000ffd00000, 0x00000000ffe00000, 0x00000000ffe00000|100%| O|  |TAMS 0x00000000ffd00000, 0x00000000ffe00000| Untracked 
|2034|0x00000000ffe00000, 0x00000000fff00000, 0x00000000fff00000|100%| O|  |TAMS 0x00000000ffe00000, 0x00000000fff00000| Untracked 
|2035|0x00000000fff00000, 0x0000000100000000, 0x0000000100000000|100%| O|  |TAMS 0x00000000fff00000, 0x0000000100000000| Untracked 

Card table byte_map: [0x000001b7d5e90000,0x000001b7d6290000] _byte_map_base: 0x000001b7d5a8a000

Marking Bits (Prev, Next): (CMBitMap*) 0x000001b7be302490, (CMBitMap*) 0x000001b7be302450
 Prev Bits: [0x000001b7d8660000, 0x000001b7da630000)
 Next Bits: [0x000001b7d6690000, 0x000001b7d8660000)

Polling page: 0x000001b7bc220000

Metaspace:

Usage:
  Non-class:     28.28 MB used.
      Class:      3.34 MB used.
       Both:     31.62 MB used.

Virtual space:
  Non-class space:       64.00 MB reserved,      28.50 MB ( 45%) committed,  1 nodes.
      Class space:        1.00 GB reserved,       3.56 MB ( <1%) committed,  1 nodes.
             Both:        1.06 GB reserved,      32.06 MB (  3%) committed. 

Chunk freelists:
   Non-Class:  3.39 MB
       Class:  496.00 KB
        Both:  3.88 MB

MaxMetaspaceSize: unlimited
CompressedClassSpaceSize: 1.00 GB
Initial GC threshold: 21.00 MB
Current GC threshold: 35.12 MB
CDS: on
MetaspaceReclaimPolicy: balanced
 - commit_granule_bytes: 65536.
 - commit_granule_words: 8192.
 - virtual_space_node_default_size: 8388608.
 - enlarge_chunks_in_place: 1.
 - new_chunks_are_fully_committed: 0.
 - uncommit_free_chunks: 1.
 - use_allocation_guard: 0.


Internal statistics:

num_allocs_failed_limit: 3.
num_arena_births: 426.
num_arena_deaths: 0.
num_vsnodes_births: 2.
num_vsnodes_deaths: 0.
num_space_committed: 513.
num_space_uncommitted: 0.
num_chunks_returned_to_freelist: 3.
num_chunks_taken_from_freelist: 1423.
num_chunk_merges: 0.
num_chunk_splits: 1025.
num_chunks_enlarged: 804.
num_inconsistent_stats: 0.

CodeHeap 'non-profiled nmethods': size=119168Kb used=3925Kb max_used=3925Kb free=115242Kb
 bounds [0x000001b7cdda0000, 0x000001b7ce180000, 0x000001b7d5200000]
CodeHeap 'profiled nmethods': size=119104Kb used=12483Kb max_used=12483Kb free=106620Kb
 bounds [0x000001b7c6200000, 0x000001b7c6e40000, 0x000001b7cd650000]
CodeHeap 'non-nmethods': size=7488Kb used=3056Kb max_used=3109Kb free=4431Kb
 bounds [0x000001b7cd650000, 0x000001b7cd960000, 0x000001b7cdda0000]
 total_blobs=6338 nmethods=5732 adapters=513
 compilation: enabled
              stopped_count=0, restarted_count=0
 full_count=0

Compilation events (20 events):
Event: 4.774 Thread 0x000001b7e1d7d260 6533       3       jdk.internal.loader.NativeLibraries$NativeLibraryImpl::find (9 bytes)
Event: 4.774 Thread 0x000001b7e1d7d260 nmethod 6533 0x000001b7c6e30210 code [0x000001b7c6e303c0, 0x000001b7c6e30508]
Event: 4.781 Thread 0x000001b7e1bbc2b0 nmethod 6521 0x000001b7ce16f890 code [0x000001b7ce16fb80, 0x000001b7ce1724b8]
Event: 4.782 Thread 0x000001b7e1bbc2b0 6523       4       java.security.MessageDigest::isEqual (100 bytes)
Event: 4.785 Thread 0x000001b7e1bbc2b0 nmethod 6523 0x000001b7ce173f10 code [0x000001b7ce1740a0, 0x000001b7ce174398]
Event: 4.785 Thread 0x000001b7e1bbc2b0 6526       4       java.util.Base64$Decoder::decodedOutLength (205 bytes)
Event: 4.788 Thread 0x000001b7e1bbc2b0 nmethod 6526 0x000001b7ce174590 code [0x000001b7ce174720, 0x000001b7ce174a98]
Event: 4.788 Thread 0x000001b7e1bbc2b0 6522       4       java.lang.invoke.VarHandle::checkAccessModeThenIsDirect (29 bytes)
Event: 4.790 Thread 0x000001b7e1bbc2b0 nmethod 6522 0x000001b7ce174c90 code [0x000001b7ce174e20, 0x000001b7ce1751a8]
Event: 4.794 Thread 0x000001b7dd5c3930 6535       3       java.util.zip.ZipEntry::setExtra0 (493 bytes)
Event: 4.796 Thread 0x000001b7dd5c3930 nmethod 6535 0x000001b7c6e30590 code [0x000001b7c6e30940, 0x000001b7c6e325f8]
Event: 4.799 Thread 0x000001b7e1bbc2b0 6536   !   4       java.security.AccessController::doPrivileged (26 bytes)
Event: 4.800 Thread 0x000001b7e1bbc2b0 nmethod 6536 0x000001b7ce175390 code [0x000001b7ce175540, 0x000001b7ce175658]
Event: 4.810 Thread 0x000001b7e1d7d260 6537       3       sun.net.www.ParseUtil::encodePath (41 bytes)
Event: 4.810 Thread 0x000001b7e1d7d260 nmethod 6537 0x000001b7c6e32f90 code [0x000001b7c6e33160, 0x000001b7c6e333c8]
Event: 4.825 Thread 0x000001b7e1bbc2b0 6538       4       java.net.URLStreamHandler::toExternalForm (156 bytes)
Event: 4.835 Thread 0x000001b7e18ff660 6540       3       java.lang.invoke.MethodHandle::setAsTypeCache (33 bytes)
Event: 4.835 Thread 0x000001b7dd5c3930 6541       3       java.lang.invoke.MethodHandle::isSafeToCache (14 bytes)
Event: 4.835 Thread 0x000001b7dd5c3930 nmethod 6541 0x000001b7c6e33490 code [0x000001b7c6e33640, 0x000001b7c6e337b8]
Event: 4.835 Thread 0x000001b7e18ff660 nmethod 6540 0x000001b7c6e33890 code [0x000001b7c6e33aa0, 0x000001b7c6e340b8]

GC Heap History (20 events):
Event: 1.651 GC heap after
{Heap after GC invocations=3 (full 0):
 garbage-first heap   total 131072K, used 12997K [0x0000000080c00000, 0x0000000100000000)
  region size 1024K, 10 young (10240K), 10 survivors (10240K)
 Metaspace       used 13714K, committed 13952K, reserved 1114112K
  class space    used 1458K, committed 1600K, reserved 1048576K
}
Event: 1.888 GC heap before
{Heap before GC invocations=3 (full 0):
 garbage-first heap   total 131072K, used 81605K [0x0000000080c00000, 0x0000000100000000)
  region size 1024K, 26 young (26624K), 10 survivors (10240K)
 Metaspace       used 14981K, committed 15232K, reserved 1114112K
  class space    used 1578K, committed 1664K, reserved 1048576K
}
Event: 1.896 GC heap after
{Heap after GC invocations=4 (full 0):
 garbage-first heap   total 131072K, used 34727K [0x0000000080c00000, 0x0000000100000000)
  region size 1024K, 2 young (2048K), 2 survivors (2048K)
 Metaspace       used 14981K, committed 15232K, reserved 1114112K
  class space    used 1578K, committed 1664K, reserved 1048576K
}
Event: 2.451 GC heap before
{Heap before GC invocations=4 (full 0):
 garbage-first heap   total 131072K, used 105383K [0x0000000080c00000, 0x0000000100000000)
  region size 1024K, 59 young (60416K), 2 survivors (2048K)
 Metaspace       used 18059K, committed 18368K, reserved 1114112K
  class space    used 1882K, committed 2048K, reserved 1048576K
}
Event: 2.455 GC heap after
{Heap after GC invocations=5 (full 0):
 garbage-first heap   total 157696K, used 16476K [0x0000000080c00000, 0x0000000100000000)
  region size 1024K, 5 young (5120K), 5 survivors (5120K)
 Metaspace       used 18059K, committed 18368K, reserved 1114112K
  class space    used 1882K, committed 2048K, reserved 1048576K
}
Event: 2.999 GC heap before
{Heap before GC invocations=5 (full 0):
 garbage-first heap   total 157696K, used 106588K [0x0000000080c00000, 0x0000000100000000)
  region size 1024K, 92 young (94208K), 5 survivors (5120K)
 Metaspace       used 19494K, committed 19904K, reserved 1114112K
  class space    used 2042K, committed 2240K, reserved 1048576K
}
Event: 3.005 GC heap after
{Heap after GC invocations=6 (full 0):
 garbage-first heap   total 157696K, used 21335K [0x0000000080c00000, 0x0000000100000000)
  region size 1024K, 9 young (9216K), 9 survivors (9216K)
 Metaspace       used 19494K, committed 19904K, reserved 1114112K
  class space    used 2042K, committed 2240K, reserved 1048576K
}
Event: 3.280 GC heap before
{Heap before GC invocations=6 (full 0):
 garbage-first heap   total 157696K, used 61271K [0x0000000080c00000, 0x0000000100000000)
  region size 1024K, 49 young (50176K), 9 survivors (9216K)
 Metaspace       used 21078K, committed 21504K, reserved 1114112K
  class space    used 2183K, committed 2432K, reserved 1048576K
}
Event: 3.286 GC heap after
{Heap after GC invocations=7 (full 0):
 garbage-first heap   total 157696K, used 23728K [0x0000000080c00000, 0x0000000100000000)
  region size 1024K, 8 young (8192K), 8 survivors (8192K)
 Metaspace       used 21078K, committed 21504K, reserved 1114112K
  class space    used 2183K, committed 2432K, reserved 1048576K
}
Event: 3.485 GC heap before
{Heap before GC invocations=8 (full 0):
 garbage-first heap   total 86016K, used 84144K [0x0000000080c00000, 0x0000000100000000)
  region size 1024K, 61 young (62464K), 8 survivors (8192K)
 Metaspace       used 21287K, committed 21696K, reserved 1114112K
  class space    used 2197K, committed 2432K, reserved 1048576K
}
Event: 3.495 GC heap after
{Heap after GC invocations=9 (full 0):
 garbage-first heap   total 101376K, used 33034K [0x0000000080c00000, 0x0000000100000000)
  region size 1024K, 10 young (10240K), 10 survivors (10240K)
 Metaspace       used 21287K, committed 21696K, reserved 1114112K
  class space    used 2197K, committed 2432K, reserved 1048576K
}
Event: 3.497 GC heap before
{Heap before GC invocations=9 (full 0):
 garbage-first heap   total 101376K, used 34058K [0x0000000080c00000, 0x0000000100000000)
  region size 1024K, 11 young (11264K), 10 survivors (10240K)
 Metaspace       used 21287K, committed 21696K, reserved 1114112K
  class space    used 2197K, committed 2432K, reserved 1048576K
}
Event: 3.501 GC heap after
{Heap after GC invocations=10 (full 0):
 garbage-first heap   total 101376K, used 34523K [0x0000000080c00000, 0x0000000100000000)
  region size 1024K, 1 young (1024K), 1 survivors (1024K)
 Metaspace       used 21287K, committed 21696K, reserved 1114112K
  class space    used 2197K, committed 2432K, reserved 1048576K
}
Event: 3.631 GC heap before
{Heap before GC invocations=10 (full 0):
 garbage-first heap   total 101376K, used 86747K [0x0000000080c00000, 0x0000000100000000)
  region size 1024K, 44 young (45056K), 1 survivors (1024K)
 Metaspace       used 21298K, committed 21760K, reserved 1114112K
  class space    used 2200K, committed 2432K, reserved 1048576K
}
Event: 3.632 GC heap after
{Heap after GC invocations=11 (full 0):
 garbage-first heap   total 101376K, used 33864K [0x0000000080c00000, 0x0000000100000000)
  region size 1024K, 1 young (1024K), 1 survivors (1024K)
 Metaspace       used 21298K, committed 21760K, reserved 1114112K
  class space    used 2200K, committed 2432K, reserved 1048576K
}
Event: 4.111 GC heap before
{Heap before GC invocations=11 (full 0):
 garbage-first heap   total 101376K, used 90184K [0x0000000080c00000, 0x0000000100000000)
  region size 1024K, 46 young (47104K), 1 survivors (1024K)
 Metaspace       used 23487K, committed 23936K, reserved 1114112K
  class space    used 2383K, committed 2560K, reserved 1048576K
}
Event: 4.117 GC heap after
{Heap after GC invocations=12 (full 0):
 garbage-first heap   total 101376K, used 41984K [0x0000000080c00000, 0x0000000100000000)
  region size 1024K, 6 young (6144K), 6 survivors (6144K)
 Metaspace       used 23487K, committed 23936K, reserved 1114112K
  class space    used 2383K, committed 2560K, reserved 1048576K
}
Event: 4.372 GC heap before
{Heap before GC invocations=12 (full 0):
 garbage-first heap   total 101376K, used 83968K [0x0000000080c00000, 0x0000000100000000)
  region size 1024K, 42 young (43008K), 6 survivors (6144K)
 Metaspace       used 27321K, committed 27840K, reserved 1114112K
  class space    used 2867K, committed 3136K, reserved 1048576K
}
Event: 4.384 GC heap after
{Heap after GC invocations=13 (full 0):
 garbage-first heap   total 101376K, used 52857K [0x0000000080c00000, 0x0000000100000000)
  region size 1024K, 6 young (6144K), 6 survivors (6144K)
 Metaspace       used 27321K, committed 27840K, reserved 1114112K
  class space    used 2867K, committed 3136K, reserved 1048576K
}
Event: 4.838 GC heap before
{Heap before GC invocations=13 (full 0):
 garbage-first heap   total 101376K, used 79481K [0x0000000080c00000, 0x0000000100000000)
  region size 1024K, 32 young (32768K), 6 survivors (6144K)
 Metaspace       used 32379K, committed 32832K, reserved 1114112K
  class space    used 3416K, committed 3648K, reserved 1048576K
}

Dll operation events (12 events):
Event: 0.005 Loaded shared library C:\Program Files\Java\jdk-19\bin\java.dll
Event: 0.012 Loaded shared library C:\Program Files\Java\jdk-19\bin\jsvml.dll
Event: 0.041 Loaded shared library C:\Program Files\Java\jdk-19\bin\net.dll
Event: 0.042 Loaded shared library C:\Program Files\Java\jdk-19\bin\nio.dll
Event: 0.045 Loaded shared library C:\Program Files\Java\jdk-19\bin\zip.dll
Event: 0.120 Loaded shared library C:\Program Files\Java\jdk-19\bin\jimage.dll
Event: 0.125 Loaded shared library C:\Program Files\Maven\apache-maven-3.8.6\lib\jansi-native\Windows\x86_64\jansi.dll
Event: 0.135 Loaded shared library C:\Program Files\Java\jdk-19\bin\verify.dll
Event: 4.330 Loaded shared library C:\Program Files\Java\jdk-19\bin\management.dll
Event: 4.332 Loaded shared library C:\Program Files\Java\jdk-19\bin\management_ext.dll
Event: 4.402 Loaded shared library C:\Users\USER\AppData\Local\Temp\AISDK\native\2.6.3\applicationinsights-core-native-win64.dll
Event: 4.771 Loaded shared library C:\Program Files\Java\jdk-19\bin\extnet.dll

Deoptimization events (20 events):
Event: 4.750 Thread 0x000001b7e591bac0 DEOPT PACKING pc=0x000001b7c6e1ad32 sp=0x00000023662fa010
Event: 4.750 Thread 0x000001b7be29f4c0 Uncommon trap: trap_request=0xffffff45 fr.pc=0x000001b7ce15d0c8 relative=0x0000000000000d28
Event: 4.750 Thread 0x000001b7be29f4c0 Uncommon trap: reason=unstable_if action=reinterpret pc=0x000001b7ce15d0c8 method=java.util.concurrent.ConcurrentHashMap.putVal(Ljava/lang/Object;Ljava/lang/Object;Z)Ljava/lang/Object; @ 112 c2
Event: 4.750 Thread 0x000001b7e591bac0 DEOPT UNPACKING pc=0x000001b7cd6b7543 sp=0x00000023662f9520 mode 0
Event: 4.750 Thread 0x000001b7be29f4c0 DEOPT PACKING pc=0x000001b7ce15d0c8 sp=0x00000023630f9cd0
Event: 4.750 Thread 0x000001b7be29f4c0 DEOPT UNPACKING pc=0x000001b7cd6b6da3 sp=0x00000023630f9c60 mode 2
Event: 4.750 Thread 0x000001b7be29f4c0 Uncommon trap: trap_request=0xffffff45 fr.pc=0x000001b7cde7454c relative=0x000000000000018c
Event: 4.750 Thread 0x000001b7be29f4c0 Uncommon trap: reason=unstable_if action=reinterpret pc=0x000001b7cde7454c method=java.util.concurrent.ConcurrentHashMap.addCount(JI)V @ 171 c2
Event: 4.750 Thread 0x000001b7be29f4c0 DEOPT PACKING pc=0x000001b7cde7454c sp=0x00000023630f9c30
Event: 4.750 Thread 0x000001b7be29f4c0 DEOPT UNPACKING pc=0x000001b7cd6b6da3 sp=0x00000023630f9b90 mode 2
Event: 4.751 Thread 0x000001b7e5919590 Uncommon trap: trap_request=0xffffff45 fr.pc=0x000001b7cdecfaf8 relative=0x0000000000000158
Event: 4.751 Thread 0x000001b7e5919590 Uncommon trap: reason=unstable_if action=reinterpret pc=0x000001b7cdecfaf8 method=java.util.concurrent.locks.ReentrantLock$NonfairSync.initialTryLock()Z @ 25 c2
Event: 4.751 Thread 0x000001b7e5919590 DEOPT PACKING pc=0x000001b7cdecfaf8 sp=0x00000023664fe4c0
Event: 4.751 Thread 0x000001b7e5919590 DEOPT UNPACKING pc=0x000001b7cd6b6da3 sp=0x00000023664fe460 mode 2
Event: 4.772 Thread 0x000001b7e5919590 Uncommon trap: trap_request=0xffffff45 fr.pc=0x000001b7ce112f68 relative=0x00000000000001c8
Event: 4.773 Thread 0x000001b7e5919590 Uncommon trap: reason=unstable_if action=reinterpret pc=0x000001b7ce112f68 method=sun.net.www.ParseUtil.encodePath(Ljava/lang/String;Z)Ljava/lang/String; @ 1 c2
Event: 4.773 Thread 0x000001b7e5919590 DEOPT PACKING pc=0x000001b7ce112f68 sp=0x00000023664fe3f0
Event: 4.773 Thread 0x000001b7e5919590 DEOPT UNPACKING pc=0x000001b7cd6b6da3 sp=0x00000023664fe3a8 mode 2
Event: 4.831 Thread 0x000001b7be29f4c0 DEOPT PACKING pc=0x000001b7c6e1ad53 sp=0x00000023630f8eb0
Event: 4.831 Thread 0x000001b7be29f4c0 DEOPT UNPACKING pc=0x000001b7cd6b7543 sp=0x00000023630f83c0 mode 0

Classes loaded (20 events):
Event: 4.834 Loading class sun/security/ssl/SSLConfiguration
Event: 4.835 Loading class sun/security/ssl/SSLConfiguration done
Event: 4.835 Loading class javax/crypto/KeyGenerator
Event: 4.835 Loading class javax/crypto/KeyGenerator done
Event: 4.835 Loading class com/sun/crypto/provider/TlsMasterSecretGenerator
Event: 4.835 Loading class javax/crypto/KeyGeneratorSpi
Event: 4.835 Loading class javax/crypto/KeyGeneratorSpi done
Event: 4.835 Loading class com/sun/crypto/provider/TlsMasterSecretGenerator done
Event: 4.835 Loading class sun/security/ssl/ClientAuthType
Event: 4.835 Loading class sun/security/ssl/ClientAuthType done
Event: 4.835 Loading class sun/security/ssl/SSLConfiguration$CustomizedClientSignatureSchemes
Event: 4.835 Loading class sun/security/ssl/SSLConfiguration$CustomizedClientSignatureSchemes done
Event: 4.835 Loading class sun/security/ssl/SSLSessionImpl
Event: 4.836 Loading class javax/net/ssl/ExtendedSSLSession
Event: 4.836 Loading class javax/net/ssl/SSLSession
Event: 4.836 Loading class javax/net/ssl/SSLSession done
Event: 4.836 Loading class javax/net/ssl/ExtendedSSLSession done
Event: 4.836 Loading class sun/security/ssl/SSLSessionImpl done
Event: 4.836 Loading class sun/security/ssl/SignatureScheme
Event: 4.836 Loading class sun/security/ssl/SignatureScheme done

Classes unloaded (0 events):
No events

Classes redefined (0 events):
No events

Internal exceptions (20 events):
Event: 1.265 Thread 0x000001b7be29f4c0 Implicit null exception at 0x000001b7cde7f9bb to 0x000001b7cde80160
Event: 1.665 Thread 0x000001b7be29f4c0 Implicit null exception at 0x000001b7cde0e86a to 0x000001b7cde0ea2c
Event: 1.665 Thread 0x000001b7be29f4c0 Implicit null exception at 0x000001b7cddfeeaf to 0x000001b7cddfef29
Event: 1.820 Thread 0x000001b7be29f4c0 Implicit null exception at 0x000001b7cdf5772c to 0x000001b7cdf581a8
Event: 1.841 Thread 0x000001b7be29f4c0 Exception <a 'java/lang/NoSuchMethodError'{0x0000000087e689b8}: 'void java.lang.invoke.Invokers$Holder.invokeExact_MT(java.lang.Object, java.lang.Object, int, java.lang.Object)'> (0x0000000087e689b8) 
thrown [s\open\src\hotspot\share\interpreter\linkResolver.cpp, line 774]
Event: 2.255 Thread 0x000001b7be29f4c0 Exception <a 'java/lang/NoSuchMethodError'{0x000000008646e3a8}: 'int java.lang.invoke.DirectMethodHandle$Holder.invokeVirtual(java.lang.Object, java.lang.Object)'> (0x000000008646e3a8) 
thrown [s\open\src\hotspot\share\interpreter\linkResolver.cpp, line 774]
Event: 2.256 Thread 0x000001b7e49b7d80 Exception <a 'java/lang/NoSuchMethodError'{0x000000008640be98}: 'java.lang.Object java.lang.invoke.DirectMethodHandle$Holder.invokeStaticInit(java.lang.Object)'> (0x000000008640be98) 
thrown [s\open\src\hotspot\share\interpreter\linkResolver.cpp, line 774]
Event: 2.257 Thread 0x000001b7e49b7d80 Exception <a 'java/lang/NoSuchMethodError'{0x0000000086412568}: 'java.lang.Object java.lang.invoke.DirectMethodHandle$Holder.invokeStatic(java.lang.Object, long, java.lang.Object)'> (0x0000000086412568) 
thrown [s\open\src\hotspot\share\interpreter\linkResolver.cpp, line 774]
Event: 2.257 Thread 0x000001b7e49b7d80 Exception <a 'java/lang/NoSuchMethodError'{0x0000000086415fc8}: 'java.lang.Object java.lang.invoke.DirectMethodHandle$Holder.invokeStaticInit(java.lang.Object, long, java.lang.Object)'> (0x0000000086415fc8) 
thrown [s\open\src\hotspot\share\interpreter\linkResolver.cpp, line 774]
Event: 2.258 Thread 0x000001b7e49b7d80 Exception <a 'java/lang/NoSuchMethodError'{0x000000008641bdc0}: 'java.lang.Object java.lang.invoke.DirectMethodHandle$Holder.newInvokeSpecial(java.lang.Object, long)'> (0x000000008641bdc0) 
thrown [s\open\src\hotspot\share\interpreter\linkResolver.cpp, line 774]
Event: 2.260 Thread 0x000001b7e49b7d80 Exception <a 'java/lang/NoSuchMethodError'{0x0000000086420f48}: 'long java.lang.invoke.DirectMethodHandle$Holder.invokeInterface(java.lang.Object, java.lang.Object)'> (0x0000000086420f48) 
thrown [s\open\src\hotspot\share\interpreter\linkResolver.cpp, line 774]
Event: 2.261 Thread 0x000001b7e49b7d80 Exception <a 'java/lang/NoSuchMethodError'{0x0000000086425580}: 'long java.lang.invoke.DelegatingMethodHandle$Holder.reinvoke_L(java.lang.Object, java.lang.Object)'> (0x0000000086425580) 
thrown [s\open\src\hotspot\share\interpreter\linkResolver.cpp, line 774]
Event: 2.638 Thread 0x000001b7be29f4c0 Exception <a 'java/lang/NoClassDefFoundError'{0x0000000088b068e8}: org/sonatype/aether/graph/Dependency> (0x0000000088b068e8) 
thrown [s\open\src\hotspot\share\classfile\systemDictionary.cpp, line 244]
Event: 2.690 Thread 0x000001b7be29f4c0 Exception <a 'java/lang/NoSuchMethodError'{0x00000000884b2fb0}: 'void java.lang.invoke.DirectMethodHandle$Holder.invokeStatic(java.lang.Object, java.lang.Object, java.lang.Object, java.lang.Object)'> (0x00000000884b2fb0) 
thrown [s\open\src\hotspot\share\interpreter\linkResolver.cpp, line 774]
Event: 3.745 Thread 0x000001b7be29f4c0 Exception <a 'java/lang/NoSuchMethodError'{0x0000000085af7d30}: 'java.lang.Object java.lang.invoke.DirectMethodHandle$Holder.invokeStaticInit(java.lang.Object, java.lang.Object, int, int, int, int)'> (0x0000000085af7d30) 
thrown [s\open\src\hotspot\share\interpreter\linkResolver.cpp, line 774]
Event: 3.753 Thread 0x000001b7be29f4c0 Exception <a 'java/lang/NoSuchMethodError'{0x000000008594cc40}: 'void java.lang.invoke.DirectMethodHandle$Holder.invokeStatic(java.lang.Object, long)'> (0x000000008594cc40) 
thrown [s\open\src\hotspot\share\interpreter\linkResolver.cpp, line 774]
Event: 4.164 Thread 0x000001b7be29f4c0 Exception <a 'java/lang/NoSuchMethodError'{0x00000000876d3718}: 'java.lang.Object java.lang.invoke.DirectMethodHandle$Holder.newInvokeSpecial(java.lang.Object, java.lang.Object, java.lang.Object, java.lang.Object, java.lang.Object, java.lang.Object)'> (0x00000000876d3718) 
thrown [s\open\src\hotspot\share\interpreter\linkResolver.cpp, line 774]
Event: 4.287 Thread 0x000001b7be29f4c0 Exception <a 'sun/nio/fs/WindowsException'{0x0000000085aac400}> (0x0000000085aac400) 
thrown [s\open\src\hotspot\share\prims\jni.cpp, line 517]
Event: 4.325 Thread 0x000001b7e591fcf0 Exception <a 'java/lang/NoClassDefFoundError'{0x000000008573fa70}: org/apache/log4j/Priority> (0x000000008573fa70) 
thrown [s\open\src\hotspot\share\classfile\systemDictionary.cpp, line 244]
Event: 4.755 Thread 0x000001b7be29f4c0 Exception <a 'java/lang/NoSuchMethodError'{0x0000000085aa3b88}: 'void java.lang.invoke.DirectMethodHandle$Holder.invokeStatic(java.lang.Object, java.lang.Object)'> (0x0000000085aa3b88) 
thrown [s\open\src\hotspot\share\interpreter\linkResolver.cpp, line 774]

VM Operations (20 events):
Event: 4.134 Executing VM operation: HandshakeAllThreads done
Event: 4.157 Executing VM operation: HandshakeAllThreads
Event: 4.158 Executing VM operation: HandshakeAllThreads done
Event: 4.158 Executing VM operation: HandshakeAllThreads
Event: 4.158 Executing VM operation: HandshakeAllThreads done
Event: 4.222 Executing VM operation: HandshakeAllThreads
Event: 4.222 Executing VM operation: HandshakeAllThreads done
Event: 4.222 Executing VM operation: HandshakeAllThreads
Event: 4.222 Executing VM operation: HandshakeAllThreads done
Event: 4.241 Executing VM operation: HandshakeAllThreads
Event: 4.241 Executing VM operation: HandshakeAllThreads done
Event: 4.277 Executing VM operation: HandshakeAllThreads
Event: 4.277 Executing VM operation: HandshakeAllThreads done
Event: 4.335 Executing VM operation: HandshakeAllThreads
Event: 4.335 Executing VM operation: HandshakeAllThreads done
Event: 4.371 Executing VM operation: G1CollectForAllocation
Event: 4.384 Executing VM operation: G1CollectForAllocation done
Event: 4.722 Executing VM operation: HandshakeAllThreads
Event: 4.722 Executing VM operation: HandshakeAllThreads done
Event: 4.838 Executing VM operation: G1CollectForAllocation

Events (20 events):
Event: 3.585 Thread 0x000001b7e233f050 Thread added: 0x000001b7e233f050
Event: 3.968 Thread 0x000001b7e233f050 Thread exited: 0x000001b7e233f050
Event: 4.159 Thread 0x000001b7dd5c6a90 flushing nmethod 0x000001b7cdfc8b10
Event: 4.163 Thread 0x000001b7dd5c6a90 flushing nmethod 0x000001b7c67c0390
Event: 4.164 Thread 0x000001b7dd5c6a90 flushing nmethod 0x000001b7c68e7710
Event: 4.310 Thread 0x000001b7e591fcf0 Thread added: 0x000001b7e591fcf0
Event: 4.323 Thread 0x000001b7e4a17ff0 Thread added: 0x000001b7e4a17ff0
Event: 4.429 Thread 0x000001b7e591fcf0 Thread exited: 0x000001b7e591fcf0
Event: 4.721 Thread 0x000001b7e59175b0 Thread added: 0x000001b7e59175b0
Event: 4.723 Thread 0x000001b7e591dff0 Thread added: 0x000001b7e591dff0
Event: 4.723 Thread 0x000001b7e591e540 Thread added: 0x000001b7e591e540
Event: 4.724 Thread 0x000001b7e22e7cf0 Thread exited: 0x000001b7e22e7cf0
Event: 4.725 Thread 0x000001b7e591b570 Thread added: 0x000001b7e591b570
Event: 4.725 Thread 0x000001b7e591bac0 Thread added: 0x000001b7e591bac0
Event: 4.726 Thread 0x000001b7e59185a0 Thread added: 0x000001b7e59185a0
Event: 4.726 Thread 0x000001b7e22e7770 Thread exited: 0x000001b7e22e7770
Event: 4.726 Thread 0x000001b7e2071db0 Thread exited: 0x000001b7e2071db0
Event: 4.747 Thread 0x000001b7e5919ae0 Thread added: 0x000001b7e5919ae0
Event: 4.747 Thread 0x000001b7e591ea90 Thread added: 0x000001b7e591ea90
Event: 4.749 Thread 0x000001b7e5919590 Thread added: 0x000001b7e5919590


Dynamic libraries:
0x00007ff657160000 - 0x00007ff657170000 	C:\Program Files\Java\jdk-19\bin\java.exe
0x00007ffdf88d0000 - 0x00007ffdf8ac8000 	C:\WINDOWS\SYSTEM32\ntdll.dll
0x00007ffdf84f0000 - 0x00007ffdf85af000 	C:\WINDOWS\System32\KERNEL32.DLL
0x00007ffdf6310000 - 0x00007ffdf65e2000 	C:\WINDOWS\System32\KERNELBASE.dll
0x00007ffdf61c0000 - 0x00007ffdf62c0000 	C:\WINDOWS\System32\ucrtbase.dll
0x00007ffde8920000 - 0x00007ffde8938000 	C:\Program Files\Java\jdk-19\bin\jli.dll
0x00007ffde7720000 - 0x00007ffde773b000 	C:\Program Files\Java\jdk-19\bin\VCRUNTIME140.dll
0x00007ffdf7830000 - 0x00007ffdf78de000 	C:\WINDOWS\System32\ADVAPI32.dll
0x00007ffdf7b60000 - 0x00007ffdf7bfe000 	C:\WINDOWS\System32\msvcrt.dll
0x00007ffdf7790000 - 0x00007ffdf782c000 	C:\WINDOWS\System32\sechost.dll
0x00007ffdf8190000 - 0x00007ffdf82b5000 	C:\WINDOWS\System32\RPCRT4.dll
0x00007ffdf79b0000 - 0x00007ffdf7b51000 	C:\WINDOWS\System32\USER32.dll
0x00007ffdea850000 - 0x00007ffdeaaea000 	C:\WINDOWS\WinSxS\amd64_microsoft.windows.common-controls_6595b64144ccf1df_6.0.19041.1110_none_60b5254171f9507e\COMCTL32.dll
0x00007ffdf65f0000 - 0x00007ffdf6612000 	C:\WINDOWS\System32\win32u.dll
0x00007ffdf7750000 - 0x00007ffdf777b000 	C:\WINDOWS\System32\GDI32.dll
0x00007ffdf66d0000 - 0x00007ffdf67df000 	C:\WINDOWS\System32\gdi32full.dll
0x00007ffdf5fc0000 - 0x00007ffdf605d000 	C:\WINDOWS\System32\msvcp_win.dll
0x00007ffdeda60000 - 0x00007ffdeda6a000 	C:\WINDOWS\SYSTEM32\VERSION.dll
0x00007ffdf7710000 - 0x00007ffdf7742000 	C:\WINDOWS\System32\IMM32.DLL
0x00007ffdeb2f0000 - 0x00007ffdeb2fc000 	C:\Program Files\Java\jdk-19\bin\vcruntime140_1.dll
0x00007ffdbf800000 - 0x00007ffdbf88e000 	C:\Program Files\Java\jdk-19\bin\msvcp140.dll
0x00007ffda72f0000 - 0x00007ffda7fb0000 	C:\Program Files\Java\jdk-19\bin\server\jvm.dll
0x00007ffdddba0000 - 0x00007ffdddba9000 	C:\WINDOWS\SYSTEM32\WSOCK32.dll
0x00007ffde8040000 - 0x00007ffde8067000 	C:\WINDOWS\SYSTEM32\WINMM.dll
0x00007ffdf78e0000 - 0x00007ffdf794b000 	C:\WINDOWS\System32\WS2_32.dll
0x00007ffdf3ea0000 - 0x00007ffdf3eb2000 	C:\WINDOWS\SYSTEM32\kernel.appcore.dll
0x00007ffdeb2d0000 - 0x00007ffdeb2da000 	C:\Program Files\Java\jdk-19\bin\jimage.dll
0x00007ffdddda0000 - 0x00007ffdddf84000 	C:\WINDOWS\SYSTEM32\DBGHELP.DLL
0x00007ffddd0a0000 - 0x00007ffddd0d5000 	C:\WINDOWS\SYSTEM32\dbgcore.DLL
0x00007ffdf6880000 - 0x00007ffdf6902000 	C:\WINDOWS\System32\bcryptPrimitives.dll
0x00007ffdc70a0000 - 0x00007ffdc70c6000 	C:\Program Files\Java\jdk-19\bin\java.dll
0x00007ffdbf5e0000 - 0x00007ffdbf6b7000 	C:\Program Files\Java\jdk-19\bin\jsvml.dll
0x00007ffdf6fc0000 - 0x00007ffdf7704000 	C:\WINDOWS\System32\SHELL32.dll
0x00007ffdf40a0000 - 0x00007ffdf4832000 	C:\WINDOWS\SYSTEM32\windows.storage.dll
0x00007ffdf7cf0000 - 0x00007ffdf8045000 	C:\WINDOWS\System32\combase.dll
0x00007ffdf5a20000 - 0x00007ffdf5a50000 	C:\WINDOWS\SYSTEM32\Wldp.dll
0x00007ffdf6a40000 - 0x00007ffdf6aed000 	C:\WINDOWS\System32\SHCORE.dll
0x00007ffdf6f60000 - 0x00007ffdf6fb5000 	C:\WINDOWS\System32\shlwapi.dll
0x00007ffdf5f00000 - 0x00007ffdf5f1f000 	C:\WINDOWS\SYSTEM32\profapi.dll
0x00007ffde2d30000 - 0x00007ffde2d43000 	C:\Program Files\Java\jdk-19\bin\net.dll
0x00007ffded450000 - 0x00007ffded55c000 	C:\WINDOWS\SYSTEM32\WINHTTP.dll
0x00007ffdf5780000 - 0x00007ffdf57ea000 	C:\WINDOWS\system32\mswsock.dll
0x00007ffde2a10000 - 0x00007ffde2a26000 	C:\Program Files\Java\jdk-19\bin\nio.dll
0x00007ffdc65c0000 - 0x00007ffdc65d8000 	C:\Program Files\Java\jdk-19\bin\zip.dll
0x0000000069ac0000 - 0x0000000069ae4000 	C:\Program Files\Maven\apache-maven-3.8.6\lib\jansi-native\Windows\x86_64\jansi.dll
0x00007ffde82b0000 - 0x00007ffde82c0000 	C:\Program Files\Java\jdk-19\bin\verify.dll
0x00007ffdf5970000 - 0x00007ffdf5988000 	C:\WINDOWS\SYSTEM32\CRYPTSP.dll
0x00007ffdf5030000 - 0x00007ffdf5064000 	C:\WINDOWS\system32\rsaenh.dll
0x00007ffdf6850000 - 0x00007ffdf6877000 	C:\WINDOWS\System32\bcrypt.dll
0x00007ffdf5e80000 - 0x00007ffdf5eae000 	C:\WINDOWS\SYSTEM32\USERENV.dll
0x00007ffdf5990000 - 0x00007ffdf599c000 	C:\WINDOWS\SYSTEM32\CRYPTBASE.dll
0x00007ffdf5420000 - 0x00007ffdf545b000 	C:\WINDOWS\SYSTEM32\IPHLPAPI.DLL
0x00007ffdf7780000 - 0x00007ffdf7788000 	C:\WINDOWS\System32\NSI.dll
0x00007ffded880000 - 0x00007ffded897000 	C:\WINDOWS\SYSTEM32\dhcpcsvc6.DLL
0x00007ffdedcb0000 - 0x00007ffdedccd000 	C:\WINDOWS\SYSTEM32\dhcpcsvc.DLL
0x00007ffdf5470000 - 0x00007ffdf553a000 	C:\WINDOWS\SYSTEM32\DNSAPI.dll
0x00007ffdeb530000 - 0x00007ffdeb53a000 	C:\Program Files\Java\jdk-19\bin\management.dll
0x00007ffdeb300000 - 0x00007ffdeb30b000 	C:\Program Files\Java\jdk-19\bin\management_ext.dll
0x00007ffdf6a30000 - 0x00007ffdf6a38000 	C:\WINDOWS\System32\PSAPI.DLL
0x00007ffdcd310000 - 0x00007ffdcd327000 	C:\WINDOWS\system32\napinsp.dll
0x00007ffdcd2f0000 - 0x00007ffdcd30b000 	C:\WINDOWS\system32\pnrpnsp.dll
0x00007ffdcd2d0000 - 0x00007ffdcd2e5000 	C:\WINDOWS\system32\wshbth.dll
0x00007ffdf19f0000 - 0x00007ffdf1a0d000 	C:\WINDOWS\system32\NLAapi.dll
0x00007ffdcd2b0000 - 0x00007ffdcd2c2000 	C:\WINDOWS\System32\winrnr.dll
0x00007ffde2a00000 - 0x00007ffde2a0a000 	C:\Windows\System32\rasadhlp.dll
0x00007ffde2dd0000 - 0x00007ffde2e50000 	C:\WINDOWS\System32\fwpuclnt.dll
0x00007ffde7ed0000 - 0x00007ffde7ee0000 	C:\Users\USER\AppData\Local\Temp\AISDK\native\2.6.3\applicationinsights-core-native-win64.dll
0x00007ffde9a90000 - 0x00007ffde9af5000 	C:\WINDOWS\SYSTEM32\mscoree.dll
0x00007ffde99e0000 - 0x00007ffde9a8a000 	C:\Windows\Microsoft.NET\Framework64\v4.0.30319\mscoreei.dll
0x00007ffde4bc0000 - 0x00007ffde56f5000 	C:\Windows\Microsoft.NET\Framework64\v4.0.30319\clr.dll
0x00007ffde99c0000 - 0x00007ffde99d6000 	C:\WINDOWS\SYSTEM32\VCRUNTIME140_CLR0400.dll
0x00007ffde9900000 - 0x00007ffde99bd000 	C:\WINDOWS\SYSTEM32\ucrtbase_clr0400.dll
0x00007ffde35c0000 - 0x00007ffde4bc0000 	C:\WINDOWS\assembly\NativeImages_v4.0.30319_64\mscorlib\b8493bec853ac702d2188091d76ccffa\mscorlib.ni.dll
0x00007ffde2f50000 - 0x00007ffde309f000 	C:\Windows\Microsoft.NET\Framework64\v4.0.30319\clrjit.dll
0x00007ffde1b40000 - 0x00007ffde27b1000 	C:\WINDOWS\assembly\NativeImages_v4.0.30319_64\System\b187b7f31cee3e87b56c8edca55324e0\System.ni.dll
0x00007ffdc2250000 - 0x00007ffdc2292000 	C:\Windows\Microsoft.NET\Framework64\v4.0.30319\perfcounter.dll
0x00007ffdf8630000 - 0x00007ffdf86fd000 	C:\WINDOWS\System32\OLEAUT32.dll
0x00007ffddad10000 - 0x00007ffddad59000 	C:\WINDOWS\SYSTEM32\pdh.dll
0x00007ffdea360000 - 0x00007ffdea369000 	C:\WINDOWS\System32\aspnet_counters.dll
0x00007ffdea350000 - 0x00007ffdea35e000 	C:\WINDOWS\Microsoft.NET\Framework64\v4.0.30319\aspnet_perf.dll
0x00007ffddcc10000 - 0x00007ffddcc24000 	C:\Program Files\Microsoft SQL Server\150\Shared\instapi150.dll
0x00007ffdf39d0000 - 0x00007ffdf3a6e000 	C:\WINDOWS\system32\uxtheme.dll
0x00007ffdf62c0000 - 0x00007ffdf630e000 	C:\WINDOWS\System32\cfgmgr32.dll
0x00007ffddd060000 - 0x00007ffddd094000 	C:\WINDOWS\SYSTEM32\rasman.dll
0x00007ffddd1a0000 - 0x00007ffddd1e2000 	C:\WINDOWS\SYSTEM32\tapi32.dll
0x00007ffdf5eb0000 - 0x00007ffdf5ee2000 	C:\WINDOWS\SYSTEM32\SspiCli.dll
0x00007ffdeb2e0000 - 0x00007ffdeb2ef000 	C:\WINDOWS\System32\perfproc.dll
0x00007ffde8710000 - 0x00007ffde8718000 	C:\Program Files\Java\jdk-19\bin\extnet.dll

dbghelp: loaded successfully - version: 4.0.5 - missing functions: none
symbol engine: initialized successfully - sym options: 0x614 - pdb path: .;C:\Program Files\Java\jdk-19\bin;C:\WINDOWS\SYSTEM32;C:\WINDOWS\WinSxS\amd64_microsoft.windows.common-controls_6595b64144ccf1df_6.0.19041.1110_none_60b5254171f9507e;C:\Program Files\Java\jdk-19\bin\server;C:\Program Files\Maven\apache-maven-3.8.6\lib\jansi-native\Windows\x86_64;C:\Users\USER\AppData\Local\Temp\AISDK\native\2.6.3;C:\Windows\Microsoft.NET\Framework64\v4.0.30319;C:\WINDOWS\assembly\NativeImages_v4.0.30319_64\mscorlib\b8493bec853ac702d2188091d76ccffa;C:\WINDOWS\assembly\NativeImages_v4.0.30319_64\System\b187b7f31cee3e87b56c8edca55324e0;C:\Program Files\Microsoft SQL Server\150\Shared

VM Arguments:
jvm_args: -Dclassworlds.conf=C:\Program Files\Maven\apache-maven-3.8.6\bin\m2.conf -Dmaven.home=C:\Program Files\Maven\apache-maven-3.8.6 -Dlibrary.jansi.path=C:\Program Files\Maven\apache-maven-3.8.6\lib\jansi-native -Dmaven.multiModuleProjectDirectory=D:\DIANS\Dians_demo 
java_command: org.codehaus.plexus.classworlds.launcher.Launcher package azure-webapp:deploy -DskipTests
java_class_path (initial): C:\Program Files\Maven\apache-maven-3.8.6\boot\plexus-classworlds-2.6.0.jar
Launcher Type: SUN_STANDARD

[Global flags]
     intx CICompilerCount                          = 12                                        {product} {ergonomic}
     uint ConcGCThreads                            = 3                                         {product} {ergonomic}
     uint G1ConcRefinementThreads                  = 13                                        {product} {ergonomic}
   size_t G1HeapRegionSize                         = 1048576                                   {product} {ergonomic}
    uintx GCDrainStackTargetSize                   = 64                                        {product} {ergonomic}
   size_t InitialHeapSize                          = 134217728                                 {product} {ergonomic}
   size_t MarkStackSize                            = 4194304                                   {product} {ergonomic}
   size_t MaxHeapSize                              = 2134900736                                {product} {ergonomic}
   size_t MaxNewSize                               = 1280311296                                {product} {ergonomic}
   size_t MinHeapDeltaBytes                        = 1048576                                   {product} {ergonomic}
   size_t MinHeapSize                              = 8388608                                   {product} {ergonomic}
    uintx NonNMethodCodeHeapSize                   = 7602480                                {pd product} {ergonomic}
    uintx NonProfiledCodeHeapSize                  = 122027880                              {pd product} {ergonomic}
    uintx ProfiledCodeHeapSize                     = 122027880                              {pd product} {ergonomic}
    uintx ReservedCodeCacheSize                    = 251658240                              {pd product} {ergonomic}
     bool SegmentedCodeCache                       = true                                      {product} {ergonomic}
   size_t SoftMaxHeapSize                          = 2134900736                             {manageable} {ergonomic}
     bool UseCompressedClassPointers               = true                           {product lp64_product} {ergonomic}
     bool UseCompressedOops                        = true                           {product lp64_product} {ergonomic}
     bool UseG1GC                                  = true                                      {product} {ergonomic}
     bool UseLargePagesIndividualAllocation        = false                                  {pd product} {ergonomic}

Logging:
Log output configuration:
 #0: stdout all=warning uptime,level,tags foldmultilines=false
 #1: stderr all=off uptime,level,tags foldmultilines=false

Environment Variables:
JAVA_HOME=C:\Program Files\Java\jdk-19
PATH=C:\Python310\Scripts\;C:\Python310\;C:\Python39\Scripts\;C:\Python39\;C:\Program Files\Java\jdk-19;C:\Program Files\Common Files\Oracle\Java\javapath;C:\Program Files (x86)\Common Files\Oracle\Java\javapath;C:\WINDOWS\system32;C:\WINDOWS;C:\WINDOWS\System32\Wbem;C:\WINDOWS\System32\WindowsPowerShell\v1.0\;C:\WINDOWS\System32\OpenSSH\;C:\ProgramData\chocolatey\bin;C:\Program Files\nodejs\;C:\Program Files\Microsoft SQL Server\150\Tools\Binn\;C:\Program Files\dotnet\;C:\Program Files\Microsoft SQL Server\130\Tools\Binn\;C:\Program Files (x86)\Microsoft SQL Server\150\DTS\Binn\;C:\Program Files\Azure Data Studio\bin;D:\Git\Git\cmd;C:\Program Files\Microsoft SQL Server\Client SDK\ODBC\170\Tools\Binn\;C:\Program Files (x86)\dotnet\;C:\Program Files\Maven\apache-maven-3.8.6\bin;C:\Program Files (x86)\Microsoft SQL Server\150\Tools\Binn\;C:\Program Files\Microsoft SQL Server\150\DTS\Binn\;D:\Gradle\gradle-6.9.3\bin;C:\Program Files (x86)\EaseUS\bin;C:\Program Files\MySQL\MySQL Shell 8.0\bin\;"C:\Users\USER\AppData\Local\Microsoft\WindowsApps;C:\MinGW\bin\;";"C:\Users\USER\AppData\Local\Programs\Microsoft VS Code\bin;";C:\Users\USER\AppData\Local\Programs\Microsoft VS Code\bin;C:\Users\USER\AppData\Local\Microsoft\WindowsApps;C:\Program Files\JetBrains\WebStorm 2020.2.2\bin;;C:\Users\USER\AppData\Roaming\npm;C:\Users\USER\.dotnet\tools;C:\Program Files\Azure Data Studio\bin;C:\Program Files (x86)\EaseUS\bin;
USERNAME=USER
OS=Windows_NT
PROCESSOR_IDENTIFIER=AMD64 Family 23 Model 8 Stepping 2, AuthenticAMD
TMP=C:\Users\USER\AppData\Local\Temp
TEMP=C:\Users\USER\AppData\Local\Temp



---------------  S Y S T E M  ---------------

OS:
 Windows 10 , 64 bit Build 19041 (10.0.19041.2364)
OS uptime: 8 days 16:51 hours

CPU: total 16 (initial active 16) (16 cores per cpu, 2 threads per core) family 23 model 8 stepping 2 microcode 0x0, cx8, cmov, fxsr, ht, mmx, 3dnowpref, sse, sse2, sse3, ssse3, sse4a, sse4.1, sse4.2, popcnt, lzcnt, tsc, tscinvbit, avx, avx2, aes, clmul, bmi1, bmi2, adx, sha, fma, vzeroupper, clflush, clflushopt, rdtscp

Memory: 4k page, system-wide physical 8140M (1133M free)
TotalPageFile size 12164M (AvailPageFile size 90M)
current process WorkingSet (physical memory assigned to process): 280M, peak: 287M
current process commit charge ("private bytes"): 393M, peak: 481M

vm_info: Java HotSpot(TM) 64-Bit Server VM (19+36-2238) for windows-amd64 JRE (19+36-2238), built on 2022-08-12T20:29:01Z by "mach5one" with MS VC++ 17.1 (VS2022)

END.
