#
# There is insufficient memory for the Java Runtime Environment to continue.
# Native memory allocation (malloc) failed to allocate 1467504 bytes for Chunk::new
# Possible reasons:
#   The system is out of physical RAM or swap space
#   The process is running with CompressedOops enabled, and the Java Heap may be blocking the growth of the native heap
# Possible solutions:
#   Reduce memory load on the system
#   Increase physical memory or swap space
#   Check if swap backing store is full
#   Decrease Java heap size (-Xmx/-Xms)
#   Decrease number of Java threads
#   Decrease Java thread stack sizes (-Xss)
#   Set larger code cache with -XX:ReservedCodeCacheSize=
#   JVM is running with Unscaled Compressed Oops mode in which the Java heap is
#     placed in the first 4GB address space. The Java Heap base address is the
#     maximum limit for the native heap growth. Please use -XX:HeapBaseMinAddress
#     to set the Java Heap base and to place the Java Heap above 4GB virtual address.
# This output file may be truncated or incomplete.
#
#  Out of Memory Error (arena.cpp:184), pid=16856, tid=11236
#
# JRE version: Java(TM) SE Runtime Environment (19.0+36) (build 19+36-2238)
# Java VM: Java HotSpot(TM) 64-Bit Server VM (19+36-2238, mixed mode, sharing, tiered, compressed oops, compressed class ptrs, g1 gc, windows-amd64)
# No core dump will be written. Minidumps are not enabled by default on client versions of Windows
#

---------------  S U M M A R Y ------------

Command Line: C:\Users\USER\AppData\Local\Temp\surefire518371232876959574\surefirebooter7196808960074179045.jar C:\Users\USER\AppData\Local\Temp\surefire518371232876959574 2022-12-25T13-23-41_217-jvmRun1 surefire16093770118602330909tmp surefire_09953724080100850616tmp

Host: AMD Ryzen 7 2700X Eight-Core Processor         , 16 cores, 7G,  Windows 10 , 64 bit Build 19041 (10.0.19041.2364)
Time: Sun Dec 25 13:23:45 2022 Central European Standard Time elapsed time: 3.937034 seconds (0d 0h 0m 3s)

---------------  T H R E A D  ---------------

Current thread (0x000002054b7fe9f0):  JavaThread "C2 CompilerThread2" daemon [_thread_in_native, id=11236, stack(0x0000003292000000,0x0000003292100000)]


Current CompileTask:
C2:   3937 5160   !   4       org.springframework.core.annotation.AnnotationsScanner::processMethodHierarchy (276 bytes)

Stack: [0x0000003292000000,0x0000003292100000]
Native frames: (J=compiled Java code, j=interpreted, Vv=VM code, C=native code)
V  [jvm.dll+0x6ee8fa]
V  [jvm.dll+0x857a1e]
V  [jvm.dll+0x85940e]
V  [jvm.dll+0x859ac3]
V  [jvm.dll+0x28291f]
V  [jvm.dll+0xc9b5f]
V  [jvm.dll+0xc9ee5]
V  [jvm.dll+0x3bcbac]
V  [jvm.dll+0x1ee12a]
V  [jvm.dll+0x24c41b]
V  [jvm.dll+0x24b671]
V  [jvm.dll+0x1d6d61]
V  [jvm.dll+0x25b0fa]
V  [jvm.dll+0x259588]
V  [jvm.dll+0x807928]
V  [jvm.dll+0x8015fa]
V  [jvm.dll+0x6ed5eb]
C  [ucrtbase.dll+0x21bb2]
C  [KERNEL32.DLL+0x17614]
C  [ntdll.dll+0x526a1]


---------------  P R O C E S S  ---------------

Threads class SMR info:
_java_thread_list=0x000002054cf468a0, length=21, elements={
0x000002052755b260, 0x000002054685a070, 0x000002054685ae60, 0x0000020546861590,
0x0000020546862ed0, 0x0000020546863fa0, 0x00000205468671c0, 0x000002054686ec20,
0x00000205468751c0, 0x0000020546889760, 0x000002054aceb400, 0x0000020546889cb0,
0x0000020546888770, 0x000002054688a750, 0x000002054aed1230, 0x000002054aeeb1e0,
0x000002054aeeb760, 0x0000020546889210, 0x000002054b7fe9f0, 0x0000020546887780,
0x0000020546888cc0
}

Java Threads: ( => current thread )
  0x000002052755b260 JavaThread "main" [_thread_in_Java, id=12232, stack(0x0000003290700000,0x0000003290800000)]
  0x000002054685a070 JavaThread "Reference Handler" daemon [_thread_blocked, id=2308, stack(0x0000003290e00000,0x0000003290f00000)]
  0x000002054685ae60 JavaThread "Finalizer" daemon [_thread_blocked, id=10684, stack(0x0000003290f00000,0x0000003291000000)]
  0x0000020546861590 JavaThread "Signal Dispatcher" daemon [_thread_blocked, id=8576, stack(0x0000003291000000,0x0000003291100000)]
  0x0000020546862ed0 JavaThread "Attach Listener" daemon [_thread_blocked, id=5624, stack(0x0000003291100000,0x0000003291200000)]
  0x0000020546863fa0 JavaThread "Service Thread" daemon [_thread_blocked, id=8808, stack(0x0000003291200000,0x0000003291300000)]
  0x00000205468671c0 JavaThread "Monitor Deflation Thread" daemon [_thread_blocked, id=5336, stack(0x0000003291300000,0x0000003291400000)]
  0x000002054686ec20 JavaThread "C2 CompilerThread0" daemon [_thread_in_native, id=15768, stack(0x0000003291400000,0x0000003291500000)]
  0x00000205468751c0 JavaThread "C1 CompilerThread0" daemon [_thread_blocked, id=7784, stack(0x0000003291500000,0x0000003291600000)]
  0x0000020546889760 JavaThread "Sweeper thread" daemon [_thread_blocked, id=17060, stack(0x0000003291600000,0x0000003291700000)]
  0x000002054aceb400 JavaThread "C1 CompilerThread1" daemon [_thread_blocked, id=6784, stack(0x0000003291700000,0x0000003291800000)]
  0x0000020546889cb0 JavaThread "Notification Thread" daemon [_thread_blocked, id=8548, stack(0x0000003291800000,0x0000003291900000)]
  0x0000020546888770 JavaThread "Common-Cleaner" daemon [_thread_blocked, id=14836, stack(0x0000003291a00000,0x0000003291b00000)]
  0x000002054688a750 JavaThread "surefire-forkedjvm-command-thread" daemon [_thread_in_native, id=3052, stack(0x0000003291b00000,0x0000003291c00000)]
  0x000002054aed1230 JavaThread "C2 CompilerThread1" daemon [_thread_in_vm, id=16104, stack(0x0000003291c00000,0x0000003291d00000)]
  0x000002054aeeb1e0 JavaThread "C1 CompilerThread2" daemon [_thread_blocked, id=6840, stack(0x0000003291d00000,0x0000003291e00000)]
  0x000002054aeeb760 JavaThread "C1 CompilerThread3" daemon [_thread_blocked, id=10484, stack(0x0000003291e00000,0x0000003291f00000)]
  0x0000020546889210 JavaThread "surefire-forkedjvm-ping-30s" daemon [_thread_blocked, id=15628, stack(0x0000003291f00000,0x0000003292000000)]
=>0x000002054b7fe9f0 JavaThread "C2 CompilerThread2" daemon [_thread_in_native, id=11236, stack(0x0000003292000000,0x0000003292100000)]
  0x0000020546887780 JavaThread "HikariPool-1 housekeeper" daemon [_thread_blocked, id=12340, stack(0x0000003293000000,0x0000003293100000)]
  0x0000020546888cc0 JavaThread "HikariPool-1 connection adder" daemon [_thread_blocked, id=8048, stack(0x0000003293100000,0x0000003293200000)]

Other Threads:
  0x000002054683d950 VMThread "VM Thread" [stack: 0x0000003290d00000,0x0000003290e00000] [id=4068]
  0x000002054acfbde0 WatcherThread "VM Periodic Task Thread" [stack: 0x0000003291900000,0x0000003291a00000] [id=8412]
  0x00000205275bcda0 WorkerThread "GC Thread#0" [stack: 0x0000003290800000,0x0000003290900000] [id=13124]
  0x000002054aee45c0 WorkerThread "GC Thread#1" [stack: 0x0000003292100000,0x0000003292200000] [id=15692]
  0x000002054aee56a0 WorkerThread "GC Thread#2" [stack: 0x0000003292200000,0x0000003292300000] [id=12440]
  0x000002054aee4b60 WorkerThread "GC Thread#3" [stack: 0x0000003292300000,0x0000003292400000] [id=14024]
  0x000002054aee5970 WorkerThread "GC Thread#4" [stack: 0x0000003292400000,0x0000003292500000] [id=17016]
  0x000002054aee5c40 WorkerThread "GC Thread#5" [stack: 0x0000003292500000,0x0000003292600000] [id=14376]
  0x000002054aee4020 WorkerThread "GC Thread#6" [stack: 0x0000003292600000,0x0000003292700000] [id=10572]
  0x000002054aee42f0 WorkerThread "GC Thread#7" [stack: 0x0000003292700000,0x0000003292800000] [id=11788]
  0x000002054bf2cc20 WorkerThread "GC Thread#8" [stack: 0x0000003292800000,0x0000003292900000] [id=3608]
  0x000002054bf2cef0 WorkerThread "GC Thread#9" [stack: 0x0000003292900000,0x0000003292a00000] [id=4216]
  0x000002054bf2b5a0 WorkerThread "GC Thread#10" [stack: 0x0000003292a00000,0x0000003292b00000] [id=3852]
  0x000002054bf2e840 WorkerThread "GC Thread#11" [stack: 0x0000003292b00000,0x0000003292c00000] [id=8964]
  0x000002054bf2e2a0 WorkerThread "GC Thread#12" [stack: 0x0000003292c00000,0x0000003292d00000] [id=3308]
  0x00000205275ced30 ConcurrentGCThread "G1 Main Marker" [stack: 0x0000003290900000,0x0000003290a00000] [id=8684]
  0x00000205275d0f10 WorkerThread "G1 Conc#0" [stack: 0x0000003290a00000,0x0000003290b00000] [id=16600]
  0x000002054bf2dfd0 WorkerThread "G1 Conc#1" [stack: 0x0000003292d00000,0x0000003292e00000] [id=5628]
  0x000002054bf2eb10 WorkerThread "G1 Conc#2" [stack: 0x0000003292e00000,0x0000003292f00000] [id=2880]
  0x00000205466fd530 ConcurrentGCThread "G1 Refine#0" [stack: 0x0000003290b00000,0x0000003290c00000] [id=10712]
  0x000002052762e1d0 ConcurrentGCThread "G1 Service" [stack: 0x0000003290c00000,0x0000003290d00000] [id=3500]

Threads with active compile tasks:
C2 CompilerThread0     3948 5109       4       org.springframework.core.annotation.AnnotationsScanner::scan (21 bytes)
C2 CompilerThread1     3948 5240       4       org.springframework.core.annotation.TypeMappedAnnotations::get (8 bytes)
C2 CompilerThread2     3948 5160   !   4       org.springframework.core.annotation.AnnotationsScanner::processMethodHierarchy (276 bytes)

VM state: not at safepoint (normal execution)

VM Mutex/Monitor currently owned by a thread: None

Heap address: 0x0000000080c00000, size: 2036 MB, Compressed Oops mode: 32-bit

CDS archive(s) mapped at: [0x0000000800000000-0x0000000800c40000-0x0000000800c40000), size 12845056, SharedBaseAddress: 0x0000000800000000, ArchiveRelocationMode: 0.
Compressed class space mapped at: 0x0000000801000000-0x0000000841000000, reserved size: 1073741824
Narrow klass base: 0x0000000800000000, Narrow klass shift: 0, Narrow klass range: 0x100000000

GC Precious Log:
 CardTable entry size: 512
 Card Set container configuration: InlinePtr #cards 5 size 8 Array Of Cards #cards 12 size 40 Howl #buckets 4 coarsen threshold 1843 Howl Bitmap #cards 512 size 80 coarsen threshold 460 Card regions per heap region 1 cards per card region 2048
 CPUs: 16 total, 16 available
 Memory: 8140M
 Large Page Support: Disabled
 NUMA Support: Disabled
 Compressed Oops: Enabled (32-bit)
 Heap Region Size: 1M
 Heap Min Capacity: 8M
 Heap Initial Capacity: 128M
 Heap Max Capacity: 2036M
 Pre-touch: Disabled
 Parallel Workers: 13
 Concurrent Workers: 3
 Concurrent Refinement Workers: 13
 Periodic GC: Disabled

Heap:
 garbage-first heap   total 71680K, used 32919K [0x0000000080c00000, 0x0000000100000000)
  region size 1024K, 13 young (13312K), 3 survivors (3072K)
 Metaspace       used 53201K, committed 53696K, reserved 1114112K
  class space    used 7048K, committed 7296K, reserved 1048576K

Heap Regions: E=young(eden), S=young(survivor), O=old, HS=humongous(starts), HC=humongous(continues), CS=collection set, F=free, OA=open archive, CA=closed archive, TAMS=top-at-mark-start (previous, next)
|   0|0x0000000080c00000, 0x0000000080d00000, 0x0000000080d00000|100%|HS|  |TAMS 0x0000000080d00000, 0x0000000080c00000| Complete 
|   1|0x0000000080d00000, 0x0000000080e00000, 0x0000000080e00000|100%| O|  |TAMS 0x0000000080e00000, 0x0000000080d00000| Untracked 
|   2|0x0000000080e00000, 0x0000000080f00000, 0x0000000080f00000|100%| O|  |TAMS 0x0000000080f00000, 0x0000000080e00000| Untracked 
|   3|0x0000000080f00000, 0x0000000081000000, 0x0000000081000000|100%| O|  |TAMS 0x0000000081000000, 0x0000000080f00000| Untracked 
|   4|0x0000000081000000, 0x0000000081100000, 0x0000000081100000|100%| O|  |TAMS 0x0000000081100000, 0x0000000081000000| Untracked 
|   5|0x0000000081100000, 0x0000000081200000, 0x0000000081200000|100%| O|  |TAMS 0x0000000081200000, 0x0000000081100000| Untracked 
|   6|0x0000000081200000, 0x0000000081300000, 0x0000000081300000|100%| O|  |TAMS 0x0000000081300000, 0x0000000081200000| Untracked 
|   7|0x0000000081300000, 0x0000000081400000, 0x0000000081400000|100%| O|  |TAMS 0x0000000081300000, 0x0000000081300000| Untracked 
|   8|0x0000000081400000, 0x0000000081500000, 0x0000000081500000|100%| O|  |TAMS 0x0000000081500000, 0x0000000081400000| Untracked 
|   9|0x0000000081500000, 0x0000000081600000, 0x0000000081600000|100%| O|  |TAMS 0x0000000081600000, 0x0000000081500000| Untracked 
|  10|0x0000000081600000, 0x0000000081700000, 0x0000000081700000|100%| O|  |TAMS 0x0000000081700000, 0x0000000081600000| Untracked 
|  11|0x0000000081700000, 0x0000000081800000, 0x0000000081800000|100%| O|  |TAMS 0x0000000081800000, 0x0000000081700000| Untracked 
|  12|0x0000000081800000, 0x0000000081900000, 0x0000000081900000|100%| O|  |TAMS 0x0000000081900000, 0x0000000081800000| Untracked 
|  13|0x0000000081900000, 0x0000000081a00000, 0x0000000081a00000|100%| O|  |TAMS 0x0000000081a00000, 0x0000000081900000| Untracked 
|  14|0x0000000081a00000, 0x0000000081b00000, 0x0000000081b00000|100%| O|  |TAMS 0x0000000081b00000, 0x0000000081a00000| Untracked 
|  15|0x0000000081b00000, 0x0000000081b00000, 0x0000000081c00000|  0%| F|  |TAMS 0x0000000081b00000, 0x0000000081b00000| Untracked 
|  16|0x0000000081c00000, 0x0000000081d00000, 0x0000000081d00000|100%| O|  |TAMS 0x0000000081c00000, 0x0000000081c00000| Untracked 
|  17|0x0000000081d00000, 0x0000000081e00000, 0x0000000081e00000|100%| O|  |TAMS 0x0000000081d00000, 0x0000000081d00000| Untracked 
|  18|0x0000000081e00000, 0x0000000081f00000, 0x0000000081f00000|100%| O|  |TAMS 0x0000000081e00000, 0x0000000081e00000| Untracked 
|  19|0x0000000081f00000, 0x0000000082000000, 0x0000000082000000|100%| O|  |TAMS 0x0000000081f00000, 0x0000000081f00000| Untracked 
|  20|0x0000000082000000, 0x0000000082100000, 0x0000000082100000|100%| O|  |TAMS 0x0000000082000000, 0x0000000082000000| Untracked 
|  21|0x0000000082100000, 0x00000000821e8a00, 0x0000000082200000| 90%| O|  |TAMS 0x0000000082100000, 0x0000000082100000| Untracked 
|  22|0x0000000082200000, 0x0000000082200000, 0x0000000082300000|  0%| F|  |TAMS 0x0000000082200000, 0x0000000082200000| Untracked 
|  23|0x0000000082300000, 0x0000000082300000, 0x0000000082400000|  0%| F|  |TAMS 0x0000000082300000, 0x0000000082300000| Untracked 
|  24|0x0000000082400000, 0x0000000082400000, 0x0000000082500000|  0%| F|  |TAMS 0x0000000082400000, 0x0000000082400000| Untracked 
|  25|0x0000000082500000, 0x0000000082500000, 0x0000000082600000|  0%| F|  |TAMS 0x0000000082500000, 0x0000000082500000| Untracked 
|  26|0x0000000082600000, 0x0000000082600000, 0x0000000082700000|  0%| F|  |TAMS 0x0000000082600000, 0x0000000082600000| Untracked 
|  27|0x0000000082700000, 0x0000000082700000, 0x0000000082800000|  0%| F|  |TAMS 0x0000000082700000, 0x0000000082700000| Untracked 
|  28|0x0000000082800000, 0x0000000082800000, 0x0000000082900000|  0%| F|  |TAMS 0x0000000082800000, 0x0000000082800000| Untracked 
|  29|0x0000000082900000, 0x0000000082900000, 0x0000000082a00000|  0%| F|  |TAMS 0x0000000082900000, 0x0000000082900000| Untracked 
|  30|0x0000000082a00000, 0x0000000082a00000, 0x0000000082b00000|  0%| F|  |TAMS 0x0000000082a00000, 0x0000000082a00000| Untracked 
|  31|0x0000000082b00000, 0x0000000082b00000, 0x0000000082c00000|  0%| F|  |TAMS 0x0000000082b00000, 0x0000000082b00000| Untracked 
|  32|0x0000000082c00000, 0x0000000082c00000, 0x0000000082d00000|  0%| F|  |TAMS 0x0000000082c00000, 0x0000000082c00000| Untracked 
|  33|0x0000000082d00000, 0x0000000082d00000, 0x0000000082e00000|  0%| F|  |TAMS 0x0000000082d00000, 0x0000000082d00000| Untracked 
|  34|0x0000000082e00000, 0x0000000082e3d550, 0x0000000082f00000| 23%| S|CS|TAMS 0x0000000082e00000, 0x0000000082e00000| Complete 
|  35|0x0000000082f00000, 0x0000000083000000, 0x0000000083000000|100%| S|CS|TAMS 0x0000000082f00000, 0x0000000082f00000| Complete 
|  36|0x0000000083000000, 0x0000000083100000, 0x0000000083100000|100%| S|CS|TAMS 0x0000000083000000, 0x0000000083000000| Complete 
|  37|0x0000000083100000, 0x0000000083100000, 0x0000000083200000|  0%| F|  |TAMS 0x0000000083100000, 0x0000000083100000| Untracked 
|  38|0x0000000083200000, 0x0000000083200000, 0x0000000083300000|  0%| F|  |TAMS 0x0000000083200000, 0x0000000083200000| Untracked 
|  39|0x0000000083300000, 0x0000000083300000, 0x0000000083400000|  0%| F|  |TAMS 0x0000000083300000, 0x0000000083300000| Untracked 
|  40|0x0000000083400000, 0x0000000083400000, 0x0000000083500000|  0%| F|  |TAMS 0x0000000083400000, 0x0000000083400000| Untracked 
|  41|0x0000000083500000, 0x0000000083500000, 0x0000000083600000|  0%| F|  |TAMS 0x0000000083500000, 0x0000000083500000| Untracked 
|  42|0x0000000083600000, 0x0000000083600000, 0x0000000083700000|  0%| F|  |TAMS 0x0000000083600000, 0x0000000083600000| Untracked 
|  43|0x0000000083700000, 0x0000000083700000, 0x0000000083800000|  0%| F|  |TAMS 0x0000000083700000, 0x0000000083700000| Untracked 
|  44|0x0000000083800000, 0x0000000083800000, 0x0000000083900000|  0%| F|  |TAMS 0x0000000083800000, 0x0000000083800000| Untracked 
|  45|0x0000000083900000, 0x0000000083900000, 0x0000000083a00000|  0%| F|  |TAMS 0x0000000083900000, 0x0000000083900000| Untracked 
|  46|0x0000000083a00000, 0x0000000083a00000, 0x0000000083b00000|  0%| F|  |TAMS 0x0000000083a00000, 0x0000000083a00000| Untracked 
|  47|0x0000000083b00000, 0x0000000083b00000, 0x0000000083c00000|  0%| F|  |TAMS 0x0000000083b00000, 0x0000000083b00000| Untracked 
|  48|0x0000000083c00000, 0x0000000083c00000, 0x0000000083d00000|  0%| F|  |TAMS 0x0000000083c00000, 0x0000000083c00000| Untracked 
|  49|0x0000000083d00000, 0x0000000083d00000, 0x0000000083e00000|  0%| F|  |TAMS 0x0000000083d00000, 0x0000000083d00000| Untracked 
|  50|0x0000000083e00000, 0x0000000083e00000, 0x0000000083f00000|  0%| F|  |TAMS 0x0000000083e00000, 0x0000000083e00000| Untracked 
|  51|0x0000000083f00000, 0x0000000083f00000, 0x0000000084000000|  0%| F|  |TAMS 0x0000000083f00000, 0x0000000083f00000| Untracked 
|  52|0x0000000084000000, 0x0000000084000000, 0x0000000084100000|  0%| F|  |TAMS 0x0000000084000000, 0x0000000084000000| Untracked 
|  53|0x0000000084100000, 0x0000000084100000, 0x0000000084200000|  0%| F|  |TAMS 0x0000000084100000, 0x0000000084100000| Untracked 
|  54|0x0000000084200000, 0x0000000084200000, 0x0000000084300000|  0%| F|  |TAMS 0x0000000084200000, 0x0000000084200000| Untracked 
|  55|0x0000000084300000, 0x0000000084300000, 0x0000000084400000|  0%| F|  |TAMS 0x0000000084300000, 0x0000000084300000| Untracked 
|  56|0x0000000084400000, 0x0000000084400000, 0x0000000084500000|  0%| F|  |TAMS 0x0000000084400000, 0x0000000084400000| Untracked 
|  57|0x0000000084500000, 0x0000000084500000, 0x0000000084600000|  0%| F|  |TAMS 0x0000000084500000, 0x0000000084500000| Untracked 
|  58|0x0000000084600000, 0x0000000084600000, 0x0000000084700000|  0%| F|  |TAMS 0x0000000084600000, 0x0000000084600000| Untracked 
|  59|0x0000000084700000, 0x0000000084700000, 0x0000000084800000|  0%| F|  |TAMS 0x0000000084700000, 0x0000000084700000| Untracked 
|  60|0x0000000084800000, 0x0000000084880800, 0x0000000084900000| 50%| E|  |TAMS 0x0000000084800000, 0x0000000084800000| Complete 
|  61|0x0000000084900000, 0x0000000084a00000, 0x0000000084a00000|100%| E|CS|TAMS 0x0000000084900000, 0x0000000084900000| Complete 
|  62|0x0000000084a00000, 0x0000000084b00000, 0x0000000084b00000|100%| E|CS|TAMS 0x0000000084a00000, 0x0000000084a00000| Complete 
|  63|0x0000000084b00000, 0x0000000084c00000, 0x0000000084c00000|100%| E|CS|TAMS 0x0000000084b00000, 0x0000000084b00000| Complete 
|  64|0x0000000084c00000, 0x0000000084d00000, 0x0000000084d00000|100%| E|CS|TAMS 0x0000000084c00000, 0x0000000084c00000| Complete 
|  65|0x0000000084d00000, 0x0000000084e00000, 0x0000000084e00000|100%| E|CS|TAMS 0x0000000084d00000, 0x0000000084d00000| Complete 
|  66|0x0000000084e00000, 0x0000000084f00000, 0x0000000084f00000|100%| E|CS|TAMS 0x0000000084e00000, 0x0000000084e00000| Complete 
|  67|0x0000000084f00000, 0x0000000085000000, 0x0000000085000000|100%| E|CS|TAMS 0x0000000084f00000, 0x0000000084f00000| Complete 
|  68|0x0000000085000000, 0x0000000085100000, 0x0000000085100000|100%| E|CS|TAMS 0x0000000085000000, 0x0000000085000000| Complete 
| 127|0x0000000088b00000, 0x0000000088c00000, 0x0000000088c00000|100%| E|CS|TAMS 0x0000000088b00000, 0x0000000088b00000| Complete 

Card table byte_map: [0x000002053f140000,0x000002053f540000] _byte_map_base: 0x000002053ed3a000

Marking Bits (Prev, Next): (CMBitMap*) 0x00000205275be3e0, (CMBitMap*) 0x00000205275be420
 Prev Bits: [0x000002053f940000, 0x0000020541910000)
 Next Bits: [0x0000020541910000, 0x00000205438e0000)

Polling page: 0x0000020525500000

Metaspace:

Usage:
  Non-class:     45.08 MB used.
      Class:      6.88 MB used.
       Both:     51.96 MB used.

Virtual space:
  Non-class space:       64.00 MB reserved,      45.31 MB ( 71%) committed,  1 nodes.
      Class space:        1.00 GB reserved,       7.12 MB ( <1%) committed,  1 nodes.
             Both:        1.06 GB reserved,      52.44 MB (  5%) committed. 

Chunk freelists:
   Non-Class:  1.77 MB
       Class:  816.00 KB
        Both:  2.56 MB

MaxMetaspaceSize: unlimited
CompressedClassSpaceSize: 1.00 GB
Initial GC threshold: 21.00 MB
Current GC threshold: 59.00 MB
CDS: on
MetaspaceReclaimPolicy: balanced
 - commit_granule_bytes: 65536.
 - commit_granule_words: 8192.
 - virtual_space_node_default_size: 8388608.
 - enlarge_chunks_in_place: 1.
 - new_chunks_are_fully_committed: 0.
 - uncommit_free_chunks: 1.
 - use_allocation_guard: 0.


Internal statistics:

num_allocs_failed_limit: 6.
num_arena_births: 642.
num_arena_deaths: 0.
num_vsnodes_births: 2.
num_vsnodes_deaths: 0.
num_space_committed: 839.
num_space_uncommitted: 0.
num_chunks_returned_to_freelist: 6.
num_chunks_taken_from_freelist: 2480.
num_chunk_merges: 3.
num_chunk_splits: 1838.
num_chunks_enlarged: 1538.
num_inconsistent_stats: 0.

CodeHeap 'non-profiled nmethods': size=119168Kb used=2834Kb max_used=2834Kb free=116333Kb
 bounds [0x0000020537060000, 0x0000020537330000, 0x000002053e4c0000]
CodeHeap 'profiled nmethods': size=119104Kb used=8718Kb max_used=9700Kb free=110385Kb
 bounds [0x000002052f4c0000, 0x000002052fe40000, 0x0000020536910000]
CodeHeap 'non-nmethods': size=7488Kb used=3075Kb max_used=3118Kb free=4413Kb
 bounds [0x0000020536910000, 0x0000020536c30000, 0x0000020537060000]
 total_blobs=5139 nmethods=4515 adapters=530
 compilation: enabled
              stopped_count=0, restarted_count=0
 full_count=0

Compilation events (20 events):
Event: 3.905 Thread 0x00000205468751c0 5265       3       jdk.internal.module.SystemModuleFinders$SystemModuleReader::containsImageLocation (42 bytes)
Event: 3.905 Thread 0x00000205468751c0 nmethod 5265 0x000002052f4f3210 code [0x000002052f4f3420, 0x000002052f4f3ab8]
Event: 3.908 Thread 0x000002054aeeb760 5267   !   2       java.nio.charset.CharsetDecoder::decode (275 bytes)
Event: 3.908 Thread 0x00000205468751c0 5268       2       java.nio.CharBuffer::position (6 bytes)
Event: 3.908 Thread 0x00000205468751c0 nmethod 5268 0x000002052f8b3d10 code [0x000002052f8b3ec0, 0x000002052f8b3fe8]
Event: 3.909 Thread 0x000002054aeeb760 nmethod 5267 0x000002052f4f2510 code [0x000002052f4f2760, 0x000002052f4f2e68]
Event: 3.909 Thread 0x000002054aed1230 nmethod 5248 0x0000020537254710 code [0x0000020537254940, 0x0000020537255548]
Event: 3.909 Thread 0x000002054aed1230 5270 %     4       java.util.Properties::load0 @ 29 (249 bytes)
Event: 3.917 Thread 0x000002054aed1230 nmethod 5270% 0x0000020537253610 code [0x0000020537253800, 0x00000205372541d0]
Event: 3.917 Thread 0x000002054aed1230 5269       4       java.util.Properties$LineReader::readLine (584 bytes)
Event: 3.920 Thread 0x00000205468751c0 5271       1       jdk.internal.loader.ClassLoaderHelper::mapAlternativeName (2 bytes)
Event: 3.920 Thread 0x00000205468751c0 nmethod 5271 0x0000020537253310 code [0x00000205372534a0, 0x0000020537253558]
Event: 3.920 Thread 0x00000205468751c0 5272       3       java.io.File::<init> (111 bytes)
Event: 3.920 Thread 0x00000205468751c0 nmethod 5272 0x000002052f60a310 code [0x000002052f60a5e0, 0x000002052f60b1b8]
Event: 3.925 Thread 0x00000205468751c0 5273       3       java.lang.ThreadLocal$ThreadLocalMap::set (133 bytes)
Event: 3.926 Thread 0x00000205468751c0 nmethod 5273 0x000002052f608f10 code [0x000002052f6091a0, 0x000002052f609ea8]
Event: 3.935 Thread 0x00000205468751c0 5274       3       java.lang.invoke.MethodHandles$Lookup::unreflectConstructor (55 bytes)
Event: 3.935 Thread 0x000002054aeeb760 5275       3       jdk.internal.reflect.MethodHandleAccessorFactory::specializedMethodTypeForConstructor (66 bytes)
Event: 3.935 Thread 0x000002054aeeb760 nmethod 5275 0x000002052f4f1b90 code [0x000002052f4f1dc0, 0x000002052f4f22c8]
Event: 3.935 Thread 0x00000205468751c0 nmethod 5274 0x000002052f608890 code [0x000002052f608a60, 0x000002052f608d98]

GC Heap History (20 events):
Event: 0.421 GC heap before
{Heap before GC invocations=0 (full 0):
 garbage-first heap   total 131072K, used 24576K [0x0000000080c00000, 0x0000000100000000)
  region size 1024K, 23 young (23552K), 0 survivors (0K)
 Metaspace       used 5034K, committed 5248K, reserved 1114112K
  class space    used 558K, committed 640K, reserved 1048576K
}
Event: 0.427 GC heap after
{Heap after GC invocations=1 (full 0):
 garbage-first heap   total 131072K, used 8072K [0x0000000080c00000, 0x0000000100000000)
  region size 1024K, 3 young (3072K), 3 survivors (3072K)
 Metaspace       used 5034K, committed 5248K, reserved 1114112K
  class space    used 558K, committed 640K, reserved 1048576K
}
Event: 0.887 GC heap before
{Heap before GC invocations=1 (full 0):
 garbage-first heap   total 131072K, used 35720K [0x0000000080c00000, 0x0000000100000000)
  region size 1024K, 30 young (30720K), 3 survivors (3072K)
 Metaspace       used 12381K, committed 12672K, reserved 1114112K
  class space    used 1515K, committed 1664K, reserved 1048576K
}
Event: 0.894 GC heap after
{Heap after GC invocations=2 (full 0):
 garbage-first heap   total 131072K, used 10706K [0x0000000080c00000, 0x0000000100000000)
  region size 1024K, 3 young (3072K), 3 survivors (3072K)
 Metaspace       used 12381K, committed 12672K, reserved 1114112K
  class space    used 1515K, committed 1664K, reserved 1048576K
}
Event: 1.317 GC heap before
{Heap before GC invocations=2 (full 0):
 garbage-first heap   total 131072K, used 51666K [0x0000000080c00000, 0x0000000100000000)
  region size 1024K, 45 young (46080K), 3 survivors (3072K)
 Metaspace       used 21168K, committed 21504K, reserved 1114112K
  class space    used 2572K, committed 2752K, reserved 1048576K
}
Event: 1.323 GC heap after
{Heap after GC invocations=3 (full 0):
 garbage-first heap   total 131072K, used 13692K [0x0000000080c00000, 0x0000000100000000)
  region size 1024K, 6 young (6144K), 6 survivors (6144K)
 Metaspace       used 21168K, committed 21504K, reserved 1114112K
  class space    used 2572K, committed 2752K, reserved 1048576K
}
Event: 1.683 GC heap before
{Heap before GC invocations=4 (full 0):
 garbage-first heap   total 55296K, used 40316K [0x0000000080c00000, 0x0000000100000000)
  region size 1024K, 32 young (32768K), 6 survivors (6144K)
 Metaspace       used 23312K, committed 23616K, reserved 1114112K
  class space    used 2858K, committed 3008K, reserved 1048576K
}
Event: 1.691 GC heap after
{Heap after GC invocations=5 (full 0):
 garbage-first heap   total 55296K, used 15066K [0x0000000080c00000, 0x0000000100000000)
  region size 1024K, 3 young (3072K), 3 survivors (3072K)
 Metaspace       used 23312K, committed 23616K, reserved 1114112K
  class space    used 2858K, committed 3008K, reserved 1048576K
}
Event: 1.708 GC heap before
{Heap before GC invocations=5 (full 0):
 garbage-first heap   total 55296K, used 16090K [0x0000000080c00000, 0x0000000100000000)
  region size 1024K, 4 young (4096K), 3 survivors (3072K)
 Metaspace       used 23405K, committed 23680K, reserved 1114112K
  class space    used 2870K, committed 3008K, reserved 1048576K
}
Event: 1.712 GC heap after
{Heap after GC invocations=6 (full 0):
 garbage-first heap   total 55296K, used 15540K [0x0000000080c00000, 0x0000000100000000)
  region size 1024K, 1 young (1024K), 1 survivors (1024K)
 Metaspace       used 23405K, committed 23680K, reserved 1114112K
  class space    used 2870K, committed 3008K, reserved 1048576K
}
Event: 2.053 GC heap before
{Heap before GC invocations=6 (full 0):
 garbage-first heap   total 55296K, used 36020K [0x0000000080c00000, 0x0000000100000000)
  region size 1024K, 22 young (22528K), 1 survivors (1024K)
 Metaspace       used 26391K, committed 26752K, reserved 1114112K
  class space    used 3293K, committed 3456K, reserved 1048576K
}
Event: 2.057 GC heap after
{Heap after GC invocations=7 (full 0):
 garbage-first heap   total 93184K, used 16955K [0x0000000080c00000, 0x0000000100000000)
  region size 1024K, 2 young (2048K), 2 survivors (2048K)
 Metaspace       used 26391K, committed 26752K, reserved 1114112K
  class space    used 3293K, committed 3456K, reserved 1048576K
}
Event: 2.737 GC heap before
{Heap before GC invocations=7 (full 0):
 garbage-first heap   total 93184K, used 54843K [0x0000000080c00000, 0x0000000100000000)
  region size 1024K, 40 young (40960K), 2 survivors (2048K)
 Metaspace       used 35526K, committed 35968K, reserved 1114112K
  class space    used 4592K, committed 4800K, reserved 1048576K
}
Event: 2.745 GC heap after
{Heap after GC invocations=8 (full 0):
 garbage-first heap   total 93184K, used 19734K [0x0000000080c00000, 0x0000000100000000)
  region size 1024K, 5 young (5120K), 5 survivors (5120K)
 Metaspace       used 35526K, committed 35968K, reserved 1114112K
  class space    used 4592K, committed 4800K, reserved 1048576K
}
Event: 3.402 GC heap before
{Heap before GC invocations=9 (full 0):
 garbage-first heap   total 71680K, used 57622K [0x0000000080c00000, 0x0000000100000000)
  region size 1024K, 42 young (43008K), 5 survivors (5120K)
 Metaspace       used 46189K, committed 46656K, reserved 1114112K
  class space    used 6162K, committed 6400K, reserved 1048576K
}
Event: 3.410 GC heap after
{Heap after GC invocations=10 (full 0):
 garbage-first heap   total 71680K, used 22231K [0x0000000080c00000, 0x0000000100000000)
  region size 1024K, 6 young (6144K), 6 survivors (6144K)
 Metaspace       used 46189K, committed 46656K, reserved 1114112K
  class space    used 6162K, committed 6400K, reserved 1048576K
}
Event: 3.420 GC heap before
{Heap before GC invocations=10 (full 0):
 garbage-first heap   total 71680K, used 23255K [0x0000000080c00000, 0x0000000100000000)
  region size 1024K, 7 young (7168K), 6 survivors (6144K)
 Metaspace       used 46439K, committed 46848K, reserved 1114112K
  class space    used 6188K, committed 6400K, reserved 1048576K
}
Event: 3.427 GC heap after
{Heap after GC invocations=11 (full 0):
 garbage-first heap   total 71680K, used 22361K [0x0000000080c00000, 0x0000000100000000)
  region size 1024K, 1 young (1024K), 1 survivors (1024K)
 Metaspace       used 46439K, committed 46848K, reserved 1114112K
  class space    used 6188K, committed 6400K, reserved 1048576K
}
Event: 3.854 GC heap before
{Heap before GC invocations=11 (full 0):
 garbage-first heap   total 71680K, used 54105K [0x0000000080c00000, 0x0000000100000000)
  region size 1024K, 33 young (33792K), 1 survivors (1024K)
 Metaspace       used 52358K, committed 52864K, reserved 1114112K
  class space    used 6948K, committed 7168K, reserved 1048576K
}
Event: 3.858 GC heap after
{Heap after GC invocations=12 (full 0):
 garbage-first heap   total 71680K, used 23703K [0x0000000080c00000, 0x0000000100000000)
  region size 1024K, 3 young (3072K), 3 survivors (3072K)
 Metaspace       used 52358K, committed 52864K, reserved 1114112K
  class space    used 6948K, committed 7168K, reserved 1048576K
}

Dll operation events (10 events):
Event: 0.006 Loaded shared library C:\Program Files\Java\jdk-19\bin\java.dll
Event: 0.013 Loaded shared library C:\Program Files\Java\jdk-19\bin\jsvml.dll
Event: 0.042 Loaded shared library C:\Program Files\Java\jdk-19\bin\net.dll
Event: 0.044 Loaded shared library C:\Program Files\Java\jdk-19\bin\nio.dll
Event: 0.046 Loaded shared library C:\Program Files\Java\jdk-19\bin\zip.dll
Event: 0.077 Loaded shared library C:\Program Files\Java\jdk-19\bin\management.dll
Event: 0.081 Loaded shared library C:\Program Files\Java\jdk-19\bin\management_ext.dll
Event: 0.106 Loaded shared library C:\Program Files\Java\jdk-19\bin\jimage.dll
Event: 1.036 Loaded shared library C:\Program Files\Java\jdk-19\bin\verify.dll
Event: 2.690 Loaded shared library C:\Program Files\Java\jdk-19\bin\extnet.dll

Deoptimization events (20 events):
Event: 3.722 Thread 0x000002052755b260 Uncommon trap: trap_request=0xffffffde fr.pc=0x0000020537269e0c relative=0x00000000000003ac
Event: 3.722 Thread 0x000002052755b260 Uncommon trap: reason=class_check action=maybe_recompile pc=0x0000020537269e0c method=org.springframework.util.ConcurrentReferenceHashMap$Segment.findInChain(Lorg/springframework/util/ConcurrentReferenceHashMap$Reference;Ljava/lang/Object;I)Lorg/springfra
Event: 3.722 Thread 0x000002052755b260 DEOPT PACKING pc=0x0000020537269e0c sp=0x00000032907fa0b0
Event: 3.722 Thread 0x000002052755b260 DEOPT UNPACKING pc=0x0000020536976da3 sp=0x00000032907f9f68 mode 2
Event: 3.723 Thread 0x000002052755b260 Uncommon trap: trap_request=0xffffffde fr.pc=0x000002053726a8d0 relative=0x0000000000000290
Event: 3.723 Thread 0x000002052755b260 Uncommon trap: reason=class_check action=maybe_recompile pc=0x000002053726a8d0 method=org.springframework.util.ConcurrentReferenceHashMap$Segment.findInChain(Lorg/springframework/util/ConcurrentReferenceHashMap$Reference;Ljava/lang/Object;I)Lorg/springfra
Event: 3.723 Thread 0x000002052755b260 DEOPT PACKING pc=0x000002053726a8d0 sp=0x00000032907fa030
Event: 3.723 Thread 0x000002052755b260 DEOPT UNPACKING pc=0x0000020536976da3 sp=0x00000032907f9f68 mode 2
Event: 3.909 Thread 0x000002052755b260 Uncommon trap: trap_request=0xffffff76 fr.pc=0x000002053714df2c relative=0x0000000000000c0c
Event: 3.909 Thread 0x000002052755b260 Uncommon trap: reason=predicate action=maybe_recompile pc=0x000002053714df2c method=java.util.Properties$LineReader.readLine()I @ 209 c2
Event: 3.909 Thread 0x000002052755b260 DEOPT PACKING pc=0x000002053714df2c sp=0x00000032907fab20
Event: 3.909 Thread 0x000002052755b260 DEOPT UNPACKING pc=0x0000020536976da3 sp=0x00000032907faac8 mode 2
Event: 3.909 Thread 0x000002052755b260 Uncommon trap: trap_request=0xffffff45 fr.pc=0x00000205370df308 relative=0x0000000000000888
Event: 3.909 Thread 0x000002052755b260 Uncommon trap: reason=unstable_if action=reinterpret pc=0x00000205370df308 method=java.util.Properties$LineReader.readLine()I @ 117 c2
Event: 3.909 Thread 0x000002052755b260 DEOPT PACKING pc=0x00000205370df308 sp=0x00000032907fab20
Event: 3.909 Thread 0x000002052755b260 DEOPT UNPACKING pc=0x0000020536976da3 sp=0x00000032907faad0 mode 2
Event: 3.910 Thread 0x000002052755b260 Uncommon trap: trap_request=0xffffff45 fr.pc=0x000002053716ccc0 relative=0x00000000000000a0
Event: 3.910 Thread 0x000002052755b260 Uncommon trap: reason=unstable_if action=reinterpret pc=0x000002053716ccc0 method=java.nio.Buffer.position(I)Ljava/nio/Buffer; @ 37 c2
Event: 3.910 Thread 0x000002052755b260 DEOPT PACKING pc=0x000002053716ccc0 sp=0x00000032907fa6c0
Event: 3.910 Thread 0x000002052755b260 DEOPT UNPACKING pc=0x0000020536976da3 sp=0x00000032907fa648 mode 2

Classes loaded (20 events):
Event: 3.907 Loading class java/util/spi/ResourceBundleControlProvider
Event: 3.907 Loading class java/util/spi/ResourceBundleControlProvider done
Event: 3.907 Loading class java/util/ResourceBundle$CacheKey
Event: 3.907 Loading class java/util/ResourceBundle$CacheKey done
Event: 3.907 Loading class java/util/ResourceBundle$KeyElementReference
Event: 3.907 Loading class java/util/ResourceBundle$CacheKeyReference
Event: 3.907 Loading class java/util/ResourceBundle$CacheKeyReference done
Event: 3.907 Loading class java/util/ResourceBundle$KeyElementReference done
Event: 3.908 Loading class java/util/ResourceBundle$Control$2
Event: 3.908 Loading class java/util/ResourceBundle$Control$2 done
Event: 3.908 Loading class java/util/PropertyResourceBundle
Event: 3.908 Loading class java/util/PropertyResourceBundle done
Event: 3.909 Loading class sun/util/PropertyResourceBundleCharset
Event: 3.909 Loading class sun/util/PropertyResourceBundleCharset done
Event: 3.909 Loading class sun/util/PropertyResourceBundleCharset$PropertiesFileDecoder
Event: 3.909 Loading class sun/util/PropertyResourceBundleCharset$PropertiesFileDecoder done
Event: 3.911 Loading class java/util/ResourceBundle$BundleReference
Event: 3.911 Loading class java/util/ResourceBundle$BundleReference done
Event: 3.930 Loading class javax/management/MBeanRegistration
Event: 3.930 Loading class javax/management/MBeanRegistration done

Classes unloaded (0 events):
No events

Classes redefined (0 events):
No events

Internal exceptions (20 events):
Event: 2.979 Thread 0x000002052755b260 Exception <a 'java/lang/NoSuchMethodError'{0x0000000084697c50}: 'java.lang.Object java.lang.invoke.DirectMethodHandle$Holder.newInvokeSpecial(java.lang.Object, java.lang.Object, java.lang.Object, int)'> (0x0000000084697c50) 
thrown [s\open\src\hotspot\share\interpreter\linkResolver.cpp, line 774]
Event: 2.980 Thread 0x000002052755b260 Exception <a 'java/lang/NoSuchMethodError'{0x000000008469c2d0}: 'java.lang.Object java.lang.invoke.DirectMethodHandle$Holder.invokeSpecial(java.lang.Object, java.lang.Object, java.lang.Object, java.lang.Object, int)'> (0x000000008469c2d0) 
thrown [s\open\src\hotspot\share\interpreter\linkResolver.cpp, line 774]
Event: 2.980 Thread 0x000002052755b260 Exception <a 'java/lang/NoSuchMethodError'{0x000000008469ff48}: 'java.lang.Object java.lang.invoke.Invokers$Holder.linkToTargetMethod(java.lang.Object, java.lang.Object, int, java.lang.Object)'> (0x000000008469ff48) 
thrown [s\open\src\hotspot\share\interpreter\linkResolver.cpp, line 774]
Event: 2.983 Thread 0x0000020546888cc0 Implicit null exception at 0x00000205372e52b3 to 0x00000205372e5adc
Event: 2.983 Thread 0x0000020546888cc0 Implicit null exception at 0x00000205372ea411 to 0x00000205372ea548
Event: 3.093 Thread 0x0000020546888cc0 Implicit null exception at 0x00000205372f3e7e to 0x00000205372fd7bc
Event: 3.179 Thread 0x000002052755b260 Exception <a 'java/lang/NoSuchMethodError'{0x00000000835a41d8}: 'java.lang.Object java.lang.invoke.DirectMethodHandle$Holder.invokeStatic(java.lang.Object, java.lang.Object, int, java.lang.Object)'> (0x00000000835a41d8) 
thrown [s\open\src\hotspot\share\interpreter\linkResolver.cpp, line 774]
Event: 3.179 Thread 0x000002052755b260 Exception <a 'java/lang/NoSuchMethodError'{0x00000000835a81d8}: 'java.lang.Object java.lang.invoke.DirectMethodHandle$Holder.invokeStaticInit(java.lang.Object, java.lang.Object, int, java.lang.Object)'> (0x00000000835a81d8) 
thrown [s\open\src\hotspot\share\interpreter\linkResolver.cpp, line 774]
Event: 3.197 Thread 0x000002052755b260 Exception <a 'java/lang/IncompatibleClassChangeError'{0x00000000833101f8}: Found class java.lang.Object, but interface was expected> (0x00000000833101f8) 
thrown [s\open\src\hotspot\share\interpreter\linkResolver.cpp, line 841]
Event: 3.470 Thread 0x000002052755b260 Exception <a 'java/lang/NoSuchMethodError'{0x0000000084eaa9b0}: 'void java.lang.invoke.DirectMethodHandle$Holder.invokeSpecial(java.lang.Object, java.lang.Object, java.lang.Object, java.lang.Object, java.lang.Object, java.lang.Object, java.lang.Object, java.lang.Object)'> (0x0000000084eaa9b0) 
thrown [s\open\src\hotspot\share\interpreter\linkResolver.cpp, line 774]
Event: 3.472 Thread 0x000002052755b260 Exception <a 'java/lang/NoSuchMethodError'{0x0000000084ece788}: 'java.lang.Object java.lang.invoke.DirectMethodHandle$Holder.newInvokeSpecial(java.lang.Object, java.lang.Object, java.lang.Object, java.lang.Object, java.lang.Object, java.lang.Object, java.lang.Object, int)'> (0x0000000084ece788) 
thrown [s\open\src\hotspot\share\interpreter\linkResolver.cpp, line 774]
Event: 3.472 Thread 0x000002052755b260 Exception <a 'java/lang/NoSuchMethodError'{0x0000000084ed4208}: 'java.lang.Object java.lang.invoke.DirectMethodHandle$Holder.invokeSpecial(java.lang.Object, java.lang.Object, java.lang.Object, java.lang.Object, java.lang.Object, java.lang.Object, java.lang.Object, java.lang.Object, int)'> (0x0000000084ed4208) 
thrown [s\open\src\hotspot\share\interpreter\linkResolver.cpp, line 774]
Event: 3.559 Thread 0x000002052755b260 Exception <a 'java/lang/NoSuchMethodError'{0x0000000084801128}: 'void java.lang.invoke.Invokers$Holder.invokeExact_MT(java.lang.Object, java.lang.Object, java.lang.Object, java.lang.Object)'> (0x0000000084801128) 
thrown [s\open\src\hotspot\share\interpreter\linkResolver.cpp, line 774]
Event: 3.573 Thread 0x000002052755b260 Implicit null exception at 0x00000205371f53cb to 0x00000205371f55c4
Event: 3.601 Thread 0x000002052755b260 Exception <a 'java/lang/IncompatibleClassChangeError'{0x00000000845e3310}: Found class java.lang.Object, but interface was expected> (0x00000000845e3310) 
thrown [s\open\src\hotspot\share\interpreter\linkResolver.cpp, line 841]
Event: 3.624 Thread 0x000002052755b260 Exception <a 'java/lang/IncompatibleClassChangeError'{0x0000000084362a30}: Found class java.lang.Object, but interface was expected> (0x0000000084362a30) 
thrown [s\open\src\hotspot\share\interpreter\linkResolver.cpp, line 841]
Event: 3.745 Thread 0x000002052755b260 Exception <a 'java/lang/IncompatibleClassChangeError'{0x0000000083cb8118}: Found class java.lang.Object, but interface was expected> (0x0000000083cb8118) 
thrown [s\open\src\hotspot\share\interpreter\linkResolver.cpp, line 841]
Event: 3.814 Thread 0x000002052755b260 Exception <a 'java/lang/NoSuchMethodError'{0x0000000083237938}: 'java.lang.Object java.lang.invoke.DirectMethodHandle$Holder.newInvokeSpecial(java.lang.Object, java.lang.Object, int)'> (0x0000000083237938) 
thrown [s\open\src\hotspot\share\interpreter\linkResolver.cpp, line 774]
Event: 3.818 Thread 0x000002052755b260 Exception <a 'java/lang/IncompatibleClassChangeError'{0x00000000832607d0}: Found class java.lang.Object, but interface was expected> (0x00000000832607d0) 
thrown [s\open\src\hotspot\share\interpreter\linkResolver.cpp, line 841]
Event: 3.818 Thread 0x000002052755b260 Exception <a 'java/lang/IncompatibleClassChangeError'{0x0000000083267640}: Found class java.lang.Object, but interface was expected> (0x0000000083267640) 
thrown [s\open\src\hotspot\share\interpreter\linkResolver.cpp, line 841]

VM Operations (20 events):
Event: 2.851 Executing VM operation: HandshakeAllThreads
Event: 2.851 Executing VM operation: HandshakeAllThreads done
Event: 2.919 Executing VM operation: HandshakeAllThreads
Event: 2.919 Executing VM operation: HandshakeAllThreads done
Event: 2.930 Executing VM operation: HandshakeAllThreads
Event: 2.930 Executing VM operation: HandshakeAllThreads done
Event: 3.321 Executing VM operation: ICBufferFull
Event: 3.321 Executing VM operation: ICBufferFull done
Event: 3.402 Executing VM operation: G1CollectForAllocation
Event: 3.410 Executing VM operation: G1CollectForAllocation done
Event: 3.420 Executing VM operation: G1CollectForAllocation
Event: 3.427 Executing VM operation: G1CollectForAllocation done
Event: 3.683 Executing VM operation: ICBufferFull
Event: 3.683 Executing VM operation: ICBufferFull done
Event: 3.718 Executing VM operation: HandshakeAllThreads
Event: 3.718 Executing VM operation: HandshakeAllThreads done
Event: 3.778 Executing VM operation: HandshakeAllThreads
Event: 3.778 Executing VM operation: HandshakeAllThreads done
Event: 3.854 Executing VM operation: G1CollectForAllocation
Event: 3.858 Executing VM operation: G1CollectForAllocation done

Events (20 events):
Event: 2.935 Thread 0x0000020546889760 flushing nmethod 0x000002052fdb5110
Event: 2.935 Thread 0x0000020546889760 flushing nmethod 0x000002052fdb5a10
Event: 2.935 Thread 0x0000020546889760 flushing nmethod 0x000002052fdb7910
Event: 2.935 Thread 0x0000020546889760 flushing nmethod 0x000002052fdced10
Event: 2.935 Thread 0x0000020546889760 flushing nmethod 0x000002052fdd0490
Event: 2.935 Thread 0x0000020546889760 flushing nmethod 0x000002052fdd0c10
Event: 2.935 Thread 0x0000020546889760 flushing nmethod 0x000002052fdd3010
Event: 2.935 Thread 0x0000020546889760 flushing nmethod 0x000002052fdd5910
Event: 2.935 Thread 0x0000020546889760 flushing nmethod 0x000002052fde3d90
Event: 2.935 Thread 0x0000020546889760 flushing nmethod 0x000002052fdf0510
Event: 2.935 Thread 0x0000020546889760 flushing nmethod 0x000002052fdfd690
Event: 2.935 Thread 0x0000020546889760 flushing nmethod 0x000002052fe01e10
Event: 2.935 Thread 0x0000020546889760 flushing nmethod 0x000002052fe02d90
Event: 2.935 Thread 0x0000020546889760 flushing nmethod 0x000002052fe05b10
Event: 2.935 Thread 0x0000020546889760 flushing nmethod 0x000002052fe19590
Event: 2.935 Thread 0x0000020546889760 flushing nmethod 0x000002052fe1b410
Event: 2.935 Thread 0x0000020546889760 flushing nmethod 0x000002052fe1b810
Event: 2.935 Thread 0x0000020546889760 flushing nmethod 0x000002052fe1e690
Event: 2.935 Thread 0x0000020546889760 flushing nmethod 0x000002052fe1fb90
Event: 2.952 Thread 0x0000020546888cc0 Thread added: 0x0000020546888cc0


Dynamic libraries:
0x00007ff657160000 - 0x00007ff657170000 	C:\Program Files\Java\jdk-19\bin\java.exe
0x00007ffdf88d0000 - 0x00007ffdf8ac8000 	C:\WINDOWS\SYSTEM32\ntdll.dll
0x00007ffdf84f0000 - 0x00007ffdf85af000 	C:\WINDOWS\System32\KERNEL32.DLL
0x00007ffdf6310000 - 0x00007ffdf65e2000 	C:\WINDOWS\System32\KERNELBASE.dll
0x00007ffdf61c0000 - 0x00007ffdf62c0000 	C:\WINDOWS\System32\ucrtbase.dll
0x00007ffde8920000 - 0x00007ffde8938000 	C:\Program Files\Java\jdk-19\bin\jli.dll
0x00007ffde7720000 - 0x00007ffde773b000 	C:\Program Files\Java\jdk-19\bin\VCRUNTIME140.dll
0x00007ffdf7830000 - 0x00007ffdf78de000 	C:\WINDOWS\System32\ADVAPI32.dll
0x00007ffdf7b60000 - 0x00007ffdf7bfe000 	C:\WINDOWS\System32\msvcrt.dll
0x00007ffdf7790000 - 0x00007ffdf782c000 	C:\WINDOWS\System32\sechost.dll
0x00007ffdf8190000 - 0x00007ffdf82b5000 	C:\WINDOWS\System32\RPCRT4.dll
0x00007ffdf79b0000 - 0x00007ffdf7b51000 	C:\WINDOWS\System32\USER32.dll
0x00007ffdf65f0000 - 0x00007ffdf6612000 	C:\WINDOWS\System32\win32u.dll
0x00007ffdea850000 - 0x00007ffdeaaea000 	C:\WINDOWS\WinSxS\amd64_microsoft.windows.common-controls_6595b64144ccf1df_6.0.19041.1110_none_60b5254171f9507e\COMCTL32.dll
0x00007ffdf7750000 - 0x00007ffdf777b000 	C:\WINDOWS\System32\GDI32.dll
0x00007ffdf66d0000 - 0x00007ffdf67df000 	C:\WINDOWS\System32\gdi32full.dll
0x00007ffdf5fc0000 - 0x00007ffdf605d000 	C:\WINDOWS\System32\msvcp_win.dll
0x00007ffdeda60000 - 0x00007ffdeda6a000 	C:\WINDOWS\SYSTEM32\VERSION.dll
0x00007ffdf7710000 - 0x00007ffdf7742000 	C:\WINDOWS\System32\IMM32.DLL
0x00007ffdeb2f0000 - 0x00007ffdeb2fc000 	C:\Program Files\Java\jdk-19\bin\vcruntime140_1.dll
0x00007ffdbf800000 - 0x00007ffdbf88e000 	C:\Program Files\Java\jdk-19\bin\msvcp140.dll
0x00007ffda72f0000 - 0x00007ffda7fb0000 	C:\Program Files\Java\jdk-19\bin\server\jvm.dll
0x00007ffde8040000 - 0x00007ffde8067000 	C:\WINDOWS\SYSTEM32\WINMM.dll
0x00007ffdddba0000 - 0x00007ffdddba9000 	C:\WINDOWS\SYSTEM32\WSOCK32.dll
0x00007ffdf78e0000 - 0x00007ffdf794b000 	C:\WINDOWS\System32\WS2_32.dll
0x00007ffdf3ea0000 - 0x00007ffdf3eb2000 	C:\WINDOWS\SYSTEM32\kernel.appcore.dll
0x00007ffdeb2d0000 - 0x00007ffdeb2da000 	C:\Program Files\Java\jdk-19\bin\jimage.dll
0x00007ffdddda0000 - 0x00007ffdddf84000 	C:\WINDOWS\SYSTEM32\DBGHELP.DLL
0x00007ffddd0a0000 - 0x00007ffddd0d5000 	C:\WINDOWS\SYSTEM32\dbgcore.DLL
0x00007ffdf6880000 - 0x00007ffdf6902000 	C:\WINDOWS\System32\bcryptPrimitives.dll
0x00007ffdc70a0000 - 0x00007ffdc70c6000 	C:\Program Files\Java\jdk-19\bin\java.dll
0x00007ffdbf5e0000 - 0x00007ffdbf6b7000 	C:\Program Files\Java\jdk-19\bin\jsvml.dll
0x00007ffdf6fc0000 - 0x00007ffdf7704000 	C:\WINDOWS\System32\SHELL32.dll
0x00007ffdf40a0000 - 0x00007ffdf4832000 	C:\WINDOWS\SYSTEM32\windows.storage.dll
0x00007ffdf7cf0000 - 0x00007ffdf8045000 	C:\WINDOWS\System32\combase.dll
0x00007ffdf5a20000 - 0x00007ffdf5a50000 	C:\WINDOWS\SYSTEM32\Wldp.dll
0x00007ffdf6a40000 - 0x00007ffdf6aed000 	C:\WINDOWS\System32\SHCORE.dll
0x00007ffdf6f60000 - 0x00007ffdf6fb5000 	C:\WINDOWS\System32\shlwapi.dll
0x00007ffdf5f00000 - 0x00007ffdf5f1f000 	C:\WINDOWS\SYSTEM32\profapi.dll
0x00007ffde2d30000 - 0x00007ffde2d43000 	C:\Program Files\Java\jdk-19\bin\net.dll
0x00007ffded450000 - 0x00007ffded55c000 	C:\WINDOWS\SYSTEM32\WINHTTP.dll
0x00007ffdf5780000 - 0x00007ffdf57ea000 	C:\WINDOWS\system32\mswsock.dll
0x00007ffde2a10000 - 0x00007ffde2a26000 	C:\Program Files\Java\jdk-19\bin\nio.dll
0x00007ffdc65c0000 - 0x00007ffdc65d8000 	C:\Program Files\Java\jdk-19\bin\zip.dll
0x00007ffdeb300000 - 0x00007ffdeb30a000 	C:\Program Files\Java\jdk-19\bin\management.dll
0x00007ffdeaaf0000 - 0x00007ffdeaafb000 	C:\Program Files\Java\jdk-19\bin\management_ext.dll
0x00007ffdf6a30000 - 0x00007ffdf6a38000 	C:\WINDOWS\System32\PSAPI.DLL
0x00007ffde82b0000 - 0x00007ffde82c0000 	C:\Program Files\Java\jdk-19\bin\verify.dll
0x00007ffdf5970000 - 0x00007ffdf5988000 	C:\WINDOWS\SYSTEM32\CRYPTSP.dll
0x00007ffdf5030000 - 0x00007ffdf5064000 	C:\WINDOWS\system32\rsaenh.dll
0x00007ffdf6850000 - 0x00007ffdf6877000 	C:\WINDOWS\System32\bcrypt.dll
0x00007ffdf5e80000 - 0x00007ffdf5eae000 	C:\WINDOWS\SYSTEM32\USERENV.dll
0x00007ffdf5990000 - 0x00007ffdf599c000 	C:\WINDOWS\SYSTEM32\CRYPTBASE.dll
0x00007ffdf5420000 - 0x00007ffdf545b000 	C:\WINDOWS\SYSTEM32\IPHLPAPI.DLL
0x00007ffdf7780000 - 0x00007ffdf7788000 	C:\WINDOWS\System32\NSI.dll
0x00007ffded880000 - 0x00007ffded897000 	C:\WINDOWS\SYSTEM32\dhcpcsvc6.DLL
0x00007ffdedcb0000 - 0x00007ffdedccd000 	C:\WINDOWS\SYSTEM32\dhcpcsvc.DLL
0x00007ffdf5470000 - 0x00007ffdf553a000 	C:\WINDOWS\SYSTEM32\DNSAPI.dll
0x00007ffde2a00000 - 0x00007ffde2a0a000 	C:\Windows\System32\rasadhlp.dll
0x00007ffde2dd0000 - 0x00007ffde2e50000 	C:\WINDOWS\System32\fwpuclnt.dll
0x00007ffde8710000 - 0x00007ffde8718000 	C:\Program Files\Java\jdk-19\bin\extnet.dll

dbghelp: loaded successfully - version: 4.0.5 - missing functions: none
symbol engine: initialized successfully - sym options: 0x614 - pdb path: .;C:\Program Files\Java\jdk-19\bin;C:\WINDOWS\SYSTEM32;C:\WINDOWS\WinSxS\amd64_microsoft.windows.common-controls_6595b64144ccf1df_6.0.19041.1110_none_60b5254171f9507e;C:\Program Files\Java\jdk-19\bin\server

VM Arguments:
java_command: C:\Users\USER\AppData\Local\Temp\surefire518371232876959574\surefirebooter7196808960074179045.jar C:\Users\USER\AppData\Local\Temp\surefire518371232876959574 2022-12-25T13-23-41_217-jvmRun1 surefire16093770118602330909tmp surefire_09953724080100850616tmp
java_class_path (initial): C:\Users\USER\AppData\Local\Temp\surefire518371232876959574\surefirebooter7196808960074179045.jar
Launcher Type: SUN_STANDARD

[Global flags]
     intx CICompilerCount                          = 12                                        {product} {ergonomic}
     uint ConcGCThreads                            = 3                                         {product} {ergonomic}
     uint G1ConcRefinementThreads                  = 13                                        {product} {ergonomic}
   size_t G1HeapRegionSize                         = 1048576                                   {product} {ergonomic}
    uintx GCDrainStackTargetSize                   = 64                                        {product} {ergonomic}
   size_t InitialHeapSize                          = 134217728                                 {product} {ergonomic}
   size_t MarkStackSize                            = 4194304                                   {product} {ergonomic}
   size_t MaxHeapSize                              = 2134900736                                {product} {ergonomic}
   size_t MaxNewSize                               = 1280311296                                {product} {ergonomic}
   size_t MinHeapDeltaBytes                        = 1048576                                   {product} {ergonomic}
   size_t MinHeapSize                              = 8388608                                   {product} {ergonomic}
    uintx NonNMethodCodeHeapSize                   = 7602480                                {pd product} {ergonomic}
    uintx NonProfiledCodeHeapSize                  = 122027880                              {pd product} {ergonomic}
    uintx ProfiledCodeHeapSize                     = 122027880                              {pd product} {ergonomic}
    uintx ReservedCodeCacheSize                    = 251658240                              {pd product} {ergonomic}
     bool SegmentedCodeCache                       = true                                      {product} {ergonomic}
   size_t SoftMaxHeapSize                          = 2134900736                             {manageable} {ergonomic}
     bool UseCompressedClassPointers               = true                           {product lp64_product} {ergonomic}
     bool UseCompressedOops                        = true                           {product lp64_product} {ergonomic}
     bool UseG1GC                                  = true                                      {product} {ergonomic}
     bool UseLargePagesIndividualAllocation        = false                                  {pd product} {ergonomic}

Logging:
Log output configuration:
 #0: stdout all=warning uptime,level,tags foldmultilines=false
 #1: stderr all=off uptime,level,tags foldmultilines=false

Environment Variables:
JAVA_HOME=C:\Program Files\Java\jdk-19
PATH=C:\Python310\Scripts\;C:\Python310\;C:\Python39\Scripts\;C:\Python39\;C:\Program Files\Java\jdk-19;C:\Program Files\Common Files\Oracle\Java\javapath;C:\Program Files (x86)\Common Files\Oracle\Java\javapath;C:\WINDOWS\system32;C:\WINDOWS;C:\WINDOWS\System32\Wbem;C:\WINDOWS\System32\WindowsPowerShell\v1.0\;C:\WINDOWS\System32\OpenSSH\;C:\ProgramData\chocolatey\bin;C:\Program Files\nodejs\;C:\Program Files\Microsoft SQL Server\150\Tools\Binn\;C:\Program Files\dotnet\;C:\Program Files\Microsoft SQL Server\130\Tools\Binn\;C:\Program Files (x86)\Microsoft SQL Server\150\DTS\Binn\;C:\Program Files\Azure Data Studio\bin;D:\Git\Git\cmd;C:\Program Files\Microsoft SQL Server\Client SDK\ODBC\170\Tools\Binn\;C:\Program Files (x86)\dotnet\;C:\Program Files\Maven\apache-maven-3.8.6\bin;C:\Program Files (x86)\Microsoft SQL Server\150\Tools\Binn\;C:\Program Files\Microsoft SQL Server\150\DTS\Binn\;D:\Gradle\gradle-6.9.3\bin;C:\Program Files (x86)\EaseUS\bin;C:\Program Files\MySQL\MySQL Shell 8.0\bin\;"C:\Users\USER\AppData\Local\Microsoft\WindowsApps;C:\MinGW\bin\;";"C:\Users\USER\AppData\Local\Programs\Microsoft VS Code\bin;";C:\Users\USER\AppData\Local\Programs\Microsoft VS Code\bin;C:\Users\USER\AppData\Local\Microsoft\WindowsApps;C:\Program Files\JetBrains\WebStorm 2020.2.2\bin;;C:\Users\USER\AppData\Roaming\npm;C:\Users\USER\.dotnet\tools;C:\Program Files\Azure Data Studio\bin;C:\Program Files (x86)\EaseUS\bin;
USERNAME=USER
OS=Windows_NT
PROCESSOR_IDENTIFIER=AMD64 Family 23 Model 8 Stepping 2, AuthenticAMD
TMP=C:\Users\USER\AppData\Local\Temp
TEMP=C:\Users\USER\AppData\Local\Temp



---------------  S Y S T E M  ---------------

OS:
 Windows 10 , 64 bit Build 19041 (10.0.19041.2364)
OS uptime: 8 days 16:32 hours

CPU: total 16 (initial active 16) (16 cores per cpu, 2 threads per core) family 23 model 8 stepping 2 microcode 0x0, cx8, cmov, fxsr, ht, mmx, 3dnowpref, sse, sse2, sse3, ssse3, sse4a, sse4.1, sse4.2, popcnt, lzcnt, tsc, tscinvbit, avx, avx2, aes, clmul, bmi1, bmi2, adx, sha, fma, vzeroupper, clflush, clflushopt, rdtscp

Memory: 4k page, system-wide physical 8140M (596M free)
TotalPageFile size 12164M (AvailPageFile size 6M)
current process WorkingSet (physical memory assigned to process): 248M, peak: 251M
current process commit charge ("private bytes"): 301M, peak: 303M

vm_info: Java HotSpot(TM) 64-Bit Server VM (19+36-2238) for windows-amd64 JRE (19+36-2238), built on 2022-08-12T20:29:01Z by "mach5one" with MS VC++ 17.1 (VS2022)

END.
