#
# There is insufficient memory for the Java Runtime Environment to continue.
# Native memory allocation (malloc) failed to allocate 817536 bytes for Chunk::new
# Possible reasons:
#   The system is out of physical RAM or swap space
#   The process is running with CompressedOops enabled, and the Java Heap may be blocking the growth of the native heap
# Possible solutions:
#   Reduce memory load on the system
#   Increase physical memory or swap space
#   Check if swap backing store is full
#   Decrease Java heap size (-Xmx/-Xms)
#   Decrease number of Java threads
#   Decrease Java thread stack sizes (-Xss)
#   Set larger code cache with -XX:ReservedCodeCacheSize=
#   JVM is running with Unscaled Compressed Oops mode in which the Java heap is
#     placed in the first 4GB address space. The Java Heap base address is the
#     maximum limit for the native heap growth. Please use -XX:HeapBaseMinAddress
#     to set the Java Heap base and to place the Java Heap above 4GB virtual address.
# This output file may be truncated or incomplete.
#
#  Out of Memory Error (arena.cpp:184), pid=8920, tid=19276
#
# JRE version: Java(TM) SE Runtime Environment (19.0+36) (build 19+36-2238)
# Java VM: Java HotSpot(TM) 64-Bit Server VM (19+36-2238, mixed mode, sharing, tiered, compressed oops, compressed class ptrs, g1 gc, windows-amd64)
# No core dump will be written. Minidumps are not enabled by default on client versions of Windows
#

---------------  S U M M A R Y ------------

Command Line: C:\Users\USER\AppData\Local\Temp\surefire9619120845693850650\surefirebooter1645954079247833896.jar C:\Users\USER\AppData\Local\Temp\surefire9619120845693850650 2023-01-07T19-04-35_088-jvmRun1 surefire11077059282747330962tmp surefire_05694056109244794525tmp

Host: AMD Ryzen 7 2700X Eight-Core Processor         , 16 cores, 7G,  Windows 10 , 64 bit Build 19041 (10.0.19041.2364)
Time: Sat Jan  7 19:04:36 2023 Central European Standard Time elapsed time: 1.006699 seconds (0d 0h 0m 1s)

---------------  T H R E A D  ---------------

Current thread (0x000002c1342f1d40):  JavaThread "C2 CompilerThread2" daemon [_thread_in_native, id=19276, stack(0x000000e258600000,0x000000e258700000)]


Current CompileTask:
C2:   1006 2094       4       org.springframework.boot.context.properties.source.ConfigurationPropertyName$ElementsParser::parse (234 bytes)

Stack: [0x000000e258600000,0x000000e258700000]
Native frames: (J=compiled Java code, j=interpreted, Vv=VM code, C=native code)
V  [jvm.dll+0x6ee8fa]
V  [jvm.dll+0x857a1e]
V  [jvm.dll+0x85940e]
V  [jvm.dll+0x859ac3]
V  [jvm.dll+0x28291f]
V  [jvm.dll+0xc9b5f]
V  [jvm.dll+0xc9ee5]
V  [jvm.dll+0x3bcbac]
V  [jvm.dll+0x386201]
V  [jvm.dll+0x38567a]
V  [jvm.dll+0x24c2c9]
V  [jvm.dll+0x24b671]
V  [jvm.dll+0x1d6d61]
V  [jvm.dll+0x25b0fa]
V  [jvm.dll+0x259588]
V  [jvm.dll+0x807928]
V  [jvm.dll+0x8015fa]
V  [jvm.dll+0x6ed5eb]
C  [ucrtbase.dll+0x21bb2]
C  [KERNEL32.DLL+0x17614]
C  [ntdll.dll+0x526a1]


---------------  P R O C E S S  ---------------

Threads class SMR info:
_java_thread_list=0x000002c13434f180, length=19, elements={
0x000002c10dbde8f0, 0x000002c12ef417a0, 0x000002c12ef42730, 0x000002c12ef46a50,
0x000002c12ef4ab60, 0x000002c12ef4de20, 0x000002c12ef4bdd0, 0x000002c12ef4cab0,
0x000002c12ef56900, 0x000002c12ef69be0, 0x000002c1331ec800, 0x000002c1331f4db0,
0x000002c13320b980, 0x000002c13320e330, 0x000002c1332a5340, 0x000002c133363360,
0x000002c133469d80, 0x000002c1334694f0, 0x000002c1342f1d40
}

Java Threads: ( => current thread )
  0x000002c10dbde8f0 JavaThread "main" [_thread_in_Java, id=19040, stack(0x000000e256600000,0x000000e256700000)]
  0x000002c12ef417a0 JavaThread "Reference Handler" daemon [_thread_blocked, id=9072, stack(0x000000e256d00000,0x000000e256e00000)]
  0x000002c12ef42730 JavaThread "Finalizer" daemon [_thread_blocked, id=9164, stack(0x000000e256e00000,0x000000e256f00000)]
  0x000002c12ef46a50 JavaThread "Signal Dispatcher" daemon [_thread_blocked, id=14356, stack(0x000000e256f00000,0x000000e257000000)]
  0x000002c12ef4ab60 JavaThread "Attach Listener" daemon [_thread_blocked, id=12108, stack(0x000000e257000000,0x000000e257100000)]
  0x000002c12ef4de20 JavaThread "Service Thread" daemon [_thread_blocked, id=17512, stack(0x000000e257100000,0x000000e257200000)]
  0x000002c12ef4bdd0 JavaThread "Monitor Deflation Thread" daemon [_thread_blocked, id=13752, stack(0x000000e257200000,0x000000e257300000)]
  0x000002c12ef4cab0 JavaThread "C2 CompilerThread0" daemon [_thread_in_native, id=11908, stack(0x000000e257300000,0x000000e257400000)]
  0x000002c12ef56900 JavaThread "C1 CompilerThread0" daemon [_thread_in_native, id=16632, stack(0x000000e257400000,0x000000e257500000)]
  0x000002c12ef69be0 JavaThread "Sweeper thread" daemon [_thread_blocked, id=2588, stack(0x000000e257500000,0x000000e257600000)]
  0x000002c1331ec800 JavaThread "C1 CompilerThread1" daemon [_thread_blocked, id=7952, stack(0x000000e257600000,0x000000e257700000)]
  0x000002c1331f4db0 JavaThread "C1 CompilerThread2" daemon [_thread_blocked, id=18836, stack(0x000000e257700000,0x000000e257800000)]
  0x000002c13320b980 JavaThread "Notification Thread" daemon [_thread_blocked, id=5160, stack(0x000000e257800000,0x000000e257900000)]
  0x000002c13320e330 JavaThread "Common-Cleaner" daemon [_thread_blocked, id=11696, stack(0x000000e257a00000,0x000000e257b00000)]
  0x000002c1332a5340 JavaThread "surefire-forkedjvm-command-thread" daemon [_thread_in_native, id=14532, stack(0x000000e257b00000,0x000000e257c00000)]
  0x000002c133363360 JavaThread "C2 CompilerThread1" daemon [_thread_in_native, id=8888, stack(0x000000e257c00000,0x000000e257d00000)]
  0x000002c133469d80 JavaThread "C1 CompilerThread3" daemon [_thread_blocked, id=11164, stack(0x000000e257d00000,0x000000e257e00000)]
  0x000002c1334694f0 JavaThread "surefire-forkedjvm-ping-30s" daemon [_thread_blocked, id=5200, stack(0x000000e257e00000,0x000000e257f00000)]
=>0x000002c1342f1d40 JavaThread "C2 CompilerThread2" daemon [_thread_in_native, id=19276, stack(0x000000e258600000,0x000000e258700000)]

Other Threads:
  0x000002c12ef22200 VMThread "VM Thread" [stack: 0x000000e256c00000,0x000000e256d00000] [id=5512]
  0x000002c13320bec0 WatcherThread "VM Periodic Task Thread" [stack: 0x000000e257900000,0x000000e257a00000] [id=15176]
  0x000002c10dce3bc0 WorkerThread "GC Thread#0" [stack: 0x000000e256700000,0x000000e256800000] [id=16288]
  0x000002c133366f80 WorkerThread "GC Thread#1" [stack: 0x000000e257f00000,0x000000e258000000] [id=3804]
  0x000002c133366170 WorkerThread "GC Thread#2" [stack: 0x000000e258000000,0x000000e258100000] [id=19016]
  0x000002c133366440 WorkerThread "GC Thread#3" [stack: 0x000000e258100000,0x000000e258200000] [id=14108]
  0x000002c133367520 WorkerThread "GC Thread#4" [stack: 0x000000e258200000,0x000000e258300000] [id=1196]
  0x000002c1333677f0 WorkerThread "GC Thread#5" [stack: 0x000000e258300000,0x000000e258400000] [id=16968]
  0x000002c133366710 WorkerThread "GC Thread#6" [stack: 0x000000e258400000,0x000000e258500000] [id=13572]
  0x000002c13419c380 WorkerThread "GC Thread#7" [stack: 0x000000e258500000,0x000000e258600000] [id=14500]
  0x000002c13419cbf0 WorkerThread "GC Thread#8" [stack: 0x000000e258700000,0x000000e258800000] [id=17472]
  0x000002c13419d190 WorkerThread "GC Thread#9" [stack: 0x000000e258800000,0x000000e258900000] [id=18612]
  0x000002c13419dfa0 WorkerThread "GC Thread#10" [stack: 0x000000e258900000,0x000000e258a00000] [id=15640]
  0x000002c10dcf4b40 ConcurrentGCThread "G1 Main Marker" [stack: 0x000000e256800000,0x000000e256900000] [id=11556]
  0x000002c10dcf5d10 WorkerThread "G1 Conc#0" [stack: 0x000000e256900000,0x000000e256a00000] [id=18708]
  0x000002c10dd4e4a0 ConcurrentGCThread "G1 Refine#0" [stack: 0x000000e256a00000,0x000000e256b00000] [id=7316]
  0x000002c12ede1160 ConcurrentGCThread "G1 Service" [stack: 0x000000e256b00000,0x000000e256c00000] [id=18476]

Threads with active compile tasks:
C2 CompilerThread0     1019 1996       4       java.lang.invoke.MethodType::makeImpl (109 bytes)
C2 CompilerThread1     1019 1921       4       java.lang.invoke.MethodType::methodType (69 bytes)
C1 CompilerThread3     1019 2205       3       java.util.concurrent.ConcurrentHashMap$BaseIterator::<init> (21 bytes)
C2 CompilerThread2     1019 2094       4       org.springframework.boot.context.properties.source.ConfigurationPropertyName$ElementsParser::parse (234 bytes)

VM state: not at safepoint (normal execution)

VM Mutex/Monitor currently owned by a thread: None

Heap address: 0x0000000080c00000, size: 2036 MB, Compressed Oops mode: 32-bit

CDS archive(s) mapped at: [0x0000000800000000-0x0000000800c40000-0x0000000800c40000), size 12845056, SharedBaseAddress: 0x0000000800000000, ArchiveRelocationMode: 0.
Compressed class space mapped at: 0x0000000801000000-0x0000000841000000, reserved size: 1073741824
Narrow klass base: 0x0000000800000000, Narrow klass shift: 0, Narrow klass range: 0x100000000

GC Precious Log:
 CardTable entry size: 512
 Card Set container configuration: InlinePtr #cards 5 size 8 Array Of Cards #cards 12 size 40 Howl #buckets 4 coarsen threshold 1843 Howl Bitmap #cards 512 size 80 coarsen threshold 460 Card regions per heap region 1 cards per card region 2048
 CPUs: 16 total, 16 available
 Memory: 8140M
 Large Page Support: Disabled
 NUMA Support: Disabled
 Compressed Oops: Enabled (32-bit)
 Heap Region Size: 1M
 Heap Min Capacity: 8M
 Heap Initial Capacity: 128M
 Heap Max Capacity: 2036M
 Pre-touch: Disabled
 Parallel Workers: 13
 Concurrent Workers: 3
 Concurrent Refinement Workers: 13
 Periodic GC: Disabled

Heap:
 garbage-first heap   total 131072K, used 11723K [0x0000000080c00000, 0x0000000100000000)
  region size 1024K, 5 young (5120K), 3 survivors (3072K)
 Metaspace       used 12823K, committed 13120K, reserved 1114112K
  class space    used 1576K, committed 1728K, reserved 1048576K

Heap Regions: E=young(eden), S=young(survivor), O=old, HS=humongous(starts), HC=humongous(continues), CS=collection set, F=free, OA=open archive, CA=closed archive, TAMS=top-at-mark-start (previous, next)
|   0|0x0000000080c00000, 0x0000000080d00000, 0x0000000080d00000|100%|HS|  |TAMS 0x0000000080c00000, 0x0000000080c00000| Complete 
|   1|0x0000000080d00000, 0x0000000080e00000, 0x0000000080e00000|100%| O|  |TAMS 0x0000000080d00000, 0x0000000080d00000| Untracked 
|   2|0x0000000080e00000, 0x0000000080f00000, 0x0000000080f00000|100%| O|  |TAMS 0x0000000080e00000, 0x0000000080e00000| Untracked 
|   3|0x0000000080f00000, 0x0000000081000000, 0x0000000081000000|100%| O|  |TAMS 0x0000000080f00000, 0x0000000080f00000| Untracked 
|   4|0x0000000081000000, 0x0000000081100000, 0x0000000081100000|100%| O|  |TAMS 0x0000000081000000, 0x0000000081000000| Untracked 
|   5|0x0000000081100000, 0x0000000081200000, 0x0000000081200000|100%| O|  |TAMS 0x0000000081100000, 0x0000000081100000| Untracked 
|   6|0x0000000081200000, 0x0000000081300000, 0x0000000081300000|100%| O|  |TAMS 0x0000000081200000, 0x0000000081200000| Untracked 
|   7|0x0000000081300000, 0x00000000813e3a00, 0x0000000081400000| 88%| O|  |TAMS 0x0000000081300000, 0x0000000081300000| Untracked 
|   8|0x0000000081400000, 0x0000000081400000, 0x0000000081500000|  0%| F|  |TAMS 0x0000000081400000, 0x0000000081400000| Untracked 
|   9|0x0000000081500000, 0x0000000081500000, 0x0000000081600000|  0%| F|  |TAMS 0x0000000081500000, 0x0000000081500000| Untracked 
|  10|0x0000000081600000, 0x0000000081600000, 0x0000000081700000|  0%| F|  |TAMS 0x0000000081600000, 0x0000000081600000| Untracked 
|  11|0x0000000081700000, 0x0000000081700000, 0x0000000081800000|  0%| F|  |TAMS 0x0000000081700000, 0x0000000081700000| Untracked 
|  12|0x0000000081800000, 0x0000000081800000, 0x0000000081900000|  0%| F|  |TAMS 0x0000000081800000, 0x0000000081800000| Untracked 
|  13|0x0000000081900000, 0x0000000081900000, 0x0000000081a00000|  0%| F|  |TAMS 0x0000000081900000, 0x0000000081900000| Untracked 
|  14|0x0000000081a00000, 0x0000000081a00000, 0x0000000081b00000|  0%| F|  |TAMS 0x0000000081a00000, 0x0000000081a00000| Untracked 
|  15|0x0000000081b00000, 0x0000000081b00000, 0x0000000081c00000|  0%| F|  |TAMS 0x0000000081b00000, 0x0000000081b00000| Untracked 
|  16|0x0000000081c00000, 0x0000000081c00000, 0x0000000081d00000|  0%| F|  |TAMS 0x0000000081c00000, 0x0000000081c00000| Untracked 
|  17|0x0000000081d00000, 0x0000000081d00000, 0x0000000081e00000|  0%| F|  |TAMS 0x0000000081d00000, 0x0000000081d00000| Untracked 
|  18|0x0000000081e00000, 0x0000000081e00000, 0x0000000081f00000|  0%| F|  |TAMS 0x0000000081e00000, 0x0000000081e00000| Untracked 
|  19|0x0000000081f00000, 0x0000000081f00000, 0x0000000082000000|  0%| F|  |TAMS 0x0000000081f00000, 0x0000000081f00000| Untracked 
|  20|0x0000000082000000, 0x0000000082000000, 0x0000000082100000|  0%| F|  |TAMS 0x0000000082000000, 0x0000000082000000| Untracked 
|  21|0x0000000082100000, 0x0000000082100000, 0x0000000082200000|  0%| F|  |TAMS 0x0000000082100000, 0x0000000082100000| Untracked 
|  22|0x0000000082200000, 0x0000000082200000, 0x0000000082300000|  0%| F|  |TAMS 0x0000000082200000, 0x0000000082200000| Untracked 
|  23|0x0000000082300000, 0x0000000082300000, 0x0000000082400000|  0%| F|  |TAMS 0x0000000082300000, 0x0000000082300000| Untracked 
|  24|0x0000000082400000, 0x0000000082400000, 0x0000000082500000|  0%| F|  |TAMS 0x0000000082400000, 0x0000000082400000| Untracked 
|  25|0x0000000082500000, 0x0000000082500000, 0x0000000082600000|  0%| F|  |TAMS 0x0000000082500000, 0x0000000082500000| Untracked 
|  26|0x0000000082600000, 0x0000000082600000, 0x0000000082700000|  0%| F|  |TAMS 0x0000000082600000, 0x0000000082600000| Untracked 
|  27|0x0000000082700000, 0x0000000082700000, 0x0000000082800000|  0%| F|  |TAMS 0x0000000082700000, 0x0000000082700000| Untracked 
|  28|0x0000000082800000, 0x0000000082800000, 0x0000000082900000|  0%| F|  |TAMS 0x0000000082800000, 0x0000000082800000| Untracked 
|  29|0x0000000082900000, 0x0000000082900000, 0x0000000082a00000|  0%| F|  |TAMS 0x0000000082900000, 0x0000000082900000| Untracked 
|  30|0x0000000082a00000, 0x0000000082a00000, 0x0000000082b00000|  0%| F|  |TAMS 0x0000000082a00000, 0x0000000082a00000| Untracked 
|  31|0x0000000082b00000, 0x0000000082b00000, 0x0000000082c00000|  0%| F|  |TAMS 0x0000000082b00000, 0x0000000082b00000| Untracked 
|  32|0x0000000082c00000, 0x0000000082c00000, 0x0000000082d00000|  0%| F|  |TAMS 0x0000000082c00000, 0x0000000082c00000| Untracked 
|  33|0x0000000082d00000, 0x0000000082d00000, 0x0000000082e00000|  0%| F|  |TAMS 0x0000000082d00000, 0x0000000082d00000| Untracked 
|  34|0x0000000082e00000, 0x0000000082e00000, 0x0000000082f00000|  0%| F|  |TAMS 0x0000000082e00000, 0x0000000082e00000| Untracked 
|  35|0x0000000082f00000, 0x0000000082f00000, 0x0000000083000000|  0%| F|  |TAMS 0x0000000082f00000, 0x0000000082f00000| Untracked 
|  36|0x0000000083000000, 0x0000000083000000, 0x0000000083100000|  0%| F|  |TAMS 0x0000000083000000, 0x0000000083000000| Untracked 
|  37|0x0000000083100000, 0x0000000083100000, 0x0000000083200000|  0%| F|  |TAMS 0x0000000083100000, 0x0000000083100000| Untracked 
|  38|0x0000000083200000, 0x0000000083200000, 0x0000000083300000|  0%| F|  |TAMS 0x0000000083200000, 0x0000000083200000| Untracked 
|  39|0x0000000083300000, 0x0000000083300000, 0x0000000083400000|  0%| F|  |TAMS 0x0000000083300000, 0x0000000083300000| Untracked 
|  40|0x0000000083400000, 0x0000000083400000, 0x0000000083500000|  0%| F|  |TAMS 0x0000000083400000, 0x0000000083400000| Untracked 
|  41|0x0000000083500000, 0x0000000083500000, 0x0000000083600000|  0%| F|  |TAMS 0x0000000083500000, 0x0000000083500000| Untracked 
|  42|0x0000000083600000, 0x0000000083600000, 0x0000000083700000|  0%| F|  |TAMS 0x0000000083600000, 0x0000000083600000| Untracked 
|  43|0x0000000083700000, 0x0000000083700000, 0x0000000083800000|  0%| F|  |TAMS 0x0000000083700000, 0x0000000083700000| Untracked 
|  44|0x0000000083800000, 0x0000000083800000, 0x0000000083900000|  0%| F|  |TAMS 0x0000000083800000, 0x0000000083800000| Untracked 
|  45|0x0000000083900000, 0x0000000083900000, 0x0000000083a00000|  0%| F|  |TAMS 0x0000000083900000, 0x0000000083900000| Untracked 
|  46|0x0000000083a00000, 0x0000000083a00000, 0x0000000083b00000|  0%| F|  |TAMS 0x0000000083a00000, 0x0000000083a00000| Untracked 
|  47|0x0000000083b00000, 0x0000000083b00000, 0x0000000083c00000|  0%| F|  |TAMS 0x0000000083b00000, 0x0000000083b00000| Untracked 
|  48|0x0000000083c00000, 0x0000000083c00000, 0x0000000083d00000|  0%| F|  |TAMS 0x0000000083c00000, 0x0000000083c00000| Untracked 
|  49|0x0000000083d00000, 0x0000000083d00000, 0x0000000083e00000|  0%| F|  |TAMS 0x0000000083d00000, 0x0000000083d00000| Untracked 
|  50|0x0000000083e00000, 0x0000000083e00000, 0x0000000083f00000|  0%| F|  |TAMS 0x0000000083e00000, 0x0000000083e00000| Untracked 
|  51|0x0000000083f00000, 0x0000000083f00000, 0x0000000084000000|  0%| F|  |TAMS 0x0000000083f00000, 0x0000000083f00000| Untracked 
|  52|0x0000000084000000, 0x0000000084000000, 0x0000000084100000|  0%| F|  |TAMS 0x0000000084000000, 0x0000000084000000| Untracked 
|  53|0x0000000084100000, 0x0000000084100000, 0x0000000084200000|  0%| F|  |TAMS 0x0000000084100000, 0x0000000084100000| Untracked 
|  54|0x0000000084200000, 0x0000000084200000, 0x0000000084300000|  0%| F|  |TAMS 0x0000000084200000, 0x0000000084200000| Untracked 
|  55|0x0000000084300000, 0x0000000084300000, 0x0000000084400000|  0%| F|  |TAMS 0x0000000084300000, 0x0000000084300000| Untracked 
|  56|0x0000000084400000, 0x0000000084400000, 0x0000000084500000|  0%| F|  |TAMS 0x0000000084400000, 0x0000000084400000| Untracked 
|  57|0x0000000084500000, 0x0000000084500000, 0x0000000084600000|  0%| F|  |TAMS 0x0000000084500000, 0x0000000084500000| Untracked 
|  58|0x0000000084600000, 0x0000000084600000, 0x0000000084700000|  0%| F|  |TAMS 0x0000000084600000, 0x0000000084600000| Untracked 
|  59|0x0000000084700000, 0x0000000084700000, 0x0000000084800000|  0%| F|  |TAMS 0x0000000084700000, 0x0000000084700000| Untracked 
|  60|0x0000000084800000, 0x0000000084800000, 0x0000000084900000|  0%| F|  |TAMS 0x0000000084800000, 0x0000000084800000| Untracked 
|  61|0x0000000084900000, 0x0000000084900000, 0x0000000084a00000|  0%| F|  |TAMS 0x0000000084900000, 0x0000000084900000| Untracked 
|  62|0x0000000084a00000, 0x0000000084a00000, 0x0000000084b00000|  0%| F|  |TAMS 0x0000000084a00000, 0x0000000084a00000| Untracked 
|  63|0x0000000084b00000, 0x0000000084b00000, 0x0000000084c00000|  0%| F|  |TAMS 0x0000000084b00000, 0x0000000084b00000| Untracked 
|  64|0x0000000084c00000, 0x0000000084c00000, 0x0000000084d00000|  0%| F|  |TAMS 0x0000000084c00000, 0x0000000084c00000| Untracked 
|  65|0x0000000084d00000, 0x0000000084d00000, 0x0000000084e00000|  0%| F|  |TAMS 0x0000000084d00000, 0x0000000084d00000| Untracked 
|  66|0x0000000084e00000, 0x0000000084e00000, 0x0000000084f00000|  0%| F|  |TAMS 0x0000000084e00000, 0x0000000084e00000| Untracked 
|  67|0x0000000084f00000, 0x0000000084f00000, 0x0000000085000000|  0%| F|  |TAMS 0x0000000084f00000, 0x0000000084f00000| Untracked 
|  68|0x0000000085000000, 0x0000000085000000, 0x0000000085100000|  0%| F|  |TAMS 0x0000000085000000, 0x0000000085000000| Untracked 
|  69|0x0000000085100000, 0x0000000085100000, 0x0000000085200000|  0%| F|  |TAMS 0x0000000085100000, 0x0000000085100000| Untracked 
|  70|0x0000000085200000, 0x0000000085200000, 0x0000000085300000|  0%| F|  |TAMS 0x0000000085200000, 0x0000000085200000| Untracked 
|  71|0x0000000085300000, 0x0000000085300000, 0x0000000085400000|  0%| F|  |TAMS 0x0000000085300000, 0x0000000085300000| Untracked 
|  72|0x0000000085400000, 0x0000000085400000, 0x0000000085500000|  0%| F|  |TAMS 0x0000000085400000, 0x0000000085400000| Untracked 
|  73|0x0000000085500000, 0x0000000085500000, 0x0000000085600000|  0%| F|  |TAMS 0x0000000085500000, 0x0000000085500000| Untracked 
|  74|0x0000000085600000, 0x0000000085600000, 0x0000000085700000|  0%| F|  |TAMS 0x0000000085600000, 0x0000000085600000| Untracked 
|  75|0x0000000085700000, 0x0000000085700000, 0x0000000085800000|  0%| F|  |TAMS 0x0000000085700000, 0x0000000085700000| Untracked 
|  76|0x0000000085800000, 0x0000000085800000, 0x0000000085900000|  0%| F|  |TAMS 0x0000000085800000, 0x0000000085800000| Untracked 
|  77|0x0000000085900000, 0x0000000085900000, 0x0000000085a00000|  0%| F|  |TAMS 0x0000000085900000, 0x0000000085900000| Untracked 
|  78|0x0000000085a00000, 0x0000000085a00000, 0x0000000085b00000|  0%| F|  |TAMS 0x0000000085a00000, 0x0000000085a00000| Untracked 
|  79|0x0000000085b00000, 0x0000000085b00000, 0x0000000085c00000|  0%| F|  |TAMS 0x0000000085b00000, 0x0000000085b00000| Untracked 
|  80|0x0000000085c00000, 0x0000000085c00000, 0x0000000085d00000|  0%| F|  |TAMS 0x0000000085c00000, 0x0000000085c00000| Untracked 
|  81|0x0000000085d00000, 0x0000000085d00000, 0x0000000085e00000|  0%| F|  |TAMS 0x0000000085d00000, 0x0000000085d00000| Untracked 
|  82|0x0000000085e00000, 0x0000000085e00000, 0x0000000085f00000|  0%| F|  |TAMS 0x0000000085e00000, 0x0000000085e00000| Untracked 
|  83|0x0000000085f00000, 0x0000000085f00000, 0x0000000086000000|  0%| F|  |TAMS 0x0000000085f00000, 0x0000000085f00000| Untracked 
|  84|0x0000000086000000, 0x0000000086000000, 0x0000000086100000|  0%| F|  |TAMS 0x0000000086000000, 0x0000000086000000| Untracked 
|  85|0x0000000086100000, 0x0000000086100000, 0x0000000086200000|  0%| F|  |TAMS 0x0000000086100000, 0x0000000086100000| Untracked 
|  86|0x0000000086200000, 0x0000000086200000, 0x0000000086300000|  0%| F|  |TAMS 0x0000000086200000, 0x0000000086200000| Untracked 
|  87|0x0000000086300000, 0x0000000086300000, 0x0000000086400000|  0%| F|  |TAMS 0x0000000086300000, 0x0000000086300000| Untracked 
|  88|0x0000000086400000, 0x0000000086400000, 0x0000000086500000|  0%| F|  |TAMS 0x0000000086400000, 0x0000000086400000| Untracked 
|  89|0x0000000086500000, 0x0000000086500000, 0x0000000086600000|  0%| F|  |TAMS 0x0000000086500000, 0x0000000086500000| Untracked 
|  90|0x0000000086600000, 0x0000000086600000, 0x0000000086700000|  0%| F|  |TAMS 0x0000000086600000, 0x0000000086600000| Untracked 
|  91|0x0000000086700000, 0x0000000086700000, 0x0000000086800000|  0%| F|  |TAMS 0x0000000086700000, 0x0000000086700000| Untracked 
|  92|0x0000000086800000, 0x0000000086800000, 0x0000000086900000|  0%| F|  |TAMS 0x0000000086800000, 0x0000000086800000| Untracked 
|  93|0x0000000086900000, 0x0000000086900000, 0x0000000086a00000|  0%| F|  |TAMS 0x0000000086900000, 0x0000000086900000| Untracked 
|  94|0x0000000086a00000, 0x0000000086a00000, 0x0000000086b00000|  0%| F|  |TAMS 0x0000000086a00000, 0x0000000086a00000| Untracked 
|  95|0x0000000086b00000, 0x0000000086b8f380, 0x0000000086c00000| 55%| S|CS|TAMS 0x0000000086b00000, 0x0000000086b00000| Complete 
|  96|0x0000000086c00000, 0x0000000086d00000, 0x0000000086d00000|100%| S|CS|TAMS 0x0000000086c00000, 0x0000000086c00000| Complete 
|  97|0x0000000086d00000, 0x0000000086e00000, 0x0000000086e00000|100%| S|CS|TAMS 0x0000000086d00000, 0x0000000086d00000| Complete 
|  98|0x0000000086e00000, 0x0000000086e00000, 0x0000000086f00000|  0%| F|  |TAMS 0x0000000086e00000, 0x0000000086e00000| Untracked 
|  99|0x0000000086f00000, 0x0000000086f00000, 0x0000000087000000|  0%| F|  |TAMS 0x0000000086f00000, 0x0000000086f00000| Untracked 
| 100|0x0000000087000000, 0x0000000087000000, 0x0000000087100000|  0%| F|  |TAMS 0x0000000087000000, 0x0000000087000000| Untracked 
| 101|0x0000000087100000, 0x0000000087100000, 0x0000000087200000|  0%| F|  |TAMS 0x0000000087100000, 0x0000000087100000| Untracked 
| 102|0x0000000087200000, 0x0000000087200000, 0x0000000087300000|  0%| F|  |TAMS 0x0000000087200000, 0x0000000087200000| Untracked 
| 103|0x0000000087300000, 0x0000000087300000, 0x0000000087400000|  0%| F|  |TAMS 0x0000000087300000, 0x0000000087300000| Untracked 
| 104|0x0000000087400000, 0x0000000087400000, 0x0000000087500000|  0%| F|  |TAMS 0x0000000087400000, 0x0000000087400000| Untracked 
| 105|0x0000000087500000, 0x0000000087500000, 0x0000000087600000|  0%| F|  |TAMS 0x0000000087500000, 0x0000000087500000| Untracked 
| 106|0x0000000087600000, 0x0000000087600000, 0x0000000087700000|  0%| F|  |TAMS 0x0000000087600000, 0x0000000087600000| Untracked 
| 107|0x0000000087700000, 0x0000000087700000, 0x0000000087800000|  0%| F|  |TAMS 0x0000000087700000, 0x0000000087700000| Untracked 
| 108|0x0000000087800000, 0x0000000087800000, 0x0000000087900000|  0%| F|  |TAMS 0x0000000087800000, 0x0000000087800000| Untracked 
| 109|0x0000000087900000, 0x0000000087900000, 0x0000000087a00000|  0%| F|  |TAMS 0x0000000087900000, 0x0000000087900000| Untracked 
| 110|0x0000000087a00000, 0x0000000087a00000, 0x0000000087b00000|  0%| F|  |TAMS 0x0000000087a00000, 0x0000000087a00000| Untracked 
| 111|0x0000000087b00000, 0x0000000087b00000, 0x0000000087c00000|  0%| F|  |TAMS 0x0000000087b00000, 0x0000000087b00000| Untracked 
| 112|0x0000000087c00000, 0x0000000087c00000, 0x0000000087d00000|  0%| F|  |TAMS 0x0000000087c00000, 0x0000000087c00000| Untracked 
| 113|0x0000000087d00000, 0x0000000087d00000, 0x0000000087e00000|  0%| F|  |TAMS 0x0000000087d00000, 0x0000000087d00000| Untracked 
| 114|0x0000000087e00000, 0x0000000087e00000, 0x0000000087f00000|  0%| F|  |TAMS 0x0000000087e00000, 0x0000000087e00000| Untracked 
| 115|0x0000000087f00000, 0x0000000087f00000, 0x0000000088000000|  0%| F|  |TAMS 0x0000000087f00000, 0x0000000087f00000| Untracked 
| 116|0x0000000088000000, 0x0000000088000000, 0x0000000088100000|  0%| F|  |TAMS 0x0000000088000000, 0x0000000088000000| Untracked 
| 117|0x0000000088100000, 0x0000000088100000, 0x0000000088200000|  0%| F|  |TAMS 0x0000000088100000, 0x0000000088100000| Untracked 
| 118|0x0000000088200000, 0x0000000088200000, 0x0000000088300000|  0%| F|  |TAMS 0x0000000088200000, 0x0000000088200000| Untracked 
| 119|0x0000000088300000, 0x0000000088300000, 0x0000000088400000|  0%| F|  |TAMS 0x0000000088300000, 0x0000000088300000| Untracked 
| 120|0x0000000088400000, 0x0000000088400000, 0x0000000088500000|  0%| F|  |TAMS 0x0000000088400000, 0x0000000088400000| Untracked 
| 121|0x0000000088500000, 0x0000000088500000, 0x0000000088600000|  0%| F|  |TAMS 0x0000000088500000, 0x0000000088500000| Untracked 
| 122|0x0000000088600000, 0x0000000088600000, 0x0000000088700000|  0%| F|  |TAMS 0x0000000088600000, 0x0000000088600000| Untracked 
| 123|0x0000000088700000, 0x0000000088700000, 0x0000000088800000|  0%| F|  |TAMS 0x0000000088700000, 0x0000000088700000| Untracked 
| 124|0x0000000088800000, 0x0000000088800000, 0x0000000088900000|  0%| F|  |TAMS 0x0000000088800000, 0x0000000088800000| Untracked 
| 125|0x0000000088900000, 0x0000000088900000, 0x0000000088a00000|  0%| F|  |TAMS 0x0000000088900000, 0x0000000088900000| Untracked 
| 126|0x0000000088a00000, 0x0000000088a80800, 0x0000000088b00000| 50%| E|  |TAMS 0x0000000088a00000, 0x0000000088a00000| Complete 
| 127|0x0000000088b00000, 0x0000000088c00000, 0x0000000088c00000|100%| E|CS|TAMS 0x0000000088b00000, 0x0000000088b00000| Complete 

Card table byte_map: [0x000002c127750000,0x000002c127b50000] _byte_map_base: 0x000002c12734a000

Marking Bits (Prev, Next): (CMBitMap*) 0x000002c10dce41f0, (CMBitMap*) 0x000002c10dce4230
 Prev Bits: [0x000002c127f50000, 0x000002c129f20000)
 Next Bits: [0x000002c129f20000, 0x000002c12bef0000)

Polling page: 0x000002c10dac0000

Metaspace:

Usage:
  Non-class:     11.04 MB used.
      Class:      1.55 MB used.
       Both:     12.59 MB used.

Virtual space:
  Non-class space:       64.00 MB reserved,      11.19 MB ( 17%) committed,  1 nodes.
      Class space:        1.00 GB reserved,       1.69 MB ( <1%) committed,  1 nodes.
             Both:        1.06 GB reserved,      12.88 MB (  1%) committed. 

Chunk freelists:
   Non-Class:  16.00 KB
       Class:  2.28 MB
        Both:  2.30 MB

MaxMetaspaceSize: unlimited
CompressedClassSpaceSize: 1.00 GB
Initial GC threshold: 21.00 MB
Current GC threshold: 21.00 MB
CDS: on
MetaspaceReclaimPolicy: balanced
 - commit_granule_bytes: 65536.
 - commit_granule_words: 8192.
 - virtual_space_node_default_size: 8388608.
 - enlarge_chunks_in_place: 1.
 - new_chunks_are_fully_committed: 0.
 - uncommit_free_chunks: 1.
 - use_allocation_guard: 0.


Internal statistics:

num_allocs_failed_limit: 0.
num_arena_births: 220.
num_arena_deaths: 0.
num_vsnodes_births: 2.
num_vsnodes_deaths: 0.
num_space_committed: 206.
num_space_uncommitted: 0.
num_chunks_returned_to_freelist: 0.
num_chunks_taken_from_freelist: 628.
num_chunk_merges: 0.
num_chunk_splits: 401.
num_chunks_enlarged: 306.
num_inconsistent_stats: 0.

CodeHeap 'non-profiled nmethods': size=119168Kb used=750Kb max_used=750Kb free=118417Kb
 bounds [0x000002c11ef40000, 0x000002c11f1b0000, 0x000002c1263a0000]
CodeHeap 'profiled nmethods': size=119104Kb used=4385Kb max_used=4385Kb free=114718Kb
 bounds [0x000002c1173a0000, 0x000002c1177f0000, 0x000002c11e7f0000]
CodeHeap 'non-nmethods': size=7488Kb used=2963Kb max_used=2996Kb free=4525Kb
 bounds [0x000002c11e7f0000, 0x000002c11eaf0000, 0x000002c11ef40000]
 total_blobs=2693 nmethods=2203 adapters=397
 compilation: enabled
              stopped_count=0, restarted_count=0
 full_count=0

Compilation events (20 events):
Event: 1.001 Thread 0x000002c12ef56900 nmethod 2151 0x000002c11eff2310 code [0x000002c11eff24a0, 0x000002c11eff2558]
Event: 1.001 Thread 0x000002c1331ec800 nmethod 2153 0x000002c11eff2610 code [0x000002c11eff27a0, 0x000002c11eff2858]
Event: 1.001 Thread 0x000002c133469d80 nmethod 2152 0x000002c11eff2910 code [0x000002c11eff2aa0, 0x000002c11eff2b58]
Event: 1.001 Thread 0x000002c1331f4db0 nmethod 2154 0x000002c1177c5090 code [0x000002c1177c5260, 0x000002c1177c56d8]
Event: 1.002 Thread 0x000002c1331f4db0 2155       1       org.springframework.boot.context.config.StandardConfigDataReference::getResourceLocation (5 bytes)
Event: 1.002 Thread 0x000002c1331f4db0 nmethod 2155 0x000002c11eff2c10 code [0x000002c11eff2da0, 0x000002c11eff2e58]
Event: 1.003 Thread 0x000002c133469d80 2157       3       java.lang.invoke.DirectMethodHandle$Holder::invokeStatic (17 bytes)
Event: 1.003 Thread 0x000002c133469d80 nmethod 2157 0x000002c1177c5890 code [0x000002c1177c5a60, 0x000002c1177c5f58]
Event: 1.004 Thread 0x000002c1331f4db0 2159       3       org.springframework.boot.env.OriginTrackedPropertiesLoader$CharacterReader::isEndOfLine (30 bytes)
Event: 1.004 Thread 0x000002c1331ec800 2160       3       org.springframework.boot.env.OriginTrackedPropertiesLoader$CharacterReader::read (85 bytes)
Event: 1.004 Thread 0x000002c12ef56900 2161   !   3       java.io.LineNumberReader::read (137 bytes)
Event: 1.004 Thread 0x000002c133469d80 2162       3       org.springframework.boot.env.OriginTrackedPropertiesLoader$CharacterReader::isEndOfFile (14 bytes)
Event: 1.004 Thread 0x000002c1331f4db0 nmethod 2159 0x000002c1177c6090 code [0x000002c1177c6240, 0x000002c1177c6418]
Event: 1.004 Thread 0x000002c133469d80 nmethod 2162 0x000002c1177c6490 code [0x000002c1177c6620, 0x000002c1177c6798]
Event: 1.004 Thread 0x000002c1331f4db0 2163       3       org.springframework.boot.env.OriginTrackedPropertiesLoader$CharacterReader::getCharacter (6 bytes)
Event: 1.005 Thread 0x000002c1331f4db0 nmethod 2163 0x000002c1177c6810 code [0x000002c1177c69a0, 0x000002c1177c6ab8]
Event: 1.005 Thread 0x000002c12ef56900 nmethod 2161 0x000002c1177c6b90 code [0x000002c1177c6d60, 0x000002c1177c7198]
Event: 1.005 Thread 0x000002c1331ec800 nmethod 2160 0x000002c1177c7310 code [0x000002c1177c7520, 0x000002c1177c7a38]
Event: 1.005 Thread 0x000002c1331ec800 2164       3       org.springframework.boot.env.OriginTrackedPropertiesLoader$CharacterReader::isPropertyDelimiter (31 bytes)
Event: 1.005 Thread 0x000002c1331ec800 nmethod 2164 0x000002c1177c7c10 code [0x000002c1177c7dc0, 0x000002c1177c7f98]

GC Heap History (4 events):
Event: 0.491 GC heap before
{Heap before GC invocations=0 (full 0):
 garbage-first heap   total 131072K, used 23552K [0x0000000080c00000, 0x0000000100000000)
  region size 1024K, 23 young (23552K), 0 survivors (0K)
 Metaspace       used 5247K, committed 5440K, reserved 1114112K
  class space    used 601K, committed 704K, reserved 1048576K
}
Event: 0.495 GC heap after
{Heap after GC invocations=1 (full 0):
 garbage-first heap   total 131072K, used 7781K [0x0000000080c00000, 0x0000000100000000)
  region size 1024K, 3 young (3072K), 3 survivors (3072K)
 Metaspace       used 5247K, committed 5440K, reserved 1114112K
  class space    used 601K, committed 704K, reserved 1048576K
}
Event: 0.990 GC heap before
{Heap before GC invocations=1 (full 0):
 garbage-first heap   total 131072K, used 35429K [0x0000000080c00000, 0x0000000100000000)
  region size 1024K, 30 young (30720K), 3 survivors (3072K)
 Metaspace       used 12600K, committed 12800K, reserved 1114112K
  class space    used 1558K, committed 1664K, reserved 1048576K
}
Event: 0.996 GC heap after
{Heap after GC invocations=2 (full 0):
 garbage-first heap   total 131072K, used 10699K [0x0000000080c00000, 0x0000000100000000)
  region size 1024K, 3 young (3072K), 3 survivors (3072K)
 Metaspace       used 12600K, committed 12800K, reserved 1114112K
  class space    used 1558K, committed 1664K, reserved 1048576K
}

Dll operation events (9 events):
Event: 0.006 Loaded shared library C:\Program Files\Java\jdk-19\bin\java.dll
Event: 0.015 Loaded shared library C:\Program Files\Java\jdk-19\bin\jsvml.dll
Event: 0.052 Loaded shared library C:\Program Files\Java\jdk-19\bin\net.dll
Event: 0.054 Loaded shared library C:\Program Files\Java\jdk-19\bin\nio.dll
Event: 0.057 Loaded shared library C:\Program Files\Java\jdk-19\bin\zip.dll
Event: 0.091 Loaded shared library C:\Program Files\Java\jdk-19\bin\management.dll
Event: 0.095 Loaded shared library C:\Program Files\Java\jdk-19\bin\management_ext.dll
Event: 0.128 Loaded shared library C:\Program Files\Java\jdk-19\bin\jimage.dll
Event: 0.161 Loaded shared library C:\Program Files\Java\jdk-19\bin\verify.dll

Deoptimization events (20 events):
Event: 0.942 Thread 0x000002c10dbde8f0 Uncommon trap: trap_request=0xffffffde fr.pc=0x000002c11efa6040 relative=0x00000000000003e0
Event: 0.942 Thread 0x000002c10dbde8f0 Uncommon trap: reason=class_check action=maybe_recompile pc=0x000002c11efa6040 method=java.io.BufferedReader.read()I @ 6 c2
Event: 0.942 Thread 0x000002c10dbde8f0 DEOPT PACKING pc=0x000002c11efa6040 sp=0x000000e2566fbbf0
Event: 0.942 Thread 0x000002c10dbde8f0 DEOPT UNPACKING pc=0x000002c11e856da3 sp=0x000000e2566fbb98 mode 2
Event: 0.942 Thread 0x000002c10dbde8f0 Uncommon trap: trap_request=0xffffffde fr.pc=0x000002c11efa6040 relative=0x00000000000003e0
Event: 0.942 Thread 0x000002c10dbde8f0 Uncommon trap: reason=class_check action=maybe_recompile pc=0x000002c11efa6040 method=java.io.BufferedReader.read()I @ 6 c2
Event: 0.942 Thread 0x000002c10dbde8f0 DEOPT PACKING pc=0x000002c11efa6040 sp=0x000000e2566fbbf0
Event: 0.942 Thread 0x000002c10dbde8f0 DEOPT UNPACKING pc=0x000002c11e856da3 sp=0x000000e2566fbb98 mode 2
Event: 0.942 Thread 0x000002c10dbde8f0 Uncommon trap: trap_request=0xffffffde fr.pc=0x000002c11efa6040 relative=0x00000000000003e0
Event: 0.942 Thread 0x000002c10dbde8f0 Uncommon trap: reason=class_check action=maybe_recompile pc=0x000002c11efa6040 method=java.io.BufferedReader.read()I @ 6 c2
Event: 0.942 Thread 0x000002c10dbde8f0 DEOPT PACKING pc=0x000002c11efa6040 sp=0x000000e2566fbbf0
Event: 0.942 Thread 0x000002c10dbde8f0 DEOPT UNPACKING pc=0x000002c11e856da3 sp=0x000000e2566fbb98 mode 2
Event: 0.943 Thread 0x000002c10dbde8f0 Uncommon trap: trap_request=0xffffff45 fr.pc=0x000002c11ef7dccc relative=0x000000000000022c
Event: 0.943 Thread 0x000002c10dbde8f0 Uncommon trap: reason=unstable_if action=reinterpret pc=0x000002c11ef7dccc method=java.lang.String.startsWith(Ljava/lang/String;I)Z @ 1 c2
Event: 0.943 Thread 0x000002c10dbde8f0 DEOPT PACKING pc=0x000002c11ef7dccc sp=0x000000e2566fbd00
Event: 0.943 Thread 0x000002c10dbde8f0 DEOPT UNPACKING pc=0x000002c11e856da3 sp=0x000000e2566fbc68 mode 2
Event: 0.959 Thread 0x000002c10dbde8f0 Uncommon trap: trap_request=0xfffffff4 fr.pc=0x000002c11efc766c relative=0x000000000000024c
Event: 0.959 Thread 0x000002c10dbde8f0 Uncommon trap: reason=null_check action=make_not_entrant pc=0x000002c11efc766c method=java.util.ArrayList.add(Ljava/lang/Object;[Ljava/lang/Object;I)V @ 14 c2
Event: 0.959 Thread 0x000002c10dbde8f0 DEOPT PACKING pc=0x000002c11efc766c sp=0x000000e2566fbc20
Event: 0.959 Thread 0x000002c10dbde8f0 DEOPT UNPACKING pc=0x000002c11e856da3 sp=0x000000e2566fbb68 mode 2

Classes loaded (20 events):
Event: 0.941 Loading class sun/net/DefaultProgressMeteringPolicy
Event: 0.941 Loading class sun/net/ProgressMeteringPolicy
Event: 0.941 Loading class sun/net/ProgressMeteringPolicy done
Event: 0.941 Loading class sun/net/DefaultProgressMeteringPolicy done
Event: 0.941 Loading class sun/nio/cs/ISO_8859_1$Decoder
Event: 0.941 Loading class sun/nio/cs/ISO_8859_1$Decoder done
Event: 0.955 Loading class sun/reflect/generics/scope/ConstructorScope
Event: 0.955 Loading class sun/reflect/generics/scope/ConstructorScope done
Event: 0.955 Loading class sun/reflect/generics/repository/ConstructorRepository
Event: 0.955 Loading class sun/reflect/generics/repository/ConstructorRepository done
Event: 0.955 Loading class sun/reflect/generics/tree/VoidDescriptor
Event: 0.955 Loading class sun/reflect/generics/tree/VoidDescriptor done
Event: 0.955 Loading class sun/reflect/generics/tree/MethodTypeSignature
Event: 0.955 Loading class sun/reflect/generics/tree/MethodTypeSignature done
Event: 0.980 Loading class java/util/concurrent/ConcurrentLinkedDeque$Itr
Event: 0.980 Loading class java/util/concurrent/ConcurrentLinkedDeque$AbstractItr
Event: 0.980 Loading class java/util/concurrent/ConcurrentLinkedDeque$AbstractItr done
Event: 0.980 Loading class java/util/concurrent/ConcurrentLinkedDeque$Itr done
Event: 0.982 Loading class org/xml/sax/InputSource
Event: 0.982 Loading class org/xml/sax/InputSource done

Classes unloaded (0 events):
No events

Classes redefined (0 events):
No events

Internal exceptions (20 events):
Event: 0.674 Thread 0x000002c10dbde8f0 Exception <a 'java/lang/NoSuchMethodError'{0x0000000088046870}: 'int java.lang.invoke.DirectMethodHandle$Holder.invokeSpecial(java.lang.Object, java.lang.Object, java.lang.Object, java.lang.Object, java.lang.Object)'> (0x0000000088046870) 
thrown [s\open\src\hotspot\share\interpreter\linkResolver.cpp, line 774]
Event: 0.675 Thread 0x000002c10dbde8f0 Exception <a 'java/lang/NoSuchMethodError'{0x000000008804f978}: 'void java.lang.invoke.DirectMethodHandle$Holder.invokeVirtual(java.lang.Object, java.lang.Object)'> (0x000000008804f978) 
thrown [s\open\src\hotspot\share\interpreter\linkResolver.cpp, line 774]
Event: 0.719 Thread 0x000002c10dbde8f0 Exception <a 'java/lang/NoSuchMethodError'{0x0000000087eaff38}: 'void java.lang.invoke.DirectMethodHandle$Holder.invokeVirtual(java.lang.Object, java.lang.Object, java.lang.Object, java.lang.Object)'> (0x0000000087eaff38) 
thrown [s\open\src\hotspot\share\interpreter\linkResolver.cpp, line 774]
Event: 0.792 Thread 0x000002c10dbde8f0 Exception <a 'java/lang/NoSuchMethodError'{0x0000000087916fa0}: 'int java.lang.invoke.Invokers$Holder.invokeExact_MT(java.lang.Object, java.lang.Object)'> (0x0000000087916fa0) 
thrown [s\open\src\hotspot\share\interpreter\linkResolver.cpp, line 774]
Event: 0.798 Thread 0x000002c10dbde8f0 Exception <a 'java/lang/NoSuchMethodError'{0x00000000879534c0}: 'int java.lang.invoke.DirectMethodHandle$Holder.invokeVirtual(java.lang.Object, java.lang.Object, java.lang.Object)'> (0x00000000879534c0) 
thrown [s\open\src\hotspot\share\interpreter\linkResolver.cpp, line 774]
Event: 0.803 Thread 0x000002c10dbde8f0 Exception <a 'java/lang/NoSuchMethodError'{0x0000000087982ff0}: 'java.lang.Object java.lang.invoke.DirectMethodHandle$Holder.newInvokeSpecial(java.lang.Object, java.lang.Object, java.lang.Object, java.lang.Object, java.lang.Object, java.lang.Object, java.lang.Object)'> (0x0000000087982ff0) 
thrown [s\open\src\hotspot\share\interpreter\linkResolver.cpp, line 774]
Event: 0.805 Thread 0x000002c10dbde8f0 Exception <a 'java/lang/NoSuchMethodError'{0x0000000087994540}: 'java.lang.Object java.lang.invoke.DirectMethodHandle$Holder.invokeInterface(java.lang.Object, java.lang.Object, java.lang.Object, java.lang.Object, java.lang.Object)'> (0x0000000087994540) 
thrown [s\open\src\hotspot\share\interpreter\linkResolver.cpp, line 774]
Event: 0.806 Thread 0x000002c10dbde8f0 Exception <a 'java/lang/IncompatibleClassChangeError'{0x0000000087998350}: Found class java.lang.Object, but interface was expected> (0x0000000087998350) 
thrown [s\open\src\hotspot\share\interpreter\linkResolver.cpp, line 841]
Event: 0.861 Thread 0x000002c10dbde8f0 Exception <a 'java/lang/IncompatibleClassChangeError'{0x0000000087665908}: Found class java.lang.Object, but interface was expected> (0x0000000087665908) 
thrown [s\open\src\hotspot\share\interpreter\linkResolver.cpp, line 841]
Event: 0.867 Thread 0x000002c10dbde8f0 Exception <a 'sun/nio/fs/WindowsException'{0x00000000876a4cd8}> (0x00000000876a4cd8) 
thrown [s\open\src\hotspot\share\prims\jni.cpp, line 517]
Event: 0.899 Thread 0x000002c10dbde8f0 Exception <a 'java/lang/NoSuchMethodError'{0x00000000871186a0}: 'java.lang.Object java.lang.invoke.Invokers$Holder.invokeExact_MT(java.lang.Object, java.lang.Object, java.lang.Object, java.lang.Object, java.lang.Object)'> (0x00000000871186a0) 
thrown [s\open\src\hotspot\share\interpreter\linkResolver.cpp, line 774]
Event: 0.904 Thread 0x000002c10dbde8f0 Exception <a 'java/lang/NoSuchMethodError'{0x0000000087155c38}: 'java.lang.Object java.lang.invoke.DirectMethodHandle$Holder.invokeSpecial(java.lang.Object, java.lang.Object, java.lang.Object, java.lang.Object, java.lang.Object, java.lang.Object, int)'> (0x0000000087155c38) 
thrown [s\open\src\hotspot\share\interpreter\linkResolver.cpp, line 774]
Event: 0.905 Thread 0x000002c10dbde8f0 Exception <a 'java/lang/NoSuchMethodError'{0x0000000087160718}: 'java.lang.Object java.lang.invoke.DirectMethodHandle$Holder.newInvokeSpecial(java.lang.Object, java.lang.Object, java.lang.Object, java.lang.Object, java.lang.Object, java.lang.Object, int)'> (0x0000000087160718) 
thrown [s\open\src\hotspot\share\interpreter\linkResolver.cpp, line 774]
Event: 0.906 Thread 0x000002c10dbde8f0 Exception <a 'java/lang/NoSuchMethodError'{0x0000000087166340}: 'java.lang.Object java.lang.invoke.DirectMethodHandle$Holder.invokeSpecial(java.lang.Object, java.lang.Object, java.lang.Object, java.lang.Object, java.lang.Object, java.lang.Object, java.lang.Object, int)'> (0x0000000087166340) 
thrown [s\open\src\hotspot\share\interpreter\linkResolver.cpp, line 774]
Event: 0.935 Thread 0x000002c10dbde8f0 Exception <a 'java/lang/NoSuchMethodError'{0x00000000870a0f28}: 'void java.lang.invoke.DirectMethodHandle$Holder.invokeStatic(java.lang.Object, java.lang.Object, java.lang.Object, java.lang.Object, java.lang.Object, java.lang.Object)'> (0x00000000870a0f28) 
thrown [s\open\src\hotspot\share\interpreter\linkResolver.cpp, line 774]
Event: 0.959 Thread 0x000002c10dbde8f0 Implicit null exception at 0x000002c11efc749e to 0x000002c11efc765c
Event: 0.959 Thread 0x000002c10dbde8f0 Exception <a 'java/lang/NoSuchMethodError'{0x0000000086f68f28}: 'java.lang.Object java.lang.invoke.DirectMethodHandle$Holder.invokeSpecial(java.lang.Object, java.lang.Object, java.lang.Object, int, java.lang.Object)'> (0x0000000086f68f28) 
thrown [s\open\src\hotspot\share\interpreter\linkResolver.cpp, line 774]
Event: 0.960 Thread 0x000002c10dbde8f0 Exception <a 'java/lang/NoSuchMethodError'{0x0000000086f71af8}: 'java.lang.Object java.lang.invoke.DirectMethodHandle$Holder.newInvokeSpecial(java.lang.Object, java.lang.Object, java.lang.Object, int, java.lang.Object)'> (0x0000000086f71af8) 
thrown [s\open\src\hotspot\share\interpreter\linkResolver.cpp, line 774]
Event: 0.961 Thread 0x000002c10dbde8f0 Exception <a 'java/lang/NoSuchMethodError'{0x0000000086f79a48}: 'java.lang.Object java.lang.invoke.Invokers$Holder.linkToTargetMethod(java.lang.Object, java.lang.Object, int, java.lang.Object, java.lang.Object)'> (0x0000000086f79a48) 
thrown [s\open\src\hotspot\share\interpreter\linkResolver.cpp, line 774]
Event: 0.962 Thread 0x000002c10dbde8f0 Exception <a 'java/lang/NoSuchMethodError'{0x0000000086f88718}: 'java.lang.Object java.lang.invoke.DirectMethodHandle$Holder.newInvokeSpecial(java.lang.Object, int, java.lang.Object)'> (0x0000000086f88718) 
thrown [s\open\src\hotspot\share\interpreter\linkResolver.cpp, line 774]

VM Operations (20 events):
Event: 0.491 Executing VM operation: G1CollectForAllocation
Event: 0.495 Executing VM operation: G1CollectForAllocation done
Event: 0.510 Executing VM operation: HandshakeAllThreads
Event: 0.510 Executing VM operation: HandshakeAllThreads done
Event: 0.528 Executing VM operation: HandshakeAllThreads
Event: 0.528 Executing VM operation: HandshakeAllThreads done
Event: 0.571 Executing VM operation: HandshakeAllThreads
Event: 0.571 Executing VM operation: HandshakeAllThreads done
Event: 0.613 Executing VM operation: HandshakeAllThreads
Event: 0.613 Executing VM operation: HandshakeAllThreads done
Event: 0.809 Executing VM operation: HandshakeAllThreads
Event: 0.809 Executing VM operation: HandshakeAllThreads done
Event: 0.874 Executing VM operation: ICBufferFull
Event: 0.874 Executing VM operation: ICBufferFull done
Event: 0.941 Executing VM operation: HandshakeAllThreads
Event: 0.941 Executing VM operation: HandshakeAllThreads done
Event: 0.974 Executing VM operation: HandshakeAllThreads
Event: 0.974 Executing VM operation: HandshakeAllThreads done
Event: 0.990 Executing VM operation: G1CollectForAllocation
Event: 0.996 Executing VM operation: G1CollectForAllocation done

Events (19 events):
Event: 0.015 Thread 0x000002c10dbde8f0 Thread added: 0x000002c10dbde8f0
Event: 0.029 Thread 0x000002c12ef417a0 Thread added: 0x000002c12ef417a0
Event: 0.029 Thread 0x000002c12ef42730 Thread added: 0x000002c12ef42730
Event: 0.030 Thread 0x000002c12ef46a50 Thread added: 0x000002c12ef46a50
Event: 0.030 Thread 0x000002c12ef4ab60 Thread added: 0x000002c12ef4ab60
Event: 0.030 Thread 0x000002c12ef4de20 Thread added: 0x000002c12ef4de20
Event: 0.030 Thread 0x000002c12ef4bdd0 Thread added: 0x000002c12ef4bdd0
Event: 0.030 Thread 0x000002c12ef4cab0 Thread added: 0x000002c12ef4cab0
Event: 0.030 Thread 0x000002c12ef56900 Thread added: 0x000002c12ef56900
Event: 0.030 Thread 0x000002c12ef69be0 Thread added: 0x000002c12ef69be0
Event: 0.044 Thread 0x000002c1331ec800 Thread added: 0x000002c1331ec800
Event: 0.044 Thread 0x000002c1331f4db0 Thread added: 0x000002c1331f4db0
Event: 0.046 Thread 0x000002c13320b980 Thread added: 0x000002c13320b980
Event: 0.048 Thread 0x000002c13320e330 Thread added: 0x000002c13320e330
Event: 0.077 Thread 0x000002c1332a5340 Thread added: 0x000002c1332a5340
Event: 0.137 Thread 0x000002c133363360 Thread added: 0x000002c133363360
Event: 0.140 Thread 0x000002c133469d80 Thread added: 0x000002c133469d80
Event: 0.155 Thread 0x000002c1334694f0 Thread added: 0x000002c1334694f0
Event: 0.963 Thread 0x000002c1342f1d40 Thread added: 0x000002c1342f1d40


Dynamic libraries:
0x00007ff641040000 - 0x00007ff641050000 	C:\Program Files\Java\jdk-19\bin\java.exe
0x00007ffb738f0000 - 0x00007ffb73ae8000 	C:\WINDOWS\SYSTEM32\ntdll.dll
0x00007ffb73510000 - 0x00007ffb735cf000 	C:\WINDOWS\System32\KERNEL32.DLL
0x00007ffb713b0000 - 0x00007ffb71682000 	C:\WINDOWS\System32\KERNELBASE.dll
0x00007ffb710c0000 - 0x00007ffb711c0000 	C:\WINDOWS\System32\ucrtbase.dll
0x00007ffb3cc60000 - 0x00007ffb3cc7b000 	C:\Program Files\Java\jdk-19\bin\VCRUNTIME140.dll
0x00007ffb5ed60000 - 0x00007ffb5ed78000 	C:\Program Files\Java\jdk-19\bin\jli.dll
0x00007ffb72d80000 - 0x00007ffb72e2e000 	C:\WINDOWS\System32\ADVAPI32.dll
0x00007ffb73630000 - 0x00007ffb736ce000 	C:\WINDOWS\System32\msvcrt.dll
0x00007ffb72e40000 - 0x00007ffb72edc000 	C:\WINDOWS\System32\sechost.dll
0x00007ffb72f70000 - 0x00007ffb73095000 	C:\WINDOWS\System32\RPCRT4.dll
0x00007ffb72560000 - 0x00007ffb72701000 	C:\WINDOWS\System32\USER32.dll
0x00007ffb63780000 - 0x00007ffb63a1a000 	C:\WINDOWS\WinSxS\amd64_microsoft.windows.common-controls_6595b64144ccf1df_6.0.19041.1110_none_60b5254171f9507e\COMCTL32.dll
0x00007ffb71270000 - 0x00007ffb71292000 	C:\WINDOWS\System32\win32u.dll
0x00007ffb73430000 - 0x00007ffb7345b000 	C:\WINDOWS\System32\GDI32.dll
0x00007ffb71690000 - 0x00007ffb7179f000 	C:\WINDOWS\System32\gdi32full.dll
0x00007ffb712a0000 - 0x00007ffb7133d000 	C:\WINDOWS\System32\msvcp_win.dll
0x00007ffb6a080000 - 0x00007ffb6a08a000 	C:\WINDOWS\SYSTEM32\VERSION.dll
0x00007ffb72520000 - 0x00007ffb72552000 	C:\WINDOWS\System32\IMM32.DLL
0x00007ffb65250000 - 0x00007ffb6525c000 	C:\Program Files\Java\jdk-19\bin\vcruntime140_1.dll
0x00007ffb34c70000 - 0x00007ffb34cfe000 	C:\Program Files\Java\jdk-19\bin\msvcp140.dll
0x00007ffb1d780000 - 0x00007ffb1e440000 	C:\Program Files\Java\jdk-19\bin\server\jvm.dll
0x00007ffb5bc10000 - 0x00007ffb5bc19000 	C:\WINDOWS\SYSTEM32\WSOCK32.dll
0x00007ffb670c0000 - 0x00007ffb670e7000 	C:\WINDOWS\SYSTEM32\WINMM.dll
0x00007ffb72450000 - 0x00007ffb724bb000 	C:\WINDOWS\System32\WS2_32.dll
0x00007ffb6eec0000 - 0x00007ffb6eed2000 	C:\WINDOWS\SYSTEM32\kernel.appcore.dll
0x00007ffb65230000 - 0x00007ffb6523a000 	C:\Program Files\Java\jdk-19\bin\jimage.dll
0x00007ffb5de90000 - 0x00007ffb5e074000 	C:\WINDOWS\SYSTEM32\DBGHELP.DLL
0x00007ffb5cd20000 - 0x00007ffb5cd55000 	C:\WINDOWS\SYSTEM32\dbgcore.DLL
0x00007ffb70fe0000 - 0x00007ffb71062000 	C:\WINDOWS\System32\bcryptPrimitives.dll
0x00007ffb34c40000 - 0x00007ffb34c66000 	C:\Program Files\Java\jdk-19\bin\java.dll
0x00007ffb34af0000 - 0x00007ffb34bc7000 	C:\Program Files\Java\jdk-19\bin\jsvml.dll
0x00007ffb71930000 - 0x00007ffb72074000 	C:\WINDOWS\System32\SHELL32.dll
0x00007ffb6f0c0000 - 0x00007ffb6f852000 	C:\WINDOWS\SYSTEM32\windows.storage.dll
0x00007ffb72090000 - 0x00007ffb723e5000 	C:\WINDOWS\System32\combase.dll
0x00007ffb70a40000 - 0x00007ffb70a70000 	C:\WINDOWS\SYSTEM32\Wldp.dll
0x00007ffb73460000 - 0x00007ffb7350d000 	C:\WINDOWS\System32\SHCORE.dll
0x00007ffb724c0000 - 0x00007ffb72515000 	C:\WINDOWS\System32\shlwapi.dll
0x00007ffb70f20000 - 0x00007ffb70f3f000 	C:\WINDOWS\SYSTEM32\profapi.dll
0x00007ffb34c20000 - 0x00007ffb34c33000 	C:\Program Files\Java\jdk-19\bin\net.dll
0x00007ffb68120000 - 0x00007ffb6822c000 	C:\WINDOWS\SYSTEM32\WINHTTP.dll
0x00007ffb707a0000 - 0x00007ffb7080a000 	C:\WINDOWS\system32\mswsock.dll
0x00007ffb34c00000 - 0x00007ffb34c16000 	C:\Program Files\Java\jdk-19\bin\nio.dll
0x00007ffb33c00000 - 0x00007ffb33c18000 	C:\Program Files\Java\jdk-19\bin\zip.dll
0x00007ffb6aba0000 - 0x00007ffb6abaa000 	C:\Program Files\Java\jdk-19\bin\management.dll
0x00007ffb6a9e0000 - 0x00007ffb6a9eb000 	C:\Program Files\Java\jdk-19\bin\management_ext.dll
0x00007ffb72d70000 - 0x00007ffb72d78000 	C:\WINDOWS\System32\PSAPI.DLL
0x00007ffb3d1f0000 - 0x00007ffb3d200000 	C:\Program Files\Java\jdk-19\bin\verify.dll

dbghelp: loaded successfully - version: 4.0.5 - missing functions: none
symbol engine: initialized successfully - sym options: 0x614 - pdb path: .;C:\Program Files\Java\jdk-19\bin;C:\WINDOWS\SYSTEM32;C:\WINDOWS\WinSxS\amd64_microsoft.windows.common-controls_6595b64144ccf1df_6.0.19041.1110_none_60b5254171f9507e;C:\Program Files\Java\jdk-19\bin\server

VM Arguments:
java_command: C:\Users\USER\AppData\Local\Temp\surefire9619120845693850650\surefirebooter1645954079247833896.jar C:\Users\USER\AppData\Local\Temp\surefire9619120845693850650 2023-01-07T19-04-35_088-jvmRun1 surefire11077059282747330962tmp surefire_05694056109244794525tmp
java_class_path (initial): C:\Users\USER\AppData\Local\Temp\surefire9619120845693850650\surefirebooter1645954079247833896.jar
Launcher Type: SUN_STANDARD

[Global flags]
     intx CICompilerCount                          = 12                                        {product} {ergonomic}
     uint ConcGCThreads                            = 3                                         {product} {ergonomic}
     uint G1ConcRefinementThreads                  = 13                                        {product} {ergonomic}
   size_t G1HeapRegionSize                         = 1048576                                   {product} {ergonomic}
    uintx GCDrainStackTargetSize                   = 64                                        {product} {ergonomic}
   size_t InitialHeapSize                          = 134217728                                 {product} {ergonomic}
   size_t MarkStackSize                            = 4194304                                   {product} {ergonomic}
   size_t MaxHeapSize                              = 2134900736                                {product} {ergonomic}
   size_t MaxNewSize                               = 1280311296                                {product} {ergonomic}
   size_t MinHeapDeltaBytes                        = 1048576                                   {product} {ergonomic}
   size_t MinHeapSize                              = 8388608                                   {product} {ergonomic}
    uintx NonNMethodCodeHeapSize                   = 7602480                                {pd product} {ergonomic}
    uintx NonProfiledCodeHeapSize                  = 122027880                              {pd product} {ergonomic}
    uintx ProfiledCodeHeapSize                     = 122027880                              {pd product} {ergonomic}
    uintx ReservedCodeCacheSize                    = 251658240                              {pd product} {ergonomic}
     bool SegmentedCodeCache                       = true                                      {product} {ergonomic}
   size_t SoftMaxHeapSize                          = 2134900736                             {manageable} {ergonomic}
     bool UseCompressedClassPointers               = true                           {product lp64_product} {ergonomic}
     bool UseCompressedOops                        = true                           {product lp64_product} {ergonomic}
     bool UseG1GC                                  = true                                      {product} {ergonomic}
     bool UseLargePagesIndividualAllocation        = false                                  {pd product} {ergonomic}

Logging:
Log output configuration:
 #0: stdout all=warning uptime,level,tags foldmultilines=false
 #1: stderr all=off uptime,level,tags foldmultilines=false

Environment Variables:
JAVA_HOME=C:/Program Files/Java/jdk-19
PATH=C:\Users\USER\bin;D:\Git\Git\mingw64\bin;D:\Git\Git\usr\local\bin;D:\Git\Git\usr\bin;D:\Git\Git\usr\bin;D:\Git\Git\mingw64\bin;D:\Git\Git\usr\bin;C:\Users\USER\bin;C:\Python310\Scripts;C:\Python310;C:\Python39\Scripts;C:\Python39;C:\Program Files\Java\jdk-19;C:\Program Files\Common Files\Oracle\Java\javapath;C:\Program Files (x86)\Common Files\Oracle\Java\javapath;C:\WINDOWS\system32;C:\WINDOWS;C:\WINDOWS\System32\Wbem;C:\WINDOWS\System32\WindowsPowerShell\v1.0;C:\WINDOWS\System32\OpenSSH;C:\ProgramData\chocolatey\bin;C:\Program Files\nodejs;C:\Program Files\Microsoft SQL Server\150\Tools\Binn;C:\Program Files\dotnet;C:\Program Files\Microsoft SQL Server\130\Tools\Binn;C:\Program Files (x86)\Microsoft SQL Server\150\DTS\Binn;C:\Program Files\Azure Data Studio\bin;D:\Git\Git\cmd;C:\Program Files\Microsoft SQL Server\Client SDK\ODBC\170\Tools\Binn;C:\Program Files\Maven\apache-maven-3.8.6\bin;C:\Program Files (x86)\Microsoft SQL Server\150\Tools\Binn;C:\Program Files\Microsoft SQL Server\150\DTS\Binn;D:\Gradle\gradle-6.9.3\bin;C:\Program Files (x86)\EaseUS\bin;C:\Program Files (x86)\Microsoft SQL Server\160\Tools\Binn;C:\Program Files\Microsoft SQL Server\160\Tools\Binn;C:\Program Files\Microsoft SQL Server\160\DTS\Binn;C:\Program Files\AzureConnectedMachineAgent;C:\Program Files\Sql Server Extension;C:\Program Files\MySQL\MySQL Shell 8.0\bin;C:\Users\USER\AppData\Local\Microsoft\WindowsApp;C:\MinGW\bin;.;C:\Users\USER\AppData\Local\Programs\Microsoft VS Code\bi;.;C:\Users\USER\AppData\Local\Programs\Microsoft VS Code\bin;C:\Users\USER\AppData\Local\Microsoft\WindowsApps;C:\Program Files\JetBrains\WebStorm 2020.2.2\bin;C:\Users\USER\AppData\Roaming\npm;C:\Users\USER\.dotnet\tools;C:\Program Files\Azure Data Studio\bin;C:\Program Files (x86)\EaseUS\bin;D:\Git\Git\usr\bin\vendor_perl;D:\Git\Git\usr\bin\core_perl
USERNAME=USER
SHELL=D:\Git\Git\usr\bin\bash.exe
DISPLAY=needs-to-be-defined
LC_CTYPE=en_US.UTF-8
TERM=xterm
TMPDIR=C:\Users\USER\AppData\Local\Temp
OS=Windows_NT
PROCESSOR_IDENTIFIER=AMD64 Family 23 Model 8 Stepping 2, AuthenticAMD
TMP=C:\Users\USER\AppData\Local\Temp
TEMP=C:\Users\USER\AppData\Local\Temp



---------------  S Y S T E M  ---------------

OS:
 Windows 10 , 64 bit Build 19041 (10.0.19041.2364)
OS uptime: 7 days 22:58 hours

CPU: total 16 (initial active 16) (16 cores per cpu, 2 threads per core) family 23 model 8 stepping 2 microcode 0x0, cx8, cmov, fxsr, ht, mmx, 3dnowpref, sse, sse2, sse3, ssse3, sse4a, sse4.1, sse4.2, popcnt, lzcnt, tsc, tscinvbit, avx, avx2, aes, clmul, bmi1, bmi2, adx, sha, fma, vzeroupper, clflush, clflushopt, rdtscp

Memory: 4k page, system-wide physical 8140M (692M free)
TotalPageFile size 12164M (AvailPageFile size 8M)
current process WorkingSet (physical memory assigned to process): 121M, peak: 124M
current process commit charge ("private bytes"): 269M, peak: 272M

vm_info: Java HotSpot(TM) 64-Bit Server VM (19+36-2238) for windows-amd64 JRE (19+36-2238), built on 2022-08-12T20:29:01Z by "mach5one" with MS VC++ 17.1 (VS2022)

END.
