#
# There is insufficient memory for the Java Runtime Environment to continue.
# Native memory allocation (malloc) failed to allocate 2037296 bytes for Chunk::new
# Possible reasons:
#   The system is out of physical RAM or swap space
#   The process is running with CompressedOops enabled, and the Java Heap may be blocking the growth of the native heap
# Possible solutions:
#   Reduce memory load on the system
#   Increase physical memory or swap space
#   Check if swap backing store is full
#   Decrease Java heap size (-Xmx/-Xms)
#   Decrease number of Java threads
#   Decrease Java thread stack sizes (-Xss)
#   Set larger code cache with -XX:ReservedCodeCacheSize=
#   JVM is running with Unscaled Compressed Oops mode in which the Java heap is
#     placed in the first 4GB address space. The Java Heap base address is the
#     maximum limit for the native heap growth. Please use -XX:HeapBaseMinAddress
#     to set the Java Heap base and to place the Java Heap above 4GB virtual address.
# This output file may be truncated or incomplete.
#
#  Out of Memory Error (arena.cpp:184), pid=4292, tid=14416
#
# JRE version: Java(TM) SE Runtime Environment (19.0+36) (build 19+36-2238)
# Java VM: Java HotSpot(TM) 64-Bit Server VM (19+36-2238, mixed mode, sharing, tiered, compressed oops, compressed class ptrs, g1 gc, windows-amd64)
# No core dump will be written. Minidumps are not enabled by default on client versions of Windows
#

---------------  S U M M A R Y ------------

Command Line: -Dclassworlds.conf=C:/Program Files/Maven/apache-maven-3.8.6/bin/m2.conf -Dmaven.home=C:/Program Files/Maven/apache-maven-3.8.6 -Dlibrary.jansi.path=C:/Program Files/Maven/apache-maven-3.8.6/lib/jansi-native -Dmaven.multiModuleProjectDirectory=D:/DIANS/Dians_demo org.codehaus.plexus.classworlds.launcher.Launcher install

Host: AMD Ryzen 7 2700X Eight-Core Processor         , 16 cores, 7G,  Windows 10 , 64 bit Build 19041 (10.0.19041.2364)
Time: Sat Jan  7 19:04:36 2023 Central European Standard Time elapsed time: 3.536571 seconds (0d 0h 0m 3s)

---------------  T H R E A D  ---------------

Current thread (0x0000025eff00d740):  JavaThread "C2 CompilerThread2" daemon [_thread_in_native, id=14416, stack(0x0000006c6bb00000,0x0000006c6bc00000)]


Current CompileTask:
C2:   3536 4772       4       org.apache.maven.model.inheritance.DefaultInheritanceAssembler$InheritanceModelMerger::mergePluginContainer_Plugins (430 bytes)

Stack: [0x0000006c6bb00000,0x0000006c6bc00000]
Native frames: (J=compiled Java code, j=interpreted, Vv=VM code, C=native code)
V  [jvm.dll+0x6ee8fa]
V  [jvm.dll+0x857a1e]
V  [jvm.dll+0x85940e]
V  [jvm.dll+0x859ac3]
V  [jvm.dll+0x28291f]
V  [jvm.dll+0xc9b5f]
V  [jvm.dll+0xc9ee5]
V  [jvm.dll+0x3bcb72]
V  [jvm.dll+0x386201]
V  [jvm.dll+0x38567a]
V  [jvm.dll+0x24c2c9]
V  [jvm.dll+0x24b671]
V  [jvm.dll+0x1d6d61]
V  [jvm.dll+0x25b0fa]
V  [jvm.dll+0x259588]
V  [jvm.dll+0x807928]
V  [jvm.dll+0x8015fa]
V  [jvm.dll+0x6ed5eb]
C  [ucrtbase.dll+0x21bb2]
C  [KERNEL32.DLL+0x17614]
C  [ntdll.dll+0x526a1]


---------------  P R O C E S S  ---------------

Threads class SMR info:
_java_thread_list=0x0000025e8f0ed210, length=28, elements={
0x0000025ee9ea3f60, 0x0000025efa2a2d80, 0x0000025efa2a3b70, 0x0000025efa2a9180,
0x0000025efa2aaac0, 0x0000025efa2ab3f0, 0x0000025efa2abe60, 0x0000025efa2b1110,
0x0000025efa2bdab0, 0x0000025efa2c8c00, 0x0000025efe504100, 0x0000025efe5286a0,
0x0000025efe53f370, 0x0000025efe54bd40, 0x0000025efe942410, 0x0000025efeecc430,
0x0000025eff00d740, 0x0000025efff2aa90, 0x0000025efff2b530, 0x0000025efff28010,
0x0000025efff2afe0, 0x0000025efff29550, 0x0000025efff28560, 0x0000025efff28ab0,
0x0000025efff29ff0, 0x0000025effc74740, 0x0000025effc70780, 0x0000025effc6cd10
}

Java Threads: ( => current thread )
  0x0000025ee9ea3f60 JavaThread "main" [_thread_in_native, id=15772, stack(0x0000006c6a400000,0x0000006c6a500000)]
  0x0000025efa2a2d80 JavaThread "Reference Handler" daemon [_thread_blocked, id=10092, stack(0x0000006c6ab00000,0x0000006c6ac00000)]
  0x0000025efa2a3b70 JavaThread "Finalizer" daemon [_thread_blocked, id=15576, stack(0x0000006c6ac00000,0x0000006c6ad00000)]
  0x0000025efa2a9180 JavaThread "Signal Dispatcher" daemon [_thread_blocked, id=15796, stack(0x0000006c6ad00000,0x0000006c6ae00000)]
  0x0000025efa2aaac0 JavaThread "Attach Listener" daemon [_thread_blocked, id=10128, stack(0x0000006c6ae00000,0x0000006c6af00000)]
  0x0000025efa2ab3f0 JavaThread "Service Thread" daemon [_thread_blocked, id=18704, stack(0x0000006c6af00000,0x0000006c6b000000)]
  0x0000025efa2abe60 JavaThread "Monitor Deflation Thread" daemon [_thread_blocked, id=12868, stack(0x0000006c6b000000,0x0000006c6b100000)]
  0x0000025efa2b1110 JavaThread "C2 CompilerThread0" daemon [_thread_blocked, id=9876, stack(0x0000006c6b100000,0x0000006c6b200000)]
  0x0000025efa2bdab0 JavaThread "C1 CompilerThread0" daemon [_thread_blocked, id=14228, stack(0x0000006c6b200000,0x0000006c6b300000)]
  0x0000025efa2c8c00 JavaThread "Sweeper thread" daemon [_thread_blocked, id=18184, stack(0x0000006c6b300000,0x0000006c6b400000)]
  0x0000025efe504100 JavaThread "C1 CompilerThread1" daemon [_thread_blocked, id=13912, stack(0x0000006c6b400000,0x0000006c6b500000)]
  0x0000025efe5286a0 JavaThread "C1 CompilerThread2" daemon [_thread_blocked, id=6856, stack(0x0000006c6b500000,0x0000006c6b600000)]
  0x0000025efe53f370 JavaThread "Notification Thread" daemon [_thread_blocked, id=15544, stack(0x0000006c6b600000,0x0000006c6b700000)]
  0x0000025efe54bd40 JavaThread "Common-Cleaner" daemon [_thread_blocked, id=3868, stack(0x0000006c6b800000,0x0000006c6b900000)]
  0x0000025efe942410 JavaThread "C1 CompilerThread3" daemon [_thread_blocked, id=15560, stack(0x0000006c6b900000,0x0000006c6ba00000)]
  0x0000025efeecc430 JavaThread "C2 CompilerThread1" daemon [_thread_blocked, id=13440, stack(0x0000006c6ba00000,0x0000006c6bb00000)]
=>0x0000025eff00d740 JavaThread "C2 CompilerThread2" daemon [_thread_in_native, id=14416, stack(0x0000006c6bb00000,0x0000006c6bc00000)]
  0x0000025efff2aa90 JavaThread "resolver-1" daemon [_thread_blocked, id=17056, stack(0x0000006c6c900000,0x0000006c6ca00000)]
  0x0000025efff2b530 JavaThread "resolver-2" daemon [_thread_blocked, id=1588, stack(0x0000006c6ca00000,0x0000006c6cb00000)]
  0x0000025efff28010 JavaThread "resolver-3" daemon [_thread_blocked, id=14264, stack(0x0000006c6cb00000,0x0000006c6cc00000)]
  0x0000025efff2afe0 JavaThread "resolver-4" daemon [_thread_blocked, id=13412, stack(0x0000006c6cc00000,0x0000006c6cd00000)]
  0x0000025efff29550 JavaThread "resolver-5" daemon [_thread_blocked, id=16068, stack(0x0000006c6cd00000,0x0000006c6ce00000)]
  0x0000025efff28560 JavaThread "timeout-check-timer" daemon [_thread_blocked, id=12932, stack(0x0000006c6ce00000,0x0000006c6cf00000)]
  0x0000025efff28ab0 JavaThread "ping-timer-10s" daemon [_thread_blocked, id=10992, stack(0x0000006c6cf00000,0x0000006c6d000000)]
  0x0000025efff29ff0 JavaThread "ThreadedStreamConsumer" daemon [_thread_blocked, id=12604, stack(0x0000006c6d000000,0x0000006c6d100000)]
  0x0000025effc74740 JavaThread "Thread-2" [_thread_blocked, id=10480, stack(0x0000006c6d100000,0x0000006c6d200000)]
  0x0000025effc70780 JavaThread "Thread-3" [_thread_in_native, id=17464, stack(0x0000006c6d200000,0x0000006c6d300000)]
  0x0000025effc6cd10 JavaThread "Thread-4" [_thread_in_native, id=2924, stack(0x0000006c6d300000,0x0000006c6d400000)]

Other Threads:
  0x0000025efa289c70 VMThread "VM Thread" [stack: 0x0000006c6aa00000,0x0000006c6ab00000] [id=9380]
  0x0000025efe5478d0 WatcherThread "VM Periodic Task Thread" [stack: 0x0000006c6b700000,0x0000006c6b800000] [id=12760]
  0x0000025ee9f05450 WorkerThread "GC Thread#0" [stack: 0x0000006c6a500000,0x0000006c6a600000] [id=1276]
  0x0000025efe8b6600 WorkerThread "GC Thread#1" [stack: 0x0000006c6be00000,0x0000006c6bf00000] [id=2412]
  0x0000025efe8b5250 WorkerThread "GC Thread#2" [stack: 0x0000006c6bf00000,0x0000006c6c000000] [id=16464]
  0x0000025efe8b49e0 WorkerThread "GC Thread#3" [stack: 0x0000006c6c000000,0x0000006c6c100000] [id=1240]
  0x0000025efe8b57f0 WorkerThread "GC Thread#4" [stack: 0x0000006c6c100000,0x0000006c6c200000] [id=12068]
  0x0000025efe8b4f80 WorkerThread "GC Thread#5" [stack: 0x0000006c6c200000,0x0000006c6c300000] [id=6860]
  0x0000025efe8b6330 WorkerThread "GC Thread#6" [stack: 0x0000006c6c300000,0x0000006c6c400000] [id=11160]
  0x0000025efe8b4cb0 WorkerThread "GC Thread#7" [stack: 0x0000006c6c400000,0x0000006c6c500000] [id=18732]
  0x0000025eff1ab710 WorkerThread "GC Thread#8" [stack: 0x0000006c6bd00000,0x0000006c6be00000] [id=11812]
  0x0000025eff1ae410 WorkerThread "GC Thread#9" [stack: 0x0000006c6c500000,0x0000006c6c600000] [id=16620]
  0x0000025eff1ad330 WorkerThread "GC Thread#10" [stack: 0x0000006c6c600000,0x0000006c6c700000] [id=9100]
  0x0000025eff1ae140 WorkerThread "GC Thread#11" [stack: 0x0000006c6c700000,0x0000006c6c800000] [id=16416]
  0x0000025eff1ac250 WorkerThread "GC Thread#12" [stack: 0x0000006c6c800000,0x0000006c6c900000] [id=7432]
  0x0000025ee9f163d0 ConcurrentGCThread "G1 Main Marker" [stack: 0x0000006c6a600000,0x0000006c6a700000] [id=13972]
  0x0000025ee9f175a0 WorkerThread "G1 Conc#0" [stack: 0x0000006c6a700000,0x0000006c6a800000] [id=14268]
  0x0000025efa141bc0 ConcurrentGCThread "G1 Refine#0" [stack: 0x0000006c6a800000,0x0000006c6a900000] [id=11576]
  0x0000025efa142700 ConcurrentGCThread "G1 Service" [stack: 0x0000006c6a900000,0x0000006c6aa00000] [id=1572]

Threads with active compile tasks:
C2 CompilerThread2     3549 4772       4       org.apache.maven.model.inheritance.DefaultInheritanceAssembler$InheritanceModelMerger::mergePluginContainer_Plugins (430 bytes)

VM state: not at safepoint (normal execution)

VM Mutex/Monitor currently owned by a thread: None

Heap address: 0x0000000080c00000, size: 2036 MB, Compressed Oops mode: 32-bit

CDS archive(s) mapped at: [0x0000000800000000-0x0000000800c40000-0x0000000800c40000), size 12845056, SharedBaseAddress: 0x0000000800000000, ArchiveRelocationMode: 0.
Compressed class space mapped at: 0x0000000801000000-0x0000000841000000, reserved size: 1073741824
Narrow klass base: 0x0000000800000000, Narrow klass shift: 0, Narrow klass range: 0x100000000

GC Precious Log:
 CardTable entry size: 512
 Card Set container configuration: InlinePtr #cards 5 size 8 Array Of Cards #cards 12 size 40 Howl #buckets 4 coarsen threshold 1843 Howl Bitmap #cards 512 size 80 coarsen threshold 460 Card regions per heap region 1 cards per card region 2048
 CPUs: 16 total, 16 available
 Memory: 8140M
 Large Page Support: Disabled
 NUMA Support: Disabled
 Compressed Oops: Enabled (32-bit)
 Heap Region Size: 1M
 Heap Min Capacity: 8M
 Heap Initial Capacity: 128M
 Heap Max Capacity: 2036M
 Pre-touch: Disabled
 Parallel Workers: 13
 Concurrent Workers: 3
 Concurrent Refinement Workers: 13
 Periodic GC: Disabled

Heap:
 garbage-first heap   total 157696K, used 110392K [0x0000000080c00000, 0x0000000100000000)
  region size 1024K, 65 young (66560K), 1 survivors (1024K)
 Metaspace       used 18447K, committed 18816K, reserved 1114112K
  class space    used 1868K, committed 2048K, reserved 1048576K

Heap Regions: E=young(eden), S=young(survivor), O=old, HS=humongous(starts), HC=humongous(continues), CS=collection set, F=free, OA=open archive, CA=closed archive, TAMS=top-at-mark-start (previous, next)
|   0|0x0000000080c00000, 0x0000000080d00000, 0x0000000080d00000|100%| O|  |TAMS 0x0000000080c00000, 0x0000000080d00000| Untracked 
|   1|0x0000000080d00000, 0x0000000080e00000, 0x0000000080e00000|100%| O|  |TAMS 0x0000000080d00000, 0x0000000080e00000| Untracked 
|   2|0x0000000080e00000, 0x0000000080f00000, 0x0000000080f00000|100%| O|  |TAMS 0x0000000080e00000, 0x0000000080f00000| Untracked 
|   3|0x0000000080f00000, 0x0000000081000000, 0x0000000081000000|100%| O|  |TAMS 0x0000000080f00000, 0x0000000081000000| Untracked 
|   4|0x0000000081000000, 0x0000000081100000, 0x0000000081100000|100%|HS|  |TAMS 0x0000000081000000, 0x0000000081000000| Complete 
|   5|0x0000000081100000, 0x0000000081200000, 0x0000000081200000|100%|HC|  |TAMS 0x0000000081100000, 0x0000000081100000| Complete 
|   6|0x0000000081200000, 0x0000000081300000, 0x0000000081300000|100%|HC|  |TAMS 0x0000000081200000, 0x0000000081200000| Complete 
|   7|0x0000000081300000, 0x0000000081400000, 0x0000000081400000|100%|HC|  |TAMS 0x0000000081300000, 0x0000000081300000| Complete 
|   8|0x0000000081400000, 0x0000000081500000, 0x0000000081500000|100%|HC|  |TAMS 0x0000000081400000, 0x0000000081400000| Complete 
|   9|0x0000000081500000, 0x0000000081600000, 0x0000000081600000|100%|HC|  |TAMS 0x0000000081500000, 0x0000000081500000| Complete 
|  10|0x0000000081600000, 0x0000000081700000, 0x0000000081700000|100%|HC|  |TAMS 0x0000000081600000, 0x0000000081600000| Complete 
|  11|0x0000000081700000, 0x0000000081800000, 0x0000000081800000|100%|HC|  |TAMS 0x0000000081700000, 0x0000000081700000| Complete 
|  12|0x0000000081800000, 0x0000000081900000, 0x0000000081900000|100%|HC|  |TAMS 0x0000000081800000, 0x0000000081800000| Complete 
|  13|0x0000000081900000, 0x0000000081a00000, 0x0000000081a00000|100%|HC|  |TAMS 0x0000000081900000, 0x0000000081900000| Complete 
|  14|0x0000000081a00000, 0x0000000081b00000, 0x0000000081b00000|100%|HC|  |TAMS 0x0000000081a00000, 0x0000000081a00000| Complete 
|  15|0x0000000081b00000, 0x0000000081c00000, 0x0000000081c00000|100%|HC|  |TAMS 0x0000000081b00000, 0x0000000081b00000| Complete 
|  16|0x0000000081c00000, 0x0000000081d00000, 0x0000000081d00000|100%|HS|  |TAMS 0x0000000081c00000, 0x0000000081d00000| Complete 
|  17|0x0000000081d00000, 0x0000000081e00000, 0x0000000081e00000|100%|HC|  |TAMS 0x0000000081d00000, 0x0000000081e00000| Complete 
|  18|0x0000000081e00000, 0x0000000081f00000, 0x0000000081f00000|100%|HC|  |TAMS 0x0000000081e00000, 0x0000000081f00000| Complete 
|  19|0x0000000081f00000, 0x0000000082000000, 0x0000000082000000|100%|HC|  |TAMS 0x0000000081f00000, 0x0000000082000000| Complete 
|  20|0x0000000082000000, 0x0000000082100000, 0x0000000082100000|100%|HC|  |TAMS 0x0000000082000000, 0x0000000082100000| Complete 
|  21|0x0000000082100000, 0x0000000082200000, 0x0000000082200000|100%|HC|  |TAMS 0x0000000082100000, 0x0000000082200000| Complete 
|  22|0x0000000082200000, 0x0000000082300000, 0x0000000082300000|100%|HC|  |TAMS 0x0000000082200000, 0x0000000082300000| Complete 
|  23|0x0000000082300000, 0x0000000082400000, 0x0000000082400000|100%|HC|  |TAMS 0x0000000082300000, 0x0000000082400000| Complete 
|  24|0x0000000082400000, 0x0000000082500000, 0x0000000082500000|100%|HS|  |TAMS 0x0000000082400000, 0x0000000082400000| Complete 
|  25|0x0000000082500000, 0x0000000082600000, 0x0000000082600000|100%|HC|  |TAMS 0x0000000082500000, 0x0000000082500000| Complete 
|  26|0x0000000082600000, 0x0000000082700000, 0x0000000082700000|100%|HC|  |TAMS 0x0000000082600000, 0x0000000082600000| Complete 
|  27|0x0000000082700000, 0x0000000082800000, 0x0000000082800000|100%|HC|  |TAMS 0x0000000082700000, 0x0000000082700000| Complete 
|  28|0x0000000082800000, 0x0000000082900000, 0x0000000082900000|100%|HC|  |TAMS 0x0000000082800000, 0x0000000082800000| Complete 
|  29|0x0000000082900000, 0x0000000082a00000, 0x0000000082a00000|100%|HC|  |TAMS 0x0000000082900000, 0x0000000082900000| Complete 
|  30|0x0000000082a00000, 0x0000000082b00000, 0x0000000082b00000|100%|HC|  |TAMS 0x0000000082a00000, 0x0000000082a00000| Complete 
|  31|0x0000000082b00000, 0x0000000082c00000, 0x0000000082c00000|100%|HC|  |TAMS 0x0000000082b00000, 0x0000000082b00000| Complete 
|  32|0x0000000082c00000, 0x0000000082d00000, 0x0000000082d00000|100%|HC|  |TAMS 0x0000000082c00000, 0x0000000082c00000| Complete 
|  33|0x0000000082d00000, 0x0000000082e00000, 0x0000000082e00000|100%|HC|  |TAMS 0x0000000082d00000, 0x0000000082d00000| Complete 
|  34|0x0000000082e00000, 0x0000000082f00000, 0x0000000082f00000|100%|HC|  |TAMS 0x0000000082e00000, 0x0000000082e00000| Complete 
|  35|0x0000000082f00000, 0x0000000083000000, 0x0000000083000000|100%|HC|  |TAMS 0x0000000082f00000, 0x0000000082f00000| Complete 
|  36|0x0000000083000000, 0x0000000083100000, 0x0000000083100000|100%| O|  |TAMS 0x0000000083000000, 0x0000000083100000| Untracked 
|  37|0x0000000083100000, 0x0000000083200000, 0x0000000083200000|100%| O|  |TAMS 0x0000000083100000, 0x0000000083200000| Untracked 
|  38|0x0000000083200000, 0x0000000083300000, 0x0000000083300000|100%| O|  |TAMS 0x0000000083200000, 0x0000000083300000| Untracked 
|  39|0x0000000083300000, 0x0000000083400000, 0x0000000083400000|100%| O|  |TAMS 0x0000000083300000, 0x0000000083400000| Untracked 
|  40|0x0000000083400000, 0x0000000083500000, 0x0000000083500000|100%| O|  |TAMS 0x0000000083400000, 0x0000000083500000| Untracked 
|  41|0x0000000083500000, 0x0000000083600000, 0x0000000083600000|100%| O|  |TAMS 0x0000000083500000, 0x0000000083600000| Untracked 
|  42|0x0000000083600000, 0x0000000083700000, 0x0000000083700000|100%| O|  |TAMS 0x0000000083600000, 0x0000000083700000| Untracked 
|  43|0x0000000083700000, 0x0000000083700000, 0x0000000083800000|  0%| F|  |TAMS 0x0000000083700000, 0x0000000083700000| Untracked 
|  44|0x0000000083800000, 0x0000000083800000, 0x0000000083900000|  0%| F|  |TAMS 0x0000000083800000, 0x0000000083800000| Untracked 
|  45|0x0000000083900000, 0x0000000083900000, 0x0000000083a00000|  0%| F|  |TAMS 0x0000000083900000, 0x0000000083900000| Untracked 
|  46|0x0000000083a00000, 0x0000000083a00000, 0x0000000083b00000|  0%| F|  |TAMS 0x0000000083a00000, 0x0000000083a00000| Untracked 
|  47|0x0000000083b00000, 0x0000000083b00000, 0x0000000083c00000|  0%| F|  |TAMS 0x0000000083b00000, 0x0000000083b00000| Untracked 
|  48|0x0000000083c00000, 0x0000000083c00000, 0x0000000083d00000|  0%| F|  |TAMS 0x0000000083c00000, 0x0000000083c00000| Untracked 
|  49|0x0000000083d00000, 0x0000000083d00000, 0x0000000083e00000|  0%| F|  |TAMS 0x0000000083d00000, 0x0000000083d00000| Untracked 
|  50|0x0000000083e00000, 0x0000000083e00000, 0x0000000083f00000|  0%| F|  |TAMS 0x0000000083e00000, 0x0000000083e00000| Untracked 
|  51|0x0000000083f00000, 0x0000000083f00000, 0x0000000084000000|  0%| F|  |TAMS 0x0000000083f00000, 0x0000000083f00000| Untracked 
|  52|0x0000000084000000, 0x0000000084000000, 0x0000000084100000|  0%| F|  |TAMS 0x0000000084000000, 0x0000000084000000| Untracked 
|  53|0x0000000084100000, 0x0000000084100000, 0x0000000084200000|  0%| F|  |TAMS 0x0000000084100000, 0x0000000084100000| Untracked 
|  54|0x0000000084200000, 0x0000000084200000, 0x0000000084300000|  0%| F|  |TAMS 0x0000000084200000, 0x0000000084200000| Untracked 
|  55|0x0000000084300000, 0x0000000084300000, 0x0000000084400000|  0%| F|  |TAMS 0x0000000084300000, 0x0000000084300000| Untracked 
|  56|0x0000000084400000, 0x0000000084400000, 0x0000000084500000|  0%| F|  |TAMS 0x0000000084400000, 0x0000000084400000| Untracked 
|  57|0x0000000084500000, 0x0000000084500000, 0x0000000084600000|  0%| F|  |TAMS 0x0000000084500000, 0x0000000084500000| Untracked 
|  58|0x0000000084600000, 0x0000000084600000, 0x0000000084700000|  0%| F|  |TAMS 0x0000000084600000, 0x0000000084600000| Untracked 
|  59|0x0000000084700000, 0x0000000084700000, 0x0000000084800000|  0%| F|  |TAMS 0x0000000084700000, 0x0000000084700000| Untracked 
|  60|0x0000000084800000, 0x0000000084800000, 0x0000000084900000|  0%| F|  |TAMS 0x0000000084800000, 0x0000000084800000| Untracked 
|  61|0x0000000084900000, 0x0000000084900000, 0x0000000084a00000|  0%| F|  |TAMS 0x0000000084900000, 0x0000000084900000| Untracked 
|  62|0x0000000084a00000, 0x0000000084a00000, 0x0000000084b00000|  0%| F|  |TAMS 0x0000000084a00000, 0x0000000084a00000| Untracked 
|  63|0x0000000084b00000, 0x0000000084b00000, 0x0000000084c00000|  0%| F|  |TAMS 0x0000000084b00000, 0x0000000084b00000| Untracked 
|  64|0x0000000084c00000, 0x0000000084c00000, 0x0000000084d00000|  0%| F|  |TAMS 0x0000000084c00000, 0x0000000084c00000| Untracked 
|  65|0x0000000084d00000, 0x0000000084d00000, 0x0000000084e00000|  0%| F|  |TAMS 0x0000000084d00000, 0x0000000084d00000| Untracked 
|  66|0x0000000084e00000, 0x0000000084e00000, 0x0000000084f00000|  0%| F|  |TAMS 0x0000000084e00000, 0x0000000084e00000| Untracked 
|  67|0x0000000084f00000, 0x0000000084f00000, 0x0000000085000000|  0%| F|  |TAMS 0x0000000084f00000, 0x0000000084f00000| Untracked 
|  68|0x0000000085000000, 0x0000000085000000, 0x0000000085100000|  0%| F|  |TAMS 0x0000000085000000, 0x0000000085000000| Untracked 
|  69|0x0000000085100000, 0x0000000085100000, 0x0000000085200000|  0%| F|  |TAMS 0x0000000085100000, 0x0000000085100000| Untracked 
|  70|0x0000000085200000, 0x0000000085200000, 0x0000000085300000|  0%| F|  |TAMS 0x0000000085200000, 0x0000000085200000| Untracked 
|  71|0x0000000085300000, 0x0000000085300000, 0x0000000085400000|  0%| F|  |TAMS 0x0000000085300000, 0x0000000085300000| Untracked 
|  72|0x0000000085400000, 0x00000000854ce200, 0x0000000085500000| 80%| O|  |TAMS 0x0000000085400000, 0x00000000854ce200| Untracked 
|  73|0x0000000085500000, 0x0000000085500000, 0x0000000085600000|  0%| F|  |TAMS 0x0000000085500000, 0x0000000085500000| Untracked 
|  74|0x0000000085600000, 0x0000000085600000, 0x0000000085700000|  0%| F|  |TAMS 0x0000000085600000, 0x0000000085600000| Untracked 
|  75|0x0000000085700000, 0x0000000085700000, 0x0000000085800000|  0%| F|  |TAMS 0x0000000085700000, 0x0000000085700000| Untracked 
|  76|0x0000000085800000, 0x0000000085800000, 0x0000000085900000|  0%| F|  |TAMS 0x0000000085800000, 0x0000000085800000| Untracked 
|  77|0x0000000085900000, 0x0000000085900000, 0x0000000085a00000|  0%| F|  |TAMS 0x0000000085900000, 0x0000000085900000| Untracked 
|  78|0x0000000085a00000, 0x0000000085a00000, 0x0000000085b00000|  0%| F|  |TAMS 0x0000000085a00000, 0x0000000085a00000| Untracked 
|  79|0x0000000085b00000, 0x0000000085b00000, 0x0000000085c00000|  0%| F|  |TAMS 0x0000000085b00000, 0x0000000085b00000| Untracked 
|  80|0x0000000085c00000, 0x0000000085c00000, 0x0000000085d00000|  0%| F|  |TAMS 0x0000000085c00000, 0x0000000085c00000| Untracked 
|  81|0x0000000085d00000, 0x0000000085d00000, 0x0000000085e00000|  0%| F|  |TAMS 0x0000000085d00000, 0x0000000085d00000| Untracked 
|  82|0x0000000085e00000, 0x0000000085e00000, 0x0000000085f00000|  0%| F|  |TAMS 0x0000000085e00000, 0x0000000085e00000| Untracked 
|  83|0x0000000085f00000, 0x0000000085f00000, 0x0000000086000000|  0%| F|  |TAMS 0x0000000085f00000, 0x0000000085f00000| Untracked 
|  84|0x0000000086000000, 0x0000000086000000, 0x0000000086100000|  0%| F|  |TAMS 0x0000000086000000, 0x0000000086000000| Untracked 
|  85|0x0000000086100000, 0x0000000086100000, 0x0000000086200000|  0%| F|  |TAMS 0x0000000086100000, 0x0000000086100000| Untracked 
|  86|0x0000000086200000, 0x0000000086200000, 0x0000000086300000|  0%| F|  |TAMS 0x0000000086200000, 0x0000000086200000| Untracked 
|  87|0x0000000086300000, 0x0000000086300000, 0x0000000086400000|  0%| F|  |TAMS 0x0000000086300000, 0x0000000086300000| Untracked 
|  88|0x0000000086400000, 0x0000000086400000, 0x0000000086500000|  0%| F|  |TAMS 0x0000000086400000, 0x0000000086400000| Untracked 
|  89|0x0000000086500000, 0x00000000865e9bf0, 0x0000000086600000| 91%| E|  |TAMS 0x0000000086500000, 0x0000000086500000| Complete 
|  90|0x0000000086600000, 0x0000000086700000, 0x0000000086700000|100%| E|CS|TAMS 0x0000000086600000, 0x0000000086600000| Complete 
|  91|0x0000000086700000, 0x0000000086800000, 0x0000000086800000|100%| E|CS|TAMS 0x0000000086700000, 0x0000000086700000| Complete 
|  92|0x0000000086800000, 0x0000000086900000, 0x0000000086900000|100%| E|CS|TAMS 0x0000000086800000, 0x0000000086800000| Complete 
|  93|0x0000000086900000, 0x0000000086a00000, 0x0000000086a00000|100%| E|CS|TAMS 0x0000000086900000, 0x0000000086900000| Complete 
|  94|0x0000000086a00000, 0x0000000086b00000, 0x0000000086b00000|100%| E|CS|TAMS 0x0000000086a00000, 0x0000000086a00000| Complete 
|  95|0x0000000086b00000, 0x0000000086c00000, 0x0000000086c00000|100%| E|CS|TAMS 0x0000000086b00000, 0x0000000086b00000| Complete 
|  96|0x0000000086c00000, 0x0000000086d00000, 0x0000000086d00000|100%| E|CS|TAMS 0x0000000086c00000, 0x0000000086c00000| Complete 
|  97|0x0000000086d00000, 0x0000000086e00000, 0x0000000086e00000|100%| E|CS|TAMS 0x0000000086d00000, 0x0000000086d00000| Complete 
|  98|0x0000000086e00000, 0x0000000086f00000, 0x0000000086f00000|100%| E|CS|TAMS 0x0000000086e00000, 0x0000000086e00000| Complete 
|  99|0x0000000086f00000, 0x0000000087000000, 0x0000000087000000|100%| E|CS|TAMS 0x0000000086f00000, 0x0000000086f00000| Complete 
| 100|0x0000000087000000, 0x0000000087100000, 0x0000000087100000|100%| E|CS|TAMS 0x0000000087000000, 0x0000000087000000| Complete 
| 101|0x0000000087100000, 0x0000000087200000, 0x0000000087200000|100%| E|CS|TAMS 0x0000000087100000, 0x0000000087100000| Complete 
| 102|0x0000000087200000, 0x0000000087300000, 0x0000000087300000|100%| E|CS|TAMS 0x0000000087200000, 0x0000000087200000| Complete 
| 103|0x0000000087300000, 0x0000000087400000, 0x0000000087400000|100%| E|CS|TAMS 0x0000000087300000, 0x0000000087300000| Complete 
| 104|0x0000000087400000, 0x0000000087500000, 0x0000000087500000|100%| E|CS|TAMS 0x0000000087400000, 0x0000000087400000| Complete 
| 105|0x0000000087500000, 0x0000000087600000, 0x0000000087600000|100%| E|CS|TAMS 0x0000000087500000, 0x0000000087500000| Complete 
| 106|0x0000000087600000, 0x0000000087700000, 0x0000000087700000|100%| E|CS|TAMS 0x0000000087600000, 0x0000000087600000| Complete 
| 107|0x0000000087700000, 0x0000000087800000, 0x0000000087800000|100%| E|CS|TAMS 0x0000000087700000, 0x0000000087700000| Complete 
| 108|0x0000000087800000, 0x0000000087900000, 0x0000000087900000|100%| E|CS|TAMS 0x0000000087800000, 0x0000000087800000| Complete 
| 109|0x0000000087900000, 0x0000000087a00000, 0x0000000087a00000|100%| E|CS|TAMS 0x0000000087900000, 0x0000000087900000| Complete 
| 110|0x0000000087a00000, 0x0000000087b00000, 0x0000000087b00000|100%| E|CS|TAMS 0x0000000087a00000, 0x0000000087a00000| Complete 
| 111|0x0000000087b00000, 0x0000000087c00000, 0x0000000087c00000|100%| E|CS|TAMS 0x0000000087b00000, 0x0000000087b00000| Complete 
| 112|0x0000000087c00000, 0x0000000087d00000, 0x0000000087d00000|100%| E|CS|TAMS 0x0000000087c00000, 0x0000000087c00000| Complete 
| 113|0x0000000087d00000, 0x0000000087e00000, 0x0000000087e00000|100%| E|CS|TAMS 0x0000000087d00000, 0x0000000087d00000| Complete 
| 114|0x0000000087e00000, 0x0000000087f00000, 0x0000000087f00000|100%| E|CS|TAMS 0x0000000087e00000, 0x0000000087e00000| Complete 
| 115|0x0000000087f00000, 0x0000000088000000, 0x0000000088000000|100%| E|CS|TAMS 0x0000000087f00000, 0x0000000087f00000| Complete 
| 116|0x0000000088000000, 0x0000000088100000, 0x0000000088100000|100%| E|CS|TAMS 0x0000000088000000, 0x0000000088000000| Complete 
| 117|0x0000000088100000, 0x0000000088200000, 0x0000000088200000|100%| E|CS|TAMS 0x0000000088100000, 0x0000000088100000| Complete 
| 118|0x0000000088200000, 0x0000000088300000, 0x0000000088300000|100%| E|CS|TAMS 0x0000000088200000, 0x0000000088200000| Complete 
| 119|0x0000000088300000, 0x0000000088400000, 0x0000000088400000|100%| E|CS|TAMS 0x0000000088300000, 0x0000000088300000| Complete 
| 120|0x0000000088400000, 0x0000000088500000, 0x0000000088500000|100%| E|CS|TAMS 0x0000000088400000, 0x0000000088400000| Complete 
| 121|0x0000000088500000, 0x0000000088600000, 0x0000000088600000|100%| E|CS|TAMS 0x0000000088500000, 0x0000000088500000| Complete 
| 122|0x0000000088600000, 0x0000000088700000, 0x0000000088700000|100%| E|CS|TAMS 0x0000000088600000, 0x0000000088600000| Complete 
| 123|0x0000000088700000, 0x0000000088800000, 0x0000000088800000|100%| E|CS|TAMS 0x0000000088700000, 0x0000000088700000| Complete 
| 124|0x0000000088800000, 0x0000000088900000, 0x0000000088900000|100%| E|CS|TAMS 0x0000000088800000, 0x0000000088800000| Complete 
| 125|0x0000000088900000, 0x0000000088a00000, 0x0000000088a00000|100%| E|CS|TAMS 0x0000000088900000, 0x0000000088900000| Complete 
| 126|0x0000000088a00000, 0x0000000088b00000, 0x0000000088b00000|100%| S|CS|TAMS 0x0000000088a00000, 0x0000000088a00000| Complete 
| 127|0x0000000088b00000, 0x0000000088c00000, 0x0000000088c00000|100%| E|CS|TAMS 0x0000000088b00000, 0x0000000088b00000| Complete 
| 128|0x0000000088c00000, 0x0000000088d00000, 0x0000000088d00000|100%| E|CS|TAMS 0x0000000088c00000, 0x0000000088c00000| Complete 
| 129|0x0000000088d00000, 0x0000000088e00000, 0x0000000088e00000|100%| E|CS|TAMS 0x0000000088d00000, 0x0000000088d00000| Complete 
| 130|0x0000000088e00000, 0x0000000088f00000, 0x0000000088f00000|100%| E|CS|TAMS 0x0000000088e00000, 0x0000000088e00000| Complete 
| 131|0x0000000088f00000, 0x0000000089000000, 0x0000000089000000|100%| E|CS|TAMS 0x0000000088f00000, 0x0000000088f00000| Complete 
| 132|0x0000000089000000, 0x0000000089100000, 0x0000000089100000|100%| E|CS|TAMS 0x0000000089000000, 0x0000000089000000| Complete 
| 133|0x0000000089100000, 0x0000000089200000, 0x0000000089200000|100%| E|CS|TAMS 0x0000000089100000, 0x0000000089100000| Complete 
| 134|0x0000000089200000, 0x0000000089300000, 0x0000000089300000|100%| E|CS|TAMS 0x0000000089200000, 0x0000000089200000| Complete 
| 135|0x0000000089300000, 0x0000000089400000, 0x0000000089400000|100%| E|CS|TAMS 0x0000000089300000, 0x0000000089300000| Complete 
| 136|0x0000000089400000, 0x0000000089500000, 0x0000000089500000|100%| E|CS|TAMS 0x0000000089400000, 0x0000000089400000| Complete 
| 137|0x0000000089500000, 0x0000000089600000, 0x0000000089600000|100%| E|CS|TAMS 0x0000000089500000, 0x0000000089500000| Complete 
| 138|0x0000000089600000, 0x0000000089700000, 0x0000000089700000|100%| E|CS|TAMS 0x0000000089600000, 0x0000000089600000| Complete 
| 139|0x0000000089700000, 0x0000000089800000, 0x0000000089800000|100%| E|CS|TAMS 0x0000000089700000, 0x0000000089700000| Complete 
| 140|0x0000000089800000, 0x0000000089900000, 0x0000000089900000|100%| E|CS|TAMS 0x0000000089800000, 0x0000000089800000| Complete 
| 141|0x0000000089900000, 0x0000000089a00000, 0x0000000089a00000|100%| E|CS|TAMS 0x0000000089900000, 0x0000000089900000| Complete 
| 142|0x0000000089a00000, 0x0000000089b00000, 0x0000000089b00000|100%| E|CS|TAMS 0x0000000089a00000, 0x0000000089a00000| Complete 
| 143|0x0000000089b00000, 0x0000000089c00000, 0x0000000089c00000|100%| E|CS|TAMS 0x0000000089b00000, 0x0000000089b00000| Complete 
| 144|0x0000000089c00000, 0x0000000089d00000, 0x0000000089d00000|100%| E|CS|TAMS 0x0000000089c00000, 0x0000000089c00000| Complete 
| 145|0x0000000089d00000, 0x0000000089e00000, 0x0000000089e00000|100%| E|CS|TAMS 0x0000000089d00000, 0x0000000089d00000| Complete 
| 146|0x0000000089e00000, 0x0000000089f00000, 0x0000000089f00000|100%| E|CS|TAMS 0x0000000089e00000, 0x0000000089e00000| Complete 
| 147|0x0000000089f00000, 0x000000008a000000, 0x000000008a000000|100%| E|CS|TAMS 0x0000000089f00000, 0x0000000089f00000| Complete 
| 148|0x000000008a000000, 0x000000008a100000, 0x000000008a100000|100%| E|CS|TAMS 0x000000008a000000, 0x000000008a000000| Complete 
| 149|0x000000008a100000, 0x000000008a200000, 0x000000008a200000|100%| E|CS|TAMS 0x000000008a100000, 0x000000008a100000| Complete 
| 150|0x000000008a200000, 0x000000008a300000, 0x000000008a300000|100%| E|CS|TAMS 0x000000008a200000, 0x000000008a200000| Complete 
| 151|0x000000008a300000, 0x000000008a400000, 0x000000008a400000|100%| E|CS|TAMS 0x000000008a300000, 0x000000008a300000| Complete 
| 152|0x000000008a400000, 0x000000008a500000, 0x000000008a500000|100%| E|CS|TAMS 0x000000008a400000, 0x000000008a400000| Complete 
| 153|0x000000008a500000, 0x000000008a600000, 0x000000008a600000|100%| E|CS|TAMS 0x000000008a500000, 0x000000008a500000| Complete 

Card table byte_map: [0x0000025ef2a90000,0x0000025ef2e90000] _byte_map_base: 0x0000025ef268a000

Marking Bits (Prev, Next): (CMBitMap*) 0x0000025ee9f05a80, (CMBitMap*) 0x0000025ee9f05ac0
 Prev Bits: [0x0000025ef3290000, 0x0000025ef5260000)
 Next Bits: [0x0000025ef5260000, 0x0000025ef7230000)

Polling page: 0x0000025ee7e20000

Metaspace:

Usage:
  Non-class:     16.19 MB used.
      Class:      1.82 MB used.
       Both:     18.02 MB used.

Virtual space:
  Non-class space:       64.00 MB reserved,      16.38 MB ( 26%) committed,  1 nodes.
      Class space:        1.00 GB reserved,       2.00 MB ( <1%) committed,  1 nodes.
             Both:        1.06 GB reserved,      18.38 MB (  2%) committed. 

Chunk freelists:
   Non-Class:  2.77 MB
       Class:  1.92 MB
        Both:  4.68 MB

MaxMetaspaceSize: unlimited
CompressedClassSpaceSize: 1.00 GB
Initial GC threshold: 21.00 MB
Current GC threshold: 21.00 MB
CDS: on
MetaspaceReclaimPolicy: balanced
 - commit_granule_bytes: 65536.
 - commit_granule_words: 8192.
 - virtual_space_node_default_size: 8388608.
 - enlarge_chunks_in_place: 1.
 - new_chunks_are_fully_committed: 0.
 - uncommit_free_chunks: 1.
 - use_allocation_guard: 0.


Internal statistics:

num_allocs_failed_limit: 0.
num_arena_births: 302.
num_arena_deaths: 0.
num_vsnodes_births: 2.
num_vsnodes_deaths: 0.
num_space_committed: 294.
num_space_uncommitted: 0.
num_chunks_returned_to_freelist: 0.
num_chunks_taken_from_freelist: 902.
num_chunk_merges: 0.
num_chunk_splits: 647.
num_chunks_enlarged: 495.
num_inconsistent_stats: 0.

CodeHeap 'non-profiled nmethods': size=119168Kb used=2653Kb max_used=2653Kb free=116514Kb
 bounds [0x0000025e87ba0000, 0x0000025e87e40000, 0x0000025e8f000000]
CodeHeap 'profiled nmethods': size=119104Kb used=11001Kb max_used=11001Kb free=108102Kb
 bounds [0x0000025e80000000, 0x0000025e80ac0000, 0x0000025e87450000]
CodeHeap 'non-nmethods': size=7488Kb used=3004Kb max_used=3042Kb free=4483Kb
 bounds [0x0000025e87450000, 0x0000025e87750000, 0x0000025e87ba0000]
 total_blobs=5547 nmethods=5006 adapters=448
 compilation: enabled
              stopped_count=0, restarted_count=0
 full_count=0

Compilation events (20 events):
Event: 2.792 Thread 0x0000025efeecc430 nmethod 5002% 0x0000025e87e32090 code [0x0000025e87e32220, 0x0000025e87e326b8]
Event: 2.812 Thread 0x0000025efa2b1110 nmethod 4999 0x0000025e87e32910 code [0x0000025e87e32b60, 0x0000025e87e34750]
Event: 2.930 Thread 0x0000025efe942410 5004       1       java.util.concurrent.atomic.AtomicInteger::get (5 bytes)
Event: 2.930 Thread 0x0000025efe942410 nmethod 5004 0x0000025e87e35390 code [0x0000025e87e35520, 0x0000025e87e355d8]
Event: 3.023 Thread 0x0000025efeecc430 5005       4       org.codehaus.plexus.classworlds.realm.Entry::matches (282 bytes)
Event: 3.034 Thread 0x0000025efeecc430 nmethod 5005 0x0000025e87e35690 code [0x0000025e87e35920, 0x0000025e87e36418]
Event: 3.525 Thread 0x0000025efe942410 5006   !   3       java.io.FileInputStream::available (24 bytes)
Event: 3.526 Thread 0x0000025efe942410 nmethod 5006 0x0000025e80abce90 code [0x0000025e80abd060, 0x0000025e80abd258]
Event: 3.529 Thread 0x0000025efe5286a0 5007       3       java.util.Formatter::ensureOpen (16 bytes)
Event: 3.529 Thread 0x0000025efe5286a0 nmethod 5007 0x0000025e80abd390 code [0x0000025e80abd540, 0x0000025e80abd708]
Event: 3.529 Thread 0x0000025efe942410 5008       3       java.lang.StringCoding::implEncodeAsciiArray (47 bytes)
Event: 3.529 Thread 0x0000025efe942410 nmethod 5008 0x0000025e80abd810 code [0x0000025e80abd9c0, 0x0000025e80abdc18]
Event: 3.530 Thread 0x0000025efe942410 5009  s    1       java.lang.StringBuffer::length (5 bytes)
Event: 3.530 Thread 0x0000025efe942410 nmethod 5009 0x0000025e87e36e10 code [0x0000025e87e36fa0, 0x0000025e87e37118]
Event: 3.530 Thread 0x0000025efe504100 5010       1       java.nio.charset.CharsetEncoder::maxBytesPerChar (5 bytes)
Event: 3.530 Thread 0x0000025efe504100 nmethod 5010 0x0000025e87e37190 code [0x0000025e87e37320, 0x0000025e87e373f8]
Event: 3.530 Thread 0x0000025efe504100 5011       3       java.util.Calendar::internalGet (7 bytes)
Event: 3.530 Thread 0x0000025efe504100 nmethod 5011 0x0000025e80abdd90 code [0x0000025e80abdf20, 0x0000025e80abe058]
Event: 3.531 Thread 0x0000025efe504100 5012  s    3       java.lang.StringBuffer::append (13 bytes)
Event: 3.531 Thread 0x0000025efe504100 nmethod 5012 0x0000025e80abe110 code [0x0000025e80abe2c0, 0x0000025e80abe4e8]

GC Heap History (10 events):
Event: 0.398 GC heap before
{Heap before GC invocations=0 (full 0):
 garbage-first heap   total 131072K, used 23552K [0x0000000080c00000, 0x0000000100000000)
  region size 1024K, 23 young (23552K), 0 survivors (0K)
 Metaspace       used 5005K, committed 5184K, reserved 1114112K
  class space    used 553K, committed 640K, reserved 1048576K
}
Event: 0.403 GC heap after
{Heap after GC invocations=1 (full 0):
 garbage-first heap   total 131072K, used 3600K [0x0000000080c00000, 0x0000000100000000)
  region size 1024K, 3 young (3072K), 3 survivors (3072K)
 Metaspace       used 5005K, committed 5184K, reserved 1114112K
  class space    used 553K, committed 640K, reserved 1048576K
}
Event: 0.983 GC heap before
{Heap before GC invocations=1 (full 0):
 garbage-first heap   total 131072K, used 34320K [0x0000000080c00000, 0x0000000100000000)
  region size 1024K, 34 young (34816K), 3 survivors (3072K)
 Metaspace       used 10959K, committed 11200K, reserved 1114112K
  class space    used 1270K, committed 1408K, reserved 1048576K
}
Event: 0.990 GC heap after
{Heap after GC invocations=2 (full 0):
 garbage-first heap   total 131072K, used 6225K [0x0000000080c00000, 0x0000000100000000)
  region size 1024K, 3 young (3072K), 3 survivors (3072K)
 Metaspace       used 10959K, committed 11200K, reserved 1114112K
  class space    used 1270K, committed 1408K, reserved 1048576K
}
Event: 1.726 GC heap before
{Heap before GC invocations=2 (full 0):
 garbage-first heap   total 131072K, used 80977K [0x0000000080c00000, 0x0000000100000000)
  region size 1024K, 76 young (77824K), 3 survivors (3072K)
 Metaspace       used 13840K, committed 14080K, reserved 1114112K
  class space    used 1467K, committed 1600K, reserved 1048576K
}
Event: 1.737 GC heap after
{Heap after GC invocations=3 (full 0):
 garbage-first heap   total 131072K, used 12687K [0x0000000080c00000, 0x0000000100000000)
  region size 1024K, 9 young (9216K), 9 survivors (9216K)
 Metaspace       used 13840K, committed 14080K, reserved 1114112K
  class space    used 1467K, committed 1600K, reserved 1048576K
}
Event: 1.872 GC heap before
{Heap before GC invocations=3 (full 0):
 garbage-first heap   total 131072K, used 77199K [0x0000000080c00000, 0x0000000100000000)
  region size 1024K, 21 young (21504K), 9 survivors (9216K)
 Metaspace       used 14960K, committed 15232K, reserved 1114112K
  class space    used 1575K, committed 1664K, reserved 1048576K
}
Event: 1.880 GC heap after
{Heap after GC invocations=4 (full 0):
 garbage-first heap   total 131072K, used 34085K [0x0000000080c00000, 0x0000000100000000)
  region size 1024K, 2 young (2048K), 2 survivors (2048K)
 Metaspace       used 14960K, committed 15232K, reserved 1114112K
  class space    used 1575K, committed 1664K, reserved 1048576K
}
Event: 1.884 GC heap before
{Heap before GC invocations=4 (full 0):
 garbage-first heap   total 131072K, used 54565K [0x0000000080c00000, 0x0000000100000000)
  region size 1024K, 3 young (3072K), 2 survivors (2048K)
 Metaspace       used 14971K, committed 15232K, reserved 1114112K
  class space    used 1575K, committed 1664K, reserved 1048576K
}
Event: 1.885 GC heap after
{Heap after GC invocations=5 (full 0):
 garbage-first heap   total 157696K, used 21304K [0x0000000080c00000, 0x0000000100000000)
  region size 1024K, 1 young (1024K), 1 survivors (1024K)
 Metaspace       used 14971K, committed 15232K, reserved 1114112K
  class space    used 1575K, committed 1664K, reserved 1048576K
}

Dll operation events (8 events):
Event: 0.004 Loaded shared library C:\Program Files\Java\jdk-19\bin\java.dll
Event: 0.011 Loaded shared library C:\Program Files\Java\jdk-19\bin\jsvml.dll
Event: 0.038 Loaded shared library C:\Program Files\Java\jdk-19\bin\net.dll
Event: 0.039 Loaded shared library C:\Program Files\Java\jdk-19\bin\nio.dll
Event: 0.041 Loaded shared library C:\Program Files\Java\jdk-19\bin\zip.dll
Event: 0.110 Loaded shared library C:\Program Files\Java\jdk-19\bin\jimage.dll
Event: 0.115 Loaded shared library C:\Program Files\Maven\apache-maven-3.8.6\lib\jansi-native\Windows\x86_64\jansi.dll
Event: 0.123 Loaded shared library C:\Program Files\Java\jdk-19\bin\verify.dll

Deoptimization events (20 events):
Event: 2.467 Thread 0x0000025ee9ea3f60 Uncommon trap: trap_request=0xffffffde fr.pc=0x0000025e87ce6e08 relative=0x0000000000000068
Event: 2.467 Thread 0x0000025ee9ea3f60 Uncommon trap: reason=class_check action=maybe_recompile pc=0x0000025e87ce6e08 method=java.util.Collections$UnmodifiableMap$UnmodifiableEntrySet$UnmodifiableEntry.getValue()Ljava/lang/Object; @ 4 c2
Event: 2.467 Thread 0x0000025ee9ea3f60 DEOPT PACKING pc=0x0000025e87ce6e08 sp=0x0000006c6a4fd9c0
Event: 2.467 Thread 0x0000025ee9ea3f60 DEOPT UNPACKING pc=0x0000025e874b6da3 sp=0x0000006c6a4fd950 mode 2
Event: 2.467 Thread 0x0000025ee9ea3f60 Uncommon trap: trap_request=0xffffffde fr.pc=0x0000025e87ce4190 relative=0x0000000000000070
Event: 2.467 Thread 0x0000025ee9ea3f60 Uncommon trap: reason=class_check action=maybe_recompile pc=0x0000025e87ce4190 method=java.util.Collections$UnmodifiableMap$UnmodifiableEntrySet$1.hasNext()Z @ 4 c2
Event: 2.467 Thread 0x0000025ee9ea3f60 DEOPT PACKING pc=0x0000025e87ce4190 sp=0x0000006c6a4fd9d0
Event: 2.467 Thread 0x0000025ee9ea3f60 DEOPT UNPACKING pc=0x0000025e874b6da3 sp=0x0000006c6a4fd960 mode 2
Event: 2.467 Thread 0x0000025ee9ea3f60 Uncommon trap: trap_request=0xffffffde fr.pc=0x0000025e87ce64e0 relative=0x00000000000004a0
Event: 2.467 Thread 0x0000025ee9ea3f60 Uncommon trap: reason=class_check action=maybe_recompile pc=0x0000025e87ce64e0 method=java.util.Collections$UnmodifiableMap$UnmodifiableEntrySet$1.next()Ljava/util/Map$Entry; @ 8 c2
Event: 2.467 Thread 0x0000025ee9ea3f60 DEOPT PACKING pc=0x0000025e87ce64e0 sp=0x0000006c6a4fd980
Event: 2.467 Thread 0x0000025ee9ea3f60 DEOPT UNPACKING pc=0x0000025e874b6da3 sp=0x0000006c6a4fd8f0 mode 2
Event: 2.467 Thread 0x0000025ee9ea3f60 Uncommon trap: trap_request=0xffffffde fr.pc=0x0000025e87ce6b08 relative=0x0000000000000068
Event: 2.467 Thread 0x0000025ee9ea3f60 Uncommon trap: reason=class_check action=maybe_recompile pc=0x0000025e87ce6b08 method=java.util.Collections$UnmodifiableMap$UnmodifiableEntrySet$UnmodifiableEntry.getKey()Ljava/lang/Object; @ 4 c2
Event: 2.467 Thread 0x0000025ee9ea3f60 DEOPT PACKING pc=0x0000025e87ce6b08 sp=0x0000006c6a4fd9d0
Event: 2.467 Thread 0x0000025ee9ea3f60 DEOPT UNPACKING pc=0x0000025e874b6da3 sp=0x0000006c6a4fd960 mode 2
Event: 2.467 Thread 0x0000025ee9ea3f60 Uncommon trap: trap_request=0xffffffde fr.pc=0x0000025e87ce6e08 relative=0x0000000000000068
Event: 2.467 Thread 0x0000025ee9ea3f60 Uncommon trap: reason=class_check action=maybe_recompile pc=0x0000025e87ce6e08 method=java.util.Collections$UnmodifiableMap$UnmodifiableEntrySet$UnmodifiableEntry.getValue()Ljava/lang/Object; @ 4 c2
Event: 2.467 Thread 0x0000025ee9ea3f60 DEOPT PACKING pc=0x0000025e87ce6e08 sp=0x0000006c6a4fd9c0
Event: 2.467 Thread 0x0000025ee9ea3f60 DEOPT UNPACKING pc=0x0000025e874b6da3 sp=0x0000006c6a4fd950 mode 2

Classes loaded (20 events):
Event: 2.474 Loading class java/lang/ProcessImpl$2
Event: 2.474 Loading class java/lang/ProcessImpl$2 done
Event: 2.474 Loading class java/lang/Process$PipeInputStream
Event: 2.474 Loading class java/lang/Process$PipeInputStream done
Event: 2.475 Loading class jdk/internal/event/ProcessStartEvent
Event: 2.475 Loading class jdk/internal/event/Event
Event: 2.475 Loading class jdk/internal/event/Event done
Event: 2.476 Loading class jdk/internal/event/ProcessStartEvent done
Event: 2.477 Loading class java/io/PrintWriter
Event: 2.477 Loading class java/io/PrintWriter done
Event: 3.023 Loading class java/io/SequenceInputStream
Event: 3.023 Loading class java/io/SequenceInputStream done
Event: 3.527 Loading class java/io/PrintWriter$1
Event: 3.527 Loading class jdk/internal/access/JavaIOPrintWriterAccess
Event: 3.527 Loading class jdk/internal/access/JavaIOPrintWriterAccess done
Event: 3.527 Loading class java/io/PrintWriter$1 done
Event: 3.527 Loading class java/lang/Throwable$WrappedPrintWriter
Event: 3.527 Loading class java/lang/Throwable$PrintStreamOrWriter
Event: 3.527 Loading class java/lang/Throwable$PrintStreamOrWriter done
Event: 3.527 Loading class java/lang/Throwable$WrappedPrintWriter done

Classes unloaded (0 events):
No events

Classes redefined (0 events):
No events

Internal exceptions (20 events):
Event: 1.112 Thread 0x0000025ee9ea3f60 Exception <a 'java/lang/NoSuchMethodError'{0x00000000885d76f0}: 'java.lang.Object java.lang.invoke.DirectMethodHandle$Holder.invokeStatic(java.lang.Object, java.lang.Object, java.lang.Object, java.lang.Object, int)'> (0x00000000885d76f0) 
thrown [s\open\src\hotspot\share\interpreter\linkResolver.cpp, line 774]
Event: 1.112 Thread 0x0000025ee9ea3f60 Exception <a 'java/lang/NoSuchMethodError'{0x00000000885e2fb0}: 'void java.lang.invoke.DelegatingMethodHandle$Holder.reinvoke_L(java.lang.Object, java.lang.Object, int)'> (0x00000000885e2fb0) 
thrown [s\open\src\hotspot\share\interpreter\linkResolver.cpp, line 774]
Event: 1.685 Thread 0x0000025ee9ea3f60 Implicit null exception at 0x0000025e87c4b4ea to 0x0000025e87c4b69c
Event: 1.685 Thread 0x0000025ee9ea3f60 Implicit null exception at 0x0000025e87c0abea to 0x0000025e87c0adb0
Event: 1.685 Thread 0x0000025ee9ea3f60 Implicit null exception at 0x0000025e87c3cd2f to 0x0000025e87c3cda9
Event: 1.819 Thread 0x0000025ee9ea3f60 Implicit null exception at 0x0000025e87d45a2c to 0x0000025e87d464a8
Event: 1.833 Thread 0x0000025ee9ea3f60 Exception <a 'java/lang/NoSuchMethodError'{0x00000000882bf8a0}: 'void java.lang.invoke.Invokers$Holder.invokeExact_MT(java.lang.Object, java.lang.Object, int, java.lang.Object)'> (0x00000000882bf8a0) 
thrown [s\open\src\hotspot\share\interpreter\linkResolver.cpp, line 774]
Event: 2.274 Thread 0x0000025ee9ea3f60 Exception <a 'java/lang/NoSuchMethodError'{0x0000000087f54aa8}: 'int java.lang.invoke.DirectMethodHandle$Holder.invokeVirtual(java.lang.Object, java.lang.Object)'> (0x0000000087f54aa8) 
thrown [s\open\src\hotspot\share\interpreter\linkResolver.cpp, line 774]
Event: 2.276 Thread 0x0000025e8f586240 Exception <a 'java/lang/NoSuchMethodError'{0x00000000880b90c8}: 'java.lang.Object java.lang.invoke.DirectMethodHandle$Holder.invokeStaticInit(java.lang.Object)'> (0x00000000880b90c8) 
thrown [s\open\src\hotspot\share\interpreter\linkResolver.cpp, line 774]
Event: 2.277 Thread 0x0000025e8f586240 Exception <a 'java/lang/NoSuchMethodError'{0x00000000880bf798}: 'java.lang.Object java.lang.invoke.DirectMethodHandle$Holder.invokeStatic(java.lang.Object, long, java.lang.Object)'> (0x00000000880bf798) 
thrown [s\open\src\hotspot\share\interpreter\linkResolver.cpp, line 774]
Event: 2.277 Thread 0x0000025e8f586240 Exception <a 'java/lang/NoSuchMethodError'{0x00000000880c2f18}: 'java.lang.Object java.lang.invoke.DirectMethodHandle$Holder.invokeStaticInit(java.lang.Object, long, java.lang.Object)'> (0x00000000880c2f18) 
thrown [s\open\src\hotspot\share\interpreter\linkResolver.cpp, line 774]
Event: 2.278 Thread 0x0000025e8f586240 Exception <a 'java/lang/NoSuchMethodError'{0x00000000880c8d10}: 'java.lang.Object java.lang.invoke.DirectMethodHandle$Holder.newInvokeSpecial(java.lang.Object, long)'> (0x00000000880c8d10) 
thrown [s\open\src\hotspot\share\interpreter\linkResolver.cpp, line 774]
Event: 2.279 Thread 0x0000025e8f586240 Exception <a 'java/lang/NoSuchMethodError'{0x00000000880cdef8}: 'long java.lang.invoke.DirectMethodHandle$Holder.invokeInterface(java.lang.Object, java.lang.Object)'> (0x00000000880cdef8) 
thrown [s\open\src\hotspot\share\interpreter\linkResolver.cpp, line 774]
Event: 2.280 Thread 0x0000025e8f586240 Exception <a 'java/lang/NoSuchMethodError'{0x00000000880d2530}: 'long java.lang.invoke.DelegatingMethodHandle$Holder.reinvoke_L(java.lang.Object, java.lang.Object)'> (0x00000000880d2530) 
thrown [s\open\src\hotspot\share\interpreter\linkResolver.cpp, line 774]
Event: 2.281 Thread 0x0000025ee9ea3f60 Exception <a 'java/lang/NoSuchMethodError'{0x0000000087e5d878}: 'java.lang.String org.apache.maven.execution.MavenExecutionRequest.getFailureBehavior()'> (0x0000000087e5d878) 
thrown [s\open\src\hotspot\share\interpreter\linkResolver.cpp, line 870]
Event: 2.320 Thread 0x0000025ee9ea3f60 Exception <a 'java/lang/NoSuchMethodError'{0x0000000087d37fd0}: 'java.lang.Object java.lang.invoke.DirectMethodHandle$Holder.invokeStaticInit(java.lang.Object, java.lang.Object, int, int, int, int)'> (0x0000000087d37fd0) 
thrown [s\open\src\hotspot\share\interpreter\linkResolver.cpp, line 774]
Event: 2.323 Thread 0x0000025ee9ea3f60 Exception <a 'java/lang/NoSuchMethodError'{0x0000000087d41318}: 'java.lang.Object java.lang.invoke.DirectMethodHandle$Holder.invokeInterface(java.lang.Object, java.lang.Object)'> (0x0000000087d41318) 
thrown [s\open\src\hotspot\share\interpreter\linkResolver.cpp, line 774]
Event: 2.436 Thread 0x0000025ee9ea3f60 Exception <a 'java/lang/NoSuchMethodError'{0x00000000868718f0}: 'java.lang.Object java.lang.invoke.Invokers$Holder.invokeExact_MT(java.lang.Object, java.lang.Object, java.lang.Object, java.lang.Object, java.lang.Object, java.lang.Object)'> (0x00000000868718f0) 
thrown [s\open\src\hotspot\share\interpreter\linkResolver.cpp, line 774]
Event: 2.447 Thread 0x0000025ee9ea3f60 Exception <a 'java/lang/NoSuchMethodError'{0x00000000868d57e0}: 'java.lang.Object java.lang.invoke.DirectMethodHandle$Holder.invokeStatic(java.lang.Object, int, java.lang.Object)'> (0x00000000868d57e0) 
thrown [s\open\src\hotspot\share\interpreter\linkResolver.cpp, line 774]
Event: 2.473 Thread 0x0000025ee9ea3f60 Exception <a 'java/lang/NoSuchMethodError'{0x000000008676a948}: 'void java.lang.invoke.DirectMethodHandle$Holder.invokeStatic(java.lang.Object, long)'> (0x000000008676a948) 
thrown [s\open\src\hotspot\share\interpreter\linkResolver.cpp, line 774]

VM Operations (20 events):
Event: 1.872 Executing VM operation: G1TryInitiateConcMark
Event: 1.880 Executing VM operation: G1TryInitiateConcMark done
Event: 1.884 Executing VM operation: G1TryInitiateConcMark
Event: 1.885 Executing VM operation: G1TryInitiateConcMark done
Event: 2.199 Executing VM operation: ICBufferFull
Event: 2.199 Executing VM operation: ICBufferFull done
Event: 2.269 Executing VM operation: HandshakeAllThreads
Event: 2.269 Executing VM operation: HandshakeAllThreads done
Event: 2.304 Executing VM operation: HandshakeAllThreads
Event: 2.304 Executing VM operation: HandshakeAllThreads done
Event: 2.318 Executing VM operation: HandshakeAllThreads
Event: 2.318 Executing VM operation: HandshakeAllThreads done
Event: 2.419 Executing VM operation: HandshakeAllThreads
Event: 2.419 Executing VM operation: HandshakeAllThreads done
Event: 2.464 Executing VM operation: HandshakeAllThreads
Event: 2.464 Executing VM operation: HandshakeAllThreads done
Event: 2.475 Executing VM operation: HandshakeAllThreads
Event: 2.475 Executing VM operation: HandshakeAllThreads done
Event: 3.490 Executing VM operation: Cleanup
Event: 3.490 Executing VM operation: Cleanup done

Events (20 events):
Event: 0.196 Thread 0x0000025efe942410 Thread added: 0x0000025efe942410
Event: 0.270 Thread 0x0000025efeecc430 Thread added: 0x0000025efeecc430
Event: 0.349 Thread 0x0000025eff00d740 Thread added: 0x0000025eff00d740
Event: 0.360 Thread 0x0000025efeef2b80 Thread added: 0x0000025efeef2b80
Event: 0.360 Thread 0x0000025efee9eb30 Thread added: 0x0000025efee9eb30
Event: 0.843 Thread 0x0000025efee9eb30 Thread exited: 0x0000025efee9eb30
Event: 2.270 Thread 0x0000025e8f586240 Thread added: 0x0000025e8f586240
Event: 2.281 Thread 0x0000025e8f586240 Thread exited: 0x0000025e8f586240
Event: 2.361 Thread 0x0000025efff2aa90 Thread added: 0x0000025efff2aa90
Event: 2.361 Thread 0x0000025efff2b530 Thread added: 0x0000025efff2b530
Event: 2.361 Thread 0x0000025efff28010 Thread added: 0x0000025efff28010
Event: 2.402 Thread 0x0000025efff2afe0 Thread added: 0x0000025efff2afe0
Event: 2.402 Thread 0x0000025efff29550 Thread added: 0x0000025efff29550
Event: 2.415 Thread 0x0000025efff28560 Thread added: 0x0000025efff28560
Event: 2.418 Thread 0x0000025efff28ab0 Thread added: 0x0000025efff28ab0
Event: 2.464 Thread 0x0000025efff29ff0 Thread added: 0x0000025efff29ff0
Event: 2.478 Thread 0x0000025effc74740 Thread added: 0x0000025effc74740
Event: 2.478 Thread 0x0000025effc70780 Thread added: 0x0000025effc70780
Event: 2.478 Thread 0x0000025effc6cd10 Thread added: 0x0000025effc6cd10
Event: 2.783 Thread 0x0000025efeef2b80 Thread exited: 0x0000025efeef2b80


Dynamic libraries:
0x00007ff641040000 - 0x00007ff641050000 	C:\Program Files\Java\jdk-19\bin\java.exe
0x00007ffb738f0000 - 0x00007ffb73ae8000 	C:\WINDOWS\SYSTEM32\ntdll.dll
0x00007ffb73510000 - 0x00007ffb735cf000 	C:\WINDOWS\System32\KERNEL32.DLL
0x00007ffb713b0000 - 0x00007ffb71682000 	C:\WINDOWS\System32\KERNELBASE.dll
0x00007ffb710c0000 - 0x00007ffb711c0000 	C:\WINDOWS\System32\ucrtbase.dll
0x00007ffb3cc60000 - 0x00007ffb3cc7b000 	C:\Program Files\Java\jdk-19\bin\VCRUNTIME140.dll
0x00007ffb5ed60000 - 0x00007ffb5ed78000 	C:\Program Files\Java\jdk-19\bin\jli.dll
0x00007ffb72d80000 - 0x00007ffb72e2e000 	C:\WINDOWS\System32\ADVAPI32.dll
0x00007ffb73630000 - 0x00007ffb736ce000 	C:\WINDOWS\System32\msvcrt.dll
0x00007ffb72e40000 - 0x00007ffb72edc000 	C:\WINDOWS\System32\sechost.dll
0x00007ffb72f70000 - 0x00007ffb73095000 	C:\WINDOWS\System32\RPCRT4.dll
0x00007ffb72560000 - 0x00007ffb72701000 	C:\WINDOWS\System32\USER32.dll
0x00007ffb63780000 - 0x00007ffb63a1a000 	C:\WINDOWS\WinSxS\amd64_microsoft.windows.common-controls_6595b64144ccf1df_6.0.19041.1110_none_60b5254171f9507e\COMCTL32.dll
0x00007ffb71270000 - 0x00007ffb71292000 	C:\WINDOWS\System32\win32u.dll
0x00007ffb73430000 - 0x00007ffb7345b000 	C:\WINDOWS\System32\GDI32.dll
0x00007ffb71690000 - 0x00007ffb7179f000 	C:\WINDOWS\System32\gdi32full.dll
0x00007ffb712a0000 - 0x00007ffb7133d000 	C:\WINDOWS\System32\msvcp_win.dll
0x00007ffb6a080000 - 0x00007ffb6a08a000 	C:\WINDOWS\SYSTEM32\VERSION.dll
0x00007ffb72520000 - 0x00007ffb72552000 	C:\WINDOWS\System32\IMM32.DLL
0x00007ffb65250000 - 0x00007ffb6525c000 	C:\Program Files\Java\jdk-19\bin\vcruntime140_1.dll
0x00007ffb34c70000 - 0x00007ffb34cfe000 	C:\Program Files\Java\jdk-19\bin\msvcp140.dll
0x00007ffb1d780000 - 0x00007ffb1e440000 	C:\Program Files\Java\jdk-19\bin\server\jvm.dll
0x00007ffb5bc10000 - 0x00007ffb5bc19000 	C:\WINDOWS\SYSTEM32\WSOCK32.dll
0x00007ffb670c0000 - 0x00007ffb670e7000 	C:\WINDOWS\SYSTEM32\WINMM.dll
0x00007ffb72450000 - 0x00007ffb724bb000 	C:\WINDOWS\System32\WS2_32.dll
0x00007ffb6eec0000 - 0x00007ffb6eed2000 	C:\WINDOWS\SYSTEM32\kernel.appcore.dll
0x00007ffb65230000 - 0x00007ffb6523a000 	C:\Program Files\Java\jdk-19\bin\jimage.dll
0x00007ffb5de90000 - 0x00007ffb5e074000 	C:\WINDOWS\SYSTEM32\DBGHELP.DLL
0x00007ffb5cd20000 - 0x00007ffb5cd55000 	C:\WINDOWS\SYSTEM32\dbgcore.DLL
0x00007ffb70fe0000 - 0x00007ffb71062000 	C:\WINDOWS\System32\bcryptPrimitives.dll
0x00007ffb34c40000 - 0x00007ffb34c66000 	C:\Program Files\Java\jdk-19\bin\java.dll
0x00007ffb34af0000 - 0x00007ffb34bc7000 	C:\Program Files\Java\jdk-19\bin\jsvml.dll
0x00007ffb71930000 - 0x00007ffb72074000 	C:\WINDOWS\System32\SHELL32.dll
0x00007ffb6f0c0000 - 0x00007ffb6f852000 	C:\WINDOWS\SYSTEM32\windows.storage.dll
0x00007ffb72090000 - 0x00007ffb723e5000 	C:\WINDOWS\System32\combase.dll
0x00007ffb70a40000 - 0x00007ffb70a70000 	C:\WINDOWS\SYSTEM32\Wldp.dll
0x00007ffb73460000 - 0x00007ffb7350d000 	C:\WINDOWS\System32\SHCORE.dll
0x00007ffb724c0000 - 0x00007ffb72515000 	C:\WINDOWS\System32\shlwapi.dll
0x00007ffb70f20000 - 0x00007ffb70f3f000 	C:\WINDOWS\SYSTEM32\profapi.dll
0x00007ffb34c20000 - 0x00007ffb34c33000 	C:\Program Files\Java\jdk-19\bin\net.dll
0x00007ffb68120000 - 0x00007ffb6822c000 	C:\WINDOWS\SYSTEM32\WINHTTP.dll
0x00007ffb707a0000 - 0x00007ffb7080a000 	C:\WINDOWS\system32\mswsock.dll
0x00007ffb34c00000 - 0x00007ffb34c16000 	C:\Program Files\Java\jdk-19\bin\nio.dll
0x00007ffb33c00000 - 0x00007ffb33c18000 	C:\Program Files\Java\jdk-19\bin\zip.dll
0x0000000069ac0000 - 0x0000000069ae4000 	C:\Program Files\Maven\apache-maven-3.8.6\lib\jansi-native\Windows\x86_64\jansi.dll
0x00007ffb3d1f0000 - 0x00007ffb3d200000 	C:\Program Files\Java\jdk-19\bin\verify.dll
0x00007ffb70990000 - 0x00007ffb709a8000 	C:\WINDOWS\SYSTEM32\CRYPTSP.dll
0x00007ffb70050000 - 0x00007ffb70084000 	C:\WINDOWS\system32\rsaenh.dll
0x00007ffb71900000 - 0x00007ffb71927000 	C:\WINDOWS\System32\bcrypt.dll
0x00007ffb70ea0000 - 0x00007ffb70ece000 	C:\WINDOWS\SYSTEM32\USERENV.dll
0x00007ffb709b0000 - 0x00007ffb709bc000 	C:\WINDOWS\SYSTEM32\CRYPTBASE.dll
0x00007ffb70440000 - 0x00007ffb7047b000 	C:\WINDOWS\SYSTEM32\IPHLPAPI.DLL
0x00007ffb72080000 - 0x00007ffb72088000 	C:\WINDOWS\System32\NSI.dll
0x00007ffb68640000 - 0x00007ffb68657000 	C:\WINDOWS\SYSTEM32\dhcpcsvc6.DLL
0x00007ffb68870000 - 0x00007ffb6888d000 	C:\WINDOWS\SYSTEM32\dhcpcsvc.DLL
0x00007ffb70490000 - 0x00007ffb7055a000 	C:\WINDOWS\SYSTEM32\DNSAPI.dll

dbghelp: loaded successfully - version: 4.0.5 - missing functions: none
symbol engine: initialized successfully - sym options: 0x614 - pdb path: .;C:\Program Files\Java\jdk-19\bin;C:\WINDOWS\SYSTEM32;C:\WINDOWS\WinSxS\amd64_microsoft.windows.common-controls_6595b64144ccf1df_6.0.19041.1110_none_60b5254171f9507e;C:\Program Files\Java\jdk-19\bin\server;C:\Program Files\Maven\apache-maven-3.8.6\lib\jansi-native\Windows\x86_64

VM Arguments:
jvm_args: -Dclassworlds.conf=C:/Program Files/Maven/apache-maven-3.8.6/bin/m2.conf -Dmaven.home=C:/Program Files/Maven/apache-maven-3.8.6 -Dlibrary.jansi.path=C:/Program Files/Maven/apache-maven-3.8.6/lib/jansi-native -Dmaven.multiModuleProjectDirectory=D:/DIANS/Dians_demo 
java_command: org.codehaus.plexus.classworlds.launcher.Launcher install
java_class_path (initial): C:/Program Files/Maven/apache-maven-3.8.6/boot/plexus-classworlds-2.6.0.jar
Launcher Type: SUN_STANDARD

[Global flags]
     intx CICompilerCount                          = 12                                        {product} {ergonomic}
     uint ConcGCThreads                            = 3                                         {product} {ergonomic}
     uint G1ConcRefinementThreads                  = 13                                        {product} {ergonomic}
   size_t G1HeapRegionSize                         = 1048576                                   {product} {ergonomic}
    uintx GCDrainStackTargetSize                   = 64                                        {product} {ergonomic}
   size_t InitialHeapSize                          = 134217728                                 {product} {ergonomic}
   size_t MarkStackSize                            = 4194304                                   {product} {ergonomic}
   size_t MaxHeapSize                              = 2134900736                                {product} {ergonomic}
   size_t MaxNewSize                               = 1280311296                                {product} {ergonomic}
   size_t MinHeapDeltaBytes                        = 1048576                                   {product} {ergonomic}
   size_t MinHeapSize                              = 8388608                                   {product} {ergonomic}
    uintx NonNMethodCodeHeapSize                   = 7602480                                {pd product} {ergonomic}
    uintx NonProfiledCodeHeapSize                  = 122027880                              {pd product} {ergonomic}
    uintx ProfiledCodeHeapSize                     = 122027880                              {pd product} {ergonomic}
    uintx ReservedCodeCacheSize                    = 251658240                              {pd product} {ergonomic}
     bool SegmentedCodeCache                       = true                                      {product} {ergonomic}
   size_t SoftMaxHeapSize                          = 2134900736                             {manageable} {ergonomic}
     bool UseCompressedClassPointers               = true                           {product lp64_product} {ergonomic}
     bool UseCompressedOops                        = true                           {product lp64_product} {ergonomic}
     bool UseG1GC                                  = true                                      {product} {ergonomic}
     bool UseLargePagesIndividualAllocation        = false                                  {pd product} {ergonomic}

Logging:
Log output configuration:
 #0: stdout all=warning uptime,level,tags foldmultilines=false
 #1: stderr all=off uptime,level,tags foldmultilines=false

Environment Variables:
JAVA_HOME=C:/Program Files/Java/jdk-19
PATH=C:\Users\USER\bin;D:\Git\Git\mingw64\bin;D:\Git\Git\usr\local\bin;D:\Git\Git\usr\bin;D:\Git\Git\usr\bin;D:\Git\Git\mingw64\bin;D:\Git\Git\usr\bin;C:\Users\USER\bin;C:\Python310\Scripts;C:\Python310;C:\Python39\Scripts;C:\Python39;C:\Program Files\Java\jdk-19;C:\Program Files\Common Files\Oracle\Java\javapath;C:\Program Files (x86)\Common Files\Oracle\Java\javapath;C:\WINDOWS\system32;C:\WINDOWS;C:\WINDOWS\System32\Wbem;C:\WINDOWS\System32\WindowsPowerShell\v1.0;C:\WINDOWS\System32\OpenSSH;C:\ProgramData\chocolatey\bin;C:\Program Files\nodejs;C:\Program Files\Microsoft SQL Server\150\Tools\Binn;C:\Program Files\dotnet;C:\Program Files\Microsoft SQL Server\130\Tools\Binn;C:\Program Files (x86)\Microsoft SQL Server\150\DTS\Binn;C:\Program Files\Azure Data Studio\bin;D:\Git\Git\cmd;C:\Program Files\Microsoft SQL Server\Client SDK\ODBC\170\Tools\Binn;C:\Program Files\Maven\apache-maven-3.8.6\bin;C:\Program Files (x86)\Microsoft SQL Server\150\Tools\Binn;C:\Program Files\Microsoft SQL Server\150\DTS\Binn;D:\Gradle\gradle-6.9.3\bin;C:\Program Files (x86)\EaseUS\bin;C:\Program Files (x86)\Microsoft SQL Server\160\Tools\Binn;C:\Program Files\Microsoft SQL Server\160\Tools\Binn;C:\Program Files\Microsoft SQL Server\160\DTS\Binn;C:\Program Files\AzureConnectedMachineAgent;C:\Program Files\Sql Server Extension;C:\Program Files\MySQL\MySQL Shell 8.0\bin;C:\Users\USER\AppData\Local\Microsoft\WindowsApp;C:\MinGW\bin;.;C:\Users\USER\AppData\Local\Programs\Microsoft VS Code\bi;.;C:\Users\USER\AppData\Local\Programs\Microsoft VS Code\bin;C:\Users\USER\AppData\Local\Microsoft\WindowsApps;C:\Program Files\JetBrains\WebStorm 2020.2.2\bin;C:\Users\USER\AppData\Roaming\npm;C:\Users\USER\.dotnet\tools;C:\Program Files\Azure Data Studio\bin;C:\Program Files (x86)\EaseUS\bin;D:\Git\Git\usr\bin\vendor_perl;D:\Git\Git\usr\bin\core_perl
USERNAME=USER
SHELL=D:\Git\Git\usr\bin\bash.exe
DISPLAY=needs-to-be-defined
LC_CTYPE=en_US.UTF-8
TERM=xterm
TMPDIR=C:\Users\USER\AppData\Local\Temp
OS=Windows_NT
PROCESSOR_IDENTIFIER=AMD64 Family 23 Model 8 Stepping 2, AuthenticAMD
TMP=C:\Users\USER\AppData\Local\Temp
TEMP=C:\Users\USER\AppData\Local\Temp



---------------  S Y S T E M  ---------------

OS:
 Windows 10 , 64 bit Build 19041 (10.0.19041.2364)
OS uptime: 7 days 22:58 hours

CPU: total 16 (initial active 16) (16 cores per cpu, 2 threads per core) family 23 model 8 stepping 2 microcode 0x0, cx8, cmov, fxsr, ht, mmx, 3dnowpref, sse, sse2, sse3, ssse3, sse4a, sse4.1, sse4.2, popcnt, lzcnt, tsc, tscinvbit, avx, avx2, aes, clmul, bmi1, bmi2, adx, sha, fma, vzeroupper, clflush, clflushopt, rdtscp

Memory: 4k page, system-wide physical 8140M (691M free)
TotalPageFile size 12164M (AvailPageFile size 7M)
current process WorkingSet (physical memory assigned to process): 265M, peak: 271M
current process commit charge ("private bytes"): 324M, peak: 328M

vm_info: Java HotSpot(TM) 64-Bit Server VM (19+36-2238) for windows-amd64 JRE (19+36-2238), built on 2022-08-12T20:29:01Z by "mach5one" with MS VC++ 17.1 (VS2022)

END.
