#
# There is insufficient memory for the Java Runtime Environment to continue.
# Native memory allocation (malloc) failed to allocate 2522096 bytes for Chunk::new
# Possible reasons:
#   The system is out of physical RAM or swap space
#   The process is running with CompressedOops enabled, and the Java Heap may be blocking the growth of the native heap
# Possible solutions:
#   Reduce memory load on the system
#   Increase physical memory or swap space
#   Check if swap backing store is full
#   Decrease Java heap size (-Xmx/-Xms)
#   Decrease number of Java threads
#   Decrease Java thread stack sizes (-Xss)
#   Set larger code cache with -XX:ReservedCodeCacheSize=
#   JVM is running with Unscaled Compressed Oops mode in which the Java heap is
#     placed in the first 4GB address space. The Java Heap base address is the
#     maximum limit for the native heap growth. Please use -XX:HeapBaseMinAddress
#     to set the Java Heap base and to place the Java Heap above 4GB virtual address.
# This output file may be truncated or incomplete.
#
#  Out of Memory Error (arena.cpp:184), pid=4064, tid=5780
#
# JRE version: Java(TM) SE Runtime Environment (19.0+36) (build 19+36-2238)
# Java VM: Java HotSpot(TM) 64-Bit Server VM (19+36-2238, mixed mode, sharing, tiered, compressed oops, compressed class ptrs, g1 gc, windows-amd64)
# No core dump will be written. Minidumps are not enabled by default on client versions of Windows
#

---------------  S U M M A R Y ------------

Command Line: C:\Users\USER\AppData\Local\Temp\surefire3684960412249399041\surefirebooter559032571667652353.jar C:\Users\USER\AppData\Local\Temp\surefire3684960412249399041 2022-12-25T13-17-41_057-jvmRun1 surefire12082709403169910892tmp surefire_013107195628988029697tmp

Host: AMD Ryzen 7 2700X Eight-Core Processor         , 16 cores, 7G,  Windows 10 , 64 bit Build 19041 (10.0.19041.2364)
Time: Sun Dec 25 13:17:44 2022 Central European Standard Time elapsed time: 3.000433 seconds (0d 0h 0m 3s)

---------------  T H R E A D  ---------------

Current thread (0x00000294996c28d0):  JavaThread "C2 CompilerThread0" daemon [_thread_in_native, id=5780, stack(0x000000fe5fd00000,0x000000fe5fe00000)]


Current CompileTask:
C2:   3000 4191       4       org.springframework.core.annotation.TypeMappedAnnotations::get (52 bytes)

Stack: [0x000000fe5fd00000,0x000000fe5fe00000]
Native frames: (J=compiled Java code, j=interpreted, Vv=VM code, C=native code)
V  [jvm.dll+0x6ee8fa]
V  [jvm.dll+0x857a1e]
V  [jvm.dll+0x85940e]
V  [jvm.dll+0x859ac3]
V  [jvm.dll+0x28291f]
V  [jvm.dll+0xc9b5f]
V  [jvm.dll+0xc9ee5]
V  [jvm.dll+0x3bcbac]
V  [jvm.dll+0x1ee31a]
V  [jvm.dll+0x24c41b]
V  [jvm.dll+0x24b671]
V  [jvm.dll+0x1d6d61]
V  [jvm.dll+0x25b0fa]
V  [jvm.dll+0x259588]
V  [jvm.dll+0x807928]
V  [jvm.dll+0x8015fa]
V  [jvm.dll+0x6ed5eb]
C  [ucrtbase.dll+0x21bb2]
C  [KERNEL32.DLL+0x17614]
C  [ntdll.dll+0x526a1]


---------------  P R O C E S S  ---------------

Threads class SMR info:
_java_thread_list=0x000002949ec85c70, length=19, elements={
0x00000294fa37efb0, 0x00000294996aed80, 0x00000294996af8b0, 0x00000294996b5dc0,
0x00000294996b6970, 0x00000294996b7b80, 0x00000294996bac60, 0x00000294996c28d0,
0x00000294996c4db0, 0x00000294996d5ee0, 0x000002949d91b040, 0x000002949d931f00,
0x000002949d9388e0, 0x000002949dabc0c0, 0x000002949db16900, 0x000002949db02940,
0x000002949dc705c0, 0x000002949dc4f770, 0x000002949eb96300
}

Java Threads: ( => current thread )
  0x00000294fa37efb0 JavaThread "main" [_thread_in_vm, id=1636, stack(0x000000fe5f000000,0x000000fe5f100000)]
  0x00000294996aed80 JavaThread "Reference Handler" daemon [_thread_blocked, id=1668, stack(0x000000fe5f700000,0x000000fe5f800000)]
  0x00000294996af8b0 JavaThread "Finalizer" daemon [_thread_blocked, id=17044, stack(0x000000fe5f800000,0x000000fe5f900000)]
  0x00000294996b5dc0 JavaThread "Signal Dispatcher" daemon [_thread_blocked, id=16428, stack(0x000000fe5f900000,0x000000fe5fa00000)]
  0x00000294996b6970 JavaThread "Attach Listener" daemon [_thread_blocked, id=7280, stack(0x000000fe5fa00000,0x000000fe5fb00000)]
  0x00000294996b7b80 JavaThread "Service Thread" daemon [_thread_blocked, id=8900, stack(0x000000fe5fb00000,0x000000fe5fc00000)]
  0x00000294996bac60 JavaThread "Monitor Deflation Thread" daemon [_thread_blocked, id=12024, stack(0x000000fe5fc00000,0x000000fe5fd00000)]
=>0x00000294996c28d0 JavaThread "C2 CompilerThread0" daemon [_thread_in_native, id=5780, stack(0x000000fe5fd00000,0x000000fe5fe00000)]
  0x00000294996c4db0 JavaThread "C1 CompilerThread0" daemon [_thread_blocked, id=16728, stack(0x000000fe5fe00000,0x000000fe5ff00000)]
  0x00000294996d5ee0 JavaThread "Sweeper thread" daemon [_thread_blocked, id=15012, stack(0x000000fe5ff00000,0x000000fe60000000)]
  0x000002949d91b040 JavaThread "C1 CompilerThread1" daemon [_thread_blocked, id=9228, stack(0x000000fe60000000,0x000000fe60100000)]
  0x000002949d931f00 JavaThread "Notification Thread" daemon [_thread_blocked, id=14068, stack(0x000000fe60100000,0x000000fe60200000)]
  0x000002949d9388e0 JavaThread "Common-Cleaner" daemon [_thread_blocked, id=6192, stack(0x000000fe60300000,0x000000fe60400000)]
  0x000002949dabc0c0 JavaThread "surefire-forkedjvm-command-thread" daemon [_thread_in_native, id=10136, stack(0x000000fe60400000,0x000000fe60500000)]
  0x000002949db16900 JavaThread "C1 CompilerThread2" daemon [_thread_blocked, id=12320, stack(0x000000fe60500000,0x000000fe60600000)]
  0x000002949db02940 JavaThread "C2 CompilerThread1" daemon [_thread_in_native, id=14400, stack(0x000000fe60600000,0x000000fe60700000)]
  0x000002949dc705c0 JavaThread "C1 CompilerThread3" daemon [_thread_blocked, id=7108, stack(0x000000fe60700000,0x000000fe60800000)]
  0x000002949dc4f770 JavaThread "surefire-forkedjvm-ping-30s" daemon [_thread_blocked, id=9352, stack(0x000000fe60800000,0x000000fe60900000)]
  0x000002949eb96300 JavaThread "C2 CompilerThread2" daemon [_thread_blocked, id=11484, stack(0x000000fe61300000,0x000000fe61400000)]

Other Threads:
  0x0000029499692450 VMThread "VM Thread" [stack: 0x000000fe5f600000,0x000000fe5f700000] [id=8996]
  0x000002949d935460 WatcherThread "VM Periodic Task Thread" [stack: 0x000000fe60200000,0x000000fe60300000] [id=17080]
  0x00000294fa3de4d0 WorkerThread "GC Thread#0" [stack: 0x000000fe5f100000,0x000000fe5f200000] [id=8688]
  0x000002949db16070 WorkerThread "GC Thread#1" [stack: 0x000000fe60900000,0x000000fe60a00000] [id=4524]
  0x000002949db14720 WorkerThread "GC Thread#2" [stack: 0x000000fe60a00000,0x000000fe60b00000] [id=4796]
  0x000002949db16340 WorkerThread "GC Thread#3" [stack: 0x000000fe60b00000,0x000000fe60c00000] [id=17336]
  0x000002949db15da0 WorkerThread "GC Thread#4" [stack: 0x000000fe60c00000,0x000000fe60d00000] [id=7800]
  0x000002949db14f90 WorkerThread "GC Thread#5" [stack: 0x000000fe60d00000,0x000000fe60e00000] [id=15256]
  0x000002949db14cc0 WorkerThread "GC Thread#6" [stack: 0x000000fe60e00000,0x000000fe60f00000] [id=1792]
  0x000002949db15530 WorkerThread "GC Thread#7" [stack: 0x000000fe60f00000,0x000000fe61000000] [id=16008]
  0x000002949e31e2a0 WorkerThread "GC Thread#8" [stack: 0x000000fe61000000,0x000000fe61100000] [id=16584]
  0x000002949e31fec0 WorkerThread "GC Thread#9" [stack: 0x000000fe61100000,0x000000fe61200000] [id=12676]
  0x000002949e31fbf0 WorkerThread "GC Thread#10" [stack: 0x000000fe61200000,0x000000fe61300000] [id=5432]
  0x000002949e31ede0 WorkerThread "GC Thread#11" [stack: 0x000000fe61400000,0x000000fe61500000] [id=13496]
  0x000002949e31f920 WorkerThread "GC Thread#12" [stack: 0x000000fe61500000,0x000000fe61600000] [id=9368]
  0x00000294fa3f0460 ConcurrentGCThread "G1 Main Marker" [stack: 0x000000fe5f200000,0x000000fe5f300000] [id=9416]
  0x00000294fa3f1630 WorkerThread "G1 Conc#0" [stack: 0x000000fe5f300000,0x000000fe5f400000] [id=16764]
  0x000002949e31eb10 WorkerThread "G1 Conc#1" [stack: 0x000000fe61600000,0x000000fe61700000] [id=9236]
  0x000002949e31f0b0 WorkerThread "G1 Conc#2" [stack: 0x000000fe61700000,0x000000fe61800000] [id=8820]
  0x00000294fa44e9f0 ConcurrentGCThread "G1 Refine#0" [stack: 0x000000fe5f400000,0x000000fe5f500000] [id=13824]
  0x00000294995516a0 ConcurrentGCThread "G1 Service" [stack: 0x000000fe5f500000,0x000000fe5f600000] [id=3096]

Threads with active compile tasks:
C2 CompilerThread0     3027 4191       4       org.springframework.core.annotation.TypeMappedAnnotations::get (52 bytes)
C2 CompilerThread1     3027 4249       4       jdk.internal.org.objectweb.asm.MethodWriter::visitMethodInsn (191 bytes)

VM state: not at safepoint (normal execution)

VM Mutex/Monitor currently owned by a thread: None

Heap address: 0x0000000080c00000, size: 2036 MB, Compressed Oops mode: 32-bit

CDS archive(s) mapped at: [0x0000000800000000-0x0000000800c40000-0x0000000800c40000), size 12845056, SharedBaseAddress: 0x0000000800000000, ArchiveRelocationMode: 0.
Compressed class space mapped at: 0x0000000801000000-0x0000000841000000, reserved size: 1073741824
Narrow klass base: 0x0000000800000000, Narrow klass shift: 0, Narrow klass range: 0x100000000

GC Precious Log:
 CardTable entry size: 512
 Card Set container configuration: InlinePtr #cards 5 size 8 Array Of Cards #cards 12 size 40 Howl #buckets 4 coarsen threshold 1843 Howl Bitmap #cards 512 size 80 coarsen threshold 460 Card regions per heap region 1 cards per card region 2048
 CPUs: 16 total, 16 available
 Memory: 8140M
 Large Page Support: Disabled
 NUMA Support: Disabled
 Compressed Oops: Enabled (32-bit)
 Heap Region Size: 1M
 Heap Min Capacity: 8M
 Heap Initial Capacity: 128M
 Heap Max Capacity: 2036M
 Pre-touch: Disabled
 Parallel Workers: 13
 Concurrent Workers: 3
 Concurrent Refinement Workers: 13
 Periodic GC: Disabled

Heap:
 garbage-first heap   total 51200K, used 28845K [0x0000000080c00000, 0x0000000100000000)
  region size 1024K, 14 young (14336K), 3 survivors (3072K)
 Metaspace       used 31409K, committed 31936K, reserved 1114112K
  class space    used 4036K, committed 4288K, reserved 1048576K

Heap Regions: E=young(eden), S=young(survivor), O=old, HS=humongous(starts), HC=humongous(continues), CS=collection set, F=free, OA=open archive, CA=closed archive, TAMS=top-at-mark-start (previous, next)
|   0|0x0000000080c00000, 0x0000000080d00000, 0x0000000080d00000|100%|HS|  |TAMS 0x0000000080d00000, 0x0000000080c00000| Complete 
|   1|0x0000000080d00000, 0x0000000080e00000, 0x0000000080e00000|100%| O|  |TAMS 0x0000000080e00000, 0x0000000080d00000| Untracked 
|   2|0x0000000080e00000, 0x0000000080f00000, 0x0000000080f00000|100%| O|  |TAMS 0x0000000080f00000, 0x0000000080e00000| Untracked 
|   3|0x0000000080f00000, 0x0000000081000000, 0x0000000081000000|100%| O|  |TAMS 0x0000000081000000, 0x0000000080f00000| Untracked 
|   4|0x0000000081000000, 0x0000000081100000, 0x0000000081100000|100%| O|  |TAMS 0x0000000081100000, 0x0000000081000000| Untracked 
|   5|0x0000000081100000, 0x0000000081200000, 0x0000000081200000|100%| O|  |TAMS 0x0000000081200000, 0x0000000081100000| Untracked 
|   6|0x0000000081200000, 0x0000000081300000, 0x0000000081300000|100%| O|  |TAMS 0x0000000081300000, 0x0000000081200000| Untracked 
|   7|0x0000000081300000, 0x000000008132b600, 0x0000000081400000| 16%| O|  |TAMS 0x0000000081300000, 0x0000000081300000| Untracked 
|   8|0x0000000081400000, 0x0000000081500000, 0x0000000081500000|100%| O|  |TAMS 0x0000000081400000, 0x0000000081400000| Untracked 
|   9|0x0000000081500000, 0x0000000081600000, 0x0000000081600000|100%| O|  |TAMS 0x0000000081500000, 0x0000000081500000| Untracked 
|  10|0x0000000081600000, 0x0000000081700000, 0x0000000081700000|100%| O|  |TAMS 0x0000000081600000, 0x0000000081600000| Untracked 
|  11|0x0000000081700000, 0x0000000081800000, 0x0000000081800000|100%| O|  |TAMS 0x0000000081700000, 0x0000000081700000| Untracked 
|  12|0x0000000081800000, 0x0000000081900000, 0x0000000081900000|100%| O|  |TAMS 0x0000000081800000, 0x0000000081800000| Untracked 
|  13|0x0000000081900000, 0x0000000081a00000, 0x0000000081a00000|100%| O|  |TAMS 0x0000000081900000, 0x0000000081900000| Untracked 
|  14|0x0000000081a00000, 0x0000000081b00000, 0x0000000081b00000|100%| O|  |TAMS 0x0000000081a00000, 0x0000000081a00000| Untracked 
|  15|0x0000000081b00000, 0x0000000081c00000, 0x0000000081c00000|100%| O|  |TAMS 0x0000000081b00000, 0x0000000081b00000| Untracked 
|  16|0x0000000081c00000, 0x0000000081c00000, 0x0000000081d00000|  0%| F|  |TAMS 0x0000000081c00000, 0x0000000081c00000| Untracked 
|  17|0x0000000081d00000, 0x0000000081d00000, 0x0000000081e00000|  0%| F|  |TAMS 0x0000000081d00000, 0x0000000081d00000| Untracked 
|  18|0x0000000081e00000, 0x0000000081e00000, 0x0000000081f00000|  0%| F|  |TAMS 0x0000000081e00000, 0x0000000081e00000| Untracked 
|  19|0x0000000081f00000, 0x0000000081f00000, 0x0000000082000000|  0%| F|  |TAMS 0x0000000081f00000, 0x0000000081f00000| Untracked 
|  20|0x0000000082000000, 0x0000000082000000, 0x0000000082100000|  0%| F|  |TAMS 0x0000000082000000, 0x0000000082000000| Untracked 
|  21|0x0000000082100000, 0x0000000082100000, 0x0000000082200000|  0%| F|  |TAMS 0x0000000082100000, 0x0000000082100000| Untracked 
|  22|0x0000000082200000, 0x0000000082200000, 0x0000000082300000|  0%| F|  |TAMS 0x0000000082200000, 0x0000000082200000| Untracked 
|  23|0x0000000082300000, 0x0000000082300000, 0x0000000082400000|  0%| F|  |TAMS 0x0000000082300000, 0x0000000082300000| Untracked 
|  24|0x0000000082400000, 0x0000000082400000, 0x0000000082500000|  0%| F|  |TAMS 0x0000000082400000, 0x0000000082400000| Untracked 
|  25|0x0000000082500000, 0x0000000082500000, 0x0000000082600000|  0%| F|  |TAMS 0x0000000082500000, 0x0000000082500000| Untracked 
|  26|0x0000000082600000, 0x0000000082700000, 0x0000000082700000|100%| S|CS|TAMS 0x0000000082600000, 0x0000000082600000| Complete 
|  27|0x0000000082700000, 0x0000000082800000, 0x0000000082800000|100%| S|CS|TAMS 0x0000000082700000, 0x0000000082700000| Complete 
|  28|0x0000000082800000, 0x0000000082900000, 0x0000000082900000|100%| S|CS|TAMS 0x0000000082800000, 0x0000000082800000| Complete 
|  29|0x0000000082900000, 0x0000000082900000, 0x0000000082a00000|  0%| F|  |TAMS 0x0000000082900000, 0x0000000082900000| Untracked 
|  30|0x0000000082a00000, 0x0000000082a00000, 0x0000000082b00000|  0%| F|  |TAMS 0x0000000082a00000, 0x0000000082a00000| Untracked 
|  31|0x0000000082b00000, 0x0000000082b00000, 0x0000000082c00000|  0%| F|  |TAMS 0x0000000082b00000, 0x0000000082b00000| Untracked 
|  32|0x0000000082c00000, 0x0000000082c00000, 0x0000000082d00000|  0%| F|  |TAMS 0x0000000082c00000, 0x0000000082c00000| Untracked 
|  33|0x0000000082d00000, 0x0000000082d00000, 0x0000000082e00000|  0%| F|  |TAMS 0x0000000082d00000, 0x0000000082d00000| Untracked 
|  34|0x0000000082e00000, 0x0000000082e00000, 0x0000000082f00000|  0%| F|  |TAMS 0x0000000082e00000, 0x0000000082e00000| Untracked 
|  35|0x0000000082f00000, 0x0000000082f00000, 0x0000000083000000|  0%| F|  |TAMS 0x0000000082f00000, 0x0000000082f00000| Untracked 
|  36|0x0000000083000000, 0x0000000083000000, 0x0000000083100000|  0%| F|  |TAMS 0x0000000083000000, 0x0000000083000000| Untracked 
|  37|0x0000000083100000, 0x0000000083100000, 0x0000000083200000|  0%| F|  |TAMS 0x0000000083100000, 0x0000000083100000| Untracked 
|  38|0x0000000083200000, 0x0000000083256450, 0x0000000083300000| 33%| E|  |TAMS 0x0000000083200000, 0x0000000083200000| Complete 
|  39|0x0000000083300000, 0x0000000083400000, 0x0000000083400000|100%| E|CS|TAMS 0x0000000083300000, 0x0000000083300000| Complete 
|  40|0x0000000083400000, 0x0000000083500000, 0x0000000083500000|100%| E|CS|TAMS 0x0000000083400000, 0x0000000083400000| Complete 
|  41|0x0000000083500000, 0x0000000083600000, 0x0000000083600000|100%| E|CS|TAMS 0x0000000083500000, 0x0000000083500000| Complete 
|  42|0x0000000083600000, 0x0000000083700000, 0x0000000083700000|100%| E|CS|TAMS 0x0000000083600000, 0x0000000083600000| Complete 
|  77|0x0000000085900000, 0x0000000085a00000, 0x0000000085a00000|100%| E|CS|TAMS 0x0000000085900000, 0x0000000085900000| Complete 
|  78|0x0000000085a00000, 0x0000000085b00000, 0x0000000085b00000|100%| E|CS|TAMS 0x0000000085a00000, 0x0000000085a00000| Complete 
|  79|0x0000000085b00000, 0x0000000085c00000, 0x0000000085c00000|100%| E|CS|TAMS 0x0000000085b00000, 0x0000000085b00000| Complete 
|  80|0x0000000085c00000, 0x0000000085d00000, 0x0000000085d00000|100%| E|CS|TAMS 0x0000000085c00000, 0x0000000085c00000| Complete 
|  81|0x0000000085d00000, 0x0000000085e00000, 0x0000000085e00000|100%| E|CS|TAMS 0x0000000085d00000, 0x0000000085d00000| Complete 
|  82|0x0000000085e00000, 0x0000000085f00000, 0x0000000085f00000|100%| E|CS|TAMS 0x0000000085e00000, 0x0000000085e00000| Complete 
| 127|0x0000000088b00000, 0x0000000088c00000, 0x0000000088c00000|100%| E|CS|TAMS 0x0000000088b00000, 0x0000000088b00000| Complete 

Card table byte_map: [0x00000294fb0d0000,0x00000294fb4d0000] _byte_map_base: 0x00000294facca000

Marking Bits (Prev, Next): (CMBitMap*) 0x00000294fa3dfb50, (CMBitMap*) 0x00000294fa3dfb10
 Prev Bits: [0x00000294fd8a0000, 0x00000294ff870000)
 Next Bits: [0x00000294fb8d0000, 0x00000294fd8a0000)

Polling page: 0x00000294f8130000

Metaspace:

Usage:
  Non-class:     26.75 MB used.
      Class:      3.95 MB used.
       Both:     30.70 MB used.

Virtual space:
  Non-class space:       64.00 MB reserved,      27.00 MB ( 42%) committed,  1 nodes.
      Class space:        1.00 GB reserved,       4.19 MB ( <1%) committed,  1 nodes.
             Both:        1.06 GB reserved,      31.19 MB (  3%) committed. 

Chunk freelists:
   Non-Class:  592.00 KB
       Class:  3.78 MB
        Both:  4.36 MB

MaxMetaspaceSize: unlimited
CompressedClassSpaceSize: 1.00 GB
Initial GC threshold: 21.00 MB
Current GC threshold: 35.12 MB
CDS: on
MetaspaceReclaimPolicy: balanced
 - commit_granule_bytes: 65536.
 - commit_granule_words: 8192.
 - virtual_space_node_default_size: 8388608.
 - enlarge_chunks_in_place: 1.
 - new_chunks_are_fully_committed: 0.
 - uncommit_free_chunks: 1.
 - use_allocation_guard: 0.


Internal statistics:

num_allocs_failed_limit: 3.
num_arena_births: 574.
num_arena_deaths: 0.
num_vsnodes_births: 2.
num_vsnodes_deaths: 0.
num_space_committed: 499.
num_space_uncommitted: 0.
num_chunks_returned_to_freelist: 3.
num_chunks_taken_from_freelist: 1670.
num_chunk_merges: 3.
num_chunk_splits: 1184.
num_chunks_enlarged: 945.
num_inconsistent_stats: 0.

CodeHeap 'non-profiled nmethods': size=119168Kb used=2289Kb max_used=2289Kb free=116878Kb
 bounds [0x000002948fa30000, 0x000002948fca0000, 0x0000029496e90000]
CodeHeap 'profiled nmethods': size=119104Kb used=9239Kb max_used=9239Kb free=109864Kb
 bounds [0x0000029487e90000, 0x00000294887a0000, 0x000002948f2e0000]
CodeHeap 'non-nmethods': size=7488Kb used=2992Kb max_used=3049Kb free=4496Kb
 bounds [0x000002948f2e0000, 0x000002948f5f0000, 0x000002948fa30000]
 total_blobs=4772 nmethods=4252 adapters=426
 compilation: enabled
              stopped_count=0, restarted_count=0
 full_count=0

Compilation events (20 events):
Event: 2.954 Thread 0x000002949dc705c0 4241       3       java.lang.reflect.ProxyGenerator::addProxyMethod (33 bytes)
Event: 2.954 Thread 0x000002949d91b040 4242       3       java.lang.reflect.ProxyGenerator$$Lambda$111/0x000000080106f990::apply (8 bytes)
Event: 2.954 Thread 0x000002949db16900 4243       3       java.lang.reflect.ProxyGenerator::lambda$addProxyMethod$1 (9 bytes)
Event: 2.955 Thread 0x000002949db16900 nmethod 4243 0x0000029488791f10 code [0x00000294887920c0, 0x0000029488792248]
Event: 2.955 Thread 0x000002949d91b040 nmethod 4242 0x0000029488792310 code [0x00000294887924c0, 0x00000294887927c8]
Event: 2.955 Thread 0x000002949dc705c0 nmethod 4241 0x0000029488792910 code [0x0000029488792b00, 0x0000029488793038]
Event: 2.955 Thread 0x000002949eb96300 nmethod 4233 0x000002948fc59210 code [0x000002948fc593c0, 0x000002948fc597a8]
Event: 2.955 Thread 0x000002949eb96300 4207       4       java.lang.reflect.Proxy::isProxyClass (22 bytes)
Event: 2.956 Thread 0x000002949d91b040 4244       3       java.lang.reflect.ProxyGenerator$ProxyMethod::<init> (44 bytes)
Event: 2.956 Thread 0x000002949d91b040 nmethod 4244 0x0000029488793210 code [0x00000294887933c0, 0x00000294887937b8]
Event: 2.963 Thread 0x000002949eb96300 nmethod 4207 0x000002948fc59b10 code [0x000002948fc59d00, 0x000002948fc5a290]
Event: 2.963 Thread 0x000002949eb96300 4245       4       jdk.internal.org.objectweb.asm.Frame::push (109 bytes)
Event: 2.967 Thread 0x000002949eb96300 nmethod 4245 0x000002948fc5a890 code [0x000002948fc5aa20, 0x000002948fc5b038]
Event: 2.967 Thread 0x000002949eb96300 4224       4       java.lang.invoke.LambdaForm$BasicType::basicType (187 bytes)
Event: 2.968 Thread 0x000002949eb96300 nmethod 4224 0x000002948fc5b210 code [0x000002948fc5b3a0, 0x000002948fc5b4b8]
Event: 2.974 Thread 0x000002949eb96300 4246       4       java.util.Arrays$ArrayList::size (6 bytes)
Event: 2.974 Thread 0x000002949eb96300 nmethod 4246 0x000002948fc5b590 code [0x000002948fc5b720, 0x000002948fc5b7b8]
Event: 2.974 Thread 0x000002949eb96300 4247       4       sun.net.util.URLUtil::urlNoFragString (114 bytes)
Event: 2.985 Thread 0x00000294996c4db0 4248       3       java.util.AbstractList$Itr::hasNext (20 bytes)
Event: 2.985 Thread 0x00000294996c4db0 nmethod 4248 0x0000029488793890 code [0x0000029488793a40, 0x0000029488793c68]

GC Heap History (14 events):
Event: 0.513 GC heap before
{Heap before GC invocations=0 (full 0):
 garbage-first heap   total 131072K, used 23552K [0x0000000080c00000, 0x0000000100000000)
  region size 1024K, 23 young (23552K), 0 survivors (0K)
 Metaspace       used 5045K, committed 5248K, reserved 1114112K
  class space    used 561K, committed 640K, reserved 1048576K
}
Event: 0.518 GC heap after
{Heap after GC invocations=1 (full 0):
 garbage-first heap   total 131072K, used 8063K [0x0000000080c00000, 0x0000000100000000)
  region size 1024K, 3 young (3072K), 3 survivors (3072K)
 Metaspace       used 5045K, committed 5248K, reserved 1114112K
  class space    used 561K, committed 640K, reserved 1048576K
}
Event: 1.068 GC heap before
{Heap before GC invocations=1 (full 0):
 garbage-first heap   total 131072K, used 34687K [0x0000000080c00000, 0x0000000100000000)
  region size 1024K, 29 young (29696K), 3 survivors (3072K)
 Metaspace       used 12138K, committed 12416K, reserved 1114112K
  class space    used 1476K, committed 1600K, reserved 1048576K
}
Event: 1.073 GC heap after
{Heap after GC invocations=2 (full 0):
 garbage-first heap   total 131072K, used 10565K [0x0000000080c00000, 0x0000000100000000)
  region size 1024K, 3 young (3072K), 3 survivors (3072K)
 Metaspace       used 12138K, committed 12416K, reserved 1114112K
  class space    used 1476K, committed 1600K, reserved 1048576K
}
Event: 1.640 GC heap before
{Heap before GC invocations=2 (full 0):
 garbage-first heap   total 131072K, used 51525K [0x0000000080c00000, 0x0000000100000000)
  region size 1024K, 45 young (46080K), 3 survivors (3072K)
 Metaspace       used 21175K, committed 21504K, reserved 1114112K
  class space    used 2575K, committed 2752K, reserved 1048576K
}
Event: 1.647 GC heap after
{Heap after GC invocations=3 (full 0):
 garbage-first heap   total 131072K, used 13689K [0x0000000080c00000, 0x0000000100000000)
  region size 1024K, 6 young (6144K), 6 survivors (6144K)
 Metaspace       used 21175K, committed 21504K, reserved 1114112K
  class space    used 2575K, committed 2752K, reserved 1048576K
}
Event: 2.023 GC heap before
{Heap before GC invocations=4 (full 0):
 garbage-first heap   total 51200K, used 38265K [0x0000000080c00000, 0x0000000100000000)
  region size 1024K, 30 young (30720K), 6 survivors (6144K)
 Metaspace       used 23057K, committed 23360K, reserved 1114112K
  class space    used 2816K, committed 3008K, reserved 1048576K
}
Event: 2.032 GC heap after
{Heap after GC invocations=5 (full 0):
 garbage-first heap   total 51200K, used 15072K [0x0000000080c00000, 0x0000000100000000)
  region size 1024K, 3 young (3072K), 3 survivors (3072K)
 Metaspace       used 23057K, committed 23360K, reserved 1114112K
  class space    used 2816K, committed 3008K, reserved 1048576K
}
Event: 2.052 GC heap before
{Heap before GC invocations=5 (full 0):
 garbage-first heap   total 51200K, used 16096K [0x0000000080c00000, 0x0000000100000000)
  region size 1024K, 4 young (4096K), 3 survivors (3072K)
 Metaspace       used 23171K, committed 23488K, reserved 1114112K
  class space    used 2833K, committed 3008K, reserved 1048576K
}
Event: 2.056 GC heap after
{Heap after GC invocations=6 (full 0):
 garbage-first heap   total 51200K, used 15517K [0x0000000080c00000, 0x0000000100000000)
  region size 1024K, 1 young (1024K), 1 survivors (1024K)
 Metaspace       used 23171K, committed 23488K, reserved 1114112K
  class space    used 2833K, committed 3008K, reserved 1048576K
}
Event: 2.410 GC heap before
{Heap before GC invocations=6 (full 0):
 garbage-first heap   total 51200K, used 32925K [0x0000000080c00000, 0x0000000100000000)
  region size 1024K, 19 young (19456K), 1 survivors (1024K)
 Metaspace       used 25751K, committed 26112K, reserved 1114112K
  class space    used 3210K, committed 3392K, reserved 1048576K
}
Event: 2.413 GC heap after
{Heap after GC invocations=7 (full 0):
 garbage-first heap   total 51200K, used 16682K [0x0000000080c00000, 0x0000000100000000)
  region size 1024K, 2 young (2048K), 2 survivors (2048K)
 Metaspace       used 25751K, committed 26112K, reserved 1114112K
  class space    used 3210K, committed 3392K, reserved 1048576K
}
Event: 2.770 GC heap before
{Heap before GC invocations=7 (full 0):
 garbage-first heap   total 51200K, used 36138K [0x0000000080c00000, 0x0000000100000000)
  region size 1024K, 21 young (21504K), 2 survivors (2048K)
 Metaspace       used 28578K, committed 29056K, reserved 1114112K
  class space    used 3639K, committed 3840K, reserved 1048576K
}
Event: 2.777 GC heap after
{Heap after GC invocations=8 (full 0):
 garbage-first heap   total 51200K, used 18605K [0x0000000080c00000, 0x0000000100000000)
  region size 1024K, 3 young (3072K), 3 survivors (3072K)
 Metaspace       used 28578K, committed 29056K, reserved 1114112K
  class space    used 3639K, committed 3840K, reserved 1048576K
}

Dll operation events (9 events):
Event: 0.005 Loaded shared library C:\Program Files\Java\jdk-19\bin\java.dll
Event: 0.012 Loaded shared library C:\Program Files\Java\jdk-19\bin\jsvml.dll
Event: 0.039 Loaded shared library C:\Program Files\Java\jdk-19\bin\net.dll
Event: 0.041 Loaded shared library C:\Program Files\Java\jdk-19\bin\nio.dll
Event: 0.043 Loaded shared library C:\Program Files\Java\jdk-19\bin\zip.dll
Event: 0.074 Loaded shared library C:\Program Files\Java\jdk-19\bin\management.dll
Event: 0.078 Loaded shared library C:\Program Files\Java\jdk-19\bin\management_ext.dll
Event: 0.105 Loaded shared library C:\Program Files\Java\jdk-19\bin\jimage.dll
Event: 1.265 Loaded shared library C:\Program Files\Java\jdk-19\bin\verify.dll

Deoptimization events (20 events):
Event: 2.769 Thread 0x00000294fa37efb0 Uncommon trap: trap_request=0xffffff45 fr.pc=0x000002948fb8391c relative=0x00000000000010bc
Event: 2.769 Thread 0x00000294fa37efb0 Uncommon trap: reason=unstable_if action=reinterpret pc=0x000002948fb8391c method=java.net.URL.<init>(Ljava/net/URL;Ljava/lang/String;Ljava/net/URLStreamHandler;)V @ 57 c2
Event: 2.769 Thread 0x00000294fa37efb0 DEOPT PACKING pc=0x000002948fb8391c sp=0x000000fe5f0fbb00
Event: 2.769 Thread 0x00000294fa37efb0 DEOPT UNPACKING pc=0x000002948f346da3 sp=0x000000fe5f0fba90 mode 2
Event: 2.826 Thread 0x00000294fa37efb0 Uncommon trap: trap_request=0xffffffde fr.pc=0x000002948fc2f670 relative=0x0000000000000230
Event: 2.826 Thread 0x00000294fa37efb0 Uncommon trap: reason=class_check action=maybe_recompile pc=0x000002948fc2f670 method=java.util.Collections$SetFromMap.contains(Ljava/lang/Object;)Z @ 5 c2
Event: 2.826 Thread 0x00000294fa37efb0 DEOPT PACKING pc=0x000002948fc2f670 sp=0x000000fe5f0fb870
Event: 2.826 Thread 0x00000294fa37efb0 DEOPT UNPACKING pc=0x000002948f346da3 sp=0x000000fe5f0fb818 mode 2
Event: 2.835 Thread 0x00000294fa37efb0 Uncommon trap: trap_request=0xffffff45 fr.pc=0x000002948fbb0280 relative=0x0000000000000060
Event: 2.835 Thread 0x00000294fa37efb0 Uncommon trap: reason=unstable_if action=reinterpret pc=0x000002948fbb0280 method=java.lang.ClassLoader.createOrGetClassLoaderValueMap()Ljava/util/concurrent/ConcurrentHashMap; @ 6 c2
Event: 2.835 Thread 0x00000294fa37efb0 DEOPT PACKING pc=0x000002948fbb0280 sp=0x000000fe5f0fb770
Event: 2.835 Thread 0x00000294fa37efb0 DEOPT UNPACKING pc=0x000002948f346da3 sp=0x000000fe5f0fb6f8 mode 2
Event: 2.949 Thread 0x00000294fa37efb0 Uncommon trap: trap_request=0xffffffde fr.pc=0x000002948fc2f670 relative=0x0000000000000230
Event: 2.949 Thread 0x00000294fa37efb0 Uncommon trap: reason=class_check action=maybe_recompile pc=0x000002948fc2f670 method=java.util.Collections$SetFromMap.contains(Ljava/lang/Object;)Z @ 5 c2
Event: 2.949 Thread 0x00000294fa37efb0 DEOPT PACKING pc=0x000002948fc2f670 sp=0x000000fe5f0f8ca0
Event: 2.949 Thread 0x00000294fa37efb0 DEOPT UNPACKING pc=0x000002948f346da3 sp=0x000000fe5f0f8c48 mode 2
Event: 2.950 Thread 0x00000294fa37efb0 Uncommon trap: trap_request=0xffffff45 fr.pc=0x000002948fb19600 relative=0x00000000000000e0
Event: 2.950 Thread 0x00000294fa37efb0 Uncommon trap: reason=unstable_if action=reinterpret pc=0x000002948fb19600 method=java.lang.ClassLoader.getClassLoadingLock(Ljava/lang/String;)Ljava/lang/Object; @ 6 c2
Event: 2.950 Thread 0x00000294fa37efb0 DEOPT PACKING pc=0x000002948fb19600 sp=0x000000fe5f0f7670
Event: 2.950 Thread 0x00000294fa37efb0 DEOPT UNPACKING pc=0x000002948f346da3 sp=0x000000fe5f0f7610 mode 2

Classes loaded (20 events):
Event: 2.621 Loading class java/text/MessageFormat
Event: 2.622 Loading class java/text/MessageFormat done
Event: 2.643 Loading class java/beans/Introspector
Event: 2.644 Loading class java/beans/Introspector done
Event: 2.644 Loading class java/beans/EventSetDescriptor
Event: 2.644 Loading class java/beans/EventSetDescriptor done
Event: 2.644 Loading class java/beans/Introspector$1
Event: 2.644 Loading class jdk/internal/access/JavaBeansAccess
Event: 2.645 Loading class jdk/internal/access/JavaBeansAccess done
Event: 2.645 Loading class java/beans/Introspector$1 done
Event: 2.660 Loading class java/lang/ExceptionInInitializerError
Event: 2.660 Loading class java/lang/ExceptionInInitializerError done
Event: 2.662 Loading class java/security/PrivilegedActionException
Event: 2.662 Loading class java/security/PrivilegedActionException done
Event: 2.764 Loading class java/lang/instrument/ClassFileTransformer
Event: 2.765 Loading class java/lang/instrument/ClassFileTransformer done
Event: 2.835 Loading class java/util/ServiceLoader$ProviderSpliterator
Event: 2.835 Loading class java/util/ServiceLoader$ProviderSpliterator done
Event: 2.925 Loading class java/lang/reflect/GenericSignatureFormatError
Event: 2.925 Loading class java/lang/reflect/GenericSignatureFormatError done

Classes unloaded (0 events):
No events

Classes redefined (0 events):
No events

Internal exceptions (20 events):
Event: 2.419 Thread 0x00000294fa37efb0 Exception <a 'java/lang/NoSuchMethodError'{0x0000000088b60458}: 'int java.lang.invoke.Invokers$Holder.linkToTargetMethod(java.lang.Object, java.lang.Object, java.lang.Object)'> (0x0000000088b60458) 
thrown [s\open\src\hotspot\share\interpreter\linkResolver.cpp, line 774]
Event: 2.432 Thread 0x00000294fa37efb0 Exception <a 'java/lang/NoSuchMethodError'{0x0000000085e02b28}: 'void java.lang.invoke.Invokers$Holder.invokeExact_MT(java.lang.Object, java.lang.Object, java.lang.Object)'> (0x0000000085e02b28) 
thrown [s\open\src\hotspot\share\interpreter\linkResolver.cpp, line 774]
Event: 2.445 Thread 0x00000294fa37efb0 Exception <a 'java/lang/NoClassDefFoundError'{0x0000000085e962d0}: org/flywaydb/core/Flyway> (0x0000000085e962d0) 
thrown [s\open\src\hotspot\share\classfile\systemDictionary.cpp, line 244]
Event: 2.445 Thread 0x00000294fa37efb0 Exception <a 'java/lang/NoClassDefFoundError'{0x0000000085e98100}: liquibase/integration/spring/SpringLiquibase> (0x0000000085e98100) 
thrown [s\open\src\hotspot\share\classfile\systemDictionary.cpp, line 244]
Event: 2.478 Thread 0x00000294fa37efb0 Exception <a 'java/lang/NoClassDefFoundError'{0x0000000085b8af00}: org/jooq/DSLContext> (0x0000000085b8af00) 
thrown [s\open\src\hotspot\share\classfile\systemDictionary.cpp, line 244]
Event: 2.479 Thread 0x00000294fa37efb0 Exception <a 'java/lang/NoClassDefFoundError'{0x0000000085b9bc30}: org/springframework/batch/core/repository/JobRepository> (0x0000000085b9bc30) 
thrown [s\open\src\hotspot\share\classfile\systemDictionary.cpp, line 244]
Event: 2.479 Thread 0x00000294fa37efb0 Exception <a 'java/lang/NoClassDefFoundError'{0x0000000085b9d7b0}: org/quartz/Scheduler> (0x0000000085b9d7b0) 
thrown [s\open\src\hotspot\share\classfile\systemDictionary.cpp, line 244]
Event: 2.479 Thread 0x00000294fa37efb0 Exception <a 'java/lang/NoClassDefFoundError'{0x0000000085b9fa58}: org/springframework/session/jdbc/JdbcIndexedSessionRepository> (0x0000000085b9fa58) 
thrown [s\open\src\hotspot\share\classfile\systemDictionary.cpp, line 244]
Event: 2.532 Thread 0x00000294fa37efb0 Exception <a 'java/lang/NoSuchMethodError'{0x000000008360eda8}: 'void java.lang.invoke.DirectMethodHandle$Holder.invokeVirtual(java.lang.Object, java.lang.Object, int)'> (0x000000008360eda8) 
thrown [s\open\src\hotspot\share\interpreter\linkResolver.cpp, line 774]
Event: 2.532 Thread 0x00000294fa37efb0 Exception <a 'java/lang/NoSuchMethodError'{0x0000000083613510}: 'int java.lang.invoke.DirectMethodHandle$Holder.invokeSpecial(java.lang.Object, java.lang.Object, java.lang.Object, int)'> (0x0000000083613510) 
thrown [s\open\src\hotspot\share\interpreter\linkResolver.cpp, line 774]
Event: 2.533 Thread 0x00000294fa37efb0 Exception <a 'java/lang/NoSuchMethodError'{0x0000000083625d38}: 'java.lang.Object java.lang.invoke.DirectMethodHandle$Holder.invokeStatic(java.lang.Object, java.lang.Object, java.lang.Object, java.lang.Object, int)'> (0x0000000083625d38) 
thrown [s\open\src\hotspot\share\interpreter\linkResolver.cpp, line 774]
Event: 2.533 Thread 0x00000294fa37efb0 Exception <a 'java/lang/NoSuchMethodError'{0x0000000083631148}: 'void java.lang.invoke.DelegatingMethodHandle$Holder.reinvoke_L(java.lang.Object, java.lang.Object, int)'> (0x0000000083631148) 
thrown [s\open\src\hotspot\share\interpreter\linkResolver.cpp, line 774]
Event: 2.641 Thread 0x00000294fa37efb0 Implicit null exception at 0x000002948fbdf161 to 0x000002948fbdfb00
Event: 2.641 Thread 0x00000294fa37efb0 Exception <a 'java/lang/NoSuchMethodError'{0x00000000832ade70}: 'java.lang.reflect.Field[] java.lang.Class.getDeclaredFields(java.lang.Class)'> (0x00000000832ade70) 
thrown [s\open\src\hotspot\share\interpreter\linkResolver.cpp, line 774]
Event: 2.674 Thread 0x00000294fa37efb0 Exception <a 'java/lang/NoSuchMethodError'{0x00000000830d7448}: 'void java.lang.invoke.DirectMethodHandle$Holder.invokeVirtual(java.lang.Object, java.lang.Object, long)'> (0x00000000830d7448) 
thrown [s\open\src\hotspot\share\interpreter\linkResolver.cpp, line 774]
Event: 2.675 Thread 0x00000294fa37efb0 Exception <a 'java/lang/NoSuchMethodError'{0x00000000830db598}: 'long java.lang.invoke.DirectMethodHandle$Holder.invokeStatic(java.lang.Object, java.lang.Object, int)'> (0x00000000830db598) 
thrown [s\open\src\hotspot\share\interpreter\linkResolver.cpp, line 774]
Event: 2.675 Thread 0x00000294fa37efb0 Exception <a 'java/lang/NoSuchMethodError'{0x00000000830e63c8}: 'void java.lang.invoke.DelegatingMethodHandle$Holder.reinvoke_L(java.lang.Object, java.lang.Object, long)'> (0x00000000830e63c8) 
thrown [s\open\src\hotspot\share\interpreter\linkResolver.cpp, line 774]
Event: 2.710 Thread 0x00000294fa37efb0 Exception <a 'java/lang/NoSuchMethodError'{0x0000000082d76a50}: 'java.lang.Object java.lang.invoke.DirectMethodHandle$Holder.newInvokeSpecial(java.lang.Object, java.lang.Object, java.lang.Object, java.lang.Object, java.lang.Object, java.lang.Object, java.lang.Object, java.lang.Object, java.lang.Object, java.lang.Object, java.lang.Object)'> (0x0000000082d76a50) 
thrown [s\open\src\hotspot\share\interpreter\linkResolver.cpp, line 774]
Event: 2.739 Thread 0x00000294fa37efb0 Exception <a 'java/lang/NoSuchMethodError'{0x0000000082c910f0}: 'java.lang.Object java.lang.invoke.DirectMethodHandle$Holder.invokeVirtual(java.lang.Object, java.lang.Object, java.lang.Object, java.lang.Object, java.lang.Object)'> (0x0000000082c910f0) 
thrown [s\open\src\hotspot\share\interpreter\linkResolver.cpp, line 774]
Event: 2.805 Thread 0x00000294fa37efb0 Exception <a 'java/lang/NoSuchMethodError'{0x0000000085e0e340}: 'void java.lang.invoke.DelegatingMethodHandle$Holder.reinvoke_L(java.lang.Object, java.lang.Object, java.lang.Object, java.lang.Object, int, java.lang.Object, java.lang.Object, java.lang.Object)'> (0x0000000085e0e340) 
thrown [s\open\src\hotspot\share\interpreter\linkResolver.cpp, line 774]

VM Operations (20 events):
Event: 2.353 Executing VM operation: ICBufferFull
Event: 2.353 Executing VM operation: ICBufferFull done
Event: 2.393 Executing VM operation: HandshakeAllThreads
Event: 2.393 Executing VM operation: HandshakeAllThreads done
Event: 2.405 Executing VM operation: HandshakeAllThreads
Event: 2.405 Executing VM operation: HandshakeAllThreads done
Event: 2.410 Executing VM operation: G1CollectForAllocation
Event: 2.414 Executing VM operation: G1CollectForAllocation done
Event: 2.498 Executing VM operation: HandshakeAllThreads
Event: 2.498 Executing VM operation: HandshakeAllThreads done
Event: 2.603 Executing VM operation: HandshakeAllThreads
Event: 2.603 Executing VM operation: HandshakeAllThreads done
Event: 2.642 Executing VM operation: ICBufferFull
Event: 2.642 Executing VM operation: ICBufferFull done
Event: 2.704 Executing VM operation: HandshakeAllThreads
Event: 2.704 Executing VM operation: HandshakeAllThreads done
Event: 2.770 Executing VM operation: G1CollectForAllocation
Event: 2.777 Executing VM operation: G1CollectForAllocation done
Event: 2.882 Executing VM operation: HandshakeAllThreads
Event: 2.882 Executing VM operation: HandshakeAllThreads done

Events (20 events):
Event: 0.022 Thread 0x00000294996b5dc0 Thread added: 0x00000294996b5dc0
Event: 0.022 Thread 0x00000294996b6970 Thread added: 0x00000294996b6970
Event: 0.022 Thread 0x00000294996b7b80 Thread added: 0x00000294996b7b80
Event: 0.022 Thread 0x00000294996bac60 Thread added: 0x00000294996bac60
Event: 0.022 Thread 0x00000294996c28d0 Thread added: 0x00000294996c28d0
Event: 0.022 Thread 0x00000294996c4db0 Thread added: 0x00000294996c4db0
Event: 0.022 Thread 0x00000294996d5ee0 Thread added: 0x00000294996d5ee0
Event: 0.033 Thread 0x000002949d91b040 Thread added: 0x000002949d91b040
Event: 0.035 Thread 0x000002949d931f00 Thread added: 0x000002949d931f00
Event: 0.036 Thread 0x000002949d9388e0 Thread added: 0x000002949d9388e0
Event: 0.062 Thread 0x000002949dabc0c0 Thread added: 0x000002949dabc0c0
Event: 0.114 Thread 0x000002949db16900 Thread added: 0x000002949db16900
Event: 0.114 Thread 0x000002949db02940 Thread added: 0x000002949db02940
Event: 0.117 Thread 0x000002949dc705c0 Thread added: 0x000002949dc705c0
Event: 0.132 Thread 0x000002949dc4f770 Thread added: 0x000002949dc4f770
Event: 1.105 Thread 0x000002949eb96300 Thread added: 0x000002949eb96300
Event: 1.192 Thread 0x000002949ec9c600 Thread added: 0x000002949ec9c600
Event: 1.376 Thread 0x000002949ec9c600 Thread exited: 0x000002949ec9c600
Event: 1.394 Thread 0x000002949ec9c600 Thread added: 0x000002949ec9c600
Event: 1.449 Thread 0x000002949ec9c600 Thread exited: 0x000002949ec9c600


Dynamic libraries:
0x00007ff657160000 - 0x00007ff657170000 	C:\Program Files\Java\jdk-19\bin\java.exe
0x00007ffdf88d0000 - 0x00007ffdf8ac8000 	C:\WINDOWS\SYSTEM32\ntdll.dll
0x00007ffdf84f0000 - 0x00007ffdf85af000 	C:\WINDOWS\System32\KERNEL32.DLL
0x00007ffdf6310000 - 0x00007ffdf65e2000 	C:\WINDOWS\System32\KERNELBASE.dll
0x00007ffdf61c0000 - 0x00007ffdf62c0000 	C:\WINDOWS\System32\ucrtbase.dll
0x00007ffde7720000 - 0x00007ffde773b000 	C:\Program Files\Java\jdk-19\bin\VCRUNTIME140.dll
0x00007ffde8920000 - 0x00007ffde8938000 	C:\Program Files\Java\jdk-19\bin\jli.dll
0x00007ffdf7830000 - 0x00007ffdf78de000 	C:\WINDOWS\System32\ADVAPI32.dll
0x00007ffdf7b60000 - 0x00007ffdf7bfe000 	C:\WINDOWS\System32\msvcrt.dll
0x00007ffdf7790000 - 0x00007ffdf782c000 	C:\WINDOWS\System32\sechost.dll
0x00007ffdf8190000 - 0x00007ffdf82b5000 	C:\WINDOWS\System32\RPCRT4.dll
0x00007ffdf79b0000 - 0x00007ffdf7b51000 	C:\WINDOWS\System32\USER32.dll
0x00007ffdea850000 - 0x00007ffdeaaea000 	C:\WINDOWS\WinSxS\amd64_microsoft.windows.common-controls_6595b64144ccf1df_6.0.19041.1110_none_60b5254171f9507e\COMCTL32.dll
0x00007ffdf65f0000 - 0x00007ffdf6612000 	C:\WINDOWS\System32\win32u.dll
0x00007ffdf7750000 - 0x00007ffdf777b000 	C:\WINDOWS\System32\GDI32.dll
0x00007ffdf66d0000 - 0x00007ffdf67df000 	C:\WINDOWS\System32\gdi32full.dll
0x00007ffdf5fc0000 - 0x00007ffdf605d000 	C:\WINDOWS\System32\msvcp_win.dll
0x00007ffdeda60000 - 0x00007ffdeda6a000 	C:\WINDOWS\SYSTEM32\VERSION.dll
0x00007ffdf7710000 - 0x00007ffdf7742000 	C:\WINDOWS\System32\IMM32.DLL
0x00007ffdeb2f0000 - 0x00007ffdeb2fc000 	C:\Program Files\Java\jdk-19\bin\vcruntime140_1.dll
0x00007ffdbf800000 - 0x00007ffdbf88e000 	C:\Program Files\Java\jdk-19\bin\msvcp140.dll
0x00007ffda72f0000 - 0x00007ffda7fb0000 	C:\Program Files\Java\jdk-19\bin\server\jvm.dll
0x00007ffdddba0000 - 0x00007ffdddba9000 	C:\WINDOWS\SYSTEM32\WSOCK32.dll
0x00007ffdf78e0000 - 0x00007ffdf794b000 	C:\WINDOWS\System32\WS2_32.dll
0x00007ffde8040000 - 0x00007ffde8067000 	C:\WINDOWS\SYSTEM32\WINMM.dll
0x00007ffdf3ea0000 - 0x00007ffdf3eb2000 	C:\WINDOWS\SYSTEM32\kernel.appcore.dll
0x00007ffdeb2d0000 - 0x00007ffdeb2da000 	C:\Program Files\Java\jdk-19\bin\jimage.dll
0x00007ffdddda0000 - 0x00007ffdddf84000 	C:\WINDOWS\SYSTEM32\DBGHELP.DLL
0x00007ffddd0a0000 - 0x00007ffddd0d5000 	C:\WINDOWS\SYSTEM32\dbgcore.DLL
0x00007ffdf6880000 - 0x00007ffdf6902000 	C:\WINDOWS\System32\bcryptPrimitives.dll
0x00007ffdc70a0000 - 0x00007ffdc70c6000 	C:\Program Files\Java\jdk-19\bin\java.dll
0x00007ffdbf5e0000 - 0x00007ffdbf6b7000 	C:\Program Files\Java\jdk-19\bin\jsvml.dll
0x00007ffdf6fc0000 - 0x00007ffdf7704000 	C:\WINDOWS\System32\SHELL32.dll
0x00007ffdf40a0000 - 0x00007ffdf4832000 	C:\WINDOWS\SYSTEM32\windows.storage.dll
0x00007ffdf7cf0000 - 0x00007ffdf8045000 	C:\WINDOWS\System32\combase.dll
0x00007ffdf5a20000 - 0x00007ffdf5a50000 	C:\WINDOWS\SYSTEM32\Wldp.dll
0x00007ffdf6a40000 - 0x00007ffdf6aed000 	C:\WINDOWS\System32\SHCORE.dll
0x00007ffdf6f60000 - 0x00007ffdf6fb5000 	C:\WINDOWS\System32\shlwapi.dll
0x00007ffdf5f00000 - 0x00007ffdf5f1f000 	C:\WINDOWS\SYSTEM32\profapi.dll
0x00007ffde2d30000 - 0x00007ffde2d43000 	C:\Program Files\Java\jdk-19\bin\net.dll
0x00007ffded450000 - 0x00007ffded55c000 	C:\WINDOWS\SYSTEM32\WINHTTP.dll
0x00007ffdf5780000 - 0x00007ffdf57ea000 	C:\WINDOWS\system32\mswsock.dll
0x00007ffde2a10000 - 0x00007ffde2a26000 	C:\Program Files\Java\jdk-19\bin\nio.dll
0x00007ffdc65c0000 - 0x00007ffdc65d8000 	C:\Program Files\Java\jdk-19\bin\zip.dll
0x00007ffdeb300000 - 0x00007ffdeb30a000 	C:\Program Files\Java\jdk-19\bin\management.dll
0x00007ffdeaaf0000 - 0x00007ffdeaafb000 	C:\Program Files\Java\jdk-19\bin\management_ext.dll
0x00007ffdf6a30000 - 0x00007ffdf6a38000 	C:\WINDOWS\System32\PSAPI.DLL
0x00007ffde82b0000 - 0x00007ffde82c0000 	C:\Program Files\Java\jdk-19\bin\verify.dll

dbghelp: loaded successfully - version: 4.0.5 - missing functions: none
symbol engine: initialized successfully - sym options: 0x614 - pdb path: .;C:\Program Files\Java\jdk-19\bin;C:\WINDOWS\SYSTEM32;C:\WINDOWS\WinSxS\amd64_microsoft.windows.common-controls_6595b64144ccf1df_6.0.19041.1110_none_60b5254171f9507e;C:\Program Files\Java\jdk-19\bin\server

VM Arguments:
java_command: C:\Users\USER\AppData\Local\Temp\surefire3684960412249399041\surefirebooter559032571667652353.jar C:\Users\USER\AppData\Local\Temp\surefire3684960412249399041 2022-12-25T13-17-41_057-jvmRun1 surefire12082709403169910892tmp surefire_013107195628988029697tmp
java_class_path (initial): C:\Users\USER\AppData\Local\Temp\surefire3684960412249399041\surefirebooter559032571667652353.jar
Launcher Type: SUN_STANDARD

[Global flags]
     intx CICompilerCount                          = 12                                        {product} {ergonomic}
     uint ConcGCThreads                            = 3                                         {product} {ergonomic}
     uint G1ConcRefinementThreads                  = 13                                        {product} {ergonomic}
   size_t G1HeapRegionSize                         = 1048576                                   {product} {ergonomic}
    uintx GCDrainStackTargetSize                   = 64                                        {product} {ergonomic}
   size_t InitialHeapSize                          = 134217728                                 {product} {ergonomic}
   size_t MarkStackSize                            = 4194304                                   {product} {ergonomic}
   size_t MaxHeapSize                              = 2134900736                                {product} {ergonomic}
   size_t MaxNewSize                               = 1280311296                                {product} {ergonomic}
   size_t MinHeapDeltaBytes                        = 1048576                                   {product} {ergonomic}
   size_t MinHeapSize                              = 8388608                                   {product} {ergonomic}
    uintx NonNMethodCodeHeapSize                   = 7602480                                {pd product} {ergonomic}
    uintx NonProfiledCodeHeapSize                  = 122027880                              {pd product} {ergonomic}
    uintx ProfiledCodeHeapSize                     = 122027880                              {pd product} {ergonomic}
    uintx ReservedCodeCacheSize                    = 251658240                              {pd product} {ergonomic}
     bool SegmentedCodeCache                       = true                                      {product} {ergonomic}
   size_t SoftMaxHeapSize                          = 2134900736                             {manageable} {ergonomic}
     bool UseCompressedClassPointers               = true                           {product lp64_product} {ergonomic}
     bool UseCompressedOops                        = true                           {product lp64_product} {ergonomic}
     bool UseG1GC                                  = true                                      {product} {ergonomic}
     bool UseLargePagesIndividualAllocation        = false                                  {pd product} {ergonomic}

Logging:
Log output configuration:
 #0: stdout all=warning uptime,level,tags foldmultilines=false
 #1: stderr all=off uptime,level,tags foldmultilines=false

Environment Variables:
JAVA_HOME=C:\Program Files\Java\jdk-19
PATH=C:\Python310\Scripts\;C:\Python310\;C:\Python39\Scripts\;C:\Python39\;C:\Program Files\Java\jdk-19;C:\Program Files\Common Files\Oracle\Java\javapath;C:\Program Files (x86)\Common Files\Oracle\Java\javapath;C:\WINDOWS\system32;C:\WINDOWS;C:\WINDOWS\System32\Wbem;C:\WINDOWS\System32\WindowsPowerShell\v1.0\;C:\WINDOWS\System32\OpenSSH\;C:\ProgramData\chocolatey\bin;C:\Program Files\nodejs\;C:\Program Files\Microsoft SQL Server\150\Tools\Binn\;C:\Program Files\dotnet\;C:\Program Files\Microsoft SQL Server\130\Tools\Binn\;C:\Program Files (x86)\Microsoft SQL Server\150\DTS\Binn\;C:\Program Files\Azure Data Studio\bin;D:\Git\Git\cmd;C:\Program Files\Microsoft SQL Server\Client SDK\ODBC\170\Tools\Binn\;C:\Program Files (x86)\dotnet\;C:\Program Files\Maven\apache-maven-3.8.6\bin;C:\Program Files (x86)\Microsoft SQL Server\150\Tools\Binn\;C:\Program Files\Microsoft SQL Server\150\DTS\Binn\;D:\Gradle\gradle-6.9.3\bin;C:\Program Files (x86)\EaseUS\bin;C:\Program Files\MySQL\MySQL Shell 8.0\bin\;"C:\Users\USER\AppData\Local\Microsoft\WindowsApps;C:\MinGW\bin\;";"C:\Users\USER\AppData\Local\Programs\Microsoft VS Code\bin;";C:\Users\USER\AppData\Local\Programs\Microsoft VS Code\bin;C:\Users\USER\AppData\Local\Microsoft\WindowsApps;C:\Program Files\JetBrains\WebStorm 2020.2.2\bin;;C:\Users\USER\AppData\Roaming\npm;C:\Users\USER\.dotnet\tools;C:\Program Files\Azure Data Studio\bin;C:\Program Files (x86)\EaseUS\bin;
USERNAME=USER
OS=Windows_NT
PROCESSOR_IDENTIFIER=AMD64 Family 23 Model 8 Stepping 2, AuthenticAMD
TMP=C:\Users\USER\AppData\Local\Temp
TEMP=C:\Users\USER\AppData\Local\Temp



---------------  S Y S T E M  ---------------

OS:
 Windows 10 , 64 bit Build 19041 (10.0.19041.2364)
OS uptime: 8 days 16:26 hours

CPU: total 16 (initial active 16) (16 cores per cpu, 2 threads per core) family 23 model 8 stepping 2 microcode 0x0, cx8, cmov, fxsr, ht, mmx, 3dnowpref, sse, sse2, sse3, ssse3, sse4a, sse4.1, sse4.2, popcnt, lzcnt, tsc, tscinvbit, avx, avx2, aes, clmul, bmi1, bmi2, adx, sha, fma, vzeroupper, clflush, clflushopt, rdtscp

Memory: 4k page, system-wide physical 8140M (576M free)
TotalPageFile size 12164M (AvailPageFile size 12M)
current process WorkingSet (physical memory assigned to process): 188M, peak: 195M
current process commit charge ("private bytes"): 246M, peak: 294M

vm_info: Java HotSpot(TM) 64-Bit Server VM (19+36-2238) for windows-amd64 JRE (19+36-2238), built on 2022-08-12T20:29:01Z by "mach5one" with MS VC++ 17.1 (VS2022)

END.
