#
# There is insufficient memory for the Java Runtime Environment to continue.
# Native memory allocation (malloc) failed to allocate 1731680 bytes for Chunk::new
# Possible reasons:
#   The system is out of physical RAM or swap space
#   The process is running with CompressedOops enabled, and the Java Heap may be blocking the growth of the native heap
# Possible solutions:
#   Reduce memory load on the system
#   Increase physical memory or swap space
#   Check if swap backing store is full
#   Decrease Java heap size (-Xmx/-Xms)
#   Decrease number of Java threads
#   Decrease Java thread stack sizes (-Xss)
#   Set larger code cache with -XX:ReservedCodeCacheSize=
#   JVM is running with Unscaled Compressed Oops mode in which the Java heap is
#     placed in the first 4GB address space. The Java Heap base address is the
#     maximum limit for the native heap growth. Please use -XX:HeapBaseMinAddress
#     to set the Java Heap base and to place the Java Heap above 4GB virtual address.
# This output file may be truncated or incomplete.
#
#  Out of Memory Error (arena.cpp:184), pid=14940, tid=16720
#
# JRE version: Java(TM) SE Runtime Environment (19.0+36) (build 19+36-2238)
# Java VM: Java HotSpot(TM) 64-Bit Server VM (19+36-2238, mixed mode, sharing, tiered, compressed oops, compressed class ptrs, g1 gc, windows-amd64)
# No core dump will be written. Minidumps are not enabled by default on client versions of Windows
#

---------------  S U M M A R Y ------------

Command Line: -Dclassworlds.conf=C:\Program Files\Maven\apache-maven-3.8.6\bin\m2.conf -Dmaven.home=C:\Program Files\Maven\apache-maven-3.8.6 -Dlibrary.jansi.path=C:\Program Files\Maven\apache-maven-3.8.6\lib\jansi-native -Dmaven.multiModuleProjectDirectory=D:\DIANS\Dians_demo org.codehaus.plexus.classworlds.launcher.Launcher dependency:tree

Host: AMD Ryzen 7 2700X Eight-Core Processor         , 16 cores, 7G,  Windows 10 , 64 bit Build 19041 (10.0.19041.2364)
Time: Sat Dec 24 17:26:35 2022 Central European Standard Time elapsed time: 1.789981 seconds (0d 0h 0m 1s)

---------------  T H R E A D  ---------------

Current thread (0x000001e70aafbb80):  JavaThread "C2 CompilerThread2" daemon [_thread_in_native, id=16720, stack(0x000000462da00000,0x000000462db00000)]


Current CompileTask:
C2:   1790 3670   !   4       org.codehaus.plexus.interpolation.StringSearchInterpolator::interpolate (668 bytes)

Stack: [0x000000462da00000,0x000000462db00000]
Native frames: (J=compiled Java code, j=interpreted, Vv=VM code, C=native code)
V  [jvm.dll+0x6ee8fa]
V  [jvm.dll+0x857a1e]
V  [jvm.dll+0x85940e]
V  [jvm.dll+0x859ac3]
V  [jvm.dll+0x28291f]
V  [jvm.dll+0xc9b5f]
V  [jvm.dll+0xc9ee5]
V  [jvm.dll+0x3bcbac]
V  [jvm.dll+0x1ee31a]
V  [jvm.dll+0x24c41b]
V  [jvm.dll+0x24b671]
V  [jvm.dll+0x1d6d61]
V  [jvm.dll+0x25b0fa]
V  [jvm.dll+0x259588]
V  [jvm.dll+0x807928]
V  [jvm.dll+0x8015fa]
V  [jvm.dll+0x6ed5eb]
C  [ucrtbase.dll+0x21bb2]
C  [KERNEL32.DLL+0x17614]
C  [ntdll.dll+0x526a1]


---------------  P R O C E S S  ---------------

Threads class SMR info:
_java_thread_list=0x000001e70af0ad90, length=18, elements={
0x000001e766bdc7b0, 0x000001e706153ca0, 0x000001e706154c30, 0x000001e706159660,
0x000001e70615d3d0, 0x000001e70615dea0, 0x000001e70615eab0, 0x000001e706163030,
0x000001e7061679d0, 0x000001e706172b20, 0x000001e70a4e4f40, 0x000001e70a502200,
0x000001e70a506bb0, 0x000001e70a7dc0c0, 0x000001e70a99e7b0, 0x000001e70aefde10,
0x000001e70aafbb80, 0x000001e70ae846e0
}

Java Threads: ( => current thread )
  0x000001e766bdc7b0 JavaThread "main" [_thread_in_native, id=2996, stack(0x000000462c300000,0x000000462c400000)]
  0x000001e706153ca0 JavaThread "Reference Handler" daemon [_thread_blocked, id=6048, stack(0x000000462ca00000,0x000000462cb00000)]
  0x000001e706154c30 JavaThread "Finalizer" daemon [_thread_blocked, id=14008, stack(0x000000462cb00000,0x000000462cc00000)]
  0x000001e706159660 JavaThread "Signal Dispatcher" daemon [_thread_blocked, id=14440, stack(0x000000462cc00000,0x000000462cd00000)]
  0x000001e70615d3d0 JavaThread "Attach Listener" daemon [_thread_blocked, id=11124, stack(0x000000462cd00000,0x000000462ce00000)]
  0x000001e70615dea0 JavaThread "Service Thread" daemon [_thread_blocked, id=11604, stack(0x000000462ce00000,0x000000462cf00000)]
  0x000001e70615eab0 JavaThread "Monitor Deflation Thread" daemon [_thread_blocked, id=15924, stack(0x000000462cf00000,0x000000462d000000)]
  0x000001e706163030 JavaThread "C2 CompilerThread0" daemon [_thread_in_native, id=4788, stack(0x000000462d000000,0x000000462d100000)]
  0x000001e7061679d0 JavaThread "C1 CompilerThread0" daemon [_thread_blocked, id=4280, stack(0x000000462d100000,0x000000462d200000)]
  0x000001e706172b20 JavaThread "Sweeper thread" daemon [_thread_blocked, id=16492, stack(0x000000462d200000,0x000000462d300000)]
  0x000001e70a4e4f40 JavaThread "C1 CompilerThread1" daemon [_thread_blocked, id=4748, stack(0x000000462d300000,0x000000462d400000)]
  0x000001e70a502200 JavaThread "Notification Thread" daemon [_thread_blocked, id=11348, stack(0x000000462d400000,0x000000462d500000)]
  0x000001e70a506bb0 JavaThread "Common-Cleaner" daemon [_thread_blocked, id=10956, stack(0x000000462d600000,0x000000462d700000)]
  0x000001e70a7dc0c0 JavaThread "C1 CompilerThread2" daemon [_thread_blocked, id=7864, stack(0x000000462d700000,0x000000462d800000)]
  0x000001e70a99e7b0 JavaThread "C1 CompilerThread3" daemon [_thread_blocked, id=5236, stack(0x000000462d800000,0x000000462d900000)]
  0x000001e70aefde10 JavaThread "C2 CompilerThread1" daemon [_thread_in_native, id=15116, stack(0x000000462d900000,0x000000462da00000)]
=>0x000001e70aafbb80 JavaThread "C2 CompilerThread2" daemon [_thread_in_native, id=16720, stack(0x000000462da00000,0x000000462db00000)]
  0x000001e70ae846e0 JavaThread "C2 CompilerThread3" daemon [_thread_in_native, id=10688, stack(0x000000462db00000,0x000000462dc00000)]

Other Threads:
  0x000001e706130a00 VMThread "VM Thread" [stack: 0x000000462c900000,0x000000462ca00000] [id=17388]
  0x000001e70a502740 WatcherThread "VM Periodic Task Thread" [stack: 0x000000462d500000,0x000000462d600000] [id=9368]
  0x000001e766c3f300 WorkerThread "GC Thread#0" [stack: 0x000000462c400000,0x000000462c500000] [id=2584]
  0x000001e70a5fbeb0 WorkerThread "GC Thread#1" [stack: 0x000000462dc00000,0x000000462dd00000] [id=14396]
  0x000001e70a5fcf90 WorkerThread "GC Thread#2" [stack: 0x000000462dd00000,0x000000462de00000] [id=7508]
  0x000001e70a5fc180 WorkerThread "GC Thread#3" [stack: 0x000000462de00000,0x000000462df00000] [id=9076]
  0x000001e70a5fc450 WorkerThread "GC Thread#4" [stack: 0x000000462df00000,0x000000462e000000] [id=9396]
  0x000001e70a5fbbe0 WorkerThread "GC Thread#5" [stack: 0x000000462e000000,0x000000462e100000] [id=4196]
  0x000001e70a5fd260 WorkerThread "GC Thread#6" [stack: 0x000000462e100000,0x000000462e200000] [id=12436]
  0x000001e70a5fd530 WorkerThread "GC Thread#7" [stack: 0x000000462e200000,0x000000462e300000] [id=1368]
  0x000001e70bb48630 WorkerThread "GC Thread#8" [stack: 0x000000462e300000,0x000000462e400000] [id=1752]
  0x000001e70bb46470 WorkerThread "GC Thread#9" [stack: 0x000000462e400000,0x000000462e500000] [id=15992]
  0x000001e70bb47820 WorkerThread "GC Thread#10" [stack: 0x000000462e500000,0x000000462e600000] [id=11836]
  0x000001e70bb48900 WorkerThread "GC Thread#11" [stack: 0x000000462e600000,0x000000462e700000] [id=14960]
  0x000001e70bb461a0 WorkerThread "GC Thread#12" [stack: 0x000000462e700000,0x000000462e800000] [id=6844]
  0x000001e766c522a0 ConcurrentGCThread "G1 Main Marker" [stack: 0x000000462c500000,0x000000462c600000] [id=4236]
  0x000001e766c53a80 WorkerThread "G1 Conc#0" [stack: 0x000000462c600000,0x000000462c700000] [id=9856]
  0x000001e705fed530 ConcurrentGCThread "G1 Refine#0" [stack: 0x000000462c700000,0x000000462c800000] [id=2308]
  0x000001e766cae690 ConcurrentGCThread "G1 Service" [stack: 0x000000462c800000,0x000000462c900000] [id=8704]

Threads with active compile tasks:
C2 CompilerThread0     1803 4056       4       org.eclipse.aether.util.graph.transformer.ConflictResolver$State::push (447 bytes)
C2 CompilerThread1     1803 4183       4       java.lang.CharacterDataLatin1::toTitleCase (6 bytes)
C2 CompilerThread2     1803 3670   !   4       org.codehaus.plexus.interpolation.StringSearchInterpolator::interpolate (668 bytes)
C2 CompilerThread3     1803 4178       4       org.apache.maven.model.inheritance.DefaultInheritanceAssembler$InheritanceModelMerger::mergePlugin (71 bytes)

VM state: not at safepoint (normal execution)

VM Mutex/Monitor currently owned by a thread: None

Heap address: 0x0000000080c00000, size: 2036 MB, Compressed Oops mode: 32-bit

CDS archive(s) mapped at: [0x0000000800000000-0x0000000800c40000-0x0000000800c40000), size 12845056, SharedBaseAddress: 0x0000000800000000, ArchiveRelocationMode: 0.
Compressed class space mapped at: 0x0000000801000000-0x0000000841000000, reserved size: 1073741824
Narrow klass base: 0x0000000800000000, Narrow klass shift: 0, Narrow klass range: 0x100000000

GC Precious Log:
 CardTable entry size: 512
 Card Set container configuration: InlinePtr #cards 5 size 8 Array Of Cards #cards 12 size 40 Howl #buckets 4 coarsen threshold 1843 Howl Bitmap #cards 512 size 80 coarsen threshold 460 Card regions per heap region 1 cards per card region 2048
 CPUs: 16 total, 16 available
 Memory: 8140M
 Large Page Support: Disabled
 NUMA Support: Disabled
 Compressed Oops: Enabled (32-bit)
 Heap Region Size: 1M
 Heap Min Capacity: 8M
 Heap Initial Capacity: 128M
 Heap Max Capacity: 2036M
 Pre-touch: Disabled
 Parallel Workers: 13
 Concurrent Workers: 3
 Concurrent Refinement Workers: 13
 Periodic GC: Disabled

Heap:
 garbage-first heap   total 131072K, used 54194K [0x0000000080c00000, 0x0000000100000000)
  region size 1024K, 49 young (50176K), 10 survivors (10240K)
 Metaspace       used 14063K, committed 14336K, reserved 1114112K
  class space    used 1472K, committed 1600K, reserved 1048576K

Heap Regions: E=young(eden), S=young(survivor), O=old, HS=humongous(starts), HC=humongous(continues), CS=collection set, F=free, OA=open archive, CA=closed archive, TAMS=top-at-mark-start (previous, next)
|   0|0x0000000080c00000, 0x0000000080d00000, 0x0000000080d00000|100%| O|  |TAMS 0x0000000080c00000, 0x0000000080c00000| Untracked 
|   1|0x0000000080d00000, 0x0000000080e00000, 0x0000000080e00000|100%| O|  |TAMS 0x0000000080d00000, 0x0000000080d00000| Untracked 
|   2|0x0000000080e00000, 0x0000000080f00000, 0x0000000080f00000|100%| O|  |TAMS 0x0000000080e00000, 0x0000000080e00000| Untracked 
|   3|0x0000000080f00000, 0x0000000081000000, 0x0000000081000000|100%| O|  |TAMS 0x0000000080f00000, 0x0000000080f00000| Untracked 
|   4|0x0000000081000000, 0x00000000810eca00, 0x0000000081100000| 92%| O|  |TAMS 0x0000000081000000, 0x0000000081000000| Untracked 
|   5|0x0000000081100000, 0x0000000081100000, 0x0000000081200000|  0%| F|  |TAMS 0x0000000081100000, 0x0000000081100000| Untracked 
|   6|0x0000000081200000, 0x0000000081200000, 0x0000000081300000|  0%| F|  |TAMS 0x0000000081200000, 0x0000000081200000| Untracked 
|   7|0x0000000081300000, 0x0000000081300000, 0x0000000081400000|  0%| F|  |TAMS 0x0000000081300000, 0x0000000081300000| Untracked 
|   8|0x0000000081400000, 0x0000000081400000, 0x0000000081500000|  0%| F|  |TAMS 0x0000000081400000, 0x0000000081400000| Untracked 
|   9|0x0000000081500000, 0x0000000081500000, 0x0000000081600000|  0%| F|  |TAMS 0x0000000081500000, 0x0000000081500000| Untracked 
|  10|0x0000000081600000, 0x0000000081600000, 0x0000000081700000|  0%| F|  |TAMS 0x0000000081600000, 0x0000000081600000| Untracked 
|  11|0x0000000081700000, 0x0000000081700000, 0x0000000081800000|  0%| F|  |TAMS 0x0000000081700000, 0x0000000081700000| Untracked 
|  12|0x0000000081800000, 0x0000000081800000, 0x0000000081900000|  0%| F|  |TAMS 0x0000000081800000, 0x0000000081800000| Untracked 
|  13|0x0000000081900000, 0x0000000081900000, 0x0000000081a00000|  0%| F|  |TAMS 0x0000000081900000, 0x0000000081900000| Untracked 
|  14|0x0000000081a00000, 0x0000000081a00000, 0x0000000081b00000|  0%| F|  |TAMS 0x0000000081a00000, 0x0000000081a00000| Untracked 
|  15|0x0000000081b00000, 0x0000000081b00000, 0x0000000081c00000|  0%| F|  |TAMS 0x0000000081b00000, 0x0000000081b00000| Untracked 
|  16|0x0000000081c00000, 0x0000000081c00000, 0x0000000081d00000|  0%| F|  |TAMS 0x0000000081c00000, 0x0000000081c00000| Untracked 
|  17|0x0000000081d00000, 0x0000000081d00000, 0x0000000081e00000|  0%| F|  |TAMS 0x0000000081d00000, 0x0000000081d00000| Untracked 
|  18|0x0000000081e00000, 0x0000000081e00000, 0x0000000081f00000|  0%| F|  |TAMS 0x0000000081e00000, 0x0000000081e00000| Untracked 
|  19|0x0000000081f00000, 0x0000000081f00000, 0x0000000082000000|  0%| F|  |TAMS 0x0000000081f00000, 0x0000000081f00000| Untracked 
|  20|0x0000000082000000, 0x0000000082000000, 0x0000000082100000|  0%| F|  |TAMS 0x0000000082000000, 0x0000000082000000| Untracked 
|  21|0x0000000082100000, 0x0000000082100000, 0x0000000082200000|  0%| F|  |TAMS 0x0000000082100000, 0x0000000082100000| Untracked 
|  22|0x0000000082200000, 0x0000000082200000, 0x0000000082300000|  0%| F|  |TAMS 0x0000000082200000, 0x0000000082200000| Untracked 
|  23|0x0000000082300000, 0x0000000082300000, 0x0000000082400000|  0%| F|  |TAMS 0x0000000082300000, 0x0000000082300000| Untracked 
|  24|0x0000000082400000, 0x0000000082400000, 0x0000000082500000|  0%| F|  |TAMS 0x0000000082400000, 0x0000000082400000| Untracked 
|  25|0x0000000082500000, 0x0000000082500000, 0x0000000082600000|  0%| F|  |TAMS 0x0000000082500000, 0x0000000082500000| Untracked 
|  26|0x0000000082600000, 0x0000000082600000, 0x0000000082700000|  0%| F|  |TAMS 0x0000000082600000, 0x0000000082600000| Untracked 
|  27|0x0000000082700000, 0x0000000082700000, 0x0000000082800000|  0%| F|  |TAMS 0x0000000082700000, 0x0000000082700000| Untracked 
|  28|0x0000000082800000, 0x0000000082800000, 0x0000000082900000|  0%| F|  |TAMS 0x0000000082800000, 0x0000000082800000| Untracked 
|  29|0x0000000082900000, 0x0000000082900000, 0x0000000082a00000|  0%| F|  |TAMS 0x0000000082900000, 0x0000000082900000| Untracked 
|  30|0x0000000082a00000, 0x0000000082a00000, 0x0000000082b00000|  0%| F|  |TAMS 0x0000000082a00000, 0x0000000082a00000| Untracked 
|  31|0x0000000082b00000, 0x0000000082b00000, 0x0000000082c00000|  0%| F|  |TAMS 0x0000000082b00000, 0x0000000082b00000| Untracked 
|  32|0x0000000082c00000, 0x0000000082c00000, 0x0000000082d00000|  0%| F|  |TAMS 0x0000000082c00000, 0x0000000082c00000| Untracked 
|  33|0x0000000082d00000, 0x0000000082d00000, 0x0000000082e00000|  0%| F|  |TAMS 0x0000000082d00000, 0x0000000082d00000| Untracked 
|  34|0x0000000082e00000, 0x0000000082e00000, 0x0000000082f00000|  0%| F|  |TAMS 0x0000000082e00000, 0x0000000082e00000| Untracked 
|  35|0x0000000082f00000, 0x0000000082f00000, 0x0000000083000000|  0%| F|  |TAMS 0x0000000082f00000, 0x0000000082f00000| Untracked 
|  36|0x0000000083000000, 0x0000000083000000, 0x0000000083100000|  0%| F|  |TAMS 0x0000000083000000, 0x0000000083000000| Untracked 
|  37|0x0000000083100000, 0x0000000083100000, 0x0000000083200000|  0%| F|  |TAMS 0x0000000083100000, 0x0000000083100000| Untracked 
|  38|0x0000000083200000, 0x0000000083200000, 0x0000000083300000|  0%| F|  |TAMS 0x0000000083200000, 0x0000000083200000| Untracked 
|  39|0x0000000083300000, 0x0000000083300000, 0x0000000083400000|  0%| F|  |TAMS 0x0000000083300000, 0x0000000083300000| Untracked 
|  40|0x0000000083400000, 0x0000000083400000, 0x0000000083500000|  0%| F|  |TAMS 0x0000000083400000, 0x0000000083400000| Untracked 
|  41|0x0000000083500000, 0x0000000083500000, 0x0000000083600000|  0%| F|  |TAMS 0x0000000083500000, 0x0000000083500000| Untracked 
|  42|0x0000000083600000, 0x0000000083700000, 0x0000000083700000|100%| S|CS|TAMS 0x0000000083600000, 0x0000000083600000| Complete 
|  43|0x0000000083700000, 0x0000000083800000, 0x0000000083800000|100%| S|CS|TAMS 0x0000000083700000, 0x0000000083700000| Complete 
|  44|0x0000000083800000, 0x0000000083900000, 0x0000000083900000|100%| S|CS|TAMS 0x0000000083800000, 0x0000000083800000| Complete 
|  45|0x0000000083900000, 0x0000000083a00000, 0x0000000083a00000|100%| S|CS|TAMS 0x0000000083900000, 0x0000000083900000| Complete 
|  46|0x0000000083a00000, 0x0000000083b00000, 0x0000000083b00000|100%| S|CS|TAMS 0x0000000083a00000, 0x0000000083a00000| Complete 
|  47|0x0000000083b00000, 0x0000000083c00000, 0x0000000083c00000|100%| S|CS|TAMS 0x0000000083b00000, 0x0000000083b00000| Complete 
|  48|0x0000000083c00000, 0x0000000083d00000, 0x0000000083d00000|100%| S|CS|TAMS 0x0000000083c00000, 0x0000000083c00000| Complete 
|  49|0x0000000083d00000, 0x0000000083e00000, 0x0000000083e00000|100%| S|CS|TAMS 0x0000000083d00000, 0x0000000083d00000| Complete 
|  50|0x0000000083e00000, 0x0000000083f00000, 0x0000000083f00000|100%| S|CS|TAMS 0x0000000083e00000, 0x0000000083e00000| Complete 
|  51|0x0000000083f00000, 0x0000000084000000, 0x0000000084000000|100%| S|CS|TAMS 0x0000000083f00000, 0x0000000083f00000| Complete 
|  52|0x0000000084000000, 0x0000000084000000, 0x0000000084100000|  0%| F|  |TAMS 0x0000000084000000, 0x0000000084000000| Untracked 
|  53|0x0000000084100000, 0x0000000084100000, 0x0000000084200000|  0%| F|  |TAMS 0x0000000084100000, 0x0000000084100000| Untracked 
|  54|0x0000000084200000, 0x0000000084200000, 0x0000000084300000|  0%| F|  |TAMS 0x0000000084200000, 0x0000000084200000| Untracked 
|  55|0x0000000084300000, 0x0000000084300000, 0x0000000084400000|  0%| F|  |TAMS 0x0000000084300000, 0x0000000084300000| Untracked 
|  56|0x0000000084400000, 0x0000000084400000, 0x0000000084500000|  0%| F|  |TAMS 0x0000000084400000, 0x0000000084400000| Untracked 
|  57|0x0000000084500000, 0x0000000084500000, 0x0000000084600000|  0%| F|  |TAMS 0x0000000084500000, 0x0000000084500000| Untracked 
|  58|0x0000000084600000, 0x0000000084600000, 0x0000000084700000|  0%| F|  |TAMS 0x0000000084600000, 0x0000000084600000| Untracked 
|  59|0x0000000084700000, 0x0000000084700000, 0x0000000084800000|  0%| F|  |TAMS 0x0000000084700000, 0x0000000084700000| Untracked 
|  60|0x0000000084800000, 0x0000000084800000, 0x0000000084900000|  0%| F|  |TAMS 0x0000000084800000, 0x0000000084800000| Untracked 
|  61|0x0000000084900000, 0x0000000084900000, 0x0000000084a00000|  0%| F|  |TAMS 0x0000000084900000, 0x0000000084900000| Untracked 
|  62|0x0000000084a00000, 0x0000000084a00000, 0x0000000084b00000|  0%| F|  |TAMS 0x0000000084a00000, 0x0000000084a00000| Untracked 
|  63|0x0000000084b00000, 0x0000000084b00000, 0x0000000084c00000|  0%| F|  |TAMS 0x0000000084b00000, 0x0000000084b00000| Untracked 
|  64|0x0000000084c00000, 0x0000000084c00000, 0x0000000084d00000|  0%| F|  |TAMS 0x0000000084c00000, 0x0000000084c00000| Untracked 
|  65|0x0000000084d00000, 0x0000000084d00000, 0x0000000084e00000|  0%| F|  |TAMS 0x0000000084d00000, 0x0000000084d00000| Untracked 
|  66|0x0000000084e00000, 0x0000000084e00000, 0x0000000084f00000|  0%| F|  |TAMS 0x0000000084e00000, 0x0000000084e00000| Untracked 
|  67|0x0000000084f00000, 0x0000000084f00000, 0x0000000085000000|  0%| F|  |TAMS 0x0000000084f00000, 0x0000000084f00000| Untracked 
|  68|0x0000000085000000, 0x0000000085000000, 0x0000000085100000|  0%| F|  |TAMS 0x0000000085000000, 0x0000000085000000| Untracked 
|  69|0x0000000085100000, 0x0000000085100000, 0x0000000085200000|  0%| F|  |TAMS 0x0000000085100000, 0x0000000085100000| Untracked 
|  70|0x0000000085200000, 0x0000000085200000, 0x0000000085300000|  0%| F|  |TAMS 0x0000000085200000, 0x0000000085200000| Untracked 
|  71|0x0000000085300000, 0x0000000085300000, 0x0000000085400000|  0%| F|  |TAMS 0x0000000085300000, 0x0000000085300000| Untracked 
|  72|0x0000000085400000, 0x0000000085400000, 0x0000000085500000|  0%| F|  |TAMS 0x0000000085400000, 0x0000000085400000| Untracked 
|  73|0x0000000085500000, 0x0000000085500000, 0x0000000085600000|  0%| F|  |TAMS 0x0000000085500000, 0x0000000085500000| Untracked 
|  74|0x0000000085600000, 0x0000000085600000, 0x0000000085700000|  0%| F|  |TAMS 0x0000000085600000, 0x0000000085600000| Untracked 
|  75|0x0000000085700000, 0x0000000085700000, 0x0000000085800000|  0%| F|  |TAMS 0x0000000085700000, 0x0000000085700000| Untracked 
|  76|0x0000000085800000, 0x0000000085800000, 0x0000000085900000|  0%| F|  |TAMS 0x0000000085800000, 0x0000000085800000| Untracked 
|  77|0x0000000085900000, 0x0000000085900000, 0x0000000085a00000|  0%| F|  |TAMS 0x0000000085900000, 0x0000000085900000| Untracked 
|  78|0x0000000085a00000, 0x0000000085a00000, 0x0000000085b00000|  0%| F|  |TAMS 0x0000000085a00000, 0x0000000085a00000| Untracked 
|  79|0x0000000085b00000, 0x0000000085b00000, 0x0000000085c00000|  0%| F|  |TAMS 0x0000000085b00000, 0x0000000085b00000| Untracked 
|  80|0x0000000085c00000, 0x0000000085c00000, 0x0000000085d00000|  0%| F|  |TAMS 0x0000000085c00000, 0x0000000085c00000| Untracked 
|  81|0x0000000085d00000, 0x0000000085d00000, 0x0000000085e00000|  0%| F|  |TAMS 0x0000000085d00000, 0x0000000085d00000| Untracked 
|  82|0x0000000085e00000, 0x0000000085e00000, 0x0000000085f00000|  0%| F|  |TAMS 0x0000000085e00000, 0x0000000085e00000| Untracked 
|  83|0x0000000085f00000, 0x0000000085f00000, 0x0000000086000000|  0%| F|  |TAMS 0x0000000085f00000, 0x0000000085f00000| Untracked 
|  84|0x0000000086000000, 0x0000000086000000, 0x0000000086100000|  0%| F|  |TAMS 0x0000000086000000, 0x0000000086000000| Untracked 
|  85|0x0000000086100000, 0x0000000086100000, 0x0000000086200000|  0%| F|  |TAMS 0x0000000086100000, 0x0000000086100000| Untracked 
|  86|0x0000000086200000, 0x0000000086200000, 0x0000000086300000|  0%| F|  |TAMS 0x0000000086200000, 0x0000000086200000| Untracked 
|  87|0x0000000086300000, 0x0000000086300000, 0x0000000086400000|  0%| F|  |TAMS 0x0000000086300000, 0x0000000086300000| Untracked 
|  88|0x0000000086400000, 0x0000000086400000, 0x0000000086500000|  0%| F|  |TAMS 0x0000000086400000, 0x0000000086400000| Untracked 
|  89|0x0000000086500000, 0x0000000086600000, 0x0000000086600000|100%| E|  |TAMS 0x0000000086500000, 0x0000000086500000| Complete 
|  90|0x0000000086600000, 0x0000000086700000, 0x0000000086700000|100%| E|CS|TAMS 0x0000000086600000, 0x0000000086600000| Complete 
|  91|0x0000000086700000, 0x0000000086800000, 0x0000000086800000|100%| E|CS|TAMS 0x0000000086700000, 0x0000000086700000| Complete 
|  92|0x0000000086800000, 0x0000000086900000, 0x0000000086900000|100%| E|CS|TAMS 0x0000000086800000, 0x0000000086800000| Complete 
|  93|0x0000000086900000, 0x0000000086a00000, 0x0000000086a00000|100%| E|CS|TAMS 0x0000000086900000, 0x0000000086900000| Complete 
|  94|0x0000000086a00000, 0x0000000086b00000, 0x0000000086b00000|100%| E|CS|TAMS 0x0000000086a00000, 0x0000000086a00000| Complete 
|  95|0x0000000086b00000, 0x0000000086c00000, 0x0000000086c00000|100%| E|CS|TAMS 0x0000000086b00000, 0x0000000086b00000| Complete 
|  96|0x0000000086c00000, 0x0000000086d00000, 0x0000000086d00000|100%| E|CS|TAMS 0x0000000086c00000, 0x0000000086c00000| Complete 
|  97|0x0000000086d00000, 0x0000000086e00000, 0x0000000086e00000|100%| E|CS|TAMS 0x0000000086d00000, 0x0000000086d00000| Complete 
|  98|0x0000000086e00000, 0x0000000086f00000, 0x0000000086f00000|100%| E|CS|TAMS 0x0000000086e00000, 0x0000000086e00000| Complete 
|  99|0x0000000086f00000, 0x0000000087000000, 0x0000000087000000|100%| E|CS|TAMS 0x0000000086f00000, 0x0000000086f00000| Complete 
| 100|0x0000000087000000, 0x0000000087100000, 0x0000000087100000|100%| E|CS|TAMS 0x0000000087000000, 0x0000000087000000| Complete 
| 101|0x0000000087100000, 0x0000000087200000, 0x0000000087200000|100%| E|CS|TAMS 0x0000000087100000, 0x0000000087100000| Complete 
| 102|0x0000000087200000, 0x0000000087300000, 0x0000000087300000|100%| E|CS|TAMS 0x0000000087200000, 0x0000000087200000| Complete 
| 103|0x0000000087300000, 0x0000000087400000, 0x0000000087400000|100%| E|CS|TAMS 0x0000000087300000, 0x0000000087300000| Complete 
| 104|0x0000000087400000, 0x0000000087500000, 0x0000000087500000|100%| E|CS|TAMS 0x0000000087400000, 0x0000000087400000| Complete 
| 105|0x0000000087500000, 0x0000000087600000, 0x0000000087600000|100%| E|CS|TAMS 0x0000000087500000, 0x0000000087500000| Complete 
| 106|0x0000000087600000, 0x0000000087700000, 0x0000000087700000|100%| E|CS|TAMS 0x0000000087600000, 0x0000000087600000| Complete 
| 107|0x0000000087700000, 0x0000000087800000, 0x0000000087800000|100%| E|CS|TAMS 0x0000000087700000, 0x0000000087700000| Complete 
| 108|0x0000000087800000, 0x0000000087900000, 0x0000000087900000|100%| E|CS|TAMS 0x0000000087800000, 0x0000000087800000| Complete 
| 109|0x0000000087900000, 0x0000000087a00000, 0x0000000087a00000|100%| E|CS|TAMS 0x0000000087900000, 0x0000000087900000| Complete 
| 110|0x0000000087a00000, 0x0000000087b00000, 0x0000000087b00000|100%| E|CS|TAMS 0x0000000087a00000, 0x0000000087a00000| Complete 
| 111|0x0000000087b00000, 0x0000000087c00000, 0x0000000087c00000|100%| E|CS|TAMS 0x0000000087b00000, 0x0000000087b00000| Complete 
| 112|0x0000000087c00000, 0x0000000087d00000, 0x0000000087d00000|100%| E|CS|TAMS 0x0000000087c00000, 0x0000000087c00000| Complete 
| 113|0x0000000087d00000, 0x0000000087e00000, 0x0000000087e00000|100%| E|CS|TAMS 0x0000000087d00000, 0x0000000087d00000| Complete 
| 114|0x0000000087e00000, 0x0000000087f00000, 0x0000000087f00000|100%| E|CS|TAMS 0x0000000087e00000, 0x0000000087e00000| Complete 
| 115|0x0000000087f00000, 0x0000000088000000, 0x0000000088000000|100%| E|CS|TAMS 0x0000000087f00000, 0x0000000087f00000| Complete 
| 116|0x0000000088000000, 0x0000000088100000, 0x0000000088100000|100%| E|CS|TAMS 0x0000000088000000, 0x0000000088000000| Complete 
| 117|0x0000000088100000, 0x0000000088200000, 0x0000000088200000|100%| E|CS|TAMS 0x0000000088100000, 0x0000000088100000| Complete 
| 118|0x0000000088200000, 0x0000000088300000, 0x0000000088300000|100%| E|CS|TAMS 0x0000000088200000, 0x0000000088200000| Complete 
| 119|0x0000000088300000, 0x0000000088400000, 0x0000000088400000|100%| E|CS|TAMS 0x0000000088300000, 0x0000000088300000| Complete 
| 120|0x0000000088400000, 0x0000000088500000, 0x0000000088500000|100%| E|CS|TAMS 0x0000000088400000, 0x0000000088400000| Complete 
| 121|0x0000000088500000, 0x0000000088600000, 0x0000000088600000|100%| E|CS|TAMS 0x0000000088500000, 0x0000000088500000| Complete 
| 122|0x0000000088600000, 0x0000000088700000, 0x0000000088700000|100%| E|CS|TAMS 0x0000000088600000, 0x0000000088600000| Complete 
| 123|0x0000000088700000, 0x0000000088800000, 0x0000000088800000|100%| E|CS|TAMS 0x0000000088700000, 0x0000000088700000| Complete 
| 124|0x0000000088800000, 0x0000000088900000, 0x0000000088900000|100%| E|CS|TAMS 0x0000000088800000, 0x0000000088800000| Complete 
| 125|0x0000000088900000, 0x0000000088a00000, 0x0000000088a00000|100%| E|CS|TAMS 0x0000000088900000, 0x0000000088900000| Complete 
| 126|0x0000000088a00000, 0x0000000088b00000, 0x0000000088b00000|100%| E|CS|TAMS 0x0000000088a00000, 0x0000000088a00000| Complete 
| 127|0x0000000088b00000, 0x0000000088c00000, 0x0000000088c00000|100%| E|CS|TAMS 0x0000000088b00000, 0x0000000088b00000| Complete 

Card table byte_map: [0x000001e77e7c0000,0x000001e77ebc0000] _byte_map_base: 0x000001e77e3ba000

Marking Bits (Prev, Next): (CMBitMap*) 0x000001e766c40940, (CMBitMap*) 0x000001e766c40980
 Prev Bits: [0x000001e700000000, 0x000001e701fd0000)
 Next Bits: [0x000001e701fd0000, 0x000001e703fa0000)

Polling page: 0x000001e7663b0000

Metaspace:

Usage:
  Non-class:     12.30 MB used.
      Class:      1.44 MB used.
       Both:     13.74 MB used.

Virtual space:
  Non-class space:       64.00 MB reserved,      12.44 MB ( 19%) committed,  1 nodes.
      Class space:        1.00 GB reserved,       1.56 MB ( <1%) committed,  1 nodes.
             Both:        1.06 GB reserved,      14.00 MB (  1%) committed. 

Chunk freelists:
   Non-Class:  2.78 MB
       Class:  2.45 MB
        Both:  5.23 MB

MaxMetaspaceSize: unlimited
CompressedClassSpaceSize: 1.00 GB
Initial GC threshold: 21.00 MB
Current GC threshold: 21.00 MB
CDS: on
MetaspaceReclaimPolicy: balanced
 - commit_granule_bytes: 65536.
 - commit_granule_words: 8192.
 - virtual_space_node_default_size: 8388608.
 - enlarge_chunks_in_place: 1.
 - new_chunks_are_fully_committed: 0.
 - uncommit_free_chunks: 1.
 - use_allocation_guard: 0.


Internal statistics:

num_allocs_failed_limit: 0.
num_arena_births: 242.
num_arena_deaths: 0.
num_vsnodes_births: 2.
num_vsnodes_deaths: 0.
num_space_committed: 224.
num_space_uncommitted: 0.
num_chunks_returned_to_freelist: 0.
num_chunks_taken_from_freelist: 697.
num_chunk_merges: 0.
num_chunk_splits: 508.
num_chunks_enlarged: 391.
num_inconsistent_stats: 0.

CodeHeap 'non-profiled nmethods': size=119168Kb used=2039Kb max_used=2039Kb free=117128Kb
 bounds [0x000001e7766e0000, 0x000001e776950000, 0x000001e77db40000]
CodeHeap 'profiled nmethods': size=119104Kb used=9026Kb max_used=9026Kb free=110077Kb
 bounds [0x000001e76eb40000, 0x000001e76f420000, 0x000001e775f90000]
CodeHeap 'non-nmethods': size=7488Kb used=2994Kb max_used=3013Kb free=4493Kb
 bounds [0x000001e775f90000, 0x000001e776290000, 0x000001e7766e0000]
 total_blobs=4673 nmethods=4187 adapters=391
 compilation: enabled
              stopped_count=0, restarted_count=0
 full_count=0

Compilation events (20 events):
Event: 1.771 Thread 0x000001e70a99e7b0 4173       3       org.apache.maven.model.IssueManagement::setLocation (156 bytes)
Event: 1.772 Thread 0x000001e70a99e7b0 nmethod 4173 0x000001e76f406590 code [0x000001e76f406860, 0x000001e76f407958]
Event: 1.773 Thread 0x000001e70aefde10 nmethod 4154 0x000001e7768d6e90 code [0x000001e7768d7020, 0x000001e7768d7298]
Event: 1.773 Thread 0x000001e70aefde10 4174       4       org.apache.maven.model.merge.MavenModelMerger::mergePlugin_Executions (235 bytes)
Event: 1.774 Thread 0x000001e70a99e7b0 4175       1       org.apache.maven.model.ReportPlugin::setReportSets (6 bytes)
Event: 1.774 Thread 0x000001e70a99e7b0 nmethod 4175 0x000001e7768d7490 code [0x000001e7768d7620, 0x000001e7768d7738]
Event: 1.775 Thread 0x000001e70a99e7b0 4176   !   3       org.apache.maven.model.DistributionManagement::clone (145 bytes)
Event: 1.775 Thread 0x000001e70a7dc0c0 4177       3       org.apache.maven.model.building.ModelData::<init> (32 bytes)
Event: 1.775 Thread 0x000001e70a7dc0c0 nmethod 4177 0x000001e76f407d10 code [0x000001e76f407ee0, 0x000001e76f408278]
Event: 1.776 Thread 0x000001e70a99e7b0 nmethod 4176 0x000001e76f408390 code [0x000001e76f4086a0, 0x000001e76f4097e8]
Event: 1.776 Thread 0x000001e70a99e7b0 4179       3       java.util.LinkedHashMap::keysToArray (38 bytes)
Event: 1.776 Thread 0x000001e70a99e7b0 nmethod 4179 0x000001e76f40a090 code [0x000001e76f40a240, 0x000001e76f40a5b8]
Event: 1.776 Thread 0x000001e70a99e7b0 4180       1       org.eclipse.aether.resolution.ArtifactDescriptorRequest::getTrace (5 bytes)
Event: 1.776 Thread 0x000001e70a99e7b0 nmethod 4180 0x000001e7768d7790 code [0x000001e7768d7920, 0x000001e7768d79d8]
Event: 1.776 Thread 0x000001e70a99e7b0 4181       3       org.apache.maven.repository.internal.DefaultArtifactDescriptorReader::toProperties (15 bytes)
Event: 1.776 Thread 0x000001e70a99e7b0 nmethod 4181 0x000001e76f40a710 code [0x000001e76f40a8e0, 0x000001e76f40acf8]
Event: 1.778 Thread 0x000001e70ae846e0 nmethod 4138 0x000001e7768d7a90 code [0x000001e7768d7cc0, 0x000001e7768d8928]
Event: 1.778 Thread 0x000001e70ae846e0 4182       4       org.apache.maven.model.merge.ModelMerger$DependencyKeyComputer::<init> (6 bytes)
Event: 1.779 Thread 0x000001e70ae846e0 nmethod 4182 0x000001e7768d9090 code [0x000001e7768d9200, 0x000001e7768d9338]
Event: 1.779 Thread 0x000001e70ae846e0 4178       4       org.apache.maven.model.inheritance.DefaultInheritanceAssembler$InheritanceModelMerger::mergePlugin (71 bytes)

GC Heap History (6 events):
Event: 0.401 GC heap before
{Heap before GC invocations=0 (full 0):
 garbage-first heap   total 131072K, used 22528K [0x0000000080c00000, 0x0000000100000000)
  region size 1024K, 23 young (23552K), 0 survivors (0K)
 Metaspace       used 5027K, committed 5184K, reserved 1114112K
  class space    used 559K, committed 640K, reserved 1048576K
}
Event: 0.405 GC heap after
{Heap after GC invocations=1 (full 0):
 garbage-first heap   total 131072K, used 3606K [0x0000000080c00000, 0x0000000100000000)
  region size 1024K, 3 young (3072K), 3 survivors (3072K)
 Metaspace       used 5027K, committed 5184K, reserved 1114112K
  class space    used 559K, committed 640K, reserved 1048576K
}
Event: 0.900 GC heap before
{Heap before GC invocations=1 (full 0):
 garbage-first heap   total 131072K, used 35350K [0x0000000080c00000, 0x0000000100000000)
  region size 1024K, 34 young (34816K), 3 survivors (3072K)
 Metaspace       used 11008K, committed 11264K, reserved 1114112K
  class space    used 1270K, committed 1408K, reserved 1048576K
}
Event: 0.906 GC heap after
{Heap after GC invocations=2 (full 0):
 garbage-first heap   total 131072K, used 6211K [0x0000000080c00000, 0x0000000100000000)
  region size 1024K, 3 young (3072K), 3 survivors (3072K)
 Metaspace       used 11008K, committed 11264K, reserved 1114112K
  class space    used 1270K, committed 1408K, reserved 1048576K
}
Event: 1.451 GC heap before
{Heap before GC invocations=2 (full 0):
 garbage-first heap   total 131072K, used 80963K [0x0000000080c00000, 0x0000000100000000)
  region size 1024K, 76 young (77824K), 3 survivors (3072K)
 Metaspace       used 13390K, committed 13632K, reserved 1114112K
  class space    used 1456K, committed 1600K, reserved 1048576K
}
Event: 1.464 GC heap after
{Heap after GC invocations=3 (full 0):
 garbage-first heap   total 131072K, used 15282K [0x0000000080c00000, 0x0000000100000000)
  region size 1024K, 10 young (10240K), 10 survivors (10240K)
 Metaspace       used 13390K, committed 13632K, reserved 1114112K
  class space    used 1456K, committed 1600K, reserved 1048576K
}

Dll operation events (8 events):
Event: 0.005 Loaded shared library C:\Program Files\Java\jdk-19\bin\java.dll
Event: 0.011 Loaded shared library C:\Program Files\Java\jdk-19\bin\jsvml.dll
Event: 0.038 Loaded shared library C:\Program Files\Java\jdk-19\bin\net.dll
Event: 0.040 Loaded shared library C:\Program Files\Java\jdk-19\bin\nio.dll
Event: 0.042 Loaded shared library C:\Program Files\Java\jdk-19\bin\zip.dll
Event: 0.113 Loaded shared library C:\Program Files\Java\jdk-19\bin\jimage.dll
Event: 0.118 Loaded shared library C:\Program Files\Maven\apache-maven-3.8.6\lib\jansi-native\Windows\x86_64\jansi.dll
Event: 0.128 Loaded shared library C:\Program Files\Java\jdk-19\bin\verify.dll

Deoptimization events (20 events):
Event: 1.653 Thread 0x000001e766bdc7b0 Uncommon trap: trap_request=0xffffffd6 fr.pc=0x000001e7768adefc relative=0x00000000000005dc
Event: 1.653 Thread 0x000001e766bdc7b0 Uncommon trap: reason=array_check action=maybe_recompile pc=0x000001e7768adefc method=java.util.HashMap.keysToArray([Ljava/lang/Object;)[Ljava/lang/Object; @ 62 c2
Event: 1.653 Thread 0x000001e766bdc7b0 DEOPT PACKING pc=0x000001e7768adefc sp=0x000000462c3fcc10
Event: 1.653 Thread 0x000001e766bdc7b0 DEOPT UNPACKING pc=0x000001e775ff6da3 sp=0x000000462c3fcbb8 mode 2
Event: 1.653 Thread 0x000001e766bdc7b0 Uncommon trap: trap_request=0xffffffd6 fr.pc=0x000001e7768adefc relative=0x00000000000005dc
Event: 1.653 Thread 0x000001e766bdc7b0 Uncommon trap: reason=array_check action=maybe_recompile pc=0x000001e7768adefc method=java.util.HashMap.keysToArray([Ljava/lang/Object;)[Ljava/lang/Object; @ 62 c2
Event: 1.653 Thread 0x000001e766bdc7b0 DEOPT PACKING pc=0x000001e7768adefc sp=0x000000462c3fcb40
Event: 1.653 Thread 0x000001e766bdc7b0 DEOPT UNPACKING pc=0x000001e775ff6da3 sp=0x000000462c3fcae8 mode 2
Event: 1.685 Thread 0x000001e766bdc7b0 Uncommon trap: trap_request=0xffffff45 fr.pc=0x000001e776890698 relative=0x0000000000000278
Event: 1.685 Thread 0x000001e766bdc7b0 Uncommon trap: reason=unstable_if action=reinterpret pc=0x000001e776890698 method=java.util.HashMap.getNode(Ljava/lang/Object;)Ljava/util/HashMap$Node; @ 57 c2
Event: 1.685 Thread 0x000001e766bdc7b0 DEOPT PACKING pc=0x000001e776890698 sp=0x000000462c3fe010
Event: 1.685 Thread 0x000001e766bdc7b0 DEOPT UNPACKING pc=0x000001e775ff6da3 sp=0x000000462c3fdf20 mode 2
Event: 1.685 Thread 0x000001e766bdc7b0 Uncommon trap: trap_request=0xffffff45 fr.pc=0x000001e77674f04c relative=0x000000000000022c
Event: 1.685 Thread 0x000001e766bdc7b0 Uncommon trap: reason=unstable_if action=reinterpret pc=0x000001e77674f04c method=java.util.HashMap.hash(Ljava/lang/Object;)I @ 1 c2
Event: 1.685 Thread 0x000001e766bdc7b0 DEOPT PACKING pc=0x000001e77674f04c sp=0x000000462c3fdfa0
Event: 1.685 Thread 0x000001e766bdc7b0 DEOPT UNPACKING pc=0x000001e775ff6da3 sp=0x000000462c3fdea8 mode 2
Event: 1.685 Thread 0x000001e766bdc7b0 Uncommon trap: trap_request=0xffffff45 fr.pc=0x000001e77676b438 relative=0x0000000000000098
Event: 1.685 Thread 0x000001e766bdc7b0 Uncommon trap: reason=unstable_if action=reinterpret pc=0x000001e77676b438 method=java.util.HashMap.hash(Ljava/lang/Object;)I @ 1 c2
Event: 1.685 Thread 0x000001e766bdc7b0 DEOPT PACKING pc=0x000001e77676b438 sp=0x000000462c3fdf10
Event: 1.685 Thread 0x000001e766bdc7b0 DEOPT UNPACKING pc=0x000001e775ff6da3 sp=0x000000462c3fdea8 mode 2

Classes loaded (20 events):
Event: 0.999 Loading class java/lang/Byte$ByteCache
Event: 0.999 Loading class java/lang/Byte$ByteCache done
Event: 1.003 Loading class sun/invoke/util/ValueConversions$1
Event: 1.003 Loading class sun/invoke/util/ValueConversions$1 done
Event: 1.004 Loading class java/lang/invoke/BoundMethodHandle$Species_LI
Event: 1.004 Loading class java/lang/invoke/BoundMethodHandle$Species_LI done
Event: 1.127 Loading class java/util/LinkedList$ListItr
Event: 1.127 Loading class java/util/LinkedList$ListItr done
Event: 1.217 Loading class sun/nio/cs/ISO_8859_1$Decoder
Event: 1.217 Loading class sun/nio/cs/ISO_8859_1$Decoder done
Event: 1.342 Loading class java/util/concurrent/locks/ReentrantReadWriteLock$NonfairSync
Event: 1.342 Loading class java/util/concurrent/locks/ReentrantReadWriteLock$Sync
Event: 1.342 Loading class java/util/concurrent/locks/ReentrantReadWriteLock$Sync done
Event: 1.342 Loading class java/util/concurrent/locks/ReentrantReadWriteLock$NonfairSync done
Event: 1.347 Loading class java/util/concurrent/locks/ReentrantReadWriteLock$Sync$ThreadLocalHoldCounter
Event: 1.347 Loading class java/util/concurrent/locks/ReentrantReadWriteLock$Sync$ThreadLocalHoldCounter done
Event: 1.347 Loading class java/util/concurrent/locks/ReentrantReadWriteLock$ReadLock
Event: 1.347 Loading class java/util/concurrent/locks/ReentrantReadWriteLock$ReadLock done
Event: 1.347 Loading class java/util/concurrent/locks/ReentrantReadWriteLock$WriteLock
Event: 1.347 Loading class java/util/concurrent/locks/ReentrantReadWriteLock$WriteLock done

Classes unloaded (0 events):
No events

Classes redefined (0 events):
No events

Internal exceptions (20 events):
Event: 0.833 Thread 0x000001e766bdc7b0 Exception <a 'java/lang/NoSuchMethodError'{0x0000000086dec470}: 'int java.lang.invoke.DirectMethodHandle$Holder.invokeSpecial(java.lang.Object, java.lang.Object, java.lang.Object)'> (0x0000000086dec470) 
thrown [s\open\src\hotspot\share\interpreter\linkResolver.cpp, line 774]
Event: 0.847 Thread 0x000001e766bdc7b0 Exception <a 'java/lang/NoSuchMethodError'{0x0000000086c75678}: 'java.lang.Object java.lang.invoke.DirectMethodHandle$Holder.newInvokeSpecial(java.lang.Object, java.lang.Object, java.lang.Object, java.lang.Object, java.lang.Object, java.lang.Object, java.lang.Object)'> (0x0000000086c75678) 
thrown [s\open\src\hotspot\share\interpreter\linkResolver.cpp, line 774]
Event: 0.852 Thread 0x000001e766bdc7b0 Exception <a 'java/lang/NoSuchMethodError'{0x0000000086cb2b30}: 'java.lang.Object java.lang.invoke.DirectMethodHandle$Holder.newInvokeSpecial(java.lang.Object, java.lang.Object, java.lang.Object, java.lang.Object, java.lang.Object, java.lang.Object, java.lang.Object, java.lang.Object, java.lang.Object)'> (0x0000000086cb2b30) 
thrown [s\open\src\hotspot\share\interpreter\linkResolver.cpp, line 774]
Event: 0.864 Thread 0x000001e766bdc7b0 Exception <a 'java/lang/NoSuchMethodError'{0x0000000086b5fa00}: 'java.lang.Object java.lang.invoke.DirectMethodHandle$Holder.newInvokeSpecial(java.lang.Object, java.lang.Object, java.lang.Object, java.lang.Object, java.lang.Object, java.lang.Object, java.lang.Object, java.lang.Object, java.lang.Object, java.lang.Object, java.lang.Object, java.lang.Object)'> (0x0000000086b5fa00) 
thrown [s\open\src\hotspot\share\interpreter\linkResolver.cpp, line 774]
Event: 0.867 Thread 0x000001e766bdc7b0 Exception <a 'java/lang/NoSuchMethodError'{0x0000000086ba7bf8}: 'java.lang.Object java.lang.invoke.DirectMethodHandle$Holder.invokeStatic(java.lang.Object, java.lang.Object, java.lang.Object, java.lang.Object, java.lang.Object, java.lang.Object, java.lang.Object, java.lang.Object, java.lang.Object, java.lang.Object, java.lang.Object, java.lang.Object, java.lang.Object)'> (0x0000000086ba7bf8) 
thrown [s\open\src\hotspot\share\interpreter\linkResolver.cpp, line 774]
Event: 0.868 Thread 0x000001e766bdc7b0 Exception <a 'java/lang/NoSuchMethodError'{0x0000000086bc78e0}: 'java.lang.Object java.lang.invoke.DirectMethodHandle$Holder.invokeStatic(java.lang.Object, java.lang.Object, java.lang.Object, java.lang.Object, java.lang.Object, java.lang.Object, java.lang.Object, java.lang.Object, java.lang.Object, java.lang.Object, java.lang.Object, java.lang.Object, java.lang.Object, java.lang.Object)'> (0x0000000086bc78e0) 
thrown [s\open\src\hotspot\share\interpreter\linkResolver.cpp, line 774]
Event: 0.870 Thread 0x000001e766bdc7b0 Exception <a 'java/lang/NoSuchMethodError'{0x0000000086be8d68}: 'java.lang.Object java.lang.invoke.DirectMethodHandle$Holder.invokeStatic(java.lang.Object, java.lang.Object, java.lang.Object, java.lang.Object, java.lang.Object, java.lang.Object, java.lang.Object, java.lang.Object, java.lang.Object, java.lang.Object, java.lang.Object, java.lang.Object, java.lang.Object, java.lang.Object, java.lang.Object)'> (0x0000000086be8d68) 
thrown [s\open\src\hotspot\share\interpreter\linkResolver.cpp, line 774]
Event: 0.883 Thread 0x000001e766bdc7b0 Exception <a 'java/lang/NoSuchMethodError'{0x0000000086a51a60}: 'java.lang.Object java.lang.invoke.DirectMethodHandle$Holder.invokeStaticInit(java.lang.Object, int, int, int, int)'> (0x0000000086a51a60) 
thrown [s\open\src\hotspot\share\interpreter\linkResolver.cpp, line 774]
Event: 0.957 Thread 0x000001e766bdc7b0 Implicit null exception at 0x000001e776742a72 to 0x000001e776742f54
Event: 0.957 Thread 0x000001e766bdc7b0 Implicit null exception at 0x000001e776716d72 to 0x000001e776717244
Event: 0.968 Thread 0x000001e766bdc7b0 Implicit null exception at 0x000001e77677109e to 0x000001e77677125c
Event: 1.003 Thread 0x000001e766bdc7b0 Exception <a 'java/lang/NoSuchMethodError'{0x00000000885a2458}: 'void java.lang.invoke.DirectMethodHandle$Holder.invokeVirtual(java.lang.Object, java.lang.Object, int)'> (0x00000000885a2458) 
thrown [s\open\src\hotspot\share\interpreter\linkResolver.cpp, line 774]
Event: 1.003 Thread 0x000001e766bdc7b0 Exception <a 'java/lang/NoSuchMethodError'{0x00000000885a6870}: 'int java.lang.invoke.DirectMethodHandle$Holder.invokeSpecial(java.lang.Object, java.lang.Object, java.lang.Object, int)'> (0x00000000885a6870) 
thrown [s\open\src\hotspot\share\interpreter\linkResolver.cpp, line 774]
Event: 1.004 Thread 0x000001e766bdc7b0 Exception <a 'java/lang/NoSuchMethodError'{0x00000000885b7098}: 'java.lang.Object java.lang.invoke.DirectMethodHandle$Holder.invokeStatic(java.lang.Object, java.lang.Object, java.lang.Object, java.lang.Object, int)'> (0x00000000885b7098) 
thrown [s\open\src\hotspot\share\interpreter\linkResolver.cpp, line 774]
Event: 1.005 Thread 0x000001e766bdc7b0 Exception <a 'java/lang/NoSuchMethodError'{0x00000000885c2958}: 'void java.lang.invoke.DelegatingMethodHandle$Holder.reinvoke_L(java.lang.Object, java.lang.Object, int)'> (0x00000000885c2958) 
thrown [s\open\src\hotspot\share\interpreter\linkResolver.cpp, line 774]
Event: 1.355 Thread 0x000001e766bdc7b0 Implicit null exception at 0x000001e7767d6be7 to 0x000001e7767d7c8c
Event: 1.355 Thread 0x000001e766bdc7b0 Implicit null exception at 0x000001e77677e3ea to 0x000001e77677e59c
Event: 1.355 Thread 0x000001e766bdc7b0 Implicit null exception at 0x000001e7767b9dbb to 0x000001e7767ba560
Event: 1.685 Thread 0x000001e766bdc7b0 Implicit null exception at 0x000001e77674ee6a to 0x000001e77674f030
Event: 1.685 Thread 0x000001e766bdc7b0 Implicit null exception at 0x000001e77676b3af to 0x000001e77676b429

VM Operations (20 events):
Event: 0.919 Executing VM operation: HandshakeAllThreads
Event: 0.919 Executing VM operation: HandshakeAllThreads done
Event: 0.944 Executing VM operation: HandshakeAllThreads
Event: 0.944 Executing VM operation: HandshakeAllThreads done
Event: 0.944 Executing VM operation: HandshakeAllThreads
Event: 0.944 Executing VM operation: HandshakeAllThreads done
Event: 1.118 Executing VM operation: ICBufferFull
Event: 1.118 Executing VM operation: ICBufferFull done
Event: 1.342 Executing VM operation: HandshakeAllThreads
Event: 1.342 Executing VM operation: HandshakeAllThreads done
Event: 1.342 Executing VM operation: HandshakeAllThreads
Event: 1.342 Executing VM operation: HandshakeAllThreads done
Event: 1.347 Executing VM operation: HandshakeAllThreads
Event: 1.347 Executing VM operation: HandshakeAllThreads done
Event: 1.368 Executing VM operation: ICBufferFull
Event: 1.368 Executing VM operation: ICBufferFull done
Event: 1.451 Executing VM operation: G1CollectForAllocation
Event: 1.464 Executing VM operation: G1CollectForAllocation done
Event: 1.687 Executing VM operation: ICBufferFull
Event: 1.687 Executing VM operation: ICBufferFull done

Events (18 events):
Event: 0.012 Thread 0x000001e766bdc7b0 Thread added: 0x000001e766bdc7b0
Event: 0.021 Thread 0x000001e706153ca0 Thread added: 0x000001e706153ca0
Event: 0.021 Thread 0x000001e706154c30 Thread added: 0x000001e706154c30
Event: 0.021 Thread 0x000001e706159660 Thread added: 0x000001e706159660
Event: 0.021 Thread 0x000001e70615d3d0 Thread added: 0x000001e70615d3d0
Event: 0.022 Thread 0x000001e70615dea0 Thread added: 0x000001e70615dea0
Event: 0.022 Thread 0x000001e70615eab0 Thread added: 0x000001e70615eab0
Event: 0.022 Thread 0x000001e706163030 Thread added: 0x000001e706163030
Event: 0.022 Thread 0x000001e7061679d0 Thread added: 0x000001e7061679d0
Event: 0.022 Thread 0x000001e706172b20 Thread added: 0x000001e706172b20
Event: 0.032 Thread 0x000001e70a4e4f40 Thread added: 0x000001e70a4e4f40
Event: 0.033 Thread 0x000001e70a502200 Thread added: 0x000001e70a502200
Event: 0.036 Thread 0x000001e70a506bb0 Thread added: 0x000001e70a506bb0
Event: 0.200 Thread 0x000001e70a7dc0c0 Thread added: 0x000001e70a7dc0c0
Event: 0.203 Thread 0x000001e70a99e7b0 Thread added: 0x000001e70a99e7b0
Event: 0.353 Thread 0x000001e70aefde10 Thread added: 0x000001e70aefde10
Event: 0.353 Thread 0x000001e70aafbb80 Thread added: 0x000001e70aafbb80
Event: 0.364 Thread 0x000001e70ae846e0 Thread added: 0x000001e70ae846e0


Dynamic libraries:
0x00007ff657160000 - 0x00007ff657170000 	C:\Program Files\Java\jdk-19\bin\java.exe
0x00007ffdf88d0000 - 0x00007ffdf8ac8000 	C:\WINDOWS\SYSTEM32\ntdll.dll
0x00007ffdf84f0000 - 0x00007ffdf85af000 	C:\WINDOWS\System32\KERNEL32.DLL
0x00007ffdf6310000 - 0x00007ffdf65e2000 	C:\WINDOWS\System32\KERNELBASE.dll
0x00007ffdf61c0000 - 0x00007ffdf62c0000 	C:\WINDOWS\System32\ucrtbase.dll
0x00007ffde7720000 - 0x00007ffde773b000 	C:\Program Files\Java\jdk-19\bin\VCRUNTIME140.dll
0x00007ffdc65c0000 - 0x00007ffdc65d8000 	C:\Program Files\Java\jdk-19\bin\jli.dll
0x00007ffdf7830000 - 0x00007ffdf78de000 	C:\WINDOWS\System32\ADVAPI32.dll
0x00007ffdf7b60000 - 0x00007ffdf7bfe000 	C:\WINDOWS\System32\msvcrt.dll
0x00007ffdf7790000 - 0x00007ffdf782c000 	C:\WINDOWS\System32\sechost.dll
0x00007ffdf8190000 - 0x00007ffdf82b5000 	C:\WINDOWS\System32\RPCRT4.dll
0x00007ffdf79b0000 - 0x00007ffdf7b51000 	C:\WINDOWS\System32\USER32.dll
0x00007ffdf65f0000 - 0x00007ffdf6612000 	C:\WINDOWS\System32\win32u.dll
0x00007ffdea850000 - 0x00007ffdeaaea000 	C:\WINDOWS\WinSxS\amd64_microsoft.windows.common-controls_6595b64144ccf1df_6.0.19041.1110_none_60b5254171f9507e\COMCTL32.dll
0x00007ffdf7750000 - 0x00007ffdf777b000 	C:\WINDOWS\System32\GDI32.dll
0x00007ffdf66d0000 - 0x00007ffdf67df000 	C:\WINDOWS\System32\gdi32full.dll
0x00007ffdf5fc0000 - 0x00007ffdf605d000 	C:\WINDOWS\System32\msvcp_win.dll
0x00007ffdeda60000 - 0x00007ffdeda6a000 	C:\WINDOWS\SYSTEM32\VERSION.dll
0x00007ffdf7710000 - 0x00007ffdf7742000 	C:\WINDOWS\System32\IMM32.DLL
0x00007ffde8710000 - 0x00007ffde871c000 	C:\Program Files\Java\jdk-19\bin\vcruntime140_1.dll
0x00007ffdb7d30000 - 0x00007ffdb7dbe000 	C:\Program Files\Java\jdk-19\bin\msvcp140.dll
0x00007ffda72f0000 - 0x00007ffda7fb0000 	C:\Program Files\Java\jdk-19\bin\server\jvm.dll
0x00007ffdddba0000 - 0x00007ffdddba9000 	C:\WINDOWS\SYSTEM32\WSOCK32.dll
0x00007ffde8040000 - 0x00007ffde8067000 	C:\WINDOWS\SYSTEM32\WINMM.dll
0x00007ffdf78e0000 - 0x00007ffdf794b000 	C:\WINDOWS\System32\WS2_32.dll
0x00007ffdf3ea0000 - 0x00007ffdf3eb2000 	C:\WINDOWS\SYSTEM32\kernel.appcore.dll
0x00007ffde83d0000 - 0x00007ffde83da000 	C:\Program Files\Java\jdk-19\bin\jimage.dll
0x00007ffdddda0000 - 0x00007ffdddf84000 	C:\WINDOWS\SYSTEM32\DBGHELP.DLL
0x00007ffddd0a0000 - 0x00007ffddd0d5000 	C:\WINDOWS\SYSTEM32\dbgcore.DLL
0x00007ffdf6880000 - 0x00007ffdf6902000 	C:\WINDOWS\System32\bcryptPrimitives.dll
0x00007ffdc18d0000 - 0x00007ffdc18f6000 	C:\Program Files\Java\jdk-19\bin\java.dll
0x00007ffdacf50000 - 0x00007ffdad027000 	C:\Program Files\Java\jdk-19\bin\jsvml.dll
0x00007ffdf6fc0000 - 0x00007ffdf7704000 	C:\WINDOWS\System32\SHELL32.dll
0x00007ffdf40a0000 - 0x00007ffdf4832000 	C:\WINDOWS\SYSTEM32\windows.storage.dll
0x00007ffdf7cf0000 - 0x00007ffdf8045000 	C:\WINDOWS\System32\combase.dll
0x00007ffdf5a20000 - 0x00007ffdf5a50000 	C:\WINDOWS\SYSTEM32\Wldp.dll
0x00007ffdf6a40000 - 0x00007ffdf6aed000 	C:\WINDOWS\System32\SHCORE.dll
0x00007ffdf6f60000 - 0x00007ffdf6fb5000 	C:\WINDOWS\System32\shlwapi.dll
0x00007ffdf5f00000 - 0x00007ffdf5f1f000 	C:\WINDOWS\SYSTEM32\profapi.dll
0x00007ffdc3d80000 - 0x00007ffdc3d93000 	C:\Program Files\Java\jdk-19\bin\net.dll
0x00007ffded450000 - 0x00007ffded55c000 	C:\WINDOWS\SYSTEM32\WINHTTP.dll
0x00007ffdf5780000 - 0x00007ffdf57ea000 	C:\WINDOWS\system32\mswsock.dll
0x00007ffdc18b0000 - 0x00007ffdc18c6000 	C:\Program Files\Java\jdk-19\bin\nio.dll
0x00007ffdc16d0000 - 0x00007ffdc16e8000 	C:\Program Files\Java\jdk-19\bin\zip.dll
0x0000000069ac0000 - 0x0000000069ae4000 	C:\Program Files\Maven\apache-maven-3.8.6\lib\jansi-native\Windows\x86_64\jansi.dll
0x00007ffde29f0000 - 0x00007ffde2a00000 	C:\Program Files\Java\jdk-19\bin\verify.dll

dbghelp: loaded successfully - version: 4.0.5 - missing functions: none
symbol engine: initialized successfully - sym options: 0x614 - pdb path: .;C:\Program Files\Java\jdk-19\bin;C:\WINDOWS\SYSTEM32;C:\WINDOWS\WinSxS\amd64_microsoft.windows.common-controls_6595b64144ccf1df_6.0.19041.1110_none_60b5254171f9507e;C:\Program Files\Java\jdk-19\bin\server;C:\Program Files\Maven\apache-maven-3.8.6\lib\jansi-native\Windows\x86_64

VM Arguments:
jvm_args: -Dclassworlds.conf=C:\Program Files\Maven\apache-maven-3.8.6\bin\m2.conf -Dmaven.home=C:\Program Files\Maven\apache-maven-3.8.6 -Dlibrary.jansi.path=C:\Program Files\Maven\apache-maven-3.8.6\lib\jansi-native -Dmaven.multiModuleProjectDirectory=D:\DIANS\Dians_demo 
java_command: org.codehaus.plexus.classworlds.launcher.Launcher dependency:tree
java_class_path (initial): C:\Program Files\Maven\apache-maven-3.8.6\boot\plexus-classworlds-2.6.0.jar
Launcher Type: SUN_STANDARD

[Global flags]
     intx CICompilerCount                          = 12                                        {product} {ergonomic}
     uint ConcGCThreads                            = 3                                         {product} {ergonomic}
     uint G1ConcRefinementThreads                  = 13                                        {product} {ergonomic}
   size_t G1HeapRegionSize                         = 1048576                                   {product} {ergonomic}
    uintx GCDrainStackTargetSize                   = 64                                        {product} {ergonomic}
   size_t InitialHeapSize                          = 134217728                                 {product} {ergonomic}
   size_t MarkStackSize                            = 4194304                                   {product} {ergonomic}
   size_t MaxHeapSize                              = 2134900736                                {product} {ergonomic}
   size_t MaxNewSize                               = 1280311296                                {product} {ergonomic}
   size_t MinHeapDeltaBytes                        = 1048576                                   {product} {ergonomic}
   size_t MinHeapSize                              = 8388608                                   {product} {ergonomic}
    uintx NonNMethodCodeHeapSize                   = 7602480                                {pd product} {ergonomic}
    uintx NonProfiledCodeHeapSize                  = 122027880                              {pd product} {ergonomic}
    uintx ProfiledCodeHeapSize                     = 122027880                              {pd product} {ergonomic}
    uintx ReservedCodeCacheSize                    = 251658240                              {pd product} {ergonomic}
     bool SegmentedCodeCache                       = true                                      {product} {ergonomic}
   size_t SoftMaxHeapSize                          = 2134900736                             {manageable} {ergonomic}
     bool UseCompressedClassPointers               = true                           {product lp64_product} {ergonomic}
     bool UseCompressedOops                        = true                           {product lp64_product} {ergonomic}
     bool UseG1GC                                  = true                                      {product} {ergonomic}
     bool UseLargePagesIndividualAllocation        = false                                  {pd product} {ergonomic}

Logging:
Log output configuration:
 #0: stdout all=warning uptime,level,tags foldmultilines=false
 #1: stderr all=off uptime,level,tags foldmultilines=false

Environment Variables:
JAVA_HOME=C:\Program Files\Java\jdk-19
PATH=C:\Python310\Scripts\;C:\Python310\;C:\Python39\Scripts\;C:\Python39\;C:\Program Files\Java\jdk-19;C:\Program Files\Common Files\Oracle\Java\javapath;C:\Program Files (x86)\Common Files\Oracle\Java\javapath;C:\WINDOWS\system32;C:\WINDOWS;C:\WINDOWS\System32\Wbem;C:\WINDOWS\System32\WindowsPowerShell\v1.0\;C:\WINDOWS\System32\OpenSSH\;C:\ProgramData\chocolatey\bin;C:\Program Files\nodejs\;C:\Program Files\Microsoft SQL Server\150\Tools\Binn\;C:\Program Files\dotnet\;C:\Program Files\Microsoft SQL Server\130\Tools\Binn\;C:\Program Files (x86)\Microsoft SQL Server\150\DTS\Binn\;C:\Program Files\Azure Data Studio\bin;D:\Git\Git\cmd;C:\Program Files\Microsoft SQL Server\Client SDK\ODBC\170\Tools\Binn\;C:\Program Files (x86)\dotnet\;C:\Program Files\Maven\apache-maven-3.8.6\bin;C:\Program Files (x86)\Microsoft SQL Server\150\Tools\Binn\;C:\Program Files\Microsoft SQL Server\150\DTS\Binn\;D:\Gradle\gradle-6.9.3\bin;C:\Program Files (x86)\EaseUS\bin;C:\Program Files\MySQL\MySQL Shell 8.0\bin\;"C:\Users\USER\AppData\Local\Microsoft\WindowsApps;C:\MinGW\bin\;";"C:\Users\USER\AppData\Local\Programs\Microsoft VS Code\bin;";C:\Users\USER\AppData\Local\Programs\Microsoft VS Code\bin;C:\Users\USER\AppData\Local\Microsoft\WindowsApps;C:\Program Files\JetBrains\WebStorm 2020.2.2\bin;;C:\Users\USER\AppData\Roaming\npm;C:\Users\USER\.dotnet\tools;C:\Program Files\Azure Data Studio\bin;C:\Program Files (x86)\EaseUS\bin;
USERNAME=USER
OS=Windows_NT
PROCESSOR_IDENTIFIER=AMD64 Family 23 Model 8 Stepping 2, AuthenticAMD
TMP=C:\Users\USER\AppData\Local\Temp
TEMP=C:\Users\USER\AppData\Local\Temp



---------------  S Y S T E M  ---------------

OS:
 Windows 10 , 64 bit Build 19041 (10.0.19041.2364)
OS uptime: 7 days 20:34 hours

CPU: total 16 (initial active 16) (16 cores per cpu, 2 threads per core) family 23 model 8 stepping 2 microcode 0x0, cx8, cmov, fxsr, ht, mmx, 3dnowpref, sse, sse2, sse3, ssse3, sse4a, sse4.1, sse4.2, popcnt, lzcnt, tsc, tscinvbit, avx, avx2, aes, clmul, bmi1, bmi2, adx, sha, fma, vzeroupper, clflush, clflushopt, rdtscp

Memory: 4k page, system-wide physical 8140M (759M free)
TotalPageFile size 12164M (AvailPageFile size 28M)
current process WorkingSet (physical memory assigned to process): 191M, peak: 197M
current process commit charge ("private bytes"): 286M, peak: 292M

vm_info: Java HotSpot(TM) 64-Bit Server VM (19+36-2238) for windows-amd64 JRE (19+36-2238), built on 2022-08-12T20:29:01Z by "mach5one" with MS VC++ 17.1 (VS2022)

END.
